[0.024s] Invoking command in '/home/sergio/turtle_bot_11/build/servicios': CMAKE_PREFIX_PATH=${CMAKE_PREFIX_PATH}:/home/sergio/turtle_bot_11/install/turtle_bot_nodos:/opt/ros/humble COMP_WORDBREAKS=
"'><=;|&( /usr/bin/cmake --build /home/sergio/turtle_bot_11/build/servicios -- -j8 -l8
[0.200s] -- Found ament_cmake: 1.3.3 (/opt/ros/humble/share/ament_cmake/cmake)
[0.678s] -- Found geometry_msgs: 4.2.3 (/opt/ros/humble/share/geometry_msgs/cmake)
[0.895s] -- Found rosidl_generator_c: 3.1.4 (/opt/ros/humble/share/rosidl_generator_c/cmake)
[0.927s] -- Found rosidl_adapter: 3.1.4 (/opt/ros/humble/share/rosidl_adapter/cmake)
[0.943s] -- Found rosidl_generator_cpp: 3.1.4 (/opt/ros/humble/share/rosidl_generator_cpp/cmake)
[0.973s] -- Using all available rosidl_typesupport_c: rosidl_typesupport_fastrtps_c;rosidl_typesupport_introspection_c
[1.016s] -- Using all available rosidl_typesupport_cpp: rosidl_typesupport_fastrtps_cpp;rosidl_typesupport_introspection_cpp
[1.220s] -- Found rosidl_default_generators: 1.2.0 (/opt/ros/humble/share/rosidl_default_generators/cmake)
[1.628s] -- Found ament_cmake_ros: 0.10.0 (/opt/ros/humble/share/ament_cmake_ros/cmake)
[2.209s] -- Using all available rosidl_typesupport_c: rosidl_typesupport_fastrtps_c;rosidl_typesupport_introspection_c
[2.367s] -- Using all available rosidl_typesupport_cpp: rosidl_typesupport_fastrtps_cpp;rosidl_typesupport_introspection_cpp
[2.390s] -- Found python_cmake_module: 0.10.0 (/opt/ros/humble/share/python_cmake_module/cmake)
[2.433s] -- Using PYTHON_EXECUTABLE: /usr/bin/python3
[2.433s] -- Using PYTHON_INCLUDE_DIRS: /usr/include/python3.10
[2.434s] -- Using PYTHON_LIBRARIES: /usr/lib/x86_64-linux-gnu/libpython3.10.so
[2.517s] -- Found ament_lint_auto: 0.12.5 (/opt/ros/humble/share/ament_lint_auto/cmake)
[2.594s] -- Added test 'lint_cmake' to check CMake code style
[2.595s] -- Added test 'xmllint' to check XML markup files
[2.600s] -- Configuring done
[2.817s] -- Generating done
[2.821s] -- Build files have been written to: /home/sergio/turtle_bot_11/build/servicios
[2.845s] [  3%] [34m[1mGenerating C code for ROS interfaces[0m
[2.854s] [  6%] [34m[1mGenerating C++ code for ROS interfaces[0m
[2.862s] [  6%] Built target ament_cmake_python_copy_servicios
[3.066s] running egg_info
[3.082s] writing servicios.egg-info/PKG-INFO
[3.083s] writing dependency_links to servicios.egg-info/dependency_links.txt
[3.083s] writing top-level names to servicios.egg-info/top_level.txt
[3.130s] reading manifest file 'servicios.egg-info/SOURCES.txt'
[3.131s] writing manifest file 'servicios.egg-info/SOURCES.txt'
[3.155s] [  6%] Built target servicios__cpp
[3.164s] [35m[1mConsolidate compiler generated dependencies of target servicios__rosidl_generator_c[0m
[3.169s] [  9%] [34m[1mGenerating C++ type support dispatch for ROS interfaces[0m
[3.169s] [ 12%] [34m[1mGenerating C++ type support for eProsima Fast-RTPS[0m
[3.170s] [ 16%] [34m[1mGenerating C++ introspection for ROS interfaces[0m
[3.176s] [ 16%] Built target ament_cmake_python_build_servicios_egg
[3.179s] [ 19%] [32mBuilding C object CMakeFiles/servicios__rosidl_generator_c.dir/rosidl_generator_c/servicios/srv/detail/reproduce_route__functions.c.o[0m
[3.430s] [35m[1mConsolidate compiler generated dependencies of target servicios__rosidl_typesupport_introspection_cpp[0m
[3.444s] [ 22%] [32mBuilding CXX object CMakeFiles/servicios__rosidl_typesupport_introspection_cpp.dir/rosidl_typesupport_introspection_cpp/servicios/srv/detail/reproduce_route__type_support.cpp.o[0m
[3.474s] [35m[1mConsolidate compiler generated dependencies of target servicios__rosidl_typesupport_cpp[0m
[3.477s] [35m[1mConsolidate compiler generated dependencies of target servicios__rosidl_typesupport_fastrtps_cpp[0m
[3.486s] [ 25%] [32mBuilding CXX object CMakeFiles/servicios__rosidl_typesupport_cpp.dir/rosidl_typesupport_cpp/servicios/srv/reproduce_route__type_support.cpp.o[0m
[3.490s] [ 29%] [32mBuilding CXX object CMakeFiles/servicios__rosidl_typesupport_fastrtps_cpp.dir/rosidl_typesupport_fastrtps_cpp/servicios/srv/detail/dds_fastrtps/reproduce_route__type_support.cpp.o[0m
[4.591s] [ 32%] [32m[1mLinking C shared library libservicios__rosidl_generator_c.so[0m
[5.131s] [ 32%] Built target servicios__rosidl_generator_c
[5.144s] [ 41%] [34m[1mGenerating C introspection for ROS interfaces[0m
[5.144s] [ 41%] [34m[1mGenerating C type support dispatch for ROS interfaces[0m
[5.144s] [ 41%] [34m[1mGenerating C type support for eProsima Fast-RTPS[0m
[5.544s] [35m[1mConsolidate compiler generated dependencies of target servicios__rosidl_typesupport_c[0m
[5.544s] [35m[1mConsolidate compiler generated dependencies of target servicios__rosidl_typesupport_introspection_c[0m
[5.556s] [ 45%] [32mBuilding CXX object CMakeFiles/servicios__rosidl_typesupport_c.dir/rosidl_typesupport_c/servicios/srv/reproduce_route__type_support.cpp.o[0m
[5.557s] [ 48%] [32mBuilding C object CMakeFiles/servicios__rosidl_typesupport_introspection_c.dir/rosidl_typesupport_introspection_c/servicios/srv/detail/reproduce_route__type_support.c.o[0m
[5.621s] [ 51%] [32m[1mLinking C shared library libservicios__rosidl_typesupport_introspection_c.so[0m
[5.648s] [ 54%] [32m[1mLinking CXX shared library libservicios__rosidl_typesupport_c.so[0m
[5.658s] [ 54%] Built target servicios__rosidl_typesupport_introspection_c
[5.668s] [35m[1mConsolidate compiler generated dependencies of target servicios__rosidl_typesupport_fastrtps_c[0m
[5.683s] [ 58%] [32mBuilding CXX object CMakeFiles/servicios__rosidl_typesupport_fastrtps_c.dir/rosidl_typesupport_fastrtps_c/servicios/srv/detail/reproduce_route__type_support_c.cpp.o[0m
[5.767s] [ 58%] Built target servicios__rosidl_typesupport_c
[5.822s] [ 61%] [32m[1mLinking CXX shared library libservicios__rosidl_typesupport_cpp.so[0m
[5.902s] [ 64%] [32m[1mLinking CXX shared library libservicios__rosidl_typesupport_introspection_cpp.so[0m
[5.903s] [ 64%] Built target servicios__rosidl_typesupport_cpp
[5.990s] [ 67%] [32m[1mLinking CXX shared library libservicios__rosidl_typesupport_fastrtps_cpp.so[0m
[6.018s] [ 67%] Built target servicios__rosidl_typesupport_introspection_cpp
[6.078s] [ 70%] [32m[1mLinking CXX shared library libservicios__rosidl_typesupport_fastrtps_c.so[0m
[6.138s] [ 70%] Built target servicios__rosidl_typesupport_fastrtps_cpp
[6.178s] [ 70%] Built target servicios__rosidl_typesupport_fastrtps_c
[6.199s] [ 70%] Built target servicios
[6.221s] [ 74%] [34m[1mGenerating Python code for ROS interfaces[0m
[6.615s] [ 74%] Built target servicios__py
[6.635s] [35m[1mConsolidate compiler generated dependencies of target servicios__rosidl_generator_py[0m
[6.674s] [ 77%] [32mBuilding C object CMakeFiles/servicios__rosidl_generator_py.dir/rosidl_generator_py/servicios/srv/_reproduce_route_s.c.o[0m
[7.204s] [ 80%] [32m[1mLinking C shared library rosidl_generator_py/servicios/libservicios__rosidl_generator_py.so[0m
[7.240s] [ 80%] Built target servicios__rosidl_generator_py
[7.273s] [35m[1mConsolidate compiler generated dependencies of target servicios__rosidl_typesupport_fastrtps_c__pyext[0m
[7.285s] [35m[1mConsolidate compiler generated dependencies of target servicios__rosidl_typesupport_c__pyext[0m
[7.286s] [ 83%] [32mBuilding C object CMakeFiles/servicios__rosidl_typesupport_fastrtps_c__pyext.dir/rosidl_generator_py/servicios/_servicios_s.ep.rosidl_typesupport_fastrtps_c.c.o[0m
[7.297s] [ 87%] [32mBuilding C object CMakeFiles/servicios__rosidl_typesupport_c__pyext.dir/rosidl_generator_py/servicios/_servicios_s.ep.rosidl_typesupport_c.c.o[0m
[7.307s] [35m[1mConsolidate compiler generated dependencies of target servicios__rosidl_typesupport_introspection_c__pyext[0m
[7.319s] [ 90%] [32mBuilding C object CMakeFiles/servicios__rosidl_typesupport_introspection_c__pyext.dir/rosidl_generator_py/servicios/_servicios_s.ep.rosidl_typesupport_introspection_c.c.o[0m
[7.391s] [ 93%] [32m[1mLinking C shared library rosidl_generator_py/servicios/servicios_s__rosidl_typesupport_fastrtps_c.cpython-310-x86_64-linux-gnu.so[0m
[7.398s] [ 96%] [32m[1mLinking C shared library rosidl_generator_py/servicios/servicios_s__rosidl_typesupport_c.cpython-310-x86_64-linux-gnu.so[0m
[7.421s] [100%] [32m[1mLinking C shared library rosidl_generator_py/servicios/servicios_s__rosidl_typesupport_introspection_c.cpython-310-x86_64-linux-gnu.so[0m
[7.430s] [100%] Built target servicios__rosidl_typesupport_fastrtps_c__pyext
[7.436s] [100%] Built target servicios__rosidl_typesupport_c__pyext
[7.459s] [100%] Built target servicios__rosidl_typesupport_introspection_c__pyext
[7.468s] Invoked command in '/home/sergio/turtle_bot_11/build/servicios' returned '0': CMAKE_PREFIX_PATH=${CMAKE_PREFIX_PATH}:/home/sergio/turtle_bot_11/install/turtle_bot_nodos:/opt/ros/humble COMP_WORDBREAKS=
"'><=;|&( /usr/bin/cmake --build /home/sergio/turtle_bot_11/build/servicios -- -j8 -l8
[7.522s] Invoking command in '/home/sergio/turtle_bot_11/build/servicios': CMAKE_PREFIX_PATH=${CMAKE_PREFIX_PATH}:/home/sergio/turtle_bot_11/install/turtle_bot_nodos:/opt/ros/humble COMP_WORDBREAKS=
"'><=;|&( /usr/bin/cmake --install /home/sergio/turtle_bot_11/build/servicios
[7.529s] -- Install configuration: ""
[7.533s] -- Up-to-date: /home/sergio/turtle_bot_11/install/servicios/share/ament_index/resource_index/rosidl_interfaces/servicios
[7.533s] -- Up-to-date: /home/sergio/turtle_bot_11/install/servicios/include/servicios/servicios
[7.534s] -- Up-to-date: /home/sergio/turtle_bot_11/install/servicios/include/servicios/servicios/msg
[7.534s] -- Up-to-date: /home/sergio/turtle_bot_11/install/servicios/include/servicios/servicios/msg/rosidl_generator_c__visibility_control.h
[7.534s] -- Up-to-date: /home/sergio/turtle_bot_11/install/servicios/include/servicios/servicios/srv
[7.534s] -- Up-to-date: /home/sergio/turtle_bot_11/install/servicios/include/servicios/servicios/srv/save_route.h
[7.534s] -- Up-to-date: /home/sergio/turtle_bot_11/install/servicios/include/servicios/servicios/srv/detail
[7.534s] -- Up-to-date: /home/sergio/turtle_bot_11/install/servicios/include/servicios/servicios/srv/detail/save_route__struct.h
[7.535s] -- Installing: /home/sergio/turtle_bot_11/install/servicios/include/servicios/servicios/srv/detail/reproduce_route__type_support.h
[7.535s] -- Installing: /home/sergio/turtle_bot_11/install/servicios/include/servicios/servicios/srv/detail/reproduce_route__functions.c
[7.535s] -- Up-to-date: /home/sergio/turtle_bot_11/install/servicios/include/servicios/servicios/srv/detail/save_route__type_support.h
[7.535s] -- Installing: /home/sergio/turtle_bot_11/install/servicios/include/servicios/servicios/srv/detail/reproduce_route__struct.h
[7.535s] -- Installing: /home/sergio/turtle_bot_11/install/servicios/include/servicios/servicios/srv/detail/reproduce_route__functions.h
[7.535s] -- Up-to-date: /home/sergio/turtle_bot_11/install/servicios/include/servicios/servicios/srv/detail/save_route__functions.c
[7.536s] -- Up-to-date: /home/sergio/turtle_bot_11/install/servicios/include/servicios/servicios/srv/detail/save_route__functions.h
[7.536s] -- Installing: /home/sergio/turtle_bot_11/install/servicios/include/servicios/servicios/srv/reproduce_route.h
[7.536s] -- Up-to-date: /home/sergio/turtle_bot_11/install/servicios/share/servicios/environment/library_path.sh
[7.536s] -- Installing: /home/sergio/turtle_bot_11/install/servicios/share/servicios/environment/library_path.dsv
[7.536s] -- Installing: /home/sergio/turtle_bot_11/install/servicios/lib/libservicios__rosidl_generator_c.so
[7.536s] -- Set runtime path of "/home/sergio/turtle_bot_11/install/servicios/lib/libservicios__rosidl_generator_c.so" to ""
[7.536s] -- Up-to-date: /home/sergio/turtle_bot_11/install/servicios/include/servicios/servicios
[7.537s] -- Up-to-date: /home/sergio/turtle_bot_11/install/servicios/include/servicios/servicios/msg
[7.537s] -- Up-to-date: /home/sergio/turtle_bot_11/install/servicios/include/servicios/servicios/msg/rosidl_typesupport_fastrtps_c__visibility_control.h
[7.537s] -- Up-to-date: /home/sergio/turtle_bot_11/install/servicios/include/servicios/servicios/srv
[7.537s] -- Up-to-date: /home/sergio/turtle_bot_11/install/servicios/include/servicios/servicios/srv/detail
[7.537s] -- Installing: /home/sergio/turtle_bot_11/install/servicios/include/servicios/servicios/srv/detail/reproduce_route__rosidl_typesupport_fastrtps_c.h
[7.537s] -- Up-to-date: /home/sergio/turtle_bot_11/install/servicios/include/servicios/servicios/srv/detail/save_route__rosidl_typesupport_fastrtps_c.h
[7.538s] -- Installing: /home/sergio/turtle_bot_11/install/servicios/lib/libservicios__rosidl_typesupport_fastrtps_c.so
[7.538s] -- Set runtime path of "/home/sergio/turtle_bot_11/install/servicios/lib/libservicios__rosidl_typesupport_fastrtps_c.so" to ""
[7.538s] -- Up-to-date: /home/sergio/turtle_bot_11/install/servicios/include/servicios/servicios
[7.538s] -- Up-to-date: /home/sergio/turtle_bot_11/install/servicios/include/servicios/servicios/srv
[7.538s] -- Installing: /home/sergio/turtle_bot_11/install/servicios/include/servicios/servicios/srv/reproduce_route.hpp
[7.538s] -- Up-to-date: /home/sergio/turtle_bot_11/install/servicios/include/servicios/servicios/srv/detail
[7.539s] -- Up-to-date: /home/sergio/turtle_bot_11/install/servicios/include/servicios/servicios/srv/detail/save_route__traits.hpp
[7.539s] -- Up-to-date: /home/sergio/turtle_bot_11/install/servicios/include/servicios/servicios/srv/detail/save_route__struct.hpp
[7.539s] -- Up-to-date: /home/sergio/turtle_bot_11/install/servicios/include/servicios/servicios/srv/detail/save_route__builder.hpp
[7.539s] -- Installing: /home/sergio/turtle_bot_11/install/servicios/include/servicios/servicios/srv/detail/reproduce_route__struct.hpp
[7.539s] -- Installing: /home/sergio/turtle_bot_11/install/servicios/include/servicios/servicios/srv/detail/reproduce_route__traits.hpp
[7.539s] -- Installing: /home/sergio/turtle_bot_11/install/servicios/include/servicios/servicios/srv/detail/reproduce_route__builder.hpp
[7.540s] -- Up-to-date: /home/sergio/turtle_bot_11/install/servicios/include/servicios/servicios/srv/save_route.hpp
[7.540s] -- Up-to-date: /home/sergio/turtle_bot_11/install/servicios/include/servicios/servicios
[7.540s] -- Up-to-date: /home/sergio/turtle_bot_11/install/servicios/include/servicios/servicios/msg
[7.540s] -- Up-to-date: /home/sergio/turtle_bot_11/install/servicios/include/servicios/servicios/msg/rosidl_typesupport_fastrtps_cpp__visibility_control.h
[7.540s] -- Up-to-date: /home/sergio/turtle_bot_11/install/servicios/include/servicios/servicios/srv
[7.540s] -- Up-to-date: /home/sergio/turtle_bot_11/install/servicios/include/servicios/servicios/srv/detail
[7.541s] -- Installing: /home/sergio/turtle_bot_11/install/servicios/include/servicios/servicios/srv/detail/reproduce_route__rosidl_typesupport_fastrtps_cpp.hpp
[7.541s] -- Up-to-date: /home/sergio/turtle_bot_11/install/servicios/include/servicios/servicios/srv/detail/dds_fastrtps
[7.541s] -- Up-to-date: /home/sergio/turtle_bot_11/install/servicios/include/servicios/servicios/srv/detail/save_route__rosidl_typesupport_fastrtps_cpp.hpp
[7.541s] -- Installing: /home/sergio/turtle_bot_11/install/servicios/lib/libservicios__rosidl_typesupport_fastrtps_cpp.so
[7.541s] -- Set runtime path of "/home/sergio/turtle_bot_11/install/servicios/lib/libservicios__rosidl_typesupport_fastrtps_cpp.so" to ""
[7.541s] -- Up-to-date: /home/sergio/turtle_bot_11/install/servicios/include/servicios/servicios
[7.541s] -- Up-to-date: /home/sergio/turtle_bot_11/install/servicios/include/servicios/servicios/msg
[7.542s] -- Up-to-date: /home/sergio/turtle_bot_11/install/servicios/include/servicios/servicios/msg/rosidl_typesupport_introspection_c__visibility_control.h
[7.542s] -- Up-to-date: /home/sergio/turtle_bot_11/install/servicios/include/servicios/servicios/srv
[7.542s] -- Up-to-date: /home/sergio/turtle_bot_11/install/servicios/include/servicios/servicios/srv/detail
[7.542s] -- Installing: /home/sergio/turtle_bot_11/install/servicios/include/servicios/servicios/srv/detail/reproduce_route__rosidl_typesupport_introspection_c.h
[7.542s] -- Up-to-date: /home/sergio/turtle_bot_11/install/servicios/include/servicios/servicios/srv/detail/save_route__type_support.c
[7.542s] -- Up-to-date: /home/sergio/turtle_bot_11/install/servicios/include/servicios/servicios/srv/detail/save_route__rosidl_typesupport_introspection_c.h
[7.542s] -- Installing: /home/sergio/turtle_bot_11/install/servicios/include/servicios/servicios/srv/detail/reproduce_route__type_support.c
[7.542s] -- Installing: /home/sergio/turtle_bot_11/install/servicios/lib/libservicios__rosidl_typesupport_introspection_c.so
[7.542s] -- Set runtime path of "/home/sergio/turtle_bot_11/install/servicios/lib/libservicios__rosidl_typesupport_introspection_c.so" to ""
[7.542s] -- Installing: /home/sergio/turtle_bot_11/install/servicios/lib/libservicios__rosidl_typesupport_c.so
[7.542s] -- Set runtime path of "/home/sergio/turtle_bot_11/install/servicios/lib/libservicios__rosidl_typesupport_c.so" to ""
[7.542s] -- Up-to-date: /home/sergio/turtle_bot_11/install/servicios/include/servicios/servicios
[7.542s] -- Up-to-date: /home/sergio/turtle_bot_11/install/servicios/include/servicios/servicios/srv
[7.542s] -- Up-to-date: /home/sergio/turtle_bot_11/install/servicios/include/servicios/servicios/srv/detail
[7.543s] -- Installing: /home/sergio/turtle_bot_11/install/servicios/include/servicios/servicios/srv/detail/reproduce_route__rosidl_typesupport_introspection_cpp.hpp
[7.543s] -- Up-to-date: /home/sergio/turtle_bot_11/install/servicios/include/servicios/servicios/srv/detail/save_route__rosidl_typesupport_introspection_cpp.hpp
[7.543s] -- Up-to-date: /home/sergio/turtle_bot_11/install/servicios/include/servicios/servicios/srv/detail/save_route__type_support.cpp
[7.543s] -- Installing: /home/sergio/turtle_bot_11/install/servicios/include/servicios/servicios/srv/detail/reproduce_route__type_support.cpp
[7.543s] -- Installing: /home/sergio/turtle_bot_11/install/servicios/lib/libservicios__rosidl_typesupport_introspection_cpp.so
[7.543s] -- Set runtime path of "/home/sergio/turtle_bot_11/install/servicios/lib/libservicios__rosidl_typesupport_introspection_cpp.so" to ""
[7.543s] -- Installing: /home/sergio/turtle_bot_11/install/servicios/lib/libservicios__rosidl_typesupport_cpp.so
[7.543s] -- Set runtime path of "/home/sergio/turtle_bot_11/install/servicios/lib/libservicios__rosidl_typesupport_cpp.so" to ""
[7.543s] -- Up-to-date: /home/sergio/turtle_bot_11/install/servicios/share/servicios/environment/pythonpath.sh
[7.543s] -- Installing: /home/sergio/turtle_bot_11/install/servicios/share/servicios/environment/pythonpath.dsv
[7.543s] -- Up-to-date: /home/sergio/turtle_bot_11/install/servicios/local/lib/python3.10/dist-packages/servicios-0.0.0-py3.10.egg-info
[7.543s] -- Installing: /home/sergio/turtle_bot_11/install/servicios/local/lib/python3.10/dist-packages/servicios-0.0.0-py3.10.egg-info/SOURCES.txt
[7.543s] -- Installing: /home/sergio/turtle_bot_11/install/servicios/local/lib/python3.10/dist-packages/servicios-0.0.0-py3.10.egg-info/top_level.txt
[7.543s] -- Installing: /home/sergio/turtle_bot_11/install/servicios/local/lib/python3.10/dist-packages/servicios-0.0.0-py3.10.egg-info/PKG-INFO
[7.543s] -- Installing: /home/sergio/turtle_bot_11/install/servicios/local/lib/python3.10/dist-packages/servicios-0.0.0-py3.10.egg-info/dependency_links.txt
[7.543s] -- Up-to-date: /home/sergio/turtle_bot_11/install/servicios/local/lib/python3.10/dist-packages/servicios
[7.543s] -- Installing: /home/sergio/turtle_bot_11/install/servicios/local/lib/python3.10/dist-packages/servicios/servicios_s__rosidl_typesupport_c.cpython-310-x86_64-linux-gnu.so
[7.543s] -- Installing: /home/sergio/turtle_bot_11/install/servicios/local/lib/python3.10/dist-packages/servicios/libservicios__rosidl_generator_py.so
[7.544s] -- Installing: /home/sergio/turtle_bot_11/install/servicios/local/lib/python3.10/dist-packages/servicios/servicios_s__rosidl_typesupport_fastrtps_c.cpython-310-x86_64-linux-gnu.so
[7.544s] -- Installing: /home/sergio/turtle_bot_11/install/servicios/local/lib/python3.10/dist-packages/servicios/_servicios_s.ep.rosidl_typesupport_fastrtps_c.c
[7.544s] -- Installing: /home/sergio/turtle_bot_11/install/servicios/local/lib/python3.10/dist-packages/servicios/servicios_s__rosidl_typesupport_introspection_c.cpython-310-x86_64-linux-gnu.so
[7.544s] -- Installing: /home/sergio/turtle_bot_11/install/servicios/local/lib/python3.10/dist-packages/servicios/__init__.py
[7.544s] -- Installing: /home/sergio/turtle_bot_11/install/servicios/local/lib/python3.10/dist-packages/servicios/_servicios_s.ep.rosidl_typesupport_c.c
[7.544s] -- Up-to-date: /home/sergio/turtle_bot_11/install/servicios/local/lib/python3.10/dist-packages/servicios/srv
[7.544s] -- Installing: /home/sergio/turtle_bot_11/install/servicios/local/lib/python3.10/dist-packages/servicios/srv/_reproduce_route.py
[7.544s] -- Installing: /home/sergio/turtle_bot_11/install/servicios/local/lib/python3.10/dist-packages/servicios/srv/__init__.py
[7.544s] -- Up-to-date: /home/sergio/turtle_bot_11/install/servicios/local/lib/python3.10/dist-packages/servicios/srv/_save_route_s.c
[7.544s] -- Up-to-date: /home/sergio/turtle_bot_11/install/servicios/local/lib/python3.10/dist-packages/servicios/srv/_save_route.py
[7.544s] -- Installing: /home/sergio/turtle_bot_11/install/servicios/local/lib/python3.10/dist-packages/servicios/srv/_reproduce_route_s.c
[7.544s] -- Installing: /home/sergio/turtle_bot_11/install/servicios/local/lib/python3.10/dist-packages/servicios/_servicios_s.ep.rosidl_typesupport_introspection_c.c
[7.575s] Listing '/home/sergio/turtle_bot_11/install/servicios/local/lib/python3.10/dist-packages/servicios'...
[7.575s] Compiling '/home/sergio/turtle_bot_11/install/servicios/local/lib/python3.10/dist-packages/servicios/__init__.py'...
[7.575s] Listing '/home/sergio/turtle_bot_11/install/servicios/local/lib/python3.10/dist-packages/servicios/srv'...
[7.575s] Compiling '/home/sergio/turtle_bot_11/install/servicios/local/lib/python3.10/dist-packages/servicios/srv/__init__.py'...
[7.575s] Compiling '/home/sergio/turtle_bot_11/install/servicios/local/lib/python3.10/dist-packages/servicios/srv/_reproduce_route.py'...
[7.582s] -- Installing: /home/sergio/turtle_bot_11/install/servicios/local/lib/python3.10/dist-packages/servicios/servicios_s__rosidl_typesupport_fastrtps_c.cpython-310-x86_64-linux-gnu.so
[7.582s] -- Set runtime path of "/home/sergio/turtle_bot_11/install/servicios/local/lib/python3.10/dist-packages/servicios/servicios_s__rosidl_typesupport_fastrtps_c.cpython-310-x86_64-linux-gnu.so" to ""
[7.583s] -- Installing: /home/sergio/turtle_bot_11/install/servicios/local/lib/python3.10/dist-packages/servicios/servicios_s__rosidl_typesupport_introspection_c.cpython-310-x86_64-linux-gnu.so
[7.583s] -- Set runtime path of "/home/sergio/turtle_bot_11/install/servicios/local/lib/python3.10/dist-packages/servicios/servicios_s__rosidl_typesupport_introspection_c.cpython-310-x86_64-linux-gnu.so" to ""
[7.583s] -- Installing: /home/sergio/turtle_bot_11/install/servicios/local/lib/python3.10/dist-packages/servicios/servicios_s__rosidl_typesupport_c.cpython-310-x86_64-linux-gnu.so
[7.584s] -- Set runtime path of "/home/sergio/turtle_bot_11/install/servicios/local/lib/python3.10/dist-packages/servicios/servicios_s__rosidl_typesupport_c.cpython-310-x86_64-linux-gnu.so" to ""
[7.584s] -- Installing: /home/sergio/turtle_bot_11/install/servicios/lib/libservicios__rosidl_generator_py.so
[7.585s] -- Set runtime path of "/home/sergio/turtle_bot_11/install/servicios/lib/libservicios__rosidl_generator_py.so" to ""
[7.585s] -- Installing: /home/sergio/turtle_bot_11/install/servicios/share/servicios/srv/ReproduceRoute.idl
[7.585s] -- Installing: /home/sergio/turtle_bot_11/install/servicios/share/servicios/srv/ReproduceRoute.srv
[7.585s] -- Up-to-date: /home/sergio/turtle_bot_11/install/servicios/share/servicios/srv/ReproduceRoute_Request.msg
[7.585s] -- Installing: /home/sergio/turtle_bot_11/install/servicios/share/servicios/srv/ReproduceRoute_Response.msg
[7.586s] -- Up-to-date: /home/sergio/turtle_bot_11/install/servicios/share/ament_index/resource_index/package_run_dependencies/servicios
[7.586s] -- Installing: /home/sergio/turtle_bot_11/install/servicios/share/ament_index/resource_index/parent_prefix_path/servicios
[7.586s] -- Up-to-date: /home/sergio/turtle_bot_11/install/servicios/share/servicios/environment/ament_prefix_path.sh
[7.586s] -- Installing: /home/sergio/turtle_bot_11/install/servicios/share/servicios/environment/ament_prefix_path.dsv
[7.586s] -- Up-to-date: /home/sergio/turtle_bot_11/install/servicios/share/servicios/environment/path.sh
[7.587s] -- Installing: /home/sergio/turtle_bot_11/install/servicios/share/servicios/environment/path.dsv
[7.587s] -- Up-to-date: /home/sergio/turtle_bot_11/install/servicios/share/servicios/local_setup.bash
[7.587s] -- Up-to-date: /home/sergio/turtle_bot_11/install/servicios/share/servicios/local_setup.sh
[7.587s] -- Up-to-date: /home/sergio/turtle_bot_11/install/servicios/share/servicios/local_setup.zsh
[7.587s] -- Installing: /home/sergio/turtle_bot_11/install/servicios/share/servicios/local_setup.dsv
[7.588s] -- Installing: /home/sergio/turtle_bot_11/install/servicios/share/servicios/package.dsv
[7.588s] -- Up-to-date: /home/sergio/turtle_bot_11/install/servicios/share/ament_index/resource_index/packages/servicios
[7.588s] -- Up-to-date: /home/sergio/turtle_bot_11/install/servicios/share/servicios/cmake/export_servicios__rosidl_generator_cExport.cmake
[7.588s] -- Up-to-date: /home/sergio/turtle_bot_11/install/servicios/share/servicios/cmake/export_servicios__rosidl_generator_cExport-noconfig.cmake
[7.588s] -- Up-to-date: /home/sergio/turtle_bot_11/install/servicios/share/servicios/cmake/export_servicios__rosidl_typesupport_fastrtps_cExport.cmake
[7.588s] -- Up-to-date: /home/sergio/turtle_bot_11/install/servicios/share/servicios/cmake/export_servicios__rosidl_typesupport_fastrtps_cExport-noconfig.cmake
[7.589s] -- Up-to-date: /home/sergio/turtle_bot_11/install/servicios/share/servicios/cmake/export_servicios__rosidl_generator_cppExport.cmake
[7.589s] -- Up-to-date: /home/sergio/turtle_bot_11/install/servicios/share/servicios/cmake/export_servicios__rosidl_typesupport_fastrtps_cppExport.cmake
[7.589s] -- Up-to-date: /home/sergio/turtle_bot_11/install/servicios/share/servicios/cmake/export_servicios__rosidl_typesupport_fastrtps_cppExport-noconfig.cmake
[7.589s] -- Up-to-date: /home/sergio/turtle_bot_11/install/servicios/share/servicios/cmake/servicios__rosidl_typesupport_introspection_cExport.cmake
[7.589s] -- Up-to-date: /home/sergio/turtle_bot_11/install/servicios/share/servicios/cmake/servicios__rosidl_typesupport_introspection_cExport-noconfig.cmake
[7.589s] -- Up-to-date: /home/sergio/turtle_bot_11/install/servicios/share/servicios/cmake/servicios__rosidl_typesupport_cExport.cmake
[7.590s] -- Up-to-date: /home/sergio/turtle_bot_11/install/servicios/share/servicios/cmake/servicios__rosidl_typesupport_cExport-noconfig.cmake
[7.590s] -- Up-to-date: /home/sergio/turtle_bot_11/install/servicios/share/servicios/cmake/servicios__rosidl_typesupport_introspection_cppExport.cmake
[7.590s] -- Up-to-date: /home/sergio/turtle_bot_11/install/servicios/share/servicios/cmake/servicios__rosidl_typesupport_introspection_cppExport-noconfig.cmake
[7.590s] -- Up-to-date: /home/sergio/turtle_bot_11/install/servicios/share/servicios/cmake/servicios__rosidl_typesupport_cppExport.cmake
[7.590s] -- Up-to-date: /home/sergio/turtle_bot_11/install/servicios/share/servicios/cmake/servicios__rosidl_typesupport_cppExport-noconfig.cmake
[7.590s] -- Up-to-date: /home/sergio/turtle_bot_11/install/servicios/share/servicios/cmake/export_servicios__rosidl_generator_pyExport.cmake
[7.590s] -- Up-to-date: /home/sergio/turtle_bot_11/install/servicios/share/servicios/cmake/export_servicios__rosidl_generator_pyExport-noconfig.cmake
[7.591s] -- Up-to-date: /home/sergio/turtle_bot_11/install/servicios/share/servicios/cmake/rosidl_cmake-extras.cmake
[7.591s] -- Up-to-date: /home/sergio/turtle_bot_11/install/servicios/share/servicios/cmake/ament_cmake_export_dependencies-extras.cmake
[7.591s] -- Up-to-date: /home/sergio/turtle_bot_11/install/servicios/share/servicios/cmake/ament_cmake_export_include_directories-extras.cmake
[7.591s] -- Up-to-date: /home/sergio/turtle_bot_11/install/servicios/share/servicios/cmake/ament_cmake_export_libraries-extras.cmake
[7.591s] -- Up-to-date: /home/sergio/turtle_bot_11/install/servicios/share/servicios/cmake/ament_cmake_export_targets-extras.cmake
[7.591s] -- Up-to-date: /home/sergio/turtle_bot_11/install/servicios/share/servicios/cmake/rosidl_cmake_export_typesupport_targets-extras.cmake
[7.591s] -- Up-to-date: /home/sergio/turtle_bot_11/install/servicios/share/servicios/cmake/rosidl_cmake_export_typesupport_libraries-extras.cmake
[7.591s] -- Up-to-date: /home/sergio/turtle_bot_11/install/servicios/share/servicios/cmake/serviciosConfig.cmake
[7.592s] -- Up-to-date: /home/sergio/turtle_bot_11/install/servicios/share/servicios/cmake/serviciosConfig-version.cmake
[7.592s] -- Up-to-date: /home/sergio/turtle_bot_11/install/servicios/share/servicios/package.xml
[7.592s] Invoked command in '/home/sergio/turtle_bot_11/build/servicios' returned '0': CMAKE_PREFIX_PATH=${CMAKE_PREFIX_PATH}:/home/sergio/turtle_bot_11/install/turtle_bot_nodos:/opt/ros/humble COMP_WORDBREAKS=
"'><=;|&( /usr/bin/cmake --install /home/sergio/turtle_bot_11/build/servicios
