running egg_info
creating ../../build/nodos_taller_1/turtle_bot_nodos.egg-info
writing ../../build/nodos_taller_1/turtle_bot_nodos.egg-info/PKG-INFO
writing dependency_links to ../../build/nodos_taller_1/turtle_bot_nodos.egg-info/dependency_links.txt
writing requirements to ../../build/nodos_taller_1/turtle_bot_nodos.egg-info/requires.txt
writing top-level names to ../../build/nodos_taller_1/turtle_bot_nodos.egg-info/top_level.txt
writing manifest file '../../build/nodos_taller_1/turtle_bot_nodos.egg-info/SOURCES.txt'
reading manifest file '../../build/nodos_taller_1/turtle_bot_nodos.egg-info/SOURCES.txt'
writing manifest file '../../build/nodos_taller_1/turtle_bot_nodos.egg-info/SOURCES.txt'
running build
running build_py
creating /home/sergio/turtle_bot_11/build/nodos_taller_1/build
creating /home/sergio/turtle_bot_11/build/nodos_taller_1/build/lib
creating /home/sergio/turtle_bot_11/build/nodos_taller_1/build/lib/turtle_bot_nodos
copying turtle_bot_nodos/turtle_bot_interface.py -> /home/sergio/turtle_bot_11/build/nodos_taller_1/build/lib/turtle_bot_nodos
copying turtle_bot_nodos/__init__.py -> /home/sergio/turtle_bot_11/build/nodos_taller_1/build/lib/turtle_bot_nodos
copying turtle_bot_nodos/turtle_bot_player.py -> /home/sergio/turtle_bot_11/build/nodos_taller_1/build/lib/turtle_bot_nodos
copying turtle_bot_nodos/turtle_bot_save_route.py -> /home/sergio/turtle_bot_11/build/nodos_taller_1/build/lib/turtle_bot_nodos
copying turtle_bot_nodos/turtle_bot_teleop.py -> /home/sergio/turtle_bot_11/build/nodos_taller_1/build/lib/turtle_bot_nodos
running install
/home/sergio/.local/lib/python3.10/site-packages/setuptools/command/install.py:34: SetuptoolsDeprecationWarning: setup.py install is deprecated. Use build and pip and other standards-based tools.
  warnings.warn(
running install_lib
creating /home/sergio/turtle_bot_11/install/nodos_taller_1/lib/python3.10/site-packages/turtle_bot_nodos
copying /home/sergio/turtle_bot_11/build/nodos_taller_1/build/lib/turtle_bot_nodos/turtle_bot_interface.py -> /home/sergio/turtle_bot_11/install/nodos_taller_1/lib/python3.10/site-packages/turtle_bot_nodos
copying /home/sergio/turtle_bot_11/build/nodos_taller_1/build/lib/turtle_bot_nodos/__init__.py -> /home/sergio/turtle_bot_11/install/nodos_taller_1/lib/python3.10/site-packages/turtle_bot_nodos
copying /home/sergio/turtle_bot_11/build/nodos_taller_1/build/lib/turtle_bot_nodos/turtle_bot_player.py -> /home/sergio/turtle_bot_11/install/nodos_taller_1/lib/python3.10/site-packages/turtle_bot_nodos
copying /home/sergio/turtle_bot_11/build/nodos_taller_1/build/lib/turtle_bot_nodos/turtle_bot_save_route.py -> /home/sergio/turtle_bot_11/install/nodos_taller_1/lib/python3.10/site-packages/turtle_bot_nodos
copying /home/sergio/turtle_bot_11/build/nodos_taller_1/build/lib/turtle_bot_nodos/turtle_bot_teleop.py -> /home/sergio/turtle_bot_11/install/nodos_taller_1/lib/python3.10/site-packages/turtle_bot_nodos
byte-compiling /home/sergio/turtle_bot_11/install/nodos_taller_1/lib/python3.10/site-packages/turtle_bot_nodos/turtle_bot_interface.py to turtle_bot_interface.cpython-310.pyc
byte-compiling /home/sergio/turtle_bot_11/install/nodos_taller_1/lib/python3.10/site-packages/turtle_bot_nodos/__init__.py to __init__.cpython-310.pyc
byte-compiling /home/sergio/turtle_bot_11/install/nodos_taller_1/lib/python3.10/site-packages/turtle_bot_nodos/turtle_bot_player.py to turtle_bot_player.cpython-310.pyc
byte-compiling /home/sergio/turtle_bot_11/install/nodos_taller_1/lib/python3.10/site-packages/turtle_bot_nodos/turtle_bot_save_route.py to turtle_bot_save_route.cpython-310.pyc
byte-compiling /home/sergio/turtle_bot_11/install/nodos_taller_1/lib/python3.10/site-packages/turtle_bot_nodos/turtle_bot_teleop.py to turtle_bot_teleop.cpython-310.pyc
running install_data
copying resource/turtle_bot_nodos -> /home/sergio/turtle_bot_11/install/nodos_taller_1/share/ament_index/resource_index/packages
creating /home/sergio/turtle_bot_11/install/nodos_taller_1/share/turtle_bot_nodos
copying package.xml -> /home/sergio/turtle_bot_11/install/nodos_taller_1/share/turtle_bot_nodos
running install_egg_info
Copying ../../build/nodos_taller_1/turtle_bot_nodos.egg-info to /home/sergio/turtle_bot_11/install/nodos_taller_1/lib/python3.10/site-packages/turtle_bot_nodos-0.0.0-py3.10.egg-info
running install_scripts
writing list of installed files to '/home/sergio/turtle_bot_11/build/nodos_taller_1/install.log'
