[0.792s] Invoking command in '/home/sergio/turtle_bot_11/src/turtle_bot_nodos': COMP_WORDBREAKS=
"'><=;|&( PYTHONPATH=/home/sergio/turtle_bot_11/build/turtle_bot_nodos/prefix_override:/home/sergio/turtle_bot_11/install/turtle_bot_nodos/lib/python3.10/site-packages:${PYTHONPATH} /usr/bin/python3 setup.py egg_info --egg-base ../../build/turtle_bot_nodos build --build-base /home/sergio/turtle_bot_11/build/turtle_bot_nodos/build install --record /home/sergio/turtle_bot_11/build/turtle_bot_nodos/install.log --single-version-externally-managed
[1.032s] running egg_info
[1.047s] writing ../../build/turtle_bot_nodos/turtle_bot_nodos.egg-info/PKG-INFO
[1.048s] writing dependency_links to ../../build/turtle_bot_nodos/turtle_bot_nodos.egg-info/dependency_links.txt
[1.048s] writing entry points to ../../build/turtle_bot_nodos/turtle_bot_nodos.egg-info/entry_points.txt
[1.048s] writing requirements to ../../build/turtle_bot_nodos/turtle_bot_nodos.egg-info/requires.txt
[1.048s] writing top-level names to ../../build/turtle_bot_nodos/turtle_bot_nodos.egg-info/top_level.txt
[1.080s] reading manifest file '../../build/turtle_bot_nodos/turtle_bot_nodos.egg-info/SOURCES.txt'
[1.081s] writing manifest file '../../build/turtle_bot_nodos/turtle_bot_nodos.egg-info/SOURCES.txt'
[1.082s] running build
[1.082s] running build_py
[1.082s] copying turtle_bot_nodos/turtle_bot_interface.py -> /home/sergio/turtle_bot_11/build/turtle_bot_nodos/build/lib/turtle_bot_nodos
[1.082s] copying turtle_bot_nodos/turtle_bot_teleop.py -> /home/sergio/turtle_bot_11/build/turtle_bot_nodos/build/lib/turtle_bot_nodos
[1.083s] running install
[1.083s] /home/sergio/.local/lib/python3.10/site-packages/setuptools/command/install.py:34: SetuptoolsDeprecationWarning: setup.py install is deprecated. Use build and pip and other standards-based tools.
[1.083s]   warnings.warn(
[1.090s] running install_lib
[1.107s] copying /home/sergio/turtle_bot_11/build/turtle_bot_nodos/build/lib/turtle_bot_nodos/turtle_bot_interface.py -> /home/sergio/turtle_bot_11/install/turtle_bot_nodos/lib/python3.10/site-packages/turtle_bot_nodos
[1.107s] copying /home/sergio/turtle_bot_11/build/turtle_bot_nodos/build/lib/turtle_bot_nodos/turtle_bot_teleop.py -> /home/sergio/turtle_bot_11/install/turtle_bot_nodos/lib/python3.10/site-packages/turtle_bot_nodos
[1.108s] byte-compiling /home/sergio/turtle_bot_11/install/turtle_bot_nodos/lib/python3.10/site-packages/turtle_bot_nodos/turtle_bot_interface.py to turtle_bot_interface.cpython-310.pyc
[1.113s] byte-compiling /home/sergio/turtle_bot_11/install/turtle_bot_nodos/lib/python3.10/site-packages/turtle_bot_nodos/turtle_bot_teleop.py to turtle_bot_teleop.cpython-310.pyc
[1.114s] running install_data
[1.130s] running install_egg_info
[1.146s] removing '/home/sergio/turtle_bot_11/install/turtle_bot_nodos/lib/python3.10/site-packages/turtle_bot_nodos-0.0.0-py3.10.egg-info' (and everything under it)
[1.147s] Copying ../../build/turtle_bot_nodos/turtle_bot_nodos.egg-info to /home/sergio/turtle_bot_11/install/turtle_bot_nodos/lib/python3.10/site-packages/turtle_bot_nodos-0.0.0-py3.10.egg-info
[1.148s] running install_scripts
[1.324s] Installing turtle_bot_interface script to /home/sergio/turtle_bot_11/install/turtle_bot_nodos/lib/turtle_bot_nodos
[1.324s] Installing turtle_bot_player script to /home/sergio/turtle_bot_11/install/turtle_bot_nodos/lib/turtle_bot_nodos
[1.324s] Installing turtle_bot_save_route script to /home/sergio/turtle_bot_11/install/turtle_bot_nodos/lib/turtle_bot_nodos
[1.324s] Installing turtle_bot_teleop_ script to /home/sergio/turtle_bot_11/install/turtle_bot_nodos/lib/turtle_bot_nodos
[1.325s] writing list of installed files to '/home/sergio/turtle_bot_11/build/turtle_bot_nodos/install.log'
[1.360s] Invoked command in '/home/sergio/turtle_bot_11/src/turtle_bot_nodos' returned '0': COMP_WORDBREAKS=
"'><=;|&( PYTHONPATH=/home/sergio/turtle_bot_11/build/turtle_bot_nodos/prefix_override:/home/sergio/turtle_bot_11/install/turtle_bot_nodos/lib/python3.10/site-packages:${PYTHONPATH} /usr/bin/python3 setup.py egg_info --egg-base ../../build/turtle_bot_nodos build --build-base /home/sergio/turtle_bot_11/build/turtle_bot_nodos/build install --record /home/sergio/turtle_bot_11/build/turtle_bot_nodos/install.log --single-version-externally-managed
