[0.261s] DEBUG:colcon:Command line arguments: ['/usr/bin/colcon', 'build']
[0.261s] DEBUG:colcon:Parsed command line arguments: Namespace(log_base=None, log_level=None, verb_name='build', build_base='build', install_base='install', merge_install=False, symlink_install=False, test_result_base=None, continue_on_error=False, executor='parallel', parallel_workers=8, event_handlers=None, ignore_user_meta=False, metas=['./colcon.meta'], base_paths=['.'], packages_ignore=None, packages_ignore_regex=None, paths=None, packages_up_to=None, packages_up_to_regex=None, packages_above=None, packages_above_and_dependencies=None, packages_above_depth=None, packages_select_by_dep=None, packages_skip_by_dep=None, packages_skip_up_to=None, packages_select_build_failed=False, packages_skip_build_finished=False, packages_select_test_failures=False, packages_skip_test_passed=False, packages_select=None, packages_skip=None, packages_select_regex=None, packages_skip_regex=None, packages_start=None, packages_end=None, allow_overriding=[], cmake_args=None, cmake_target=None, cmake_target_skip_unavailable=False, cmake_clean_cache=False, cmake_clean_first=False, cmake_force_configure=False, ament_cmake_args=None, catkin_cmake_args=None, catkin_skip_building_tests=False, verb_parser=<colcon_defaults.argument_parser.defaults.DefaultArgumentsDecorator object at 0x7fdf2e50d420>, verb_extension=<colcon_core.verb.build.BuildVerb object at 0x7fdf2ee4b4c0>, main=<bound method BuildVerb.main of <colcon_core.verb.build.BuildVerb object at 0x7fdf2ee4b4c0>>)
[0.298s] Level 1:colcon.colcon_core.package_discovery:discover_packages(colcon_meta) check parameters
[0.299s] Level 1:colcon.colcon_core.package_discovery:discover_packages(recursive) check parameters
[0.299s] Level 1:colcon.colcon_core.package_discovery:discover_packages(ignore) check parameters
[0.299s] Level 1:colcon.colcon_core.package_discovery:discover_packages(path) check parameters
[0.299s] Level 1:colcon.colcon_core.package_discovery:discover_packages(colcon_meta) discover
[0.299s] Level 1:colcon.colcon_core.package_discovery:discover_packages(recursive) discover
[0.299s] INFO:colcon.colcon_core.package_discovery:Crawling recursively for packages in '/home/sergio/turtle_bot_11'
[0.299s] Level 1:colcon.colcon_core.package_identification:_identify(.) by extensions ['ignore', 'ignore_ament_install']
[0.299s] Level 1:colcon.colcon_core.package_identification:_identify(.) by extension 'ignore'
[0.299s] Level 1:colcon.colcon_core.package_identification:_identify(.) by extension 'ignore_ament_install'
[0.299s] Level 1:colcon.colcon_core.package_identification:_identify(.) by extensions ['colcon_pkg']
[0.299s] Level 1:colcon.colcon_core.package_identification:_identify(.) by extension 'colcon_pkg'
[0.299s] Level 1:colcon.colcon_core.package_identification:_identify(.) by extensions ['colcon_meta']
[0.299s] Level 1:colcon.colcon_core.package_identification:_identify(.) by extension 'colcon_meta'
[0.299s] Level 1:colcon.colcon_core.package_identification:_identify(.) by extensions ['ros']
[0.299s] Level 1:colcon.colcon_core.package_identification:_identify(.) by extension 'ros'
[0.313s] Level 1:colcon.colcon_core.package_identification:_identify(.) by extensions ['cmake', 'python']
[0.313s] Level 1:colcon.colcon_core.package_identification:_identify(.) by extension 'cmake'
[0.313s] Level 1:colcon.colcon_core.package_identification:_identify(.) by extension 'python'
[0.313s] Level 1:colcon.colcon_core.package_identification:_identify(.) by extensions ['python_setup_py']
[0.313s] Level 1:colcon.colcon_core.package_identification:_identify(.) by extension 'python_setup_py'
[0.313s] Level 1:colcon.colcon_core.package_identification:_identify(build) by extensions ['ignore', 'ignore_ament_install']
[0.313s] Level 1:colcon.colcon_core.package_identification:_identify(build) by extension 'ignore'
[0.313s] Level 1:colcon.colcon_core.package_identification:_identify(build) ignored
[0.314s] Level 1:colcon.colcon_core.package_identification:_identify(install) by extensions ['ignore', 'ignore_ament_install']
[0.314s] Level 1:colcon.colcon_core.package_identification:_identify(install) by extension 'ignore'
[0.314s] Level 1:colcon.colcon_core.package_identification:_identify(install) ignored
[0.314s] Level 1:colcon.colcon_core.package_identification:_identify(log) by extensions ['ignore', 'ignore_ament_install']
[0.314s] Level 1:colcon.colcon_core.package_identification:_identify(log) by extension 'ignore'
[0.314s] Level 1:colcon.colcon_core.package_identification:_identify(log) ignored
[0.314s] Level 1:colcon.colcon_core.package_identification:_identify(src) by extensions ['ignore', 'ignore_ament_install']
[0.314s] Level 1:colcon.colcon_core.package_identification:_identify(src) by extension 'ignore'
[0.314s] Level 1:colcon.colcon_core.package_identification:_identify(src) by extension 'ignore_ament_install'
[0.314s] Level 1:colcon.colcon_core.package_identification:_identify(src) by extensions ['colcon_pkg']
[0.314s] Level 1:colcon.colcon_core.package_identification:_identify(src) by extension 'colcon_pkg'
[0.314s] Level 1:colcon.colcon_core.package_identification:_identify(src) by extensions ['colcon_meta']
[0.315s] Level 1:colcon.colcon_core.package_identification:_identify(src) by extension 'colcon_meta'
[0.315s] Level 1:colcon.colcon_core.package_identification:_identify(src) by extensions ['ros']
[0.315s] Level 1:colcon.colcon_core.package_identification:_identify(src) by extension 'ros'
[0.315s] Level 1:colcon.colcon_core.package_identification:_identify(src) by extensions ['cmake', 'python']
[0.315s] Level 1:colcon.colcon_core.package_identification:_identify(src) by extension 'cmake'
[0.315s] Level 1:colcon.colcon_core.package_identification:_identify(src) by extension 'python'
[0.315s] Level 1:colcon.colcon_core.package_identification:_identify(src) by extensions ['python_setup_py']
[0.315s] Level 1:colcon.colcon_core.package_identification:_identify(src) by extension 'python_setup_py'
[0.315s] Level 1:colcon.colcon_core.package_identification:_identify(src/servicios) by extensions ['ignore', 'ignore_ament_install']
[0.315s] Level 1:colcon.colcon_core.package_identification:_identify(src/servicios) by extension 'ignore'
[0.315s] Level 1:colcon.colcon_core.package_identification:_identify(src/servicios) by extension 'ignore_ament_install'
[0.315s] Level 1:colcon.colcon_core.package_identification:_identify(src/servicios) by extensions ['colcon_pkg']
[0.315s] Level 1:colcon.colcon_core.package_identification:_identify(src/servicios) by extension 'colcon_pkg'
[0.315s] Level 1:colcon.colcon_core.package_identification:_identify(src/servicios) by extensions ['colcon_meta']
[0.315s] Level 1:colcon.colcon_core.package_identification:_identify(src/servicios) by extension 'colcon_meta'
[0.315s] Level 1:colcon.colcon_core.package_identification:_identify(src/servicios) by extensions ['ros']
[0.315s] Level 1:colcon.colcon_core.package_identification:_identify(src/servicios) by extension 'ros'
[0.317s] DEBUG:colcon.colcon_core.package_identification:Package 'src/servicios' with type 'ros.ament_cmake' and name 'servicios'
[0.318s] Level 1:colcon.colcon_core.package_identification:_identify(src/turtle_bot_nodos) by extensions ['ignore', 'ignore_ament_install']
[0.318s] Level 1:colcon.colcon_core.package_identification:_identify(src/turtle_bot_nodos) by extension 'ignore'
[0.318s] Level 1:colcon.colcon_core.package_identification:_identify(src/turtle_bot_nodos) by extension 'ignore_ament_install'
[0.318s] Level 1:colcon.colcon_core.package_identification:_identify(src/turtle_bot_nodos) by extensions ['colcon_pkg']
[0.318s] Level 1:colcon.colcon_core.package_identification:_identify(src/turtle_bot_nodos) by extension 'colcon_pkg'
[0.318s] Level 1:colcon.colcon_core.package_identification:_identify(src/turtle_bot_nodos) by extensions ['colcon_meta']
[0.318s] Level 1:colcon.colcon_core.package_identification:_identify(src/turtle_bot_nodos) by extension 'colcon_meta'
[0.318s] Level 1:colcon.colcon_core.package_identification:_identify(src/turtle_bot_nodos) by extensions ['ros']
[0.318s] Level 1:colcon.colcon_core.package_identification:_identify(src/turtle_bot_nodos) by extension 'ros'
[0.319s] DEBUG:colcon.colcon_core.package_identification:Package 'src/turtle_bot_nodos' with type 'ros.ament_python' and name 'turtle_bot_nodos'
[0.319s] Level 1:colcon.colcon_core.package_discovery:discover_packages(recursive) using defaults
[0.319s] Level 1:colcon.colcon_core.package_discovery:discover_packages(ignore) discover
[0.319s] Level 1:colcon.colcon_core.package_discovery:discover_packages(ignore) using defaults
[0.319s] Level 1:colcon.colcon_core.package_discovery:discover_packages(path) discover
[0.319s] Level 1:colcon.colcon_core.package_discovery:discover_packages(path) using defaults
[0.341s] Level 1:colcon.colcon_core.package_discovery:discover_packages(prefix_path) check parameters
[0.342s] Level 1:colcon.colcon_core.package_discovery:discover_packages(prefix_path) discover
[0.344s] DEBUG:colcon.colcon_installed_package_information.package_discovery:Found 3 installed packages in /home/sergio/turtle_bot_11/install
[0.345s] DEBUG:colcon.colcon_installed_package_information.package_discovery:Found 284 installed packages in /opt/ros/humble
[0.347s] Level 1:colcon.colcon_core.package_discovery:discover_packages(prefix_path) using defaults
[0.391s] Level 5:colcon.colcon_core.verb:set package 'servicios' build argument 'cmake_args' from command line to 'None'
[0.391s] Level 5:colcon.colcon_core.verb:set package 'servicios' build argument 'cmake_target' from command line to 'None'
[0.391s] Level 5:colcon.colcon_core.verb:set package 'servicios' build argument 'cmake_target_skip_unavailable' from command line to 'False'
[0.391s] Level 5:colcon.colcon_core.verb:set package 'servicios' build argument 'cmake_clean_cache' from command line to 'False'
[0.392s] Level 5:colcon.colcon_core.verb:set package 'servicios' build argument 'cmake_clean_first' from command line to 'False'
[0.392s] Level 5:colcon.colcon_core.verb:set package 'servicios' build argument 'cmake_force_configure' from command line to 'False'
[0.392s] Level 5:colcon.colcon_core.verb:set package 'servicios' build argument 'ament_cmake_args' from command line to 'None'
[0.392s] Level 5:colcon.colcon_core.verb:set package 'servicios' build argument 'catkin_cmake_args' from command line to 'None'
[0.392s] Level 5:colcon.colcon_core.verb:set package 'servicios' build argument 'catkin_skip_building_tests' from command line to 'False'
[0.392s] DEBUG:colcon.colcon_core.verb:Building package 'servicios' with the following arguments: {'ament_cmake_args': None, 'build_base': '/home/sergio/turtle_bot_11/build/servicios', 'catkin_cmake_args': None, 'catkin_skip_building_tests': False, 'cmake_args': None, 'cmake_clean_cache': False, 'cmake_clean_first': False, 'cmake_force_configure': False, 'cmake_target': None, 'cmake_target_skip_unavailable': False, 'install_base': '/home/sergio/turtle_bot_11/install/servicios', 'merge_install': False, 'path': '/home/sergio/turtle_bot_11/src/servicios', 'symlink_install': False, 'test_result_base': None}
[0.393s] Level 5:colcon.colcon_core.verb:set package 'turtle_bot_nodos' build argument 'cmake_args' from command line to 'None'
[0.393s] Level 5:colcon.colcon_core.verb:set package 'turtle_bot_nodos' build argument 'cmake_target' from command line to 'None'
[0.393s] Level 5:colcon.colcon_core.verb:set package 'turtle_bot_nodos' build argument 'cmake_target_skip_unavailable' from command line to 'False'
[0.393s] Level 5:colcon.colcon_core.verb:set package 'turtle_bot_nodos' build argument 'cmake_clean_cache' from command line to 'False'
[0.393s] Level 5:colcon.colcon_core.verb:set package 'turtle_bot_nodos' build argument 'cmake_clean_first' from command line to 'False'
[0.393s] Level 5:colcon.colcon_core.verb:set package 'turtle_bot_nodos' build argument 'cmake_force_configure' from command line to 'False'
[0.393s] Level 5:colcon.colcon_core.verb:set package 'turtle_bot_nodos' build argument 'ament_cmake_args' from command line to 'None'
[0.393s] Level 5:colcon.colcon_core.verb:set package 'turtle_bot_nodos' build argument 'catkin_cmake_args' from command line to 'None'
[0.393s] Level 5:colcon.colcon_core.verb:set package 'turtle_bot_nodos' build argument 'catkin_skip_building_tests' from command line to 'False'
[0.393s] DEBUG:colcon.colcon_core.verb:Building package 'turtle_bot_nodos' with the following arguments: {'ament_cmake_args': None, 'build_base': '/home/sergio/turtle_bot_11/build/turtle_bot_nodos', 'catkin_cmake_args': None, 'catkin_skip_building_tests': False, 'cmake_args': None, 'cmake_clean_cache': False, 'cmake_clean_first': False, 'cmake_force_configure': False, 'cmake_target': None, 'cmake_target_skip_unavailable': False, 'install_base': '/home/sergio/turtle_bot_11/install/turtle_bot_nodos', 'merge_install': False, 'path': '/home/sergio/turtle_bot_11/src/turtle_bot_nodos', 'symlink_install': False, 'test_result_base': None}
[0.394s] INFO:colcon.colcon_core.executor:Executing jobs using 'parallel' executor
[0.397s] DEBUG:colcon.colcon_parallel_executor.executor.parallel:run_until_complete
[0.397s] INFO:colcon.colcon_ros.task.ament_cmake.build:Building ROS package in '/home/sergio/turtle_bot_11/src/servicios' with build type 'ament_cmake'
[0.397s] INFO:colcon.colcon_cmake.task.cmake.build:Building CMake package in '/home/sergio/turtle_bot_11/src/servicios'
[0.412s] INFO:colcon.colcon_core.plugin_system:Skipping extension 'colcon_core.shell.bat': Not used on non-Windows systems
[0.413s] INFO:colcon.colcon_core.shell:Skip shell extension 'powershell' for command environment: Not usable outside of PowerShell
[0.413s] DEBUG:colcon.colcon_core.shell:Skip shell extension 'dsv' for command environment
[0.417s] INFO:colcon.colcon_ros.task.ament_python.build:Building ROS package in '/home/sergio/turtle_bot_11/src/turtle_bot_nodos' with build type 'ament_python'
[0.417s] Level 1:colcon.colcon_core.shell:create_environment_hook('turtle_bot_nodos', 'ament_prefix_path')
[0.419s] INFO:colcon.colcon_core.shell:Creating environment hook '/home/sergio/turtle_bot_11/install/turtle_bot_nodos/share/turtle_bot_nodos/hook/ament_prefix_path.ps1'
[0.420s] INFO:colcon.colcon_core.shell:Creating environment descriptor '/home/sergio/turtle_bot_11/install/turtle_bot_nodos/share/turtle_bot_nodos/hook/ament_prefix_path.dsv'
[0.420s] INFO:colcon.colcon_core.shell:Creating environment hook '/home/sergio/turtle_bot_11/install/turtle_bot_nodos/share/turtle_bot_nodos/hook/ament_prefix_path.sh'
[0.422s] INFO:colcon.colcon_core.shell:Skip shell extension 'powershell' for command environment: Not usable outside of PowerShell
[0.422s] DEBUG:colcon.colcon_core.shell:Skip shell extension 'dsv' for command environment
[0.431s] DEBUG:colcon.colcon_core.event_handler.log_command:Invoking command in '/home/sergio/turtle_bot_11/build/servicios': CMAKE_PREFIX_PATH=${CMAKE_PREFIX_PATH}:/home/sergio/turtle_bot_11/install/turtle_bot_nodos:/opt/ros/humble COMP_WORDBREAKS=
"'><=;|&( /usr/bin/cmake --build /home/sergio/turtle_bot_11/build/servicios -- -j8 -l8
[0.644s] INFO:colcon.colcon_core.task.python.build:Building Python package in '/home/sergio/turtle_bot_11/src/turtle_bot_nodos'
[0.646s] INFO:colcon.colcon_core.shell:Skip shell extension 'powershell' for command environment: Not usable outside of PowerShell
[0.646s] DEBUG:colcon.colcon_core.shell:Skip shell extension 'dsv' for command environment
[0.793s] DEBUG:colcon.colcon_core.event_handler.log_command:Invoked command in '/home/sergio/turtle_bot_11/build/servicios' returned '0': CMAKE_PREFIX_PATH=${CMAKE_PREFIX_PATH}:/home/sergio/turtle_bot_11/install/turtle_bot_nodos:/opt/ros/humble COMP_WORDBREAKS=
"'><=;|&( /usr/bin/cmake --build /home/sergio/turtle_bot_11/build/servicios -- -j8 -l8
[0.853s] DEBUG:colcon.colcon_core.event_handler.log_command:Invoking command in '/home/sergio/turtle_bot_11/build/servicios': CMAKE_PREFIX_PATH=${CMAKE_PREFIX_PATH}:/home/sergio/turtle_bot_11/install/turtle_bot_nodos:/opt/ros/humble COMP_WORDBREAKS=
"'><=;|&( /usr/bin/cmake --install /home/sergio/turtle_bot_11/build/servicios
[0.930s] Level 1:colcon.colcon_core.environment:create_environment_scripts_only(servicios)
[0.932s] DEBUG:colcon.colcon_core.event_handler.log_command:Invoked command in '/home/sergio/turtle_bot_11/build/servicios' returned '0': CMAKE_PREFIX_PATH=${CMAKE_PREFIX_PATH}:/home/sergio/turtle_bot_11/install/turtle_bot_nodos:/opt/ros/humble COMP_WORDBREAKS=
"'><=;|&( /usr/bin/cmake --install /home/sergio/turtle_bot_11/build/servicios
[0.939s] Level 1:colcon.colcon_core.environment:checking '/home/sergio/turtle_bot_11/install/servicios' for CMake module files
[0.940s] Level 1:colcon.colcon_core.environment:checking '/home/sergio/turtle_bot_11/install/servicios' for CMake config files
[0.940s] Level 1:colcon.colcon_core.shell:create_environment_hook('servicios', 'cmake_prefix_path')
[0.941s] INFO:colcon.colcon_core.shell:Creating environment hook '/home/sergio/turtle_bot_11/install/servicios/share/servicios/hook/cmake_prefix_path.ps1'
[0.942s] INFO:colcon.colcon_core.shell:Creating environment descriptor '/home/sergio/turtle_bot_11/install/servicios/share/servicios/hook/cmake_prefix_path.dsv'
[0.942s] INFO:colcon.colcon_core.shell:Creating environment hook '/home/sergio/turtle_bot_11/install/servicios/share/servicios/hook/cmake_prefix_path.sh'
[0.943s] Level 1:colcon.colcon_core.environment:checking '/home/sergio/turtle_bot_11/install/servicios/lib'
[0.943s] Level 1:colcon.colcon_core.shell:create_environment_hook('servicios', 'ld_library_path_lib')
[0.944s] INFO:colcon.colcon_core.shell:Creating environment hook '/home/sergio/turtle_bot_11/install/servicios/share/servicios/hook/ld_library_path_lib.ps1'
[0.945s] INFO:colcon.colcon_core.shell:Creating environment descriptor '/home/sergio/turtle_bot_11/install/servicios/share/servicios/hook/ld_library_path_lib.dsv'
[0.945s] INFO:colcon.colcon_core.shell:Creating environment hook '/home/sergio/turtle_bot_11/install/servicios/share/servicios/hook/ld_library_path_lib.sh'
[0.945s] Level 1:colcon.colcon_core.environment:checking '/home/sergio/turtle_bot_11/install/servicios/bin'
[0.946s] Level 1:colcon.colcon_core.environment:checking '/home/sergio/turtle_bot_11/install/servicios/lib/pkgconfig/servicios.pc'
[0.946s] Level 1:colcon.colcon_core.environment:checking '/home/sergio/turtle_bot_11/install/servicios/lib/python3.10/site-packages'
[0.946s] Level 1:colcon.colcon_core.environment:checking '/home/sergio/turtle_bot_11/install/servicios/bin'
[0.948s] INFO:colcon.colcon_core.shell:Creating package script '/home/sergio/turtle_bot_11/install/servicios/share/servicios/package.ps1'
[0.949s] INFO:colcon.colcon_core.shell:Creating package descriptor '/home/sergio/turtle_bot_11/install/servicios/share/servicios/package.dsv'
[0.950s] INFO:colcon.colcon_core.shell:Creating package script '/home/sergio/turtle_bot_11/install/servicios/share/servicios/package.sh'
[0.952s] INFO:colcon.colcon_core.shell:Creating package script '/home/sergio/turtle_bot_11/install/servicios/share/servicios/package.bash'
[0.953s] INFO:colcon.colcon_core.shell:Creating package script '/home/sergio/turtle_bot_11/install/servicios/share/servicios/package.zsh'
[0.954s] Level 1:colcon.colcon_core.environment:create_file_with_runtime_dependencies(/home/sergio/turtle_bot_11/install/servicios/share/colcon-core/packages/servicios)
[1.013s] Level 1:colcon.colcon_core.environment:create_environment_scripts_only(servicios)
[1.015s] Level 1:colcon.colcon_core.environment:checking '/home/sergio/turtle_bot_11/install/servicios' for CMake module files
[1.016s] Level 1:colcon.colcon_core.environment:checking '/home/sergio/turtle_bot_11/install/servicios' for CMake config files
[1.016s] Level 1:colcon.colcon_core.shell:create_environment_hook('servicios', 'cmake_prefix_path')
[1.017s] INFO:colcon.colcon_core.shell:Creating environment hook '/home/sergio/turtle_bot_11/install/servicios/share/servicios/hook/cmake_prefix_path.ps1'
[1.018s] INFO:colcon.colcon_core.shell:Creating environment descriptor '/home/sergio/turtle_bot_11/install/servicios/share/servicios/hook/cmake_prefix_path.dsv'
[1.018s] INFO:colcon.colcon_core.shell:Creating environment hook '/home/sergio/turtle_bot_11/install/servicios/share/servicios/hook/cmake_prefix_path.sh'
[1.019s] Level 1:colcon.colcon_core.environment:checking '/home/sergio/turtle_bot_11/install/servicios/lib'
[1.019s] Level 1:colcon.colcon_core.shell:create_environment_hook('servicios', 'ld_library_path_lib')
[1.020s] INFO:colcon.colcon_core.shell:Creating environment hook '/home/sergio/turtle_bot_11/install/servicios/share/servicios/hook/ld_library_path_lib.ps1'
[1.020s] INFO:colcon.colcon_core.shell:Creating environment descriptor '/home/sergio/turtle_bot_11/install/servicios/share/servicios/hook/ld_library_path_lib.dsv'
[1.021s] INFO:colcon.colcon_core.shell:Creating environment hook '/home/sergio/turtle_bot_11/install/servicios/share/servicios/hook/ld_library_path_lib.sh'
[1.021s] Level 1:colcon.colcon_core.environment:checking '/home/sergio/turtle_bot_11/install/servicios/bin'
[1.021s] Level 1:colcon.colcon_core.environment:checking '/home/sergio/turtle_bot_11/install/servicios/lib/pkgconfig/servicios.pc'
[1.021s] Level 1:colcon.colcon_core.environment:checking '/home/sergio/turtle_bot_11/install/servicios/lib/python3.10/site-packages'
[1.022s] Level 1:colcon.colcon_core.environment:checking '/home/sergio/turtle_bot_11/install/servicios/bin'
[1.024s] INFO:colcon.colcon_core.shell:Creating package script '/home/sergio/turtle_bot_11/install/servicios/share/servicios/package.ps1'
[1.025s] INFO:colcon.colcon_core.shell:Creating package descriptor '/home/sergio/turtle_bot_11/install/servicios/share/servicios/package.dsv'
[1.026s] INFO:colcon.colcon_core.shell:Creating package script '/home/sergio/turtle_bot_11/install/servicios/share/servicios/package.sh'
[1.026s] INFO:colcon.colcon_core.shell:Creating package script '/home/sergio/turtle_bot_11/install/servicios/share/servicios/package.bash'
[1.026s] INFO:colcon.colcon_core.shell:Creating package script '/home/sergio/turtle_bot_11/install/servicios/share/servicios/package.zsh'
[1.027s] Level 1:colcon.colcon_core.environment:create_file_with_runtime_dependencies(/home/sergio/turtle_bot_11/install/servicios/share/colcon-core/packages/servicios)
[1.224s] DEBUG:colcon.colcon_core.event_handler.log_command:Invoking command in '/home/sergio/turtle_bot_11/src/turtle_bot_nodos': COMP_WORDBREAKS=
"'><=;|&( PYTHONPATH=/home/sergio/turtle_bot_11/build/turtle_bot_nodos/prefix_override:/home/sergio/turtle_bot_11/install/turtle_bot_nodos/lib/python3.10/site-packages:${PYTHONPATH} /usr/bin/python3 setup.py egg_info --egg-base ../../build/turtle_bot_nodos build --build-base /home/sergio/turtle_bot_11/build/turtle_bot_nodos/build install --record /home/sergio/turtle_bot_11/build/turtle_bot_nodos/install.log --single-version-externally-managed
[1.717s] Level 1:colcon.colcon_core.environment:checking '/home/sergio/turtle_bot_11/install/turtle_bot_nodos' for CMake module files
[1.718s] DEBUG:colcon.colcon_core.event_handler.log_command:Invoked command in '/home/sergio/turtle_bot_11/src/turtle_bot_nodos' returned '0': COMP_WORDBREAKS=
"'><=;|&( PYTHONPATH=/home/sergio/turtle_bot_11/build/turtle_bot_nodos/prefix_override:/home/sergio/turtle_bot_11/install/turtle_bot_nodos/lib/python3.10/site-packages:${PYTHONPATH} /usr/bin/python3 setup.py egg_info --egg-base ../../build/turtle_bot_nodos build --build-base /home/sergio/turtle_bot_11/build/turtle_bot_nodos/build install --record /home/sergio/turtle_bot_11/build/turtle_bot_nodos/install.log --single-version-externally-managed
[1.719s] Level 1:colcon.colcon_core.environment:checking '/home/sergio/turtle_bot_11/install/turtle_bot_nodos' for CMake config files
[1.719s] Level 1:colcon.colcon_core.environment:checking '/home/sergio/turtle_bot_11/install/turtle_bot_nodos/lib'
[1.719s] Level 1:colcon.colcon_core.environment:checking '/home/sergio/turtle_bot_11/install/turtle_bot_nodos/bin'
[1.719s] Level 1:colcon.colcon_core.environment:checking '/home/sergio/turtle_bot_11/install/turtle_bot_nodos/lib/pkgconfig/turtle_bot_nodos.pc'
[1.720s] Level 1:colcon.colcon_core.environment:checking '/home/sergio/turtle_bot_11/install/turtle_bot_nodos/lib/python3.10/site-packages'
[1.720s] Level 1:colcon.colcon_core.shell:create_environment_hook('turtle_bot_nodos', 'pythonpath')
[1.721s] INFO:colcon.colcon_core.shell:Creating environment hook '/home/sergio/turtle_bot_11/install/turtle_bot_nodos/share/turtle_bot_nodos/hook/pythonpath.ps1'
[1.721s] INFO:colcon.colcon_core.shell:Creating environment descriptor '/home/sergio/turtle_bot_11/install/turtle_bot_nodos/share/turtle_bot_nodos/hook/pythonpath.dsv'
[1.722s] INFO:colcon.colcon_core.shell:Creating environment hook '/home/sergio/turtle_bot_11/install/turtle_bot_nodos/share/turtle_bot_nodos/hook/pythonpath.sh'
[1.722s] Level 1:colcon.colcon_core.environment:checking '/home/sergio/turtle_bot_11/install/turtle_bot_nodos/bin'
[1.722s] Level 1:colcon.colcon_core.environment:create_environment_scripts_only(turtle_bot_nodos)
[1.724s] INFO:colcon.colcon_core.shell:Creating package script '/home/sergio/turtle_bot_11/install/turtle_bot_nodos/share/turtle_bot_nodos/package.ps1'
[1.725s] INFO:colcon.colcon_core.shell:Creating package descriptor '/home/sergio/turtle_bot_11/install/turtle_bot_nodos/share/turtle_bot_nodos/package.dsv'
[1.725s] INFO:colcon.colcon_core.shell:Creating package script '/home/sergio/turtle_bot_11/install/turtle_bot_nodos/share/turtle_bot_nodos/package.sh'
[1.726s] INFO:colcon.colcon_core.shell:Creating package script '/home/sergio/turtle_bot_11/install/turtle_bot_nodos/share/turtle_bot_nodos/package.bash'
[1.726s] INFO:colcon.colcon_core.shell:Creating package script '/home/sergio/turtle_bot_11/install/turtle_bot_nodos/share/turtle_bot_nodos/package.zsh'
[1.727s] Level 1:colcon.colcon_core.environment:create_file_with_runtime_dependencies(/home/sergio/turtle_bot_11/install/turtle_bot_nodos/share/colcon-core/packages/turtle_bot_nodos)
[1.727s] DEBUG:colcon.colcon_parallel_executor.executor.parallel:closing loop
[1.727s] DEBUG:colcon.colcon_parallel_executor.executor.parallel:loop closed
[1.728s] DEBUG:colcon.colcon_parallel_executor.executor.parallel:run_until_complete finished with '0'
[1.728s] DEBUG:colcon.colcon_core.event_reactor:joining thread
[1.735s] INFO:colcon.colcon_core.plugin_system:Skipping extension 'colcon_notification.desktop_notification.terminal_notifier': Not used on non-Darwin systems
[1.735s] INFO:colcon.colcon_core.plugin_system:Skipping extension 'colcon_notification.desktop_notification.win32': Not used on non-Windows systems
[1.735s] INFO:colcon.colcon_notification.desktop_notification:Sending desktop notification using 'notify2'
[1.751s] DEBUG:colcon.colcon_core.event_reactor:joined thread
[1.754s] INFO:colcon.colcon_core.shell:Creating prefix script '/home/sergio/turtle_bot_11/install/local_setup.ps1'
[1.756s] INFO:colcon.colcon_core.shell:Creating prefix util module '/home/sergio/turtle_bot_11/install/_local_setup_util_ps1.py'
[1.758s] INFO:colcon.colcon_core.shell:Creating prefix chain script '/home/sergio/turtle_bot_11/install/setup.ps1'
[1.760s] INFO:colcon.colcon_core.shell:Creating prefix script '/home/sergio/turtle_bot_11/install/local_setup.sh'
[1.760s] INFO:colcon.colcon_core.shell:Creating prefix util module '/home/sergio/turtle_bot_11/install/_local_setup_util_sh.py'
[1.761s] INFO:colcon.colcon_core.shell:Creating prefix chain script '/home/sergio/turtle_bot_11/install/setup.sh'
[1.763s] INFO:colcon.colcon_core.shell:Creating prefix script '/home/sergio/turtle_bot_11/install/local_setup.bash'
[1.763s] INFO:colcon.colcon_core.shell:Creating prefix chain script '/home/sergio/turtle_bot_11/install/setup.bash'
[1.765s] INFO:colcon.colcon_core.shell:Creating prefix script '/home/sergio/turtle_bot_11/install/local_setup.zsh'
[1.766s] INFO:colcon.colcon_core.shell:Creating prefix chain script '/home/sergio/turtle_bot_11/install/setup.zsh'
