[0.033s] Invoking command in '/home/sergio/turtle_bot_11/build/servicios': CMAKE_PREFIX_PATH=/home/sergio/turtle_bot_11/install/turtle_bot_nodos:/opt/ros/humble COMP_WORDBREAKS=
"'><=;|&( /usr/bin/cmake /home/sergio/turtle_bot_11/src/servicios -DCMAKE_INSTALL_PREFIX=/home/sergio/turtle_bot_11/install/servicios
[0.044s] -- Found ament_cmake: 1.3.3 (/opt/ros/humble/share/ament_cmake/cmake)
[0.182s] -- Found geometry_msgs: 4.2.3 (/opt/ros/humble/share/geometry_msgs/cmake)
[0.207s] -- Found rosidl_generator_c: 3.1.4 (/opt/ros/humble/share/rosidl_generator_c/cmake)
[0.210s] -- Found rosidl_adapter: 3.1.4 (/opt/ros/humble/share/rosidl_adapter/cmake)
[0.216s] -- Found rosidl_generator_cpp: 3.1.4 (/opt/ros/humble/share/rosidl_generator_cpp/cmake)
[0.227s] -- Using all available rosidl_typesupport_c: rosidl_typesupport_fastrtps_c;rosidl_typesupport_introspection_c
[0.243s] -- Using all available rosidl_typesupport_cpp: rosidl_typesupport_fastrtps_cpp;rosidl_typesupport_introspection_cpp
[0.363s] -- Found rosidl_default_generators: 1.2.0 (/opt/ros/humble/share/rosidl_default_generators/cmake)
[0.582s] [31mCMake Error at /opt/ros/humble/share/rosidl_adapter/cmake/rosidl_adapt_interfaces.cmake:59 (message):
[0.582s]   execute_process(/usr/bin/python3.10 -m rosidl_adapter --package-name
[0.582s]   servicios --arguments-file
[0.583s]   /home/sergio/turtle_bot_11/build/servicios/rosidl_adapter__arguments__servicios.json
[0.583s]   --output-dir
[0.583s]   /home/sergio/turtle_bot_11/build/servicios/rosidl_adapter/servicios
[0.583s]   --output-file
[0.583s]   /home/sergio/turtle_bot_11/build/servicios/rosidl_adapter/servicios.idls)
[0.583s]   returned error code 1:
[0.583s] 
[0.583s]   Traceback (most recent call last):
[0.583s] 
[0.583s]     File "/usr/lib/python3.10/runpy.py", line 196, in _run_module_as_main
[0.584s]       return _run_code(code, main_globals, None,
[0.584s]     File "/usr/lib/python3.10/runpy.py", line 86, in _run_code
[0.584s]       exec(code, run_globals)
[0.584s]     File "/opt/ros/humble/local/lib/python3.10/dist-packages/rosidl_adapter/__main__.py", line 19, in <module>
[0.584s]       sys.exit(main())
[0.584s]     File "/opt/ros/humble/local/lib/python3.10/dist-packages/rosidl_adapter/main.py", line 53, in main
[0.584s]       abs_idl_file = convert_to_idl(
[0.584s]     File "/opt/ros/humble/local/lib/python3.10/dist-packages/rosidl_adapter/__init__.py", line 24, in convert_to_idl
[0.584s]       return convert_srv_to_idl(
[0.584s]     File "/opt/ros/humble/local/lib/python3.10/dist-packages/rosidl_adapter/srv/__init__.py", line 28, in convert_srv_to_idl
[0.584s]       srv = parse_service_string(package_name, input_file.stem, content)
[0.584s]     File "/opt/ros/humble/local/lib/python3.10/dist-packages/rosidl_adapter/parser.py", line 859, in parse_service_string
[0.584s]       request_message = parse_message_string(
[0.585s]     File "/opt/ros/humble/local/lib/python3.10/dist-packages/rosidl_adapter/parser.py", line 544, in parse_message_string
[0.585s]       msg = MessageSpecification(pkg_name, msg_name, fields, constants)
[0.585s]     File "/opt/ros/humble/local/lib/python3.10/dist-packages/rosidl_adapter/parser.py", line 388, in __init__
[0.585s]       self.base_type = BaseType(
[0.585s]     File "/opt/ros/humble/local/lib/python3.10/dist-packages/rosidl_adapter/parser.py", line 205, in __init__
[0.585s]       raise InvalidResourceName(
[0.585s] 
[0.585s]   rosidl_adapter.parser.InvalidResourceName: 'save_route_Request' is an
[0.585s]   invalid message name.  It should have the pattern '^[A-Z][A-Za-z0-9]*$'
[0.585s] 
[0.585s] Call Stack (most recent call first):
[0.585s]   /opt/ros/humble/share/rosidl_cmake/cmake/rosidl_generate_interfaces.cmake:130 (rosidl_adapt_interfaces)
[0.585s]   CMakeLists.txt:13 (rosidl_generate_interfaces)
[0.585s] 
[0.586s] [0m
[0.586s] -- Configuring incomplete, errors occurred!
[0.586s] See also "/home/sergio/turtle_bot_11/build/servicios/CMakeFiles/CMakeOutput.log".
[0.590s] Invoked command in '/home/sergio/turtle_bot_11/build/servicios' returned '1': CMAKE_PREFIX_PATH=/home/sergio/turtle_bot_11/install/turtle_bot_nodos:/opt/ros/humble COMP_WORDBREAKS=
"'><=;|&( /usr/bin/cmake /home/sergio/turtle_bot_11/src/servicios -DCMAKE_INSTALL_PREFIX=/home/sergio/turtle_bot_11/install/servicios
