[0.154s] Invoking command in '/home/sergio/taller_2_grupo_11/build/servicios': CMAKE_PREFIX_PATH=/opt/ros/humble COMP_WORDBREAKS=
"'><=;|&( /usr/bin/cmake --build /home/sergio/taller_2_grupo_11/build/servicios -- -j8 -l8
[0.613s] [0mCMake Error: The current CMakeCache.txt directory /home/sergio/taller_2_grupo_11/build/servicios/CMakeCache.txt is different than the directory /home/sergio/turtle_bot_11/build/servicios where CMakeCache.txt was created. This may result in binaries being created in the wrong place. If you are not sure, reedit the CMakeCache.txt[0m
[1.571s] [  3%] Built target servicios__cpp
[1.728s] [ 12%] Built target servicios__rosidl_generator_c
[1.831s] [ 22%] Built target servicios__rosidl_typesupport_c
[1.934s] [ 32%] Built target servicios__rosidl_typesupport_introspection_cpp
[1.935s] [ 41%] Built target servicios__rosidl_typesupport_fastrtps_cpp
[1.938s] [ 51%] Built target servicios__rosidl_typesupport_fastrtps_c
[1.951s] [ 61%] Built target servicios__rosidl_typesupport_cpp
[1.955s] [ 61%] Built target ament_cmake_python_copy_servicios
[1.969s] [ 70%] Built target servicios__rosidl_typesupport_introspection_c
[1.996s] [ 70%] Built target servicios
[2.043s] [ 74%] Built target servicios__py
[2.236s] [ 80%] Built target servicios__rosidl_generator_py
[2.295s] [ 87%] Built target servicios__rosidl_typesupport_introspection_c__pyext
[2.295s] [ 93%] Built target servicios__rosidl_typesupport_fastrtps_c__pyext
[2.304s] [100%] Built target servicios__rosidl_typesupport_c__pyext
[2.325s] running egg_info
[2.342s] writing servicios.egg-info/PKG-INFO
[2.342s] writing dependency_links to servicios.egg-info/dependency_links.txt
[2.343s] writing top-level names to servicios.egg-info/top_level.txt
[2.388s] reading manifest file 'servicios.egg-info/SOURCES.txt'
[2.389s] writing manifest file 'servicios.egg-info/SOURCES.txt'
[2.426s] [100%] Built target ament_cmake_python_build_servicios_egg
[2.436s] Invoked command in '/home/sergio/taller_2_grupo_11/build/servicios' returned '0': CMAKE_PREFIX_PATH=/opt/ros/humble COMP_WORDBREAKS=
"'><=;|&( /usr/bin/cmake --build /home/sergio/taller_2_grupo_11/build/servicios -- -j8 -l8
[2.498s] Invoking command in '/home/sergio/taller_2_grupo_11/build/servicios': CMAKE_PREFIX_PATH=/opt/ros/humble COMP_WORDBREAKS=
"'><=;|&( /usr/bin/cmake --install /home/sergio/taller_2_grupo_11/build/servicios
[2.565s] -- Install configuration: ""
[2.581s] -- Up-to-date: /home/sergio/turtle_bot_11/install/servicios/share/ament_index/resource_index/rosidl_interfaces/servicios
[2.582s] -- Up-to-date: /home/sergio/turtle_bot_11/install/servicios/include/servicios/servicios
[2.583s] -- Up-to-date: /home/sergio/turtle_bot_11/install/servicios/include/servicios/servicios/msg
[2.584s] -- Up-to-date: /home/sergio/turtle_bot_11/install/servicios/include/servicios/servicios/msg/rosidl_generator_c__visibility_control.h
[2.584s] -- Up-to-date: /home/sergio/turtle_bot_11/install/servicios/include/servicios/servicios/srv
[2.584s] -- Up-to-date: /home/sergio/turtle_bot_11/install/servicios/include/servicios/servicios/srv/save_route.h
[2.585s] -- Up-to-date: /home/sergio/turtle_bot_11/install/servicios/include/servicios/servicios/srv/detail
[2.585s] -- Up-to-date: /home/sergio/turtle_bot_11/install/servicios/include/servicios/servicios/srv/detail/save_route__struct.h
[2.585s] -- Up-to-date: /home/sergio/turtle_bot_11/install/servicios/include/servicios/servicios/srv/detail/reproduce_route__type_support.h
[2.585s] -- Up-to-date: /home/sergio/turtle_bot_11/install/servicios/include/servicios/servicios/srv/detail/reproduce_route__functions.c
[2.586s] -- Up-to-date: /home/sergio/turtle_bot_11/install/servicios/include/servicios/servicios/srv/detail/save_route__type_support.h
[2.586s] -- Up-to-date: /home/sergio/turtle_bot_11/install/servicios/include/servicios/servicios/srv/detail/reproduce_route__struct.h
[2.586s] -- Up-to-date: /home/sergio/turtle_bot_11/install/servicios/include/servicios/servicios/srv/detail/reproduce_route__functions.h
[2.586s] -- Up-to-date: /home/sergio/turtle_bot_11/install/servicios/include/servicios/servicios/srv/detail/save_route__functions.c
[2.586s] -- Up-to-date: /home/sergio/turtle_bot_11/install/servicios/include/servicios/servicios/srv/detail/save_route__functions.h
[2.586s] -- Up-to-date: /home/sergio/turtle_bot_11/install/servicios/include/servicios/servicios/srv/reproduce_route.h
[2.586s] -- Up-to-date: /home/sergio/turtle_bot_11/install/servicios/share/servicios/environment/library_path.sh
[2.587s] -- Up-to-date: /home/sergio/turtle_bot_11/install/servicios/share/servicios/environment/library_path.dsv
[2.589s] -- Up-to-date: /home/sergio/turtle_bot_11/install/servicios/lib/libservicios__rosidl_generator_c.so
[2.589s] -- Up-to-date: /home/sergio/turtle_bot_11/install/servicios/include/servicios/servicios
[2.589s] -- Up-to-date: /home/sergio/turtle_bot_11/install/servicios/include/servicios/servicios/msg
[2.589s] -- Up-to-date: /home/sergio/turtle_bot_11/install/servicios/include/servicios/servicios/msg/rosidl_typesupport_fastrtps_c__visibility_control.h
[2.590s] -- Up-to-date: /home/sergio/turtle_bot_11/install/servicios/include/servicios/servicios/srv
[2.590s] -- Up-to-date: /home/sergio/turtle_bot_11/install/servicios/include/servicios/servicios/srv/detail
[2.590s] -- Up-to-date: /home/sergio/turtle_bot_11/install/servicios/include/servicios/servicios/srv/detail/reproduce_route__rosidl_typesupport_fastrtps_c.h
[2.590s] -- Up-to-date: /home/sergio/turtle_bot_11/install/servicios/include/servicios/servicios/srv/detail/save_route__rosidl_typesupport_fastrtps_c.h
[2.591s] -- Up-to-date: /home/sergio/turtle_bot_11/install/servicios/lib/libservicios__rosidl_typesupport_fastrtps_c.so
[2.591s] -- Up-to-date: /home/sergio/turtle_bot_11/install/servicios/include/servicios/servicios
[2.591s] -- Up-to-date: /home/sergio/turtle_bot_11/install/servicios/include/servicios/servicios/srv
[2.591s] -- Up-to-date: /home/sergio/turtle_bot_11/install/servicios/include/servicios/servicios/srv/reproduce_route.hpp
[2.591s] -- Up-to-date: /home/sergio/turtle_bot_11/install/servicios/include/servicios/servicios/srv/detail
[2.591s] -- Up-to-date: /home/sergio/turtle_bot_11/install/servicios/include/servicios/servicios/srv/detail/save_route__traits.hpp
[2.592s] -- Up-to-date: /home/sergio/turtle_bot_11/install/servicios/include/servicios/servicios/srv/detail/save_route__struct.hpp
[2.592s] -- Up-to-date: /home/sergio/turtle_bot_11/install/servicios/include/servicios/servicios/srv/detail/save_route__builder.hpp
[2.592s] -- Up-to-date: /home/sergio/turtle_bot_11/install/servicios/include/servicios/servicios/srv/detail/reproduce_route__struct.hpp
[2.592s] -- Up-to-date: /home/sergio/turtle_bot_11/install/servicios/include/servicios/servicios/srv/detail/reproduce_route__traits.hpp
[2.592s] -- Up-to-date: /home/sergio/turtle_bot_11/install/servicios/include/servicios/servicios/srv/detail/reproduce_route__builder.hpp
[2.592s] -- Up-to-date: /home/sergio/turtle_bot_11/install/servicios/include/servicios/servicios/srv/save_route.hpp
[2.592s] -- Up-to-date: /home/sergio/turtle_bot_11/install/servicios/include/servicios/servicios
[2.592s] -- Up-to-date: /home/sergio/turtle_bot_11/install/servicios/include/servicios/servicios/msg
[2.592s] -- Up-to-date: /home/sergio/turtle_bot_11/install/servicios/include/servicios/servicios/msg/rosidl_typesupport_fastrtps_cpp__visibility_control.h
[2.593s] -- Up-to-date: /home/sergio/turtle_bot_11/install/servicios/include/servicios/servicios/srv
[2.593s] -- Up-to-date: /home/sergio/turtle_bot_11/install/servicios/include/servicios/servicios/srv/detail
[2.593s] -- Up-to-date: /home/sergio/turtle_bot_11/install/servicios/include/servicios/servicios/srv/detail/reproduce_route__rosidl_typesupport_fastrtps_cpp.hpp
[2.593s] -- Up-to-date: /home/sergio/turtle_bot_11/install/servicios/include/servicios/servicios/srv/detail/dds_fastrtps
[2.593s] -- Up-to-date: /home/sergio/turtle_bot_11/install/servicios/include/servicios/servicios/srv/detail/save_route__rosidl_typesupport_fastrtps_cpp.hpp
[2.593s] -- Up-to-date: /home/sergio/turtle_bot_11/install/servicios/lib/libservicios__rosidl_typesupport_fastrtps_cpp.so
[2.593s] -- Up-to-date: /home/sergio/turtle_bot_11/install/servicios/include/servicios/servicios
[2.594s] -- Up-to-date: /home/sergio/turtle_bot_11/install/servicios/include/servicios/servicios/msg
[2.594s] -- Up-to-date: /home/sergio/turtle_bot_11/install/servicios/include/servicios/servicios/msg/rosidl_typesupport_introspection_c__visibility_control.h
[2.594s] -- Up-to-date: /home/sergio/turtle_bot_11/install/servicios/include/servicios/servicios/srv
[2.594s] -- Up-to-date: /home/sergio/turtle_bot_11/install/servicios/include/servicios/servicios/srv/detail
[2.594s] -- Up-to-date: /home/sergio/turtle_bot_11/install/servicios/include/servicios/servicios/srv/detail/reproduce_route__rosidl_typesupport_introspection_c.h
[2.594s] -- Up-to-date: /home/sergio/turtle_bot_11/install/servicios/include/servicios/servicios/srv/detail/save_route__type_support.c
[2.594s] -- Up-to-date: /home/sergio/turtle_bot_11/install/servicios/include/servicios/servicios/srv/detail/save_route__rosidl_typesupport_introspection_c.h
[2.594s] -- Up-to-date: /home/sergio/turtle_bot_11/install/servicios/include/servicios/servicios/srv/detail/reproduce_route__type_support.c
[2.595s] -- Up-to-date: /home/sergio/turtle_bot_11/install/servicios/lib/libservicios__rosidl_typesupport_introspection_c.so
[2.595s] -- Up-to-date: /home/sergio/turtle_bot_11/install/servicios/lib/libservicios__rosidl_typesupport_c.so
[2.595s] -- Up-to-date: /home/sergio/turtle_bot_11/install/servicios/include/servicios/servicios
[2.595s] -- Up-to-date: /home/sergio/turtle_bot_11/install/servicios/include/servicios/servicios/srv
[2.595s] -- Up-to-date: /home/sergio/turtle_bot_11/install/servicios/include/servicios/servicios/srv/detail
[2.595s] -- Up-to-date: /home/sergio/turtle_bot_11/install/servicios/include/servicios/servicios/srv/detail/reproduce_route__rosidl_typesupport_introspection_cpp.hpp
[2.595s] -- Up-to-date: /home/sergio/turtle_bot_11/install/servicios/include/servicios/servicios/srv/detail/save_route__rosidl_typesupport_introspection_cpp.hpp
[2.596s] -- Up-to-date: /home/sergio/turtle_bot_11/install/servicios/include/servicios/servicios/srv/detail/save_route__type_support.cpp
[2.596s] -- Up-to-date: /home/sergio/turtle_bot_11/install/servicios/include/servicios/servicios/srv/detail/reproduce_route__type_support.cpp
[2.596s] -- Up-to-date: /home/sergio/turtle_bot_11/install/servicios/lib/libservicios__rosidl_typesupport_introspection_cpp.so
[2.596s] -- Up-to-date: /home/sergio/turtle_bot_11/install/servicios/lib/libservicios__rosidl_typesupport_cpp.so
[2.596s] -- Up-to-date: /home/sergio/turtle_bot_11/install/servicios/share/servicios/environment/pythonpath.sh
[2.596s] -- Up-to-date: /home/sergio/turtle_bot_11/install/servicios/share/servicios/environment/pythonpath.dsv
[2.597s] -- Up-to-date: /home/sergio/turtle_bot_11/install/servicios/local/lib/python3.10/dist-packages/servicios-0.0.0-py3.10.egg-info
[2.597s] -- Installing: /home/sergio/turtle_bot_11/install/servicios/local/lib/python3.10/dist-packages/servicios-0.0.0-py3.10.egg-info/SOURCES.txt
[2.597s] -- Installing: /home/sergio/turtle_bot_11/install/servicios/local/lib/python3.10/dist-packages/servicios-0.0.0-py3.10.egg-info/top_level.txt
[2.597s] -- Installing: /home/sergio/turtle_bot_11/install/servicios/local/lib/python3.10/dist-packages/servicios-0.0.0-py3.10.egg-info/PKG-INFO
[2.597s] -- Installing: /home/sergio/turtle_bot_11/install/servicios/local/lib/python3.10/dist-packages/servicios-0.0.0-py3.10.egg-info/dependency_links.txt
[2.597s] -- Up-to-date: /home/sergio/turtle_bot_11/install/servicios/local/lib/python3.10/dist-packages/servicios
[2.598s] -- Up-to-date: /home/sergio/turtle_bot_11/install/servicios/local/lib/python3.10/dist-packages/servicios/servicios_s__rosidl_typesupport_c.cpython-310-x86_64-linux-gnu.so
[2.598s] -- Up-to-date: /home/sergio/turtle_bot_11/install/servicios/local/lib/python3.10/dist-packages/servicios/libservicios__rosidl_generator_py.so
[2.598s] -- Up-to-date: /home/sergio/turtle_bot_11/install/servicios/local/lib/python3.10/dist-packages/servicios/servicios_s__rosidl_typesupport_fastrtps_c.cpython-310-x86_64-linux-gnu.so
[2.598s] -- Up-to-date: /home/sergio/turtle_bot_11/install/servicios/local/lib/python3.10/dist-packages/servicios/_servicios_s.ep.rosidl_typesupport_fastrtps_c.c
[2.598s] -- Up-to-date: /home/sergio/turtle_bot_11/install/servicios/local/lib/python3.10/dist-packages/servicios/servicios_s__rosidl_typesupport_introspection_c.cpython-310-x86_64-linux-gnu.so
[2.598s] -- Up-to-date: /home/sergio/turtle_bot_11/install/servicios/local/lib/python3.10/dist-packages/servicios/__init__.py
[2.598s] -- Up-to-date: /home/sergio/turtle_bot_11/install/servicios/local/lib/python3.10/dist-packages/servicios/_servicios_s.ep.rosidl_typesupport_c.c
[2.598s] -- Up-to-date: /home/sergio/turtle_bot_11/install/servicios/local/lib/python3.10/dist-packages/servicios/srv
[2.598s] -- Up-to-date: /home/sergio/turtle_bot_11/install/servicios/local/lib/python3.10/dist-packages/servicios/srv/_reproduce_route.py
[2.599s] -- Up-to-date: /home/sergio/turtle_bot_11/install/servicios/local/lib/python3.10/dist-packages/servicios/srv/__init__.py
[2.599s] -- Up-to-date: /home/sergio/turtle_bot_11/install/servicios/local/lib/python3.10/dist-packages/servicios/srv/_save_route_s.c
[2.599s] -- Up-to-date: /home/sergio/turtle_bot_11/install/servicios/local/lib/python3.10/dist-packages/servicios/srv/_save_route.py
[2.599s] -- Up-to-date: /home/sergio/turtle_bot_11/install/servicios/local/lib/python3.10/dist-packages/servicios/srv/_reproduce_route_s.c
[2.599s] -- Up-to-date: /home/sergio/turtle_bot_11/install/servicios/local/lib/python3.10/dist-packages/servicios/_servicios_s.ep.rosidl_typesupport_introspection_c.c
[2.700s] Listing '/home/sergio/turtle_bot_11/install/servicios/local/lib/python3.10/dist-packages/servicios'...
[2.700s] Listing '/home/sergio/turtle_bot_11/install/servicios/local/lib/python3.10/dist-packages/servicios/srv'...
[2.707s] -- Up-to-date: /home/sergio/turtle_bot_11/install/servicios/local/lib/python3.10/dist-packages/servicios/servicios_s__rosidl_typesupport_fastrtps_c.cpython-310-x86_64-linux-gnu.so
[2.708s] -- Up-to-date: /home/sergio/turtle_bot_11/install/servicios/local/lib/python3.10/dist-packages/servicios/servicios_s__rosidl_typesupport_introspection_c.cpython-310-x86_64-linux-gnu.so
[2.709s] -- Up-to-date: /home/sergio/turtle_bot_11/install/servicios/local/lib/python3.10/dist-packages/servicios/servicios_s__rosidl_typesupport_c.cpython-310-x86_64-linux-gnu.so
[2.710s] -- Up-to-date: /home/sergio/turtle_bot_11/install/servicios/lib/libservicios__rosidl_generator_py.so
[2.712s] -- Up-to-date: /home/sergio/turtle_bot_11/install/servicios/share/servicios/srv/ReproduceRoute.idl
[2.712s] -- Up-to-date: /home/sergio/turtle_bot_11/install/servicios/share/servicios/srv/ReproduceRoute.srv
[2.712s] -- Up-to-date: /home/sergio/turtle_bot_11/install/servicios/share/servicios/srv/ReproduceRoute_Request.msg
[2.712s] -- Up-to-date: /home/sergio/turtle_bot_11/install/servicios/share/servicios/srv/ReproduceRoute_Response.msg
[2.713s] -- Up-to-date: /home/sergio/turtle_bot_11/install/servicios/share/ament_index/resource_index/package_run_dependencies/servicios
[2.713s] -- Up-to-date: /home/sergio/turtle_bot_11/install/servicios/share/ament_index/resource_index/parent_prefix_path/servicios
[2.713s] -- Up-to-date: /home/sergio/turtle_bot_11/install/servicios/share/servicios/environment/ament_prefix_path.sh
[2.713s] -- Up-to-date: /home/sergio/turtle_bot_11/install/servicios/share/servicios/environment/ament_prefix_path.dsv
[2.713s] -- Up-to-date: /home/sergio/turtle_bot_11/install/servicios/share/servicios/environment/path.sh
[2.714s] -- Up-to-date: /home/sergio/turtle_bot_11/install/servicios/share/servicios/environment/path.dsv
[2.714s] -- Up-to-date: /home/sergio/turtle_bot_11/install/servicios/share/servicios/local_setup.bash
[2.714s] -- Up-to-date: /home/sergio/turtle_bot_11/install/servicios/share/servicios/local_setup.sh
[2.714s] -- Up-to-date: /home/sergio/turtle_bot_11/install/servicios/share/servicios/local_setup.zsh
[2.714s] -- Up-to-date: /home/sergio/turtle_bot_11/install/servicios/share/servicios/local_setup.dsv
[2.714s] -- Up-to-date: /home/sergio/turtle_bot_11/install/servicios/share/servicios/package.dsv
[2.714s] -- Up-to-date: /home/sergio/turtle_bot_11/install/servicios/share/ament_index/resource_index/packages/servicios
[2.797s] -- Up-to-date: /home/sergio/turtle_bot_11/install/servicios/share/servicios/cmake/export_servicios__rosidl_generator_cExport.cmake
[2.798s] -- Up-to-date: /home/sergio/turtle_bot_11/install/servicios/share/servicios/cmake/export_servicios__rosidl_generator_cExport-noconfig.cmake
[2.799s] -- Up-to-date: /home/sergio/turtle_bot_11/install/servicios/share/servicios/cmake/export_servicios__rosidl_typesupport_fastrtps_cExport.cmake
[2.799s] -- Up-to-date: /home/sergio/turtle_bot_11/install/servicios/share/servicios/cmake/export_servicios__rosidl_typesupport_fastrtps_cExport-noconfig.cmake
[2.800s] -- Up-to-date: /home/sergio/turtle_bot_11/install/servicios/share/servicios/cmake/export_servicios__rosidl_generator_cppExport.cmake
[2.801s] -- Up-to-date: /home/sergio/turtle_bot_11/install/servicios/share/servicios/cmake/export_servicios__rosidl_typesupport_fastrtps_cppExport.cmake
[2.801s] -- Up-to-date: /home/sergio/turtle_bot_11/install/servicios/share/servicios/cmake/export_servicios__rosidl_typesupport_fastrtps_cppExport-noconfig.cmake
[2.802s] -- Up-to-date: /home/sergio/turtle_bot_11/install/servicios/share/servicios/cmake/servicios__rosidl_typesupport_introspection_cExport.cmake
[2.803s] -- Up-to-date: /home/sergio/turtle_bot_11/install/servicios/share/servicios/cmake/servicios__rosidl_typesupport_introspection_cExport-noconfig.cmake
[2.804s] -- Up-to-date: /home/sergio/turtle_bot_11/install/servicios/share/servicios/cmake/servicios__rosidl_typesupport_cExport.cmake
[2.804s] -- Up-to-date: /home/sergio/turtle_bot_11/install/servicios/share/servicios/cmake/servicios__rosidl_typesupport_cExport-noconfig.cmake
[2.805s] -- Up-to-date: /home/sergio/turtle_bot_11/install/servicios/share/servicios/cmake/servicios__rosidl_typesupport_introspection_cppExport.cmake
[2.805s] -- Up-to-date: /home/sergio/turtle_bot_11/install/servicios/share/servicios/cmake/servicios__rosidl_typesupport_introspection_cppExport-noconfig.cmake
[2.806s] -- Up-to-date: /home/sergio/turtle_bot_11/install/servicios/share/servicios/cmake/servicios__rosidl_typesupport_cppExport.cmake
[2.806s] -- Up-to-date: /home/sergio/turtle_bot_11/install/servicios/share/servicios/cmake/servicios__rosidl_typesupport_cppExport-noconfig.cmake
[2.807s] -- Up-to-date: /home/sergio/turtle_bot_11/install/servicios/share/servicios/cmake/export_servicios__rosidl_generator_pyExport.cmake
[2.807s] -- Up-to-date: /home/sergio/turtle_bot_11/install/servicios/share/servicios/cmake/export_servicios__rosidl_generator_pyExport-noconfig.cmake
[2.807s] -- Up-to-date: /home/sergio/turtle_bot_11/install/servicios/share/servicios/cmake/rosidl_cmake-extras.cmake
[2.808s] -- Up-to-date: /home/sergio/turtle_bot_11/install/servicios/share/servicios/cmake/ament_cmake_export_dependencies-extras.cmake
[2.808s] -- Up-to-date: /home/sergio/turtle_bot_11/install/servicios/share/servicios/cmake/ament_cmake_export_include_directories-extras.cmake
[2.808s] -- Up-to-date: /home/sergio/turtle_bot_11/install/servicios/share/servicios/cmake/ament_cmake_export_libraries-extras.cmake
[2.809s] -- Up-to-date: /home/sergio/turtle_bot_11/install/servicios/share/servicios/cmake/ament_cmake_export_targets-extras.cmake
[2.809s] -- Up-to-date: /home/sergio/turtle_bot_11/install/servicios/share/servicios/cmake/rosidl_cmake_export_typesupport_targets-extras.cmake
[2.809s] -- Up-to-date: /home/sergio/turtle_bot_11/install/servicios/share/servicios/cmake/rosidl_cmake_export_typesupport_libraries-extras.cmake
[2.810s] -- Up-to-date: /home/sergio/turtle_bot_11/install/servicios/share/servicios/cmake/serviciosConfig.cmake
[2.810s] -- Up-to-date: /home/sergio/turtle_bot_11/install/servicios/share/servicios/cmake/serviciosConfig-version.cmake
[2.810s] -- Up-to-date: /home/sergio/turtle_bot_11/install/servicios/share/servicios/package.xml
[2.821s] Invoked command in '/home/sergio/taller_2_grupo_11/build/servicios' returned '0': CMAKE_PREFIX_PATH=/opt/ros/humble COMP_WORDBREAKS=
"'><=;|&( /usr/bin/cmake --install /home/sergio/taller_2_grupo_11/build/servicios
