[0.022s] Invoking command in '/home/sergio/turtle_bot_11/build/servicios': CMAKE_PREFIX_PATH=/home/sergio/turtle_bot_11/install/turtle_bot_nodos:/opt/ros/humble COMP_WORDBREAKS=
"'><=;|&( /usr/bin/cmake /home/sergio/turtle_bot_11/src/servicios -DCMAKE_INSTALL_PREFIX=/home/sergio/turtle_bot_11/install/servicios
[0.074s] -- The C compiler identification is GNU 11.3.0
[0.134s] -- The CXX compiler identification is GNU 11.3.0
[0.143s] -- Detecting C compiler ABI info
[0.204s] -- Detecting C compiler ABI info - done
[0.216s] -- Check for working C compiler: /usr/bin/cc - skipped
[0.217s] -- Detecting C compile features
[0.217s] -- Detecting C compile features - done
[0.222s] -- Detecting CXX compiler ABI info
[0.293s] -- Detecting CXX compiler ABI info - done
[0.300s] -- Check for working CXX compiler: /usr/bin/c++ - skipped
[0.301s] -- Detecting CXX compile features
[0.301s] -- Detecting CXX compile features - done
[0.303s] -- Found ament_cmake: 1.3.3 (/opt/ros/humble/share/ament_cmake/cmake)
[0.653s] -- Found Python3: /usr/bin/python3.10 (found version "3.10.6") found components: Interpreter 
[0.741s] -- Found ament_lint_auto: 0.12.5 (/opt/ros/humble/share/ament_lint_auto/cmake)
[0.811s] -- Found geometry_msgs: 4.2.3 (/opt/ros/humble/share/geometry_msgs/cmake)
[0.847s] -- Found rosidl_generator_c: 3.1.4 (/opt/ros/humble/share/rosidl_generator_c/cmake)
[0.852s] -- Found rosidl_adapter: 3.1.4 (/opt/ros/humble/share/rosidl_adapter/cmake)
[0.860s] -- Found rosidl_generator_cpp: 3.1.4 (/opt/ros/humble/share/rosidl_generator_cpp/cmake)
[0.872s] -- Using all available rosidl_typesupport_c: rosidl_typesupport_fastrtps_c;rosidl_typesupport_introspection_c
[0.891s] -- Using all available rosidl_typesupport_cpp: rosidl_typesupport_fastrtps_cpp;rosidl_typesupport_introspection_cpp
[1.017s] -- Found rosidl_default_generators: 1.2.0 (/opt/ros/humble/share/rosidl_default_generators/cmake)
[1.183s] [31mCMake Error at /opt/ros/humble/share/rosidl_adapter/cmake/rosidl_adapt_interfaces.cmake:59 (message):
[1.184s]   execute_process(/usr/bin/python3.10 -m rosidl_adapter --package-name
[1.184s]   servicios --arguments-file
[1.184s]   /home/sergio/turtle_bot_11/build/servicios/rosidl_adapter__arguments__servicios.json
[1.184s]   --output-dir
[1.184s]   /home/sergio/turtle_bot_11/build/servicios/rosidl_adapter/servicios
[1.184s]   --output-file
[1.184s]   /home/sergio/turtle_bot_11/build/servicios/rosidl_adapter/servicios.idls)
[1.184s]   returned error code 1:
[1.184s] 
[1.184s]   Traceback (most recent call last):
[1.184s] 
[1.185s]     File "/usr/lib/python3.10/runpy.py", line 196, in _run_module_as_main
[1.185s]       return _run_code(code, main_globals, None,
[1.185s]     File "/usr/lib/python3.10/runpy.py", line 86, in _run_code
[1.185s]       exec(code, run_globals)
[1.185s]     File "/opt/ros/humble/local/lib/python3.10/dist-packages/rosidl_adapter/__main__.py", line 19, in <module>
[1.185s]       sys.exit(main())
[1.185s]     File "/opt/ros/humble/local/lib/python3.10/dist-packages/rosidl_adapter/main.py", line 53, in main
[1.185s]       abs_idl_file = convert_to_idl(
[1.185s]     File "/opt/ros/humble/local/lib/python3.10/dist-packages/rosidl_adapter/__init__.py", line 24, in convert_to_idl
[1.185s]       return convert_srv_to_idl(
[1.185s]     File "/opt/ros/humble/local/lib/python3.10/dist-packages/rosidl_adapter/srv/__init__.py", line 28, in convert_srv_to_idl
[1.185s]       srv = parse_service_string(package_name, input_file.stem, content)
[1.185s]     File "/opt/ros/humble/local/lib/python3.10/dist-packages/rosidl_adapter/parser.py", line 859, in parse_service_string
[1.185s]       request_message = parse_message_string(
[1.186s]     File "/opt/ros/humble/local/lib/python3.10/dist-packages/rosidl_adapter/parser.py", line 544, in parse_message_string
[1.186s]       msg = MessageSpecification(pkg_name, msg_name, fields, constants)
[1.186s]     File "/opt/ros/humble/local/lib/python3.10/dist-packages/rosidl_adapter/parser.py", line 388, in __init__
[1.186s]       self.base_type = BaseType(
[1.186s]     File "/opt/ros/humble/local/lib/python3.10/dist-packages/rosidl_adapter/parser.py", line 205, in __init__
[1.186s]       raise InvalidResourceName(
[1.186s] 
[1.186s]   rosidl_adapter.parser.InvalidResourceName: 'save_route_Request' is an
[1.186s]   invalid message name.  It should have the pattern '^[A-Z][A-Za-z0-9]*$'
[1.186s] 
[1.186s] Call Stack (most recent call first):
[1.186s]   /opt/ros/humble/share/rosidl_cmake/cmake/rosidl_generate_interfaces.cmake:130 (rosidl_adapt_interfaces)
[1.186s]   CMakeLists.txt:29 (rosidl_generate_interfaces)
[1.186s] 
[1.187s] [0m
[1.187s] -- Configuring incomplete, errors occurred!
[1.187s] See also "/home/sergio/turtle_bot_11/build/servicios/CMakeFiles/CMakeOutput.log".
[1.195s] Invoked command in '/home/sergio/turtle_bot_11/build/servicios' returned '1': CMAKE_PREFIX_PATH=/home/sergio/turtle_bot_11/install/turtle_bot_nodos:/opt/ros/humble COMP_WORDBREAKS=
"'><=;|&( /usr/bin/cmake /home/sergio/turtle_bot_11/src/servicios -DCMAKE_INSTALL_PREFIX=/home/sergio/turtle_bot_11/install/servicios
