[0.115s] Invoking command in '/home/sergio/taller_2_grupo_11/build/servicios': CMAKE_PREFIX_PATH=${CMAKE_PREFIX_PATH}:/home/sergio/taller_2_grupo_11/install/turtle_bot_nodos:/home/sergio/install/nodos_taller_1:/opt/ros/humble COMP_WORDBREAKS=
"'><=;|&( /usr/bin/cmake --build /home/sergio/taller_2_grupo_11/build/servicios -- -j8 -l8
[0.454s] [0mCMake Error: The current CMakeCache.txt directory /home/sergio/taller_2_grupo_11/build/servicios/CMakeCache.txt is different than the directory /home/sergio/turtle_bot_11/build/servicios where CMakeCache.txt was created. This may result in binaries being created in the wrong place. If you are not sure, reedit the CMakeCache.txt[0m
[0.791s] [  3%] Built target servicios__cpp
[0.995s] [ 12%] Built target servicios__rosidl_generator_c
[1.014s] [ 12%] Built target ament_cmake_python_copy_servicios
[1.046s] [ 22%] Built target servicios__rosidl_typesupport_introspection_c
[1.087s] [ 32%] Built target servicios__rosidl_typesupport_c
[1.172s] [ 41%] Built target servicios__rosidl_typesupport_introspection_cpp
[1.173s] [ 51%] Built target servicios__rosidl_typesupport_fastrtps_c
[1.176s] [ 61%] Built target servicios__rosidl_typesupport_cpp
[1.178s] [ 70%] Built target servicios__rosidl_typesupport_fastrtps_cpp
[1.202s] [ 70%] Built target servicios
[1.222s] [ 74%] Built target servicios__py
[1.366s] [ 80%] Built target servicios__rosidl_generator_py
[1.374s] running egg_info
[1.389s] [ 87%] Built target servicios__rosidl_typesupport_fastrtps_c__pyext
[1.390s] writing servicios.egg-info/PKG-INFO
[1.391s] writing dependency_links to servicios.egg-info/dependency_links.txt
[1.391s] writing top-level names to servicios.egg-info/top_level.txt
[1.414s] [ 93%] Built target servicios__rosidl_typesupport_c__pyext
[1.437s] [100%] Built target servicios__rosidl_typesupport_introspection_c__pyext
[1.444s] reading manifest file 'servicios.egg-info/SOURCES.txt'
[1.449s] writing manifest file 'servicios.egg-info/SOURCES.txt'
[1.477s] [100%] Built target ament_cmake_python_build_servicios_egg
[1.488s] Invoked command in '/home/sergio/taller_2_grupo_11/build/servicios' returned '0': CMAKE_PREFIX_PATH=${CMAKE_PREFIX_PATH}:/home/sergio/taller_2_grupo_11/install/turtle_bot_nodos:/home/sergio/install/nodos_taller_1:/opt/ros/humble COMP_WORDBREAKS=
"'><=;|&( /usr/bin/cmake --build /home/sergio/taller_2_grupo_11/build/servicios -- -j8 -l8
[1.552s] Invoking command in '/home/sergio/taller_2_grupo_11/build/servicios': CMAKE_PREFIX_PATH=${CMAKE_PREFIX_PATH}:/home/sergio/taller_2_grupo_11/install/turtle_bot_nodos:/home/sergio/install/nodos_taller_1:/opt/ros/humble COMP_WORDBREAKS=
"'><=;|&( /usr/bin/cmake --install /home/sergio/taller_2_grupo_11/build/servicios
[1.586s] -- Install configuration: ""
[1.591s] -- Up-to-date: /home/sergio/turtle_bot_11/install/servicios/share/ament_index/resource_index/rosidl_interfaces/servicios
[1.591s] -- Up-to-date: /home/sergio/turtle_bot_11/install/servicios/include/servicios/servicios
[1.592s] -- Up-to-date: /home/sergio/turtle_bot_11/install/servicios/include/servicios/servicios/msg
[1.592s] -- Up-to-date: /home/sergio/turtle_bot_11/install/servicios/include/servicios/servicios/msg/rosidl_generator_c__visibility_control.h
[1.592s] -- Up-to-date: /home/sergio/turtle_bot_11/install/servicios/include/servicios/servicios/srv
[1.593s] -- Up-to-date: /home/sergio/turtle_bot_11/install/servicios/include/servicios/servicios/srv/save_route.h
[1.593s] -- Up-to-date: /home/sergio/turtle_bot_11/install/servicios/include/servicios/servicios/srv/detail
[1.593s] -- Up-to-date: /home/sergio/turtle_bot_11/install/servicios/include/servicios/servicios/srv/detail/save_route__struct.h
[1.593s] -- Up-to-date: /home/sergio/turtle_bot_11/install/servicios/include/servicios/servicios/srv/detail/reproduce_route__type_support.h
[1.593s] -- Up-to-date: /home/sergio/turtle_bot_11/install/servicios/include/servicios/servicios/srv/detail/reproduce_route__functions.c
[1.593s] -- Up-to-date: /home/sergio/turtle_bot_11/install/servicios/include/servicios/servicios/srv/detail/save_route__type_support.h
[1.593s] -- Up-to-date: /home/sergio/turtle_bot_11/install/servicios/include/servicios/servicios/srv/detail/reproduce_route__struct.h
[1.594s] -- Up-to-date: /home/sergio/turtle_bot_11/install/servicios/include/servicios/servicios/srv/detail/reproduce_route__functions.h
[1.594s] -- Up-to-date: /home/sergio/turtle_bot_11/install/servicios/include/servicios/servicios/srv/detail/save_route__functions.c
[1.594s] -- Up-to-date: /home/sergio/turtle_bot_11/install/servicios/include/servicios/servicios/srv/detail/save_route__functions.h
[1.594s] -- Up-to-date: /home/sergio/turtle_bot_11/install/servicios/include/servicios/servicios/srv/reproduce_route.h
[1.594s] -- Up-to-date: /home/sergio/turtle_bot_11/install/servicios/share/servicios/environment/library_path.sh
[1.594s] -- Up-to-date: /home/sergio/turtle_bot_11/install/servicios/share/servicios/environment/library_path.dsv
[1.595s] -- Up-to-date: /home/sergio/turtle_bot_11/install/servicios/lib/libservicios__rosidl_generator_c.so
[1.596s] -- Up-to-date: /home/sergio/turtle_bot_11/install/servicios/include/servicios/servicios
[1.596s] -- Up-to-date: /home/sergio/turtle_bot_11/install/servicios/include/servicios/servicios/msg
[1.596s] -- Up-to-date: /home/sergio/turtle_bot_11/install/servicios/include/servicios/servicios/msg/rosidl_typesupport_fastrtps_c__visibility_control.h
[1.596s] -- Up-to-date: /home/sergio/turtle_bot_11/install/servicios/include/servicios/servicios/srv
[1.596s] -- Up-to-date: /home/sergio/turtle_bot_11/install/servicios/include/servicios/servicios/srv/detail
[1.596s] -- Up-to-date: /home/sergio/turtle_bot_11/install/servicios/include/servicios/servicios/srv/detail/reproduce_route__rosidl_typesupport_fastrtps_c.h
[1.596s] -- Up-to-date: /home/sergio/turtle_bot_11/install/servicios/include/servicios/servicios/srv/detail/save_route__rosidl_typesupport_fastrtps_c.h
[1.597s] -- Up-to-date: /home/sergio/turtle_bot_11/install/servicios/lib/libservicios__rosidl_typesupport_fastrtps_c.so
[1.597s] -- Up-to-date: /home/sergio/turtle_bot_11/install/servicios/include/servicios/servicios
[1.597s] -- Up-to-date: /home/sergio/turtle_bot_11/install/servicios/include/servicios/servicios/srv
[1.597s] -- Up-to-date: /home/sergio/turtle_bot_11/install/servicios/include/servicios/servicios/srv/reproduce_route.hpp
[1.598s] -- Up-to-date: /home/sergio/turtle_bot_11/install/servicios/include/servicios/servicios/srv/detail
[1.598s] -- Up-to-date: /home/sergio/turtle_bot_11/install/servicios/include/servicios/servicios/srv/detail/save_route__traits.hpp
[1.598s] -- Up-to-date: /home/sergio/turtle_bot_11/install/servicios/include/servicios/servicios/srv/detail/save_route__struct.hpp
[1.598s] -- Up-to-date: /home/sergio/turtle_bot_11/install/servicios/include/servicios/servicios/srv/detail/save_route__builder.hpp
[1.598s] -- Up-to-date: /home/sergio/turtle_bot_11/install/servicios/include/servicios/servicios/srv/detail/reproduce_route__struct.hpp
[1.598s] -- Up-to-date: /home/sergio/turtle_bot_11/install/servicios/include/servicios/servicios/srv/detail/reproduce_route__traits.hpp
[1.598s] -- Up-to-date: /home/sergio/turtle_bot_11/install/servicios/include/servicios/servicios/srv/detail/reproduce_route__builder.hpp
[1.599s] -- Up-to-date: /home/sergio/turtle_bot_11/install/servicios/include/servicios/servicios/srv/save_route.hpp
[1.599s] -- Up-to-date: /home/sergio/turtle_bot_11/install/servicios/include/servicios/servicios
[1.599s] -- Up-to-date: /home/sergio/turtle_bot_11/install/servicios/include/servicios/servicios/msg
[1.599s] -- Up-to-date: /home/sergio/turtle_bot_11/install/servicios/include/servicios/servicios/msg/rosidl_typesupport_fastrtps_cpp__visibility_control.h
[1.599s] -- Up-to-date: /home/sergio/turtle_bot_11/install/servicios/include/servicios/servicios/srv
[1.599s] -- Up-to-date: /home/sergio/turtle_bot_11/install/servicios/include/servicios/servicios/srv/detail
[1.599s] -- Up-to-date: /home/sergio/turtle_bot_11/install/servicios/include/servicios/servicios/srv/detail/reproduce_route__rosidl_typesupport_fastrtps_cpp.hpp
[1.599s] -- Up-to-date: /home/sergio/turtle_bot_11/install/servicios/include/servicios/servicios/srv/detail/dds_fastrtps
[1.599s] -- Up-to-date: /home/sergio/turtle_bot_11/install/servicios/include/servicios/servicios/srv/detail/save_route__rosidl_typesupport_fastrtps_cpp.hpp
[1.600s] -- Up-to-date: /home/sergio/turtle_bot_11/install/servicios/lib/libservicios__rosidl_typesupport_fastrtps_cpp.so
[1.600s] -- Up-to-date: /home/sergio/turtle_bot_11/install/servicios/include/servicios/servicios
[1.600s] -- Up-to-date: /home/sergio/turtle_bot_11/install/servicios/include/servicios/servicios/msg
[1.600s] -- Up-to-date: /home/sergio/turtle_bot_11/install/servicios/include/servicios/servicios/msg/rosidl_typesupport_introspection_c__visibility_control.h
[1.600s] -- Up-to-date: /home/sergio/turtle_bot_11/install/servicios/include/servicios/servicios/srv
[1.600s] -- Up-to-date: /home/sergio/turtle_bot_11/install/servicios/include/servicios/servicios/srv/detail
[1.600s] -- Up-to-date: /home/sergio/turtle_bot_11/install/servicios/include/servicios/servicios/srv/detail/reproduce_route__rosidl_typesupport_introspection_c.h
[1.600s] -- Up-to-date: /home/sergio/turtle_bot_11/install/servicios/include/servicios/servicios/srv/detail/save_route__type_support.c
[1.601s] -- Up-to-date: /home/sergio/turtle_bot_11/install/servicios/include/servicios/servicios/srv/detail/save_route__rosidl_typesupport_introspection_c.h
[1.601s] -- Up-to-date: /home/sergio/turtle_bot_11/install/servicios/include/servicios/servicios/srv/detail/reproduce_route__type_support.c
[1.601s] -- Up-to-date: /home/sergio/turtle_bot_11/install/servicios/lib/libservicios__rosidl_typesupport_introspection_c.so
[1.601s] -- Up-to-date: /home/sergio/turtle_bot_11/install/servicios/lib/libservicios__rosidl_typesupport_c.so
[1.602s] -- Up-to-date: /home/sergio/turtle_bot_11/install/servicios/include/servicios/servicios
[1.602s] -- Up-to-date: /home/sergio/turtle_bot_11/install/servicios/include/servicios/servicios/srv
[1.602s] -- Up-to-date: /home/sergio/turtle_bot_11/install/servicios/include/servicios/servicios/srv/detail
[1.602s] -- Up-to-date: /home/sergio/turtle_bot_11/install/servicios/include/servicios/servicios/srv/detail/reproduce_route__rosidl_typesupport_introspection_cpp.hpp
[1.602s] -- Up-to-date: /home/sergio/turtle_bot_11/install/servicios/include/servicios/servicios/srv/detail/save_route__rosidl_typesupport_introspection_cpp.hpp
[1.603s] -- Up-to-date: /home/sergio/turtle_bot_11/install/servicios/include/servicios/servicios/srv/detail/save_route__type_support.cpp
[1.603s] -- Up-to-date: /home/sergio/turtle_bot_11/install/servicios/include/servicios/servicios/srv/detail/reproduce_route__type_support.cpp
[1.603s] -- Up-to-date: /home/sergio/turtle_bot_11/install/servicios/lib/libservicios__rosidl_typesupport_introspection_cpp.so
[1.604s] -- Up-to-date: /home/sergio/turtle_bot_11/install/servicios/lib/libservicios__rosidl_typesupport_cpp.so
[1.604s] -- Up-to-date: /home/sergio/turtle_bot_11/install/servicios/share/servicios/environment/pythonpath.sh
[1.604s] -- Up-to-date: /home/sergio/turtle_bot_11/install/servicios/share/servicios/environment/pythonpath.dsv
[1.605s] -- Up-to-date: /home/sergio/turtle_bot_11/install/servicios/local/lib/python3.10/dist-packages/servicios-0.0.0-py3.10.egg-info
[1.605s] -- Installing: /home/sergio/turtle_bot_11/install/servicios/local/lib/python3.10/dist-packages/servicios-0.0.0-py3.10.egg-info/SOURCES.txt
[1.606s] -- Installing: /home/sergio/turtle_bot_11/install/servicios/local/lib/python3.10/dist-packages/servicios-0.0.0-py3.10.egg-info/top_level.txt
[1.606s] -- Installing: /home/sergio/turtle_bot_11/install/servicios/local/lib/python3.10/dist-packages/servicios-0.0.0-py3.10.egg-info/PKG-INFO
[1.606s] -- Installing: /home/sergio/turtle_bot_11/install/servicios/local/lib/python3.10/dist-packages/servicios-0.0.0-py3.10.egg-info/dependency_links.txt
[1.606s] -- Up-to-date: /home/sergio/turtle_bot_11/install/servicios/local/lib/python3.10/dist-packages/servicios
[1.607s] -- Up-to-date: /home/sergio/turtle_bot_11/install/servicios/local/lib/python3.10/dist-packages/servicios/servicios_s__rosidl_typesupport_c.cpython-310-x86_64-linux-gnu.so
[1.607s] -- Up-to-date: /home/sergio/turtle_bot_11/install/servicios/local/lib/python3.10/dist-packages/servicios/libservicios__rosidl_generator_py.so
[1.607s] -- Up-to-date: /home/sergio/turtle_bot_11/install/servicios/local/lib/python3.10/dist-packages/servicios/servicios_s__rosidl_typesupport_fastrtps_c.cpython-310-x86_64-linux-gnu.so
[1.607s] -- Up-to-date: /home/sergio/turtle_bot_11/install/servicios/local/lib/python3.10/dist-packages/servicios/_servicios_s.ep.rosidl_typesupport_fastrtps_c.c
[1.607s] -- Up-to-date: /home/sergio/turtle_bot_11/install/servicios/local/lib/python3.10/dist-packages/servicios/servicios_s__rosidl_typesupport_introspection_c.cpython-310-x86_64-linux-gnu.so
[1.608s] -- Up-to-date: /home/sergio/turtle_bot_11/install/servicios/local/lib/python3.10/dist-packages/servicios/__init__.py
[1.608s] -- Up-to-date: /home/sergio/turtle_bot_11/install/servicios/local/lib/python3.10/dist-packages/servicios/_servicios_s.ep.rosidl_typesupport_c.c
[1.608s] -- Up-to-date: /home/sergio/turtle_bot_11/install/servicios/local/lib/python3.10/dist-packages/servicios/srv
[1.608s] -- Up-to-date: /home/sergio/turtle_bot_11/install/servicios/local/lib/python3.10/dist-packages/servicios/srv/_reproduce_route.py
[1.608s] -- Up-to-date: /home/sergio/turtle_bot_11/install/servicios/local/lib/python3.10/dist-packages/servicios/srv/__init__.py
[1.608s] -- Up-to-date: /home/sergio/turtle_bot_11/install/servicios/local/lib/python3.10/dist-packages/servicios/srv/_save_route_s.c
[1.608s] -- Up-to-date: /home/sergio/turtle_bot_11/install/servicios/local/lib/python3.10/dist-packages/servicios/srv/_save_route.py
[1.608s] -- Up-to-date: /home/sergio/turtle_bot_11/install/servicios/local/lib/python3.10/dist-packages/servicios/srv/_reproduce_route_s.c
[1.608s] -- Up-to-date: /home/sergio/turtle_bot_11/install/servicios/local/lib/python3.10/dist-packages/servicios/_servicios_s.ep.rosidl_typesupport_introspection_c.c
[1.695s] Listing '/home/sergio/turtle_bot_11/install/servicios/local/lib/python3.10/dist-packages/servicios'...
[1.695s] Listing '/home/sergio/turtle_bot_11/install/servicios/local/lib/python3.10/dist-packages/servicios/srv'...
[1.701s] -- Up-to-date: /home/sergio/turtle_bot_11/install/servicios/local/lib/python3.10/dist-packages/servicios/servicios_s__rosidl_typesupport_fastrtps_c.cpython-310-x86_64-linux-gnu.so
[1.702s] -- Up-to-date: /home/sergio/turtle_bot_11/install/servicios/local/lib/python3.10/dist-packages/servicios/servicios_s__rosidl_typesupport_introspection_c.cpython-310-x86_64-linux-gnu.so
[1.703s] -- Up-to-date: /home/sergio/turtle_bot_11/install/servicios/local/lib/python3.10/dist-packages/servicios/servicios_s__rosidl_typesupport_c.cpython-310-x86_64-linux-gnu.so
[1.704s] -- Up-to-date: /home/sergio/turtle_bot_11/install/servicios/lib/libservicios__rosidl_generator_py.so
[1.705s] -- Up-to-date: /home/sergio/turtle_bot_11/install/servicios/share/servicios/srv/ReproduceRoute.idl
[1.705s] -- Up-to-date: /home/sergio/turtle_bot_11/install/servicios/share/servicios/srv/ReproduceRoute.srv
[1.706s] -- Up-to-date: /home/sergio/turtle_bot_11/install/servicios/share/servicios/srv/ReproduceRoute_Request.msg
[1.706s] -- Up-to-date: /home/sergio/turtle_bot_11/install/servicios/share/servicios/srv/ReproduceRoute_Response.msg
[1.706s] -- Up-to-date: /home/sergio/turtle_bot_11/install/servicios/share/ament_index/resource_index/package_run_dependencies/servicios
[1.706s] -- Up-to-date: /home/sergio/turtle_bot_11/install/servicios/share/ament_index/resource_index/parent_prefix_path/servicios
[1.707s] -- Up-to-date: /home/sergio/turtle_bot_11/install/servicios/share/servicios/environment/ament_prefix_path.sh
[1.707s] -- Up-to-date: /home/sergio/turtle_bot_11/install/servicios/share/servicios/environment/ament_prefix_path.dsv
[1.707s] -- Up-to-date: /home/sergio/turtle_bot_11/install/servicios/share/servicios/environment/path.sh
[1.707s] -- Up-to-date: /home/sergio/turtle_bot_11/install/servicios/share/servicios/environment/path.dsv
[1.707s] -- Up-to-date: /home/sergio/turtle_bot_11/install/servicios/share/servicios/local_setup.bash
[1.707s] -- Up-to-date: /home/sergio/turtle_bot_11/install/servicios/share/servicios/local_setup.sh
[1.708s] -- Up-to-date: /home/sergio/turtle_bot_11/install/servicios/share/servicios/local_setup.zsh
[1.708s] -- Up-to-date: /home/sergio/turtle_bot_11/install/servicios/share/servicios/local_setup.dsv
[1.708s] -- Up-to-date: /home/sergio/turtle_bot_11/install/servicios/share/servicios/package.dsv
[1.708s] -- Up-to-date: /home/sergio/turtle_bot_11/install/servicios/share/ament_index/resource_index/packages/servicios
[1.724s] -- Up-to-date: /home/sergio/turtle_bot_11/install/servicios/share/servicios/cmake/export_servicios__rosidl_generator_cExport.cmake
[1.725s] -- Up-to-date: /home/sergio/turtle_bot_11/install/servicios/share/servicios/cmake/export_servicios__rosidl_generator_cExport-noconfig.cmake
[1.726s] -- Up-to-date: /home/sergio/turtle_bot_11/install/servicios/share/servicios/cmake/export_servicios__rosidl_typesupport_fastrtps_cExport.cmake
[1.726s] -- Up-to-date: /home/sergio/turtle_bot_11/install/servicios/share/servicios/cmake/export_servicios__rosidl_typesupport_fastrtps_cExport-noconfig.cmake
[1.727s] -- Up-to-date: /home/sergio/turtle_bot_11/install/servicios/share/servicios/cmake/export_servicios__rosidl_generator_cppExport.cmake
[1.728s] -- Up-to-date: /home/sergio/turtle_bot_11/install/servicios/share/servicios/cmake/export_servicios__rosidl_typesupport_fastrtps_cppExport.cmake
[1.729s] -- Up-to-date: /home/sergio/turtle_bot_11/install/servicios/share/servicios/cmake/export_servicios__rosidl_typesupport_fastrtps_cppExport-noconfig.cmake
[1.729s] -- Up-to-date: /home/sergio/turtle_bot_11/install/servicios/share/servicios/cmake/servicios__rosidl_typesupport_introspection_cExport.cmake
[1.730s] -- Up-to-date: /home/sergio/turtle_bot_11/install/servicios/share/servicios/cmake/servicios__rosidl_typesupport_introspection_cExport-noconfig.cmake
[1.731s] -- Up-to-date: /home/sergio/turtle_bot_11/install/servicios/share/servicios/cmake/servicios__rosidl_typesupport_cExport.cmake
[1.731s] -- Up-to-date: /home/sergio/turtle_bot_11/install/servicios/share/servicios/cmake/servicios__rosidl_typesupport_cExport-noconfig.cmake
[1.732s] -- Up-to-date: /home/sergio/turtle_bot_11/install/servicios/share/servicios/cmake/servicios__rosidl_typesupport_introspection_cppExport.cmake
[1.732s] -- Up-to-date: /home/sergio/turtle_bot_11/install/servicios/share/servicios/cmake/servicios__rosidl_typesupport_introspection_cppExport-noconfig.cmake
[1.733s] -- Up-to-date: /home/sergio/turtle_bot_11/install/servicios/share/servicios/cmake/servicios__rosidl_typesupport_cppExport.cmake
[1.733s] -- Up-to-date: /home/sergio/turtle_bot_11/install/servicios/share/servicios/cmake/servicios__rosidl_typesupport_cppExport-noconfig.cmake
[1.734s] -- Up-to-date: /home/sergio/turtle_bot_11/install/servicios/share/servicios/cmake/export_servicios__rosidl_generator_pyExport.cmake
[1.735s] -- Up-to-date: /home/sergio/turtle_bot_11/install/servicios/share/servicios/cmake/export_servicios__rosidl_generator_pyExport-noconfig.cmake
[1.735s] -- Up-to-date: /home/sergio/turtle_bot_11/install/servicios/share/servicios/cmake/rosidl_cmake-extras.cmake
[1.736s] -- Up-to-date: /home/sergio/turtle_bot_11/install/servicios/share/servicios/cmake/ament_cmake_export_dependencies-extras.cmake
[1.736s] -- Up-to-date: /home/sergio/turtle_bot_11/install/servicios/share/servicios/cmake/ament_cmake_export_include_directories-extras.cmake
[1.737s] -- Up-to-date: /home/sergio/turtle_bot_11/install/servicios/share/servicios/cmake/ament_cmake_export_libraries-extras.cmake
[1.737s] -- Up-to-date: /home/sergio/turtle_bot_11/install/servicios/share/servicios/cmake/ament_cmake_export_targets-extras.cmake
[1.738s] -- Up-to-date: /home/sergio/turtle_bot_11/install/servicios/share/servicios/cmake/rosidl_cmake_export_typesupport_targets-extras.cmake
[1.738s] -- Up-to-date: /home/sergio/turtle_bot_11/install/servicios/share/servicios/cmake/rosidl_cmake_export_typesupport_libraries-extras.cmake
[1.738s] -- Up-to-date: /home/sergio/turtle_bot_11/install/servicios/share/servicios/cmake/serviciosConfig.cmake
[1.738s] -- Up-to-date: /home/sergio/turtle_bot_11/install/servicios/share/servicios/cmake/serviciosConfig-version.cmake
[1.739s] -- Up-to-date: /home/sergio/turtle_bot_11/install/servicios/share/servicios/package.xml
[1.746s] Invoked command in '/home/sergio/taller_2_grupo_11/build/servicios' returned '0': CMAKE_PREFIX_PATH=${CMAKE_PREFIX_PATH}:/home/sergio/taller_2_grupo_11/install/turtle_bot_nodos:/home/sergio/install/nodos_taller_1:/opt/ros/humble COMP_WORDBREAKS=
"'><=;|&( /usr/bin/cmake --install /home/sergio/taller_2_grupo_11/build/servicios
