[0.026s] Invoking command in '/home/sergio/taller_2_grupo_11/build/servicios': CMAKE_PREFIX_PATH=${CMAKE_PREFIX_PATH}:/home/sergio/taller_2_grupo_11/install/turtle_bot_nodos:/opt/ros/humble COMP_WORDBREAKS=
"'><=;|&( /usr/bin/cmake --build /home/sergio/taller_2_grupo_11/build/servicios -- -j8 -l8
[0.034s] [0mCMake Error: The current CMakeCache.txt directory /home/sergio/taller_2_grupo_11/build/servicios/CMakeCache.txt is different than the directory /home/sergio/turtle_bot_11/build/servicios where CMakeCache.txt was created. This may result in binaries being created in the wrong place. If you are not sure, reedit the CMakeCache.txt[0m
[0.096s] [  3%] Built target servicios__cpp
[0.097s] [ 12%] Built target servicios__rosidl_generator_c
[0.110s] [ 12%] Built target ament_cmake_python_copy_servicios
[0.148s] [ 22%] Built target servicios__rosidl_typesupport_introspection_cpp
[0.152s] [ 32%] Built target servicios__rosidl_typesupport_cpp
[0.153s] [ 41%] Built target servicios__rosidl_typesupport_fastrtps_cpp
[0.167s] [ 51%] Built target servicios__rosidl_typesupport_fastrtps_c
[0.168s] [ 61%] Built target servicios__rosidl_typesupport_introspection_c
[0.172s] [ 70%] Built target servicios__rosidl_typesupport_c
[0.209s] [ 70%] Built target servicios
[0.258s] [ 74%] Built target servicios__py
[0.296s] [ 80%] Built target servicios__rosidl_generator_py
[0.332s] [ 87%] Built target servicios__rosidl_typesupport_fastrtps_c__pyext
[0.341s] [ 93%] Built target servicios__rosidl_typesupport_introspection_c__pyext
[0.345s] [100%] Built target servicios__rosidl_typesupport_c__pyext
[0.468s] running egg_info
[0.484s] writing servicios.egg-info/PKG-INFO
[0.484s] writing dependency_links to servicios.egg-info/dependency_links.txt
[0.485s] writing top-level names to servicios.egg-info/top_level.txt
[0.534s] reading manifest file 'servicios.egg-info/SOURCES.txt'
[0.534s] writing manifest file 'servicios.egg-info/SOURCES.txt'
[0.565s] [100%] Built target ament_cmake_python_build_servicios_egg
[0.577s] Invoked command in '/home/sergio/taller_2_grupo_11/build/servicios' returned '0': CMAKE_PREFIX_PATH=${CMAKE_PREFIX_PATH}:/home/sergio/taller_2_grupo_11/install/turtle_bot_nodos:/opt/ros/humble COMP_WORDBREAKS=
"'><=;|&( /usr/bin/cmake --build /home/sergio/taller_2_grupo_11/build/servicios -- -j8 -l8
[0.645s] Invoking command in '/home/sergio/taller_2_grupo_11/build/servicios': CMAKE_PREFIX_PATH=${CMAKE_PREFIX_PATH}:/home/sergio/taller_2_grupo_11/install/turtle_bot_nodos:/opt/ros/humble COMP_WORDBREAKS=
"'><=;|&( /usr/bin/cmake --install /home/sergio/taller_2_grupo_11/build/servicios
[0.653s] -- Install configuration: ""
[0.653s] -- Up-to-date: /home/sergio/turtle_bot_11/install/servicios/share/ament_index/resource_index/rosidl_interfaces/servicios
[0.654s] -- Up-to-date: /home/sergio/turtle_bot_11/install/servicios/include/servicios/servicios
[0.654s] -- Up-to-date: /home/sergio/turtle_bot_11/install/servicios/include/servicios/servicios/msg
[0.654s] -- Up-to-date: /home/sergio/turtle_bot_11/install/servicios/include/servicios/servicios/msg/rosidl_generator_c__visibility_control.h
[0.654s] -- Up-to-date: /home/sergio/turtle_bot_11/install/servicios/include/servicios/servicios/srv
[0.654s] -- Up-to-date: /home/sergio/turtle_bot_11/install/servicios/include/servicios/servicios/srv/save_route.h
[0.654s] -- Up-to-date: /home/sergio/turtle_bot_11/install/servicios/include/servicios/servicios/srv/detail
[0.654s] -- Up-to-date: /home/sergio/turtle_bot_11/install/servicios/include/servicios/servicios/srv/detail/save_route__struct.h
[0.654s] -- Up-to-date: /home/sergio/turtle_bot_11/install/servicios/include/servicios/servicios/srv/detail/reproduce_route__type_support.h
[0.654s] -- Up-to-date: /home/sergio/turtle_bot_11/install/servicios/include/servicios/servicios/srv/detail/reproduce_route__functions.c
[0.654s] -- Up-to-date: /home/sergio/turtle_bot_11/install/servicios/include/servicios/servicios/srv/detail/save_route__type_support.h
[0.654s] -- Up-to-date: /home/sergio/turtle_bot_11/install/servicios/include/servicios/servicios/srv/detail/reproduce_route__struct.h
[0.654s] -- Up-to-date: /home/sergio/turtle_bot_11/install/servicios/include/servicios/servicios/srv/detail/reproduce_route__functions.h
[0.654s] -- Up-to-date: /home/sergio/turtle_bot_11/install/servicios/include/servicios/servicios/srv/detail/save_route__functions.c
[0.655s] -- Up-to-date: /home/sergio/turtle_bot_11/install/servicios/include/servicios/servicios/srv/detail/save_route__functions.h
[0.655s] -- Up-to-date: /home/sergio/turtle_bot_11/install/servicios/include/servicios/servicios/srv/reproduce_route.h
[0.655s] -- Up-to-date: /home/sergio/turtle_bot_11/install/servicios/share/servicios/environment/library_path.sh
[0.655s] -- Up-to-date: /home/sergio/turtle_bot_11/install/servicios/share/servicios/environment/library_path.dsv
[0.655s] -- Up-to-date: /home/sergio/turtle_bot_11/install/servicios/lib/libservicios__rosidl_generator_c.so
[0.655s] -- Up-to-date: /home/sergio/turtle_bot_11/install/servicios/include/servicios/servicios
[0.655s] -- Up-to-date: /home/sergio/turtle_bot_11/install/servicios/include/servicios/servicios/msg
[0.655s] -- Up-to-date: /home/sergio/turtle_bot_11/install/servicios/include/servicios/servicios/msg/rosidl_typesupport_fastrtps_c__visibility_control.h
[0.655s] -- Up-to-date: /home/sergio/turtle_bot_11/install/servicios/include/servicios/servicios/srv
[0.655s] -- Up-to-date: /home/sergio/turtle_bot_11/install/servicios/include/servicios/servicios/srv/detail
[0.655s] -- Up-to-date: /home/sergio/turtle_bot_11/install/servicios/include/servicios/servicios/srv/detail/reproduce_route__rosidl_typesupport_fastrtps_c.h
[0.656s] -- Up-to-date: /home/sergio/turtle_bot_11/install/servicios/include/servicios/servicios/srv/detail/save_route__rosidl_typesupport_fastrtps_c.h
[0.656s] -- Up-to-date: /home/sergio/turtle_bot_11/install/servicios/lib/libservicios__rosidl_typesupport_fastrtps_c.so
[0.656s] -- Up-to-date: /home/sergio/turtle_bot_11/install/servicios/include/servicios/servicios
[0.656s] -- Up-to-date: /home/sergio/turtle_bot_11/install/servicios/include/servicios/servicios/srv
[0.656s] -- Up-to-date: /home/sergio/turtle_bot_11/install/servicios/include/servicios/servicios/srv/reproduce_route.hpp
[0.656s] -- Up-to-date: /home/sergio/turtle_bot_11/install/servicios/include/servicios/servicios/srv/detail
[0.656s] -- Up-to-date: /home/sergio/turtle_bot_11/install/servicios/include/servicios/servicios/srv/detail/save_route__traits.hpp
[0.656s] -- Up-to-date: /home/sergio/turtle_bot_11/install/servicios/include/servicios/servicios/srv/detail/save_route__struct.hpp
[0.656s] -- Up-to-date: /home/sergio/turtle_bot_11/install/servicios/include/servicios/servicios/srv/detail/save_route__builder.hpp
[0.656s] -- Up-to-date: /home/sergio/turtle_bot_11/install/servicios/include/servicios/servicios/srv/detail/reproduce_route__struct.hpp
[0.656s] -- Up-to-date: /home/sergio/turtle_bot_11/install/servicios/include/servicios/servicios/srv/detail/reproduce_route__traits.hpp
[0.656s] -- Up-to-date: /home/sergio/turtle_bot_11/install/servicios/include/servicios/servicios/srv/detail/reproduce_route__builder.hpp
[0.657s] -- Up-to-date: /home/sergio/turtle_bot_11/install/servicios/include/servicios/servicios/srv/save_route.hpp
[0.657s] -- Up-to-date: /home/sergio/turtle_bot_11/install/servicios/include/servicios/servicios
[0.657s] -- Up-to-date: /home/sergio/turtle_bot_11/install/servicios/include/servicios/servicios/msg
[0.657s] -- Up-to-date: /home/sergio/turtle_bot_11/install/servicios/include/servicios/servicios/msg/rosidl_typesupport_fastrtps_cpp__visibility_control.h
[0.657s] -- Up-to-date: /home/sergio/turtle_bot_11/install/servicios/include/servicios/servicios/srv
[0.657s] -- Up-to-date: /home/sergio/turtle_bot_11/install/servicios/include/servicios/servicios/srv/detail
[0.657s] -- Up-to-date: /home/sergio/turtle_bot_11/install/servicios/include/servicios/servicios/srv/detail/reproduce_route__rosidl_typesupport_fastrtps_cpp.hpp
[0.657s] -- Up-to-date: /home/sergio/turtle_bot_11/install/servicios/include/servicios/servicios/srv/detail/dds_fastrtps
[0.657s] -- Up-to-date: /home/sergio/turtle_bot_11/install/servicios/include/servicios/servicios/srv/detail/save_route__rosidl_typesupport_fastrtps_cpp.hpp
[0.657s] -- Up-to-date: /home/sergio/turtle_bot_11/install/servicios/lib/libservicios__rosidl_typesupport_fastrtps_cpp.so
[0.658s] -- Up-to-date: /home/sergio/turtle_bot_11/install/servicios/include/servicios/servicios
[0.658s] -- Up-to-date: /home/sergio/turtle_bot_11/install/servicios/include/servicios/servicios/msg
[0.658s] -- Up-to-date: /home/sergio/turtle_bot_11/install/servicios/include/servicios/servicios/msg/rosidl_typesupport_introspection_c__visibility_control.h
[0.658s] -- Up-to-date: /home/sergio/turtle_bot_11/install/servicios/include/servicios/servicios/srv
[0.658s] -- Up-to-date: /home/sergio/turtle_bot_11/install/servicios/include/servicios/servicios/srv/detail
[0.658s] -- Up-to-date: /home/sergio/turtle_bot_11/install/servicios/include/servicios/servicios/srv/detail/reproduce_route__rosidl_typesupport_introspection_c.h
[0.658s] -- Up-to-date: /home/sergio/turtle_bot_11/install/servicios/include/servicios/servicios/srv/detail/save_route__type_support.c
[0.658s] -- Up-to-date: /home/sergio/turtle_bot_11/install/servicios/include/servicios/servicios/srv/detail/save_route__rosidl_typesupport_introspection_c.h
[0.658s] -- Up-to-date: /home/sergio/turtle_bot_11/install/servicios/include/servicios/servicios/srv/detail/reproduce_route__type_support.c
[0.658s] -- Up-to-date: /home/sergio/turtle_bot_11/install/servicios/lib/libservicios__rosidl_typesupport_introspection_c.so
[0.658s] -- Up-to-date: /home/sergio/turtle_bot_11/install/servicios/lib/libservicios__rosidl_typesupport_c.so
[0.658s] -- Up-to-date: /home/sergio/turtle_bot_11/install/servicios/include/servicios/servicios
[0.659s] -- Up-to-date: /home/sergio/turtle_bot_11/install/servicios/include/servicios/servicios/srv
[0.659s] -- Up-to-date: /home/sergio/turtle_bot_11/install/servicios/include/servicios/servicios/srv/detail
[0.659s] -- Up-to-date: /home/sergio/turtle_bot_11/install/servicios/include/servicios/servicios/srv/detail/reproduce_route__rosidl_typesupport_introspection_cpp.hpp
[0.659s] -- Up-to-date: /home/sergio/turtle_bot_11/install/servicios/include/servicios/servicios/srv/detail/save_route__rosidl_typesupport_introspection_cpp.hpp
[0.659s] -- Up-to-date: /home/sergio/turtle_bot_11/install/servicios/include/servicios/servicios/srv/detail/save_route__type_support.cpp
[0.659s] -- Up-to-date: /home/sergio/turtle_bot_11/install/servicios/include/servicios/servicios/srv/detail/reproduce_route__type_support.cpp
[0.659s] -- Up-to-date: /home/sergio/turtle_bot_11/install/servicios/lib/libservicios__rosidl_typesupport_introspection_cpp.so
[0.659s] -- Up-to-date: /home/sergio/turtle_bot_11/install/servicios/lib/libservicios__rosidl_typesupport_cpp.so
[0.659s] -- Up-to-date: /home/sergio/turtle_bot_11/install/servicios/share/servicios/environment/pythonpath.sh
[0.659s] -- Up-to-date: /home/sergio/turtle_bot_11/install/servicios/share/servicios/environment/pythonpath.dsv
[0.659s] -- Up-to-date: /home/sergio/turtle_bot_11/install/servicios/local/lib/python3.10/dist-packages/servicios-0.0.0-py3.10.egg-info
[0.659s] -- Installing: /home/sergio/turtle_bot_11/install/servicios/local/lib/python3.10/dist-packages/servicios-0.0.0-py3.10.egg-info/SOURCES.txt
[0.659s] -- Installing: /home/sergio/turtle_bot_11/install/servicios/local/lib/python3.10/dist-packages/servicios-0.0.0-py3.10.egg-info/top_level.txt
[0.660s] -- Installing: /home/sergio/turtle_bot_11/install/servicios/local/lib/python3.10/dist-packages/servicios-0.0.0-py3.10.egg-info/PKG-INFO
[0.660s] -- Installing: /home/sergio/turtle_bot_11/install/servicios/local/lib/python3.10/dist-packages/servicios-0.0.0-py3.10.egg-info/dependency_links.txt
[0.660s] -- Up-to-date: /home/sergio/turtle_bot_11/install/servicios/local/lib/python3.10/dist-packages/servicios
[0.660s] -- Up-to-date: /home/sergio/turtle_bot_11/install/servicios/local/lib/python3.10/dist-packages/servicios/servicios_s__rosidl_typesupport_c.cpython-310-x86_64-linux-gnu.so
[0.660s] -- Up-to-date: /home/sergio/turtle_bot_11/install/servicios/local/lib/python3.10/dist-packages/servicios/libservicios__rosidl_generator_py.so
[0.660s] -- Up-to-date: /home/sergio/turtle_bot_11/install/servicios/local/lib/python3.10/dist-packages/servicios/servicios_s__rosidl_typesupport_fastrtps_c.cpython-310-x86_64-linux-gnu.so
[0.660s] -- Up-to-date: /home/sergio/turtle_bot_11/install/servicios/local/lib/python3.10/dist-packages/servicios/_servicios_s.ep.rosidl_typesupport_fastrtps_c.c
[0.660s] -- Up-to-date: /home/sergio/turtle_bot_11/install/servicios/local/lib/python3.10/dist-packages/servicios/servicios_s__rosidl_typesupport_introspection_c.cpython-310-x86_64-linux-gnu.so
[0.660s] -- Up-to-date: /home/sergio/turtle_bot_11/install/servicios/local/lib/python3.10/dist-packages/servicios/__init__.py
[0.661s] -- Up-to-date: /home/sergio/turtle_bot_11/install/servicios/local/lib/python3.10/dist-packages/servicios/_servicios_s.ep.rosidl_typesupport_c.c
[0.661s] -- Up-to-date: /home/sergio/turtle_bot_11/install/servicios/local/lib/python3.10/dist-packages/servicios/srv
[0.661s] -- Up-to-date: /home/sergio/turtle_bot_11/install/servicios/local/lib/python3.10/dist-packages/servicios/srv/_reproduce_route.py
[0.661s] -- Up-to-date: /home/sergio/turtle_bot_11/install/servicios/local/lib/python3.10/dist-packages/servicios/srv/__init__.py
[0.661s] -- Up-to-date: /home/sergio/turtle_bot_11/install/servicios/local/lib/python3.10/dist-packages/servicios/srv/_save_route_s.c
[0.661s] -- Up-to-date: /home/sergio/turtle_bot_11/install/servicios/local/lib/python3.10/dist-packages/servicios/srv/_save_route.py
[0.661s] -- Up-to-date: /home/sergio/turtle_bot_11/install/servicios/local/lib/python3.10/dist-packages/servicios/srv/_reproduce_route_s.c
[0.661s] -- Up-to-date: /home/sergio/turtle_bot_11/install/servicios/local/lib/python3.10/dist-packages/servicios/_servicios_s.ep.rosidl_typesupport_introspection_c.c
[0.692s] Listing '/home/sergio/turtle_bot_11/install/servicios/local/lib/python3.10/dist-packages/servicios'...
[0.692s] Listing '/home/sergio/turtle_bot_11/install/servicios/local/lib/python3.10/dist-packages/servicios/srv'...
[0.697s] -- Up-to-date: /home/sergio/turtle_bot_11/install/servicios/local/lib/python3.10/dist-packages/servicios/servicios_s__rosidl_typesupport_fastrtps_c.cpython-310-x86_64-linux-gnu.so
[0.697s] -- Up-to-date: /home/sergio/turtle_bot_11/install/servicios/local/lib/python3.10/dist-packages/servicios/servicios_s__rosidl_typesupport_introspection_c.cpython-310-x86_64-linux-gnu.so
[0.698s] -- Up-to-date: /home/sergio/turtle_bot_11/install/servicios/local/lib/python3.10/dist-packages/servicios/servicios_s__rosidl_typesupport_c.cpython-310-x86_64-linux-gnu.so
[0.698s] -- Up-to-date: /home/sergio/turtle_bot_11/install/servicios/lib/libservicios__rosidl_generator_py.so
[0.699s] -- Up-to-date: /home/sergio/turtle_bot_11/install/servicios/share/servicios/srv/ReproduceRoute.idl
[0.699s] -- Up-to-date: /home/sergio/turtle_bot_11/install/servicios/share/servicios/srv/ReproduceRoute.srv
[0.699s] -- Up-to-date: /home/sergio/turtle_bot_11/install/servicios/share/servicios/srv/ReproduceRoute_Request.msg
[0.699s] -- Up-to-date: /home/sergio/turtle_bot_11/install/servicios/share/servicios/srv/ReproduceRoute_Response.msg
[0.699s] -- Up-to-date: /home/sergio/turtle_bot_11/install/servicios/share/ament_index/resource_index/package_run_dependencies/servicios
[0.700s] -- Up-to-date: /home/sergio/turtle_bot_11/install/servicios/share/ament_index/resource_index/parent_prefix_path/servicios
[0.700s] -- Up-to-date: /home/sergio/turtle_bot_11/install/servicios/share/servicios/environment/ament_prefix_path.sh
[0.700s] -- Up-to-date: /home/sergio/turtle_bot_11/install/servicios/share/servicios/environment/ament_prefix_path.dsv
[0.700s] -- Up-to-date: /home/sergio/turtle_bot_11/install/servicios/share/servicios/environment/path.sh
[0.700s] -- Up-to-date: /home/sergio/turtle_bot_11/install/servicios/share/servicios/environment/path.dsv
[0.701s] -- Up-to-date: /home/sergio/turtle_bot_11/install/servicios/share/servicios/local_setup.bash
[0.701s] -- Up-to-date: /home/sergio/turtle_bot_11/install/servicios/share/servicios/local_setup.sh
[0.701s] -- Up-to-date: /home/sergio/turtle_bot_11/install/servicios/share/servicios/local_setup.zsh
[0.701s] -- Up-to-date: /home/sergio/turtle_bot_11/install/servicios/share/servicios/local_setup.dsv
[0.701s] -- Up-to-date: /home/sergio/turtle_bot_11/install/servicios/share/servicios/package.dsv
[0.702s] -- Up-to-date: /home/sergio/turtle_bot_11/install/servicios/share/ament_index/resource_index/packages/servicios
[0.702s] -- Up-to-date: /home/sergio/turtle_bot_11/install/servicios/share/servicios/cmake/export_servicios__rosidl_generator_cExport.cmake
[0.702s] -- Up-to-date: /home/sergio/turtle_bot_11/install/servicios/share/servicios/cmake/export_servicios__rosidl_generator_cExport-noconfig.cmake
[0.702s] -- Up-to-date: /home/sergio/turtle_bot_11/install/servicios/share/servicios/cmake/export_servicios__rosidl_typesupport_fastrtps_cExport.cmake
[0.702s] -- Up-to-date: /home/sergio/turtle_bot_11/install/servicios/share/servicios/cmake/export_servicios__rosidl_typesupport_fastrtps_cExport-noconfig.cmake
[0.702s] -- Up-to-date: /home/sergio/turtle_bot_11/install/servicios/share/servicios/cmake/export_servicios__rosidl_generator_cppExport.cmake
[0.703s] -- Up-to-date: /home/sergio/turtle_bot_11/install/servicios/share/servicios/cmake/export_servicios__rosidl_typesupport_fastrtps_cppExport.cmake
[0.703s] -- Up-to-date: /home/sergio/turtle_bot_11/install/servicios/share/servicios/cmake/export_servicios__rosidl_typesupport_fastrtps_cppExport-noconfig.cmake
[0.703s] -- Up-to-date: /home/sergio/turtle_bot_11/install/servicios/share/servicios/cmake/servicios__rosidl_typesupport_introspection_cExport.cmake
[0.703s] -- Up-to-date: /home/sergio/turtle_bot_11/install/servicios/share/servicios/cmake/servicios__rosidl_typesupport_introspection_cExport-noconfig.cmake
[0.703s] -- Up-to-date: /home/sergio/turtle_bot_11/install/servicios/share/servicios/cmake/servicios__rosidl_typesupport_cExport.cmake
[0.703s] -- Up-to-date: /home/sergio/turtle_bot_11/install/servicios/share/servicios/cmake/servicios__rosidl_typesupport_cExport-noconfig.cmake
[0.703s] -- Up-to-date: /home/sergio/turtle_bot_11/install/servicios/share/servicios/cmake/servicios__rosidl_typesupport_introspection_cppExport.cmake
[0.703s] -- Up-to-date: /home/sergio/turtle_bot_11/install/servicios/share/servicios/cmake/servicios__rosidl_typesupport_introspection_cppExport-noconfig.cmake
[0.704s] -- Up-to-date: /home/sergio/turtle_bot_11/install/servicios/share/servicios/cmake/servicios__rosidl_typesupport_cppExport.cmake
[0.704s] -- Up-to-date: /home/sergio/turtle_bot_11/install/servicios/share/servicios/cmake/servicios__rosidl_typesupport_cppExport-noconfig.cmake
[0.704s] -- Up-to-date: /home/sergio/turtle_bot_11/install/servicios/share/servicios/cmake/export_servicios__rosidl_generator_pyExport.cmake
[0.704s] -- Up-to-date: /home/sergio/turtle_bot_11/install/servicios/share/servicios/cmake/export_servicios__rosidl_generator_pyExport-noconfig.cmake
[0.704s] -- Up-to-date: /home/sergio/turtle_bot_11/install/servicios/share/servicios/cmake/rosidl_cmake-extras.cmake
[0.704s] -- Up-to-date: /home/sergio/turtle_bot_11/install/servicios/share/servicios/cmake/ament_cmake_export_dependencies-extras.cmake
[0.704s] -- Up-to-date: /home/sergio/turtle_bot_11/install/servicios/share/servicios/cmake/ament_cmake_export_include_directories-extras.cmake
[0.705s] -- Up-to-date: /home/sergio/turtle_bot_11/install/servicios/share/servicios/cmake/ament_cmake_export_libraries-extras.cmake
[0.705s] -- Up-to-date: /home/sergio/turtle_bot_11/install/servicios/share/servicios/cmake/ament_cmake_export_targets-extras.cmake
[0.705s] -- Up-to-date: /home/sergio/turtle_bot_11/install/servicios/share/servicios/cmake/rosidl_cmake_export_typesupport_targets-extras.cmake
[0.705s] -- Up-to-date: /home/sergio/turtle_bot_11/install/servicios/share/servicios/cmake/rosidl_cmake_export_typesupport_libraries-extras.cmake
[0.705s] -- Up-to-date: /home/sergio/turtle_bot_11/install/servicios/share/servicios/cmake/serviciosConfig.cmake
[0.705s] -- Up-to-date: /home/sergio/turtle_bot_11/install/servicios/share/servicios/cmake/serviciosConfig-version.cmake
[0.705s] -- Up-to-date: /home/sergio/turtle_bot_11/install/servicios/share/servicios/package.xml
[0.706s] Invoked command in '/home/sergio/taller_2_grupo_11/build/servicios' returned '0': CMAKE_PREFIX_PATH=${CMAKE_PREFIX_PATH}:/home/sergio/taller_2_grupo_11/install/turtle_bot_nodos:/opt/ros/humble COMP_WORDBREAKS=
"'><=;|&( /usr/bin/cmake --install /home/sergio/taller_2_grupo_11/build/servicios
