[0.162s] Invoking command in '/home/sergio/turtle_bot_11/build/servicios': CMAKE_PREFIX_PATH=/opt/ros/humble COMP_WORDBREAKS=
"'><=;|&( /usr/bin/cmake --build /home/sergio/turtle_bot_11/build/servicios -- -j8 -l8
[0.521s] -- Found ament_cmake: 1.3.3 (/opt/ros/humble/share/ament_cmake/cmake)
[0.680s] -- Found geometry_msgs: 4.2.3 (/opt/ros/humble/share/geometry_msgs/cmake)
[0.816s] -- Found rosidl_generator_c: 3.1.4 (/opt/ros/humble/share/rosidl_generator_c/cmake)
[0.818s] -- Found rosidl_adapter: 3.1.4 (/opt/ros/humble/share/rosidl_adapter/cmake)
[0.824s] -- Found rosidl_generator_cpp: 3.1.4 (/opt/ros/humble/share/rosidl_generator_cpp/cmake)
[0.838s] -- Using all available rosidl_typesupport_c: rosidl_typesupport_fastrtps_c;rosidl_typesupport_introspection_c
[0.854s] -- Using all available rosidl_typesupport_cpp: rosidl_typesupport_fastrtps_cpp;rosidl_typesupport_introspection_cpp
[0.990s] -- Found rosidl_default_generators: 1.2.0 (/opt/ros/humble/share/rosidl_default_generators/cmake)
[0.998s] [31mCMake Error at /opt/ros/humble/share/rosidl_cmake/cmake/rosidl_generate_interfaces.cmake:93 (message):
[0.998s]   rosidl_generate_interfaces() the passed file 'srv/SaveRoute.srv' doesn't
[0.998s]   exist relative to the CMAKE_CURRENT_SOURCE_DIR
[0.998s]   '/home/sergio/turtle_bot_11/src/servicios'
[0.998s] Call Stack (most recent call first):
[0.998s]   CMakeLists.txt:13 (rosidl_generate_interfaces)
[0.998s] 
[0.998s] [0m
[0.999s] -- Configuring incomplete, errors occurred!
[0.999s] See also "/home/sergio/turtle_bot_11/build/servicios/CMakeFiles/CMakeOutput.log".
[1.003s] gmake: *** [Makefile:747: cmake_check_build_system] Error 1
[1.005s] Invoked command in '/home/sergio/turtle_bot_11/build/servicios' returned '2': CMAKE_PREFIX_PATH=/opt/ros/humble COMP_WORDBREAKS=
"'><=;|&( /usr/bin/cmake --build /home/sergio/turtle_bot_11/build/servicios -- -j8 -l8
