[0.809s] DEBUG:colcon:Command line arguments: ['/usr/bin/colcon', 'build']
[0.810s] DEBUG:colcon:Parsed command line arguments: Namespace(log_base=None, log_level=None, verb_name='build', build_base='build', install_base='install', merge_install=False, symlink_install=False, test_result_base=None, continue_on_error=False, executor='parallel', parallel_workers=8, event_handlers=None, ignore_user_meta=False, metas=['./colcon.meta'], base_paths=['.'], packages_ignore=None, packages_ignore_regex=None, paths=None, packages_up_to=None, packages_up_to_regex=None, packages_above=None, packages_above_and_dependencies=None, packages_above_depth=None, packages_select_by_dep=None, packages_skip_by_dep=None, packages_skip_up_to=None, packages_select_build_failed=False, packages_skip_build_finished=False, packages_select_test_failures=False, packages_skip_test_passed=False, packages_select=None, packages_skip=None, packages_select_regex=None, packages_skip_regex=None, packages_start=None, packages_end=None, allow_overriding=[], cmake_args=None, cmake_target=None, cmake_target_skip_unavailable=False, cmake_clean_cache=False, cmake_clean_first=False, cmake_force_configure=False, ament_cmake_args=None, catkin_cmake_args=None, catkin_skip_building_tests=False, verb_parser=<colcon_defaults.argument_parser.defaults.DefaultArgumentsDecorator object at 0x7f56c4f9d390>, verb_extension=<colcon_core.verb.build.BuildVerb object at 0x7f56c50aae00>, main=<bound method BuildVerb.main of <colcon_core.verb.build.BuildVerb object at 0x7f56c50aae00>>)
[1.140s] Level 1:colcon.colcon_core.package_discovery:discover_packages(colcon_meta) check parameters
[1.140s] Level 1:colcon.colcon_core.package_discovery:discover_packages(recursive) check parameters
[1.140s] Level 1:colcon.colcon_core.package_discovery:discover_packages(ignore) check parameters
[1.140s] Level 1:colcon.colcon_core.package_discovery:discover_packages(path) check parameters
[1.141s] Level 1:colcon.colcon_core.package_discovery:discover_packages(colcon_meta) discover
[1.141s] Level 1:colcon.colcon_core.package_discovery:discover_packages(recursive) discover
[1.141s] INFO:colcon.colcon_core.package_discovery:Crawling recursively for packages in '/home/sergio/taller_2_grupo_11'
[1.141s] Level 1:colcon.colcon_core.package_identification:_identify(.) by extensions ['ignore', 'ignore_ament_install']
[1.142s] Level 1:colcon.colcon_core.package_identification:_identify(.) by extension 'ignore'
[1.142s] Level 1:colcon.colcon_core.package_identification:_identify(.) by extension 'ignore_ament_install'
[1.142s] Level 1:colcon.colcon_core.package_identification:_identify(.) by extensions ['colcon_pkg']
[1.143s] Level 1:colcon.colcon_core.package_identification:_identify(.) by extension 'colcon_pkg'
[1.143s] Level 1:colcon.colcon_core.package_identification:_identify(.) by extensions ['colcon_meta']
[1.143s] Level 1:colcon.colcon_core.package_identification:_identify(.) by extension 'colcon_meta'
[1.143s] Level 1:colcon.colcon_core.package_identification:_identify(.) by extensions ['ros']
[1.143s] Level 1:colcon.colcon_core.package_identification:_identify(.) by extension 'ros'
[1.212s] Level 1:colcon.colcon_core.package_identification:_identify(.) by extensions ['cmake', 'python']
[1.213s] Level 1:colcon.colcon_core.package_identification:_identify(.) by extension 'cmake'
[1.213s] Level 1:colcon.colcon_core.package_identification:_identify(.) by extension 'python'
[1.213s] Level 1:colcon.colcon_core.package_identification:_identify(.) by extensions ['python_setup_py']
[1.213s] Level 1:colcon.colcon_core.package_identification:_identify(.) by extension 'python_setup_py'
[1.213s] Level 1:colcon.colcon_core.package_identification:_identify(build) by extensions ['ignore', 'ignore_ament_install']
[1.213s] Level 1:colcon.colcon_core.package_identification:_identify(build) by extension 'ignore'
[1.214s] Level 1:colcon.colcon_core.package_identification:_identify(build) ignored
[1.214s] Level 1:colcon.colcon_core.package_identification:_identify(install) by extensions ['ignore', 'ignore_ament_install']
[1.214s] Level 1:colcon.colcon_core.package_identification:_identify(install) by extension 'ignore'
[1.214s] Level 1:colcon.colcon_core.package_identification:_identify(install) ignored
[1.215s] Level 1:colcon.colcon_core.package_identification:_identify(log) by extensions ['ignore', 'ignore_ament_install']
[1.215s] Level 1:colcon.colcon_core.package_identification:_identify(log) by extension 'ignore'
[1.215s] Level 1:colcon.colcon_core.package_identification:_identify(log) ignored
[1.215s] Level 1:colcon.colcon_core.package_identification:_identify(src) by extensions ['ignore', 'ignore_ament_install']
[1.215s] Level 1:colcon.colcon_core.package_identification:_identify(src) by extension 'ignore'
[1.215s] Level 1:colcon.colcon_core.package_identification:_identify(src) by extension 'ignore_ament_install'
[1.216s] Level 1:colcon.colcon_core.package_identification:_identify(src) by extensions ['colcon_pkg']
[1.216s] Level 1:colcon.colcon_core.package_identification:_identify(src) by extension 'colcon_pkg'
[1.216s] Level 1:colcon.colcon_core.package_identification:_identify(src) by extensions ['colcon_meta']
[1.216s] Level 1:colcon.colcon_core.package_identification:_identify(src) by extension 'colcon_meta'
[1.216s] Level 1:colcon.colcon_core.package_identification:_identify(src) by extensions ['ros']
[1.216s] Level 1:colcon.colcon_core.package_identification:_identify(src) by extension 'ros'
[1.216s] Level 1:colcon.colcon_core.package_identification:_identify(src) by extensions ['cmake', 'python']
[1.216s] Level 1:colcon.colcon_core.package_identification:_identify(src) by extension 'cmake'
[1.216s] Level 1:colcon.colcon_core.package_identification:_identify(src) by extension 'python'
[1.216s] Level 1:colcon.colcon_core.package_identification:_identify(src) by extensions ['python_setup_py']
[1.216s] Level 1:colcon.colcon_core.package_identification:_identify(src) by extension 'python_setup_py'
[1.217s] Level 1:colcon.colcon_core.package_identification:_identify(src/results) by extensions ['ignore', 'ignore_ament_install']
[1.217s] Level 1:colcon.colcon_core.package_identification:_identify(src/results) by extension 'ignore'
[1.217s] Level 1:colcon.colcon_core.package_identification:_identify(src/results) by extension 'ignore_ament_install'
[1.217s] Level 1:colcon.colcon_core.package_identification:_identify(src/results) by extensions ['colcon_pkg']
[1.217s] Level 1:colcon.colcon_core.package_identification:_identify(src/results) by extension 'colcon_pkg'
[1.217s] Level 1:colcon.colcon_core.package_identification:_identify(src/results) by extensions ['colcon_meta']
[1.217s] Level 1:colcon.colcon_core.package_identification:_identify(src/results) by extension 'colcon_meta'
[1.217s] Level 1:colcon.colcon_core.package_identification:_identify(src/results) by extensions ['ros']
[1.217s] Level 1:colcon.colcon_core.package_identification:_identify(src/results) by extension 'ros'
[1.217s] Level 1:colcon.colcon_core.package_identification:_identify(src/results) by extensions ['cmake', 'python']
[1.217s] Level 1:colcon.colcon_core.package_identification:_identify(src/results) by extension 'cmake'
[1.218s] Level 1:colcon.colcon_core.package_identification:_identify(src/results) by extension 'python'
[1.218s] Level 1:colcon.colcon_core.package_identification:_identify(src/results) by extensions ['python_setup_py']
[1.218s] Level 1:colcon.colcon_core.package_identification:_identify(src/results) by extension 'python_setup_py'
[1.218s] Level 1:colcon.colcon_core.package_identification:_identify(src/servicios) by extensions ['ignore', 'ignore_ament_install']
[1.218s] Level 1:colcon.colcon_core.package_identification:_identify(src/servicios) by extension 'ignore'
[1.218s] Level 1:colcon.colcon_core.package_identification:_identify(src/servicios) by extension 'ignore_ament_install'
[1.218s] Level 1:colcon.colcon_core.package_identification:_identify(src/servicios) by extensions ['colcon_pkg']
[1.218s] Level 1:colcon.colcon_core.package_identification:_identify(src/servicios) by extension 'colcon_pkg'
[1.218s] Level 1:colcon.colcon_core.package_identification:_identify(src/servicios) by extensions ['colcon_meta']
[1.218s] Level 1:colcon.colcon_core.package_identification:_identify(src/servicios) by extension 'colcon_meta'
[1.218s] Level 1:colcon.colcon_core.package_identification:_identify(src/servicios) by extensions ['ros']
[1.218s] Level 1:colcon.colcon_core.package_identification:_identify(src/servicios) by extension 'ros'
[1.269s] DEBUG:colcon.colcon_core.package_identification:Package 'src/servicios' with type 'ros.ament_cmake' and name 'servicios'
[1.270s] Level 1:colcon.colcon_core.package_identification:_identify(src/turtle_bot_nodos) by extensions ['ignore', 'ignore_ament_install']
[1.270s] Level 1:colcon.colcon_core.package_identification:_identify(src/turtle_bot_nodos) by extension 'ignore'
[1.270s] Level 1:colcon.colcon_core.package_identification:_identify(src/turtle_bot_nodos) by extension 'ignore_ament_install'
[1.270s] Level 1:colcon.colcon_core.package_identification:_identify(src/turtle_bot_nodos) by extensions ['colcon_pkg']
[1.271s] Level 1:colcon.colcon_core.package_identification:_identify(src/turtle_bot_nodos) by extension 'colcon_pkg'
[1.271s] Level 1:colcon.colcon_core.package_identification:_identify(src/turtle_bot_nodos) by extensions ['colcon_meta']
[1.271s] Level 1:colcon.colcon_core.package_identification:_identify(src/turtle_bot_nodos) by extension 'colcon_meta'
[1.271s] Level 1:colcon.colcon_core.package_identification:_identify(src/turtle_bot_nodos) by extensions ['ros']
[1.271s] Level 1:colcon.colcon_core.package_identification:_identify(src/turtle_bot_nodos) by extension 'ros'
[1.294s] DEBUG:colcon.colcon_core.package_identification:Package 'src/turtle_bot_nodos' with type 'ros.ament_python' and name 'turtle_bot_nodos'
[1.295s] Level 1:colcon.colcon_core.package_discovery:discover_packages(recursive) using defaults
[1.295s] Level 1:colcon.colcon_core.package_discovery:discover_packages(ignore) discover
[1.295s] Level 1:colcon.colcon_core.package_discovery:discover_packages(ignore) using defaults
[1.296s] Level 1:colcon.colcon_core.package_discovery:discover_packages(path) discover
[1.296s] Level 1:colcon.colcon_core.package_discovery:discover_packages(path) using defaults
[1.381s] Level 1:colcon.colcon_core.package_discovery:discover_packages(prefix_path) check parameters
[1.381s] Level 1:colcon.colcon_core.package_discovery:discover_packages(prefix_path) discover
[1.385s] DEBUG:colcon.colcon_installed_package_information.package_discovery:Found 3 installed packages in /home/sergio/taller_2_grupo_11/install
[1.386s] DEBUG:colcon.colcon_installed_package_information.package_discovery:Found 285 installed packages in /opt/ros/humble
[1.387s] Level 1:colcon.colcon_core.package_discovery:discover_packages(prefix_path) using defaults
[1.480s] Level 5:colcon.colcon_core.verb:set package 'servicios' build argument 'cmake_args' from command line to 'None'
[1.480s] Level 5:colcon.colcon_core.verb:set package 'servicios' build argument 'cmake_target' from command line to 'None'
[1.480s] Level 5:colcon.colcon_core.verb:set package 'servicios' build argument 'cmake_target_skip_unavailable' from command line to 'False'
[1.480s] Level 5:colcon.colcon_core.verb:set package 'servicios' build argument 'cmake_clean_cache' from command line to 'False'
[1.480s] Level 5:colcon.colcon_core.verb:set package 'servicios' build argument 'cmake_clean_first' from command line to 'False'
[1.480s] Level 5:colcon.colcon_core.verb:set package 'servicios' build argument 'cmake_force_configure' from command line to 'False'
[1.480s] Level 5:colcon.colcon_core.verb:set package 'servicios' build argument 'ament_cmake_args' from command line to 'None'
[1.480s] Level 5:colcon.colcon_core.verb:set package 'servicios' build argument 'catkin_cmake_args' from command line to 'None'
[1.480s] Level 5:colcon.colcon_core.verb:set package 'servicios' build argument 'catkin_skip_building_tests' from command line to 'False'
[1.480s] DEBUG:colcon.colcon_core.verb:Building package 'servicios' with the following arguments: {'ament_cmake_args': None, 'build_base': '/home/sergio/taller_2_grupo_11/build/servicios', 'catkin_cmake_args': None, 'catkin_skip_building_tests': False, 'cmake_args': None, 'cmake_clean_cache': False, 'cmake_clean_first': False, 'cmake_force_configure': False, 'cmake_target': None, 'cmake_target_skip_unavailable': False, 'install_base': '/home/sergio/taller_2_grupo_11/install/servicios', 'merge_install': False, 'path': '/home/sergio/taller_2_grupo_11/src/servicios', 'symlink_install': False, 'test_result_base': None}
[1.481s] Level 5:colcon.colcon_core.verb:set package 'turtle_bot_nodos' build argument 'cmake_args' from command line to 'None'
[1.481s] Level 5:colcon.colcon_core.verb:set package 'turtle_bot_nodos' build argument 'cmake_target' from command line to 'None'
[1.481s] Level 5:colcon.colcon_core.verb:set package 'turtle_bot_nodos' build argument 'cmake_target_skip_unavailable' from command line to 'False'
[1.481s] Level 5:colcon.colcon_core.verb:set package 'turtle_bot_nodos' build argument 'cmake_clean_cache' from command line to 'False'
[1.481s] Level 5:colcon.colcon_core.verb:set package 'turtle_bot_nodos' build argument 'cmake_clean_first' from command line to 'False'
[1.481s] Level 5:colcon.colcon_core.verb:set package 'turtle_bot_nodos' build argument 'cmake_force_configure' from command line to 'False'
[1.481s] Level 5:colcon.colcon_core.verb:set package 'turtle_bot_nodos' build argument 'ament_cmake_args' from command line to 'None'
[1.481s] Level 5:colcon.colcon_core.verb:set package 'turtle_bot_nodos' build argument 'catkin_cmake_args' from command line to 'None'
[1.481s] Level 5:colcon.colcon_core.verb:set package 'turtle_bot_nodos' build argument 'catkin_skip_building_tests' from command line to 'False'
[1.481s] DEBUG:colcon.colcon_core.verb:Building package 'turtle_bot_nodos' with the following arguments: {'ament_cmake_args': None, 'build_base': '/home/sergio/taller_2_grupo_11/build/turtle_bot_nodos', 'catkin_cmake_args': None, 'catkin_skip_building_tests': False, 'cmake_args': None, 'cmake_clean_cache': False, 'cmake_clean_first': False, 'cmake_force_configure': False, 'cmake_target': None, 'cmake_target_skip_unavailable': False, 'install_base': '/home/sergio/taller_2_grupo_11/install/turtle_bot_nodos', 'merge_install': False, 'path': '/home/sergio/taller_2_grupo_11/src/turtle_bot_nodos', 'symlink_install': False, 'test_result_base': None}
[1.482s] INFO:colcon.colcon_core.executor:Executing jobs using 'parallel' executor
[1.485s] DEBUG:colcon.colcon_parallel_executor.executor.parallel:run_until_complete
[1.485s] INFO:colcon.colcon_ros.task.ament_cmake.build:Building ROS package in '/home/sergio/taller_2_grupo_11/src/servicios' with build type 'ament_cmake'
[1.485s] INFO:colcon.colcon_cmake.task.cmake.build:Building CMake package in '/home/sergio/taller_2_grupo_11/src/servicios'
[1.490s] INFO:colcon.colcon_core.plugin_system:Skipping extension 'colcon_core.shell.bat': Not used on non-Windows systems
[1.491s] INFO:colcon.colcon_core.shell:Skip shell extension 'powershell' for command environment: Not usable outside of PowerShell
[1.491s] DEBUG:colcon.colcon_core.shell:Skip shell extension 'dsv' for command environment
[1.495s] INFO:colcon.colcon_ros.task.ament_python.build:Building ROS package in '/home/sergio/taller_2_grupo_11/src/turtle_bot_nodos' with build type 'ament_python'
[1.495s] Level 1:colcon.colcon_core.shell:create_environment_hook('turtle_bot_nodos', 'ament_prefix_path')
[1.497s] INFO:colcon.colcon_core.shell:Creating environment hook '/home/sergio/taller_2_grupo_11/install/turtle_bot_nodos/share/turtle_bot_nodos/hook/ament_prefix_path.ps1'
[1.498s] INFO:colcon.colcon_core.shell:Creating environment descriptor '/home/sergio/taller_2_grupo_11/install/turtle_bot_nodos/share/turtle_bot_nodos/hook/ament_prefix_path.dsv'
[1.499s] INFO:colcon.colcon_core.shell:Creating environment hook '/home/sergio/taller_2_grupo_11/install/turtle_bot_nodos/share/turtle_bot_nodos/hook/ament_prefix_path.sh'
[1.501s] INFO:colcon.colcon_core.shell:Skip shell extension 'powershell' for command environment: Not usable outside of PowerShell
[1.501s] DEBUG:colcon.colcon_core.shell:Skip shell extension 'dsv' for command environment
[1.558s] DEBUG:colcon.colcon_core.event_handler.log_command:Invoking command in '/home/sergio/taller_2_grupo_11/build/servicios': CMAKE_PREFIX_PATH=${CMAKE_PREFIX_PATH}:/home/sergio/taller_2_grupo_11/install/turtle_bot_nodos:/opt/ros/humble COMP_WORDBREAKS=
"'><=;|&( /usr/bin/cmake --build /home/sergio/taller_2_grupo_11/build/servicios -- -j8 -l8
[1.871s] INFO:colcon.colcon_core.task.python.build:Building Python package in '/home/sergio/taller_2_grupo_11/src/turtle_bot_nodos'
[1.873s] INFO:colcon.colcon_core.shell:Skip shell extension 'powershell' for command environment: Not usable outside of PowerShell
[1.873s] DEBUG:colcon.colcon_core.shell:Skip shell extension 'dsv' for command environment
[3.218s] DEBUG:colcon.colcon_core.event_handler.log_command:Invoked command in '/home/sergio/taller_2_grupo_11/build/servicios' returned '0': CMAKE_PREFIX_PATH=${CMAKE_PREFIX_PATH}:/home/sergio/taller_2_grupo_11/install/turtle_bot_nodos:/opt/ros/humble COMP_WORDBREAKS=
"'><=;|&( /usr/bin/cmake --build /home/sergio/taller_2_grupo_11/build/servicios -- -j8 -l8
[3.255s] DEBUG:colcon.colcon_core.event_handler.log_command:Invoking command in '/home/sergio/taller_2_grupo_11/src/turtle_bot_nodos': COMP_WORDBREAKS=
"'><=;|&( PYTHONPATH=/home/sergio/taller_2_grupo_11/build/turtle_bot_nodos/prefix_override:/home/sergio/taller_2_grupo_11/install/turtle_bot_nodos/lib/python3.10/site-packages:${PYTHONPATH} /usr/bin/python3 setup.py egg_info --egg-base ../../build/turtle_bot_nodos build --build-base /home/sergio/taller_2_grupo_11/build/turtle_bot_nodos/build install --record /home/sergio/taller_2_grupo_11/build/turtle_bot_nodos/install.log --single-version-externally-managed
[3.287s] DEBUG:colcon.colcon_core.event_handler.log_command:Invoking command in '/home/sergio/taller_2_grupo_11/build/servicios': CMAKE_PREFIX_PATH=${CMAKE_PREFIX_PATH}:/home/sergio/taller_2_grupo_11/install/turtle_bot_nodos:/opt/ros/humble COMP_WORDBREAKS=
"'><=;|&( /usr/bin/cmake --install /home/sergio/taller_2_grupo_11/build/servicios
[3.455s] Level 1:colcon.colcon_core.environment:create_environment_scripts_only(servicios)
[3.455s] DEBUG:colcon.colcon_core.event_handler.log_command:Invoked command in '/home/sergio/taller_2_grupo_11/build/servicios' returned '0': CMAKE_PREFIX_PATH=${CMAKE_PREFIX_PATH}:/home/sergio/taller_2_grupo_11/install/turtle_bot_nodos:/opt/ros/humble COMP_WORDBREAKS=
"'><=;|&( /usr/bin/cmake --install /home/sergio/taller_2_grupo_11/build/servicios
[3.610s] Level 1:colcon.colcon_core.environment:checking '/home/sergio/taller_2_grupo_11/install/servicios' for CMake module files
[3.635s] Level 1:colcon.colcon_core.environment:checking '/home/sergio/taller_2_grupo_11/install/servicios' for CMake config files
[3.645s] Level 1:colcon.colcon_core.shell:create_environment_hook('servicios', 'cmake_prefix_path')
[3.647s] INFO:colcon.colcon_core.shell:Creating environment hook '/home/sergio/taller_2_grupo_11/install/servicios/share/servicios/hook/cmake_prefix_path.ps1'
[3.647s] INFO:colcon.colcon_core.shell:Creating environment descriptor '/home/sergio/taller_2_grupo_11/install/servicios/share/servicios/hook/cmake_prefix_path.dsv'
[3.647s] INFO:colcon.colcon_core.shell:Creating environment hook '/home/sergio/taller_2_grupo_11/install/servicios/share/servicios/hook/cmake_prefix_path.sh'
[3.648s] Level 1:colcon.colcon_core.environment:checking '/home/sergio/taller_2_grupo_11/install/servicios/lib'
[3.648s] Level 1:colcon.colcon_core.shell:create_environment_hook('servicios', 'ld_library_path_lib')
[3.649s] INFO:colcon.colcon_core.shell:Creating environment hook '/home/sergio/taller_2_grupo_11/install/servicios/share/servicios/hook/ld_library_path_lib.ps1'
[3.650s] INFO:colcon.colcon_core.shell:Creating environment descriptor '/home/sergio/taller_2_grupo_11/install/servicios/share/servicios/hook/ld_library_path_lib.dsv'
[3.650s] INFO:colcon.colcon_core.shell:Creating environment hook '/home/sergio/taller_2_grupo_11/install/servicios/share/servicios/hook/ld_library_path_lib.sh'
[3.650s] Level 1:colcon.colcon_core.environment:checking '/home/sergio/taller_2_grupo_11/install/servicios/bin'
[3.650s] Level 1:colcon.colcon_core.environment:checking '/home/sergio/taller_2_grupo_11/install/servicios/lib/pkgconfig/servicios.pc'
[3.651s] Level 1:colcon.colcon_core.environment:checking '/home/sergio/taller_2_grupo_11/install/servicios/lib/python3.10/site-packages'
[3.651s] Level 1:colcon.colcon_core.environment:checking '/home/sergio/taller_2_grupo_11/install/servicios/bin'
[3.652s] INFO:colcon.colcon_core.shell:Creating package script '/home/sergio/taller_2_grupo_11/install/servicios/share/servicios/package.ps1'
[3.663s] INFO:colcon.colcon_core.shell:Creating package descriptor '/home/sergio/taller_2_grupo_11/install/servicios/share/servicios/package.dsv'
[3.701s] INFO:colcon.colcon_core.shell:Creating package script '/home/sergio/taller_2_grupo_11/install/servicios/share/servicios/package.sh'
[3.705s] INFO:colcon.colcon_core.shell:Creating package script '/home/sergio/taller_2_grupo_11/install/servicios/share/servicios/package.bash'
[3.720s] INFO:colcon.colcon_core.shell:Creating package script '/home/sergio/taller_2_grupo_11/install/servicios/share/servicios/package.zsh'
[3.733s] Level 1:colcon.colcon_core.environment:create_file_with_runtime_dependencies(/home/sergio/taller_2_grupo_11/install/servicios/share/colcon-core/packages/servicios)
[3.789s] Level 1:colcon.colcon_core.environment:create_environment_scripts_only(servicios)
[3.791s] Level 1:colcon.colcon_core.environment:checking '/home/sergio/taller_2_grupo_11/install/servicios' for CMake module files
[3.792s] Level 1:colcon.colcon_core.environment:checking '/home/sergio/taller_2_grupo_11/install/servicios' for CMake config files
[3.792s] Level 1:colcon.colcon_core.shell:create_environment_hook('servicios', 'cmake_prefix_path')
[3.794s] INFO:colcon.colcon_core.shell:Creating environment hook '/home/sergio/taller_2_grupo_11/install/servicios/share/servicios/hook/cmake_prefix_path.ps1'
[3.795s] INFO:colcon.colcon_core.shell:Creating environment descriptor '/home/sergio/taller_2_grupo_11/install/servicios/share/servicios/hook/cmake_prefix_path.dsv'
[3.795s] INFO:colcon.colcon_core.shell:Creating environment hook '/home/sergio/taller_2_grupo_11/install/servicios/share/servicios/hook/cmake_prefix_path.sh'
[3.795s] Level 1:colcon.colcon_core.environment:checking '/home/sergio/taller_2_grupo_11/install/servicios/lib'
[3.796s] Level 1:colcon.colcon_core.shell:create_environment_hook('servicios', 'ld_library_path_lib')
[3.798s] INFO:colcon.colcon_core.shell:Creating environment hook '/home/sergio/taller_2_grupo_11/install/servicios/share/servicios/hook/ld_library_path_lib.ps1'
[3.798s] INFO:colcon.colcon_core.shell:Creating environment descriptor '/home/sergio/taller_2_grupo_11/install/servicios/share/servicios/hook/ld_library_path_lib.dsv'
[3.798s] INFO:colcon.colcon_core.shell:Creating environment hook '/home/sergio/taller_2_grupo_11/install/servicios/share/servicios/hook/ld_library_path_lib.sh'
[3.799s] Level 1:colcon.colcon_core.environment:checking '/home/sergio/taller_2_grupo_11/install/servicios/bin'
[3.799s] Level 1:colcon.colcon_core.environment:checking '/home/sergio/taller_2_grupo_11/install/servicios/lib/pkgconfig/servicios.pc'
[3.799s] Level 1:colcon.colcon_core.environment:checking '/home/sergio/taller_2_grupo_11/install/servicios/lib/python3.10/site-packages'
[3.800s] Level 1:colcon.colcon_core.environment:checking '/home/sergio/taller_2_grupo_11/install/servicios/bin'
[3.802s] INFO:colcon.colcon_core.shell:Creating package script '/home/sergio/taller_2_grupo_11/install/servicios/share/servicios/package.ps1'
[3.802s] INFO:colcon.colcon_core.shell:Creating package descriptor '/home/sergio/taller_2_grupo_11/install/servicios/share/servicios/package.dsv'
[3.803s] INFO:colcon.colcon_core.shell:Creating package script '/home/sergio/taller_2_grupo_11/install/servicios/share/servicios/package.sh'
[3.804s] INFO:colcon.colcon_core.shell:Creating package script '/home/sergio/taller_2_grupo_11/install/servicios/share/servicios/package.bash'
[3.804s] INFO:colcon.colcon_core.shell:Creating package script '/home/sergio/taller_2_grupo_11/install/servicios/share/servicios/package.zsh'
[3.804s] Level 1:colcon.colcon_core.environment:create_file_with_runtime_dependencies(/home/sergio/taller_2_grupo_11/install/servicios/share/colcon-core/packages/servicios)
[3.907s] Level 1:colcon.colcon_core.environment:checking '/home/sergio/taller_2_grupo_11/install/turtle_bot_nodos' for CMake module files
[3.907s] DEBUG:colcon.colcon_core.event_handler.log_command:Invoked command in '/home/sergio/taller_2_grupo_11/src/turtle_bot_nodos' returned '0': COMP_WORDBREAKS=
"'><=;|&( PYTHONPATH=/home/sergio/taller_2_grupo_11/build/turtle_bot_nodos/prefix_override:/home/sergio/taller_2_grupo_11/install/turtle_bot_nodos/lib/python3.10/site-packages:${PYTHONPATH} /usr/bin/python3 setup.py egg_info --egg-base ../../build/turtle_bot_nodos build --build-base /home/sergio/taller_2_grupo_11/build/turtle_bot_nodos/build install --record /home/sergio/taller_2_grupo_11/build/turtle_bot_nodos/install.log --single-version-externally-managed
[3.908s] Level 1:colcon.colcon_core.environment:checking '/home/sergio/taller_2_grupo_11/install/turtle_bot_nodos' for CMake config files
[3.908s] Level 1:colcon.colcon_core.environment:checking '/home/sergio/taller_2_grupo_11/install/turtle_bot_nodos/lib'
[3.908s] Level 1:colcon.colcon_core.environment:checking '/home/sergio/taller_2_grupo_11/install/turtle_bot_nodos/bin'
[3.908s] Level 1:colcon.colcon_core.environment:checking '/home/sergio/taller_2_grupo_11/install/turtle_bot_nodos/lib/pkgconfig/turtle_bot_nodos.pc'
[3.909s] Level 1:colcon.colcon_core.environment:checking '/home/sergio/taller_2_grupo_11/install/turtle_bot_nodos/lib/python3.10/site-packages'
[3.909s] Level 1:colcon.colcon_core.shell:create_environment_hook('turtle_bot_nodos', 'pythonpath')
[3.910s] INFO:colcon.colcon_core.shell:Creating environment hook '/home/sergio/taller_2_grupo_11/install/turtle_bot_nodos/share/turtle_bot_nodos/hook/pythonpath.ps1'
[3.910s] INFO:colcon.colcon_core.shell:Creating environment descriptor '/home/sergio/taller_2_grupo_11/install/turtle_bot_nodos/share/turtle_bot_nodos/hook/pythonpath.dsv'
[3.911s] INFO:colcon.colcon_core.shell:Creating environment hook '/home/sergio/taller_2_grupo_11/install/turtle_bot_nodos/share/turtle_bot_nodos/hook/pythonpath.sh'
[3.911s] Level 1:colcon.colcon_core.environment:checking '/home/sergio/taller_2_grupo_11/install/turtle_bot_nodos/bin'
[3.911s] Level 1:colcon.colcon_core.environment:create_environment_scripts_only(turtle_bot_nodos)
[3.912s] INFO:colcon.colcon_core.shell:Creating package script '/home/sergio/taller_2_grupo_11/install/turtle_bot_nodos/share/turtle_bot_nodos/package.ps1'
[3.913s] INFO:colcon.colcon_core.shell:Creating package descriptor '/home/sergio/taller_2_grupo_11/install/turtle_bot_nodos/share/turtle_bot_nodos/package.dsv'
[3.913s] INFO:colcon.colcon_core.shell:Creating package script '/home/sergio/taller_2_grupo_11/install/turtle_bot_nodos/share/turtle_bot_nodos/package.sh'
[3.914s] INFO:colcon.colcon_core.shell:Creating package script '/home/sergio/taller_2_grupo_11/install/turtle_bot_nodos/share/turtle_bot_nodos/package.bash'
[3.914s] INFO:colcon.colcon_core.shell:Creating package script '/home/sergio/taller_2_grupo_11/install/turtle_bot_nodos/share/turtle_bot_nodos/package.zsh'
[3.914s] Level 1:colcon.colcon_core.environment:create_file_with_runtime_dependencies(/home/sergio/taller_2_grupo_11/install/turtle_bot_nodos/share/colcon-core/packages/turtle_bot_nodos)
[3.914s] DEBUG:colcon.colcon_parallel_executor.executor.parallel:closing loop
[3.915s] DEBUG:colcon.colcon_parallel_executor.executor.parallel:loop closed
[3.915s] DEBUG:colcon.colcon_parallel_executor.executor.parallel:run_until_complete finished with '0'
[3.915s] DEBUG:colcon.colcon_core.event_reactor:joining thread
[3.921s] INFO:colcon.colcon_core.plugin_system:Skipping extension 'colcon_notification.desktop_notification.terminal_notifier': Not used on non-Darwin systems
[3.921s] INFO:colcon.colcon_core.plugin_system:Skipping extension 'colcon_notification.desktop_notification.win32': Not used on non-Windows systems
[3.921s] INFO:colcon.colcon_notification.desktop_notification:Sending desktop notification using 'notify2'
[3.934s] DEBUG:colcon.colcon_core.event_reactor:joined thread
[3.935s] INFO:colcon.colcon_core.shell:Creating prefix script '/home/sergio/taller_2_grupo_11/install/local_setup.ps1'
[3.936s] INFO:colcon.colcon_core.shell:Creating prefix util module '/home/sergio/taller_2_grupo_11/install/_local_setup_util_ps1.py'
[3.937s] INFO:colcon.colcon_core.shell:Creating prefix chain script '/home/sergio/taller_2_grupo_11/install/setup.ps1'
[3.939s] INFO:colcon.colcon_core.shell:Creating prefix script '/home/sergio/taller_2_grupo_11/install/local_setup.sh'
[3.940s] INFO:colcon.colcon_core.shell:Creating prefix util module '/home/sergio/taller_2_grupo_11/install/_local_setup_util_sh.py'
[3.940s] INFO:colcon.colcon_core.shell:Creating prefix chain script '/home/sergio/taller_2_grupo_11/install/setup.sh'
[3.942s] INFO:colcon.colcon_core.shell:Creating prefix script '/home/sergio/taller_2_grupo_11/install/local_setup.bash'
[3.942s] INFO:colcon.colcon_core.shell:Creating prefix chain script '/home/sergio/taller_2_grupo_11/install/setup.bash'
[3.943s] INFO:colcon.colcon_core.shell:Creating prefix script '/home/sergio/taller_2_grupo_11/install/local_setup.zsh'
[3.944s] INFO:colcon.colcon_core.shell:Creating prefix chain script '/home/sergio/taller_2_grupo_11/install/setup.zsh'
