[0.429s] DEBUG:colcon:Command line arguments: ['/usr/bin/colcon', 'build']
[0.429s] DEBUG:colcon:Parsed command line arguments: Namespace(log_base=None, log_level=None, verb_name='build', build_base='build', install_base='install', merge_install=False, symlink_install=False, test_result_base=None, continue_on_error=False, executor='parallel', parallel_workers=8, event_handlers=None, ignore_user_meta=False, metas=['./colcon.meta'], base_paths=['.'], packages_ignore=None, packages_ignore_regex=None, paths=None, packages_up_to=None, packages_up_to_regex=None, packages_above=None, packages_above_and_dependencies=None, packages_above_depth=None, packages_select_by_dep=None, packages_skip_by_dep=None, packages_skip_up_to=None, packages_select_build_failed=False, packages_skip_build_finished=False, packages_select_test_failures=False, packages_skip_test_passed=False, packages_select=None, packages_skip=None, packages_select_regex=None, packages_skip_regex=None, packages_start=None, packages_end=None, allow_overriding=[], cmake_args=None, cmake_target=None, cmake_target_skip_unavailable=False, cmake_clean_cache=False, cmake_clean_first=False, cmake_force_configure=False, ament_cmake_args=None, catkin_cmake_args=None, catkin_skip_building_tests=False, verb_parser=<colcon_defaults.argument_parser.defaults.DefaultArgumentsDecorator object at 0x7f7c79ab51b0>, verb_extension=<colcon_core.verb.build.BuildVerb object at 0x7f7c7a5fdae0>, main=<bound method BuildVerb.main of <colcon_core.verb.build.BuildVerb object at 0x7f7c7a5fdae0>>)
[0.484s] Level 1:colcon.colcon_core.package_discovery:discover_packages(colcon_meta) check parameters
[0.485s] Level 1:colcon.colcon_core.package_discovery:discover_packages(recursive) check parameters
[0.485s] Level 1:colcon.colcon_core.package_discovery:discover_packages(ignore) check parameters
[0.485s] Level 1:colcon.colcon_core.package_discovery:discover_packages(path) check parameters
[0.485s] Level 1:colcon.colcon_core.package_discovery:discover_packages(colcon_meta) discover
[0.485s] Level 1:colcon.colcon_core.package_discovery:discover_packages(recursive) discover
[0.485s] INFO:colcon.colcon_core.package_discovery:Crawling recursively for packages in '/home/sergio/turtle_bot_11'
[0.485s] Level 1:colcon.colcon_core.package_identification:_identify(.) by extensions ['ignore', 'ignore_ament_install']
[0.486s] Level 1:colcon.colcon_core.package_identification:_identify(.) by extension 'ignore'
[0.486s] Level 1:colcon.colcon_core.package_identification:_identify(.) by extension 'ignore_ament_install'
[0.486s] Level 1:colcon.colcon_core.package_identification:_identify(.) by extensions ['colcon_pkg']
[0.486s] Level 1:colcon.colcon_core.package_identification:_identify(.) by extension 'colcon_pkg'
[0.486s] Level 1:colcon.colcon_core.package_identification:_identify(.) by extensions ['colcon_meta']
[0.486s] Level 1:colcon.colcon_core.package_identification:_identify(.) by extension 'colcon_meta'
[0.486s] Level 1:colcon.colcon_core.package_identification:_identify(.) by extensions ['ros']
[0.486s] Level 1:colcon.colcon_core.package_identification:_identify(.) by extension 'ros'
[0.509s] Level 1:colcon.colcon_core.package_identification:_identify(.) by extensions ['cmake', 'python']
[0.510s] Level 1:colcon.colcon_core.package_identification:_identify(.) by extension 'cmake'
[0.510s] Level 1:colcon.colcon_core.package_identification:_identify(.) by extension 'python'
[0.510s] Level 1:colcon.colcon_core.package_identification:_identify(.) by extensions ['python_setup_py']
[0.510s] Level 1:colcon.colcon_core.package_identification:_identify(.) by extension 'python_setup_py'
[0.510s] Level 1:colcon.colcon_core.package_identification:_identify(build) by extensions ['ignore', 'ignore_ament_install']
[0.510s] Level 1:colcon.colcon_core.package_identification:_identify(build) by extension 'ignore'
[0.510s] Level 1:colcon.colcon_core.package_identification:_identify(build) ignored
[0.511s] Level 1:colcon.colcon_core.package_identification:_identify(install) by extensions ['ignore', 'ignore_ament_install']
[0.511s] Level 1:colcon.colcon_core.package_identification:_identify(install) by extension 'ignore'
[0.511s] Level 1:colcon.colcon_core.package_identification:_identify(install) ignored
[0.511s] Level 1:colcon.colcon_core.package_identification:_identify(log) by extensions ['ignore', 'ignore_ament_install']
[0.512s] Level 1:colcon.colcon_core.package_identification:_identify(log) by extension 'ignore'
[0.512s] Level 1:colcon.colcon_core.package_identification:_identify(log) ignored
[0.512s] Level 1:colcon.colcon_core.package_identification:_identify(src) by extensions ['ignore', 'ignore_ament_install']
[0.512s] Level 1:colcon.colcon_core.package_identification:_identify(src) by extension 'ignore'
[0.512s] Level 1:colcon.colcon_core.package_identification:_identify(src) by extension 'ignore_ament_install'
[0.512s] Level 1:colcon.colcon_core.package_identification:_identify(src) by extensions ['colcon_pkg']
[0.512s] Level 1:colcon.colcon_core.package_identification:_identify(src) by extension 'colcon_pkg'
[0.512s] Level 1:colcon.colcon_core.package_identification:_identify(src) by extensions ['colcon_meta']
[0.512s] Level 1:colcon.colcon_core.package_identification:_identify(src) by extension 'colcon_meta'
[0.512s] Level 1:colcon.colcon_core.package_identification:_identify(src) by extensions ['ros']
[0.512s] Level 1:colcon.colcon_core.package_identification:_identify(src) by extension 'ros'
[0.512s] Level 1:colcon.colcon_core.package_identification:_identify(src) by extensions ['cmake', 'python']
[0.512s] Level 1:colcon.colcon_core.package_identification:_identify(src) by extension 'cmake'
[0.513s] Level 1:colcon.colcon_core.package_identification:_identify(src) by extension 'python'
[0.513s] Level 1:colcon.colcon_core.package_identification:_identify(src) by extensions ['python_setup_py']
[0.513s] Level 1:colcon.colcon_core.package_identification:_identify(src) by extension 'python_setup_py'
[0.513s] Level 1:colcon.colcon_core.package_identification:_identify(src/servicios) by extensions ['ignore', 'ignore_ament_install']
[0.513s] Level 1:colcon.colcon_core.package_identification:_identify(src/servicios) by extension 'ignore'
[0.513s] Level 1:colcon.colcon_core.package_identification:_identify(src/servicios) by extension 'ignore_ament_install'
[0.513s] Level 1:colcon.colcon_core.package_identification:_identify(src/servicios) by extensions ['colcon_pkg']
[0.513s] Level 1:colcon.colcon_core.package_identification:_identify(src/servicios) by extension 'colcon_pkg'
[0.513s] Level 1:colcon.colcon_core.package_identification:_identify(src/servicios) by extensions ['colcon_meta']
[0.513s] Level 1:colcon.colcon_core.package_identification:_identify(src/servicios) by extension 'colcon_meta'
[0.513s] Level 1:colcon.colcon_core.package_identification:_identify(src/servicios) by extensions ['ros']
[0.513s] Level 1:colcon.colcon_core.package_identification:_identify(src/servicios) by extension 'ros'
[0.517s] DEBUG:colcon.colcon_core.package_identification:Package 'src/servicios' with type 'ros.ament_cmake' and name 'servicios'
[0.517s] Level 1:colcon.colcon_core.package_identification:_identify(src/turtle_bot_nodos) by extensions ['ignore', 'ignore_ament_install']
[0.517s] Level 1:colcon.colcon_core.package_identification:_identify(src/turtle_bot_nodos) by extension 'ignore'
[0.518s] Level 1:colcon.colcon_core.package_identification:_identify(src/turtle_bot_nodos) by extension 'ignore_ament_install'
[0.518s] Level 1:colcon.colcon_core.package_identification:_identify(src/turtle_bot_nodos) by extensions ['colcon_pkg']
[0.518s] Level 1:colcon.colcon_core.package_identification:_identify(src/turtle_bot_nodos) by extension 'colcon_pkg'
[0.518s] Level 1:colcon.colcon_core.package_identification:_identify(src/turtle_bot_nodos) by extensions ['colcon_meta']
[0.518s] Level 1:colcon.colcon_core.package_identification:_identify(src/turtle_bot_nodos) by extension 'colcon_meta'
[0.518s] Level 1:colcon.colcon_core.package_identification:_identify(src/turtle_bot_nodos) by extensions ['ros']
[0.518s] Level 1:colcon.colcon_core.package_identification:_identify(src/turtle_bot_nodos) by extension 'ros'
[0.520s] DEBUG:colcon.colcon_core.package_identification:Package 'src/turtle_bot_nodos' with type 'ros.ament_python' and name 'turtle_bot_nodos'
[0.520s] Level 1:colcon.colcon_core.package_discovery:discover_packages(recursive) using defaults
[0.520s] Level 1:colcon.colcon_core.package_discovery:discover_packages(ignore) discover
[0.520s] Level 1:colcon.colcon_core.package_discovery:discover_packages(ignore) using defaults
[0.520s] Level 1:colcon.colcon_core.package_discovery:discover_packages(path) discover
[0.520s] Level 1:colcon.colcon_core.package_discovery:discover_packages(path) using defaults
[0.561s] Level 1:colcon.colcon_core.package_discovery:discover_packages(prefix_path) check parameters
[0.561s] Level 1:colcon.colcon_core.package_discovery:discover_packages(prefix_path) discover
[0.567s] DEBUG:colcon.colcon_installed_package_information.package_discovery:Found 3 installed packages in /home/sergio/turtle_bot_11/install
[0.570s] DEBUG:colcon.colcon_installed_package_information.package_discovery:Found 284 installed packages in /opt/ros/humble
[0.572s] Level 1:colcon.colcon_core.package_discovery:discover_packages(prefix_path) using defaults
[0.677s] Level 5:colcon.colcon_core.verb:set package 'servicios' build argument 'cmake_args' from command line to 'None'
[0.677s] Level 5:colcon.colcon_core.verb:set package 'servicios' build argument 'cmake_target' from command line to 'None'
[0.677s] Level 5:colcon.colcon_core.verb:set package 'servicios' build argument 'cmake_target_skip_unavailable' from command line to 'False'
[0.678s] Level 5:colcon.colcon_core.verb:set package 'servicios' build argument 'cmake_clean_cache' from command line to 'False'
[0.678s] Level 5:colcon.colcon_core.verb:set package 'servicios' build argument 'cmake_clean_first' from command line to 'False'
[0.678s] Level 5:colcon.colcon_core.verb:set package 'servicios' build argument 'cmake_force_configure' from command line to 'False'
[0.678s] Level 5:colcon.colcon_core.verb:set package 'servicios' build argument 'ament_cmake_args' from command line to 'None'
[0.678s] Level 5:colcon.colcon_core.verb:set package 'servicios' build argument 'catkin_cmake_args' from command line to 'None'
[0.678s] Level 5:colcon.colcon_core.verb:set package 'servicios' build argument 'catkin_skip_building_tests' from command line to 'False'
[0.678s] DEBUG:colcon.colcon_core.verb:Building package 'servicios' with the following arguments: {'ament_cmake_args': None, 'build_base': '/home/sergio/turtle_bot_11/build/servicios', 'catkin_cmake_args': None, 'catkin_skip_building_tests': False, 'cmake_args': None, 'cmake_clean_cache': False, 'cmake_clean_first': False, 'cmake_force_configure': False, 'cmake_target': None, 'cmake_target_skip_unavailable': False, 'install_base': '/home/sergio/turtle_bot_11/install/servicios', 'merge_install': False, 'path': '/home/sergio/turtle_bot_11/src/servicios', 'symlink_install': False, 'test_result_base': None}
[0.679s] Level 5:colcon.colcon_core.verb:set package 'turtle_bot_nodos' build argument 'cmake_args' from command line to 'None'
[0.679s] Level 5:colcon.colcon_core.verb:set package 'turtle_bot_nodos' build argument 'cmake_target' from command line to 'None'
[0.680s] Level 5:colcon.colcon_core.verb:set package 'turtle_bot_nodos' build argument 'cmake_target_skip_unavailable' from command line to 'False'
[0.680s] Level 5:colcon.colcon_core.verb:set package 'turtle_bot_nodos' build argument 'cmake_clean_cache' from command line to 'False'
[0.680s] Level 5:colcon.colcon_core.verb:set package 'turtle_bot_nodos' build argument 'cmake_clean_first' from command line to 'False'
[0.680s] Level 5:colcon.colcon_core.verb:set package 'turtle_bot_nodos' build argument 'cmake_force_configure' from command line to 'False'
[0.680s] Level 5:colcon.colcon_core.verb:set package 'turtle_bot_nodos' build argument 'ament_cmake_args' from command line to 'None'
[0.680s] Level 5:colcon.colcon_core.verb:set package 'turtle_bot_nodos' build argument 'catkin_cmake_args' from command line to 'None'
[0.680s] Level 5:colcon.colcon_core.verb:set package 'turtle_bot_nodos' build argument 'catkin_skip_building_tests' from command line to 'False'
[0.680s] DEBUG:colcon.colcon_core.verb:Building package 'turtle_bot_nodos' with the following arguments: {'ament_cmake_args': None, 'build_base': '/home/sergio/turtle_bot_11/build/turtle_bot_nodos', 'catkin_cmake_args': None, 'catkin_skip_building_tests': False, 'cmake_args': None, 'cmake_clean_cache': False, 'cmake_clean_first': False, 'cmake_force_configure': False, 'cmake_target': None, 'cmake_target_skip_unavailable': False, 'install_base': '/home/sergio/turtle_bot_11/install/turtle_bot_nodos', 'merge_install': False, 'path': '/home/sergio/turtle_bot_11/src/turtle_bot_nodos', 'symlink_install': False, 'test_result_base': None}
[0.681s] INFO:colcon.colcon_core.executor:Executing jobs using 'parallel' executor
[0.685s] DEBUG:colcon.colcon_parallel_executor.executor.parallel:run_until_complete
[0.685s] INFO:colcon.colcon_ros.task.ament_cmake.build:Building ROS package in '/home/sergio/turtle_bot_11/src/servicios' with build type 'ament_cmake'
[0.686s] INFO:colcon.colcon_cmake.task.cmake.build:Building CMake package in '/home/sergio/turtle_bot_11/src/servicios'
[0.692s] INFO:colcon.colcon_core.plugin_system:Skipping extension 'colcon_core.shell.bat': Not used on non-Windows systems
[0.692s] INFO:colcon.colcon_core.shell:Skip shell extension 'powershell' for command environment: Not usable outside of PowerShell
[0.692s] DEBUG:colcon.colcon_core.shell:Skip shell extension 'dsv' for command environment
[0.698s] INFO:colcon.colcon_ros.task.ament_python.build:Building ROS package in '/home/sergio/turtle_bot_11/src/turtle_bot_nodos' with build type 'ament_python'
[0.699s] Level 1:colcon.colcon_core.shell:create_environment_hook('turtle_bot_nodos', 'ament_prefix_path')
[0.701s] INFO:colcon.colcon_core.shell:Creating environment hook '/home/sergio/turtle_bot_11/install/turtle_bot_nodos/share/turtle_bot_nodos/hook/ament_prefix_path.ps1'
[0.702s] INFO:colcon.colcon_core.shell:Creating environment descriptor '/home/sergio/turtle_bot_11/install/turtle_bot_nodos/share/turtle_bot_nodos/hook/ament_prefix_path.dsv'
[0.703s] INFO:colcon.colcon_core.shell:Creating environment hook '/home/sergio/turtle_bot_11/install/turtle_bot_nodos/share/turtle_bot_nodos/hook/ament_prefix_path.sh'
[0.707s] INFO:colcon.colcon_core.shell:Skip shell extension 'powershell' for command environment: Not usable outside of PowerShell
[0.707s] DEBUG:colcon.colcon_core.shell:Skip shell extension 'dsv' for command environment
[0.723s] DEBUG:colcon.colcon_core.event_handler.log_command:Invoking command in '/home/sergio/turtle_bot_11/build/servicios': CMAKE_PREFIX_PATH=${CMAKE_PREFIX_PATH}:/home/sergio/turtle_bot_11/install/turtle_bot_nodos:/opt/ros/humble COMP_WORDBREAKS=
"'><=;|&( /usr/bin/cmake --build /home/sergio/turtle_bot_11/build/servicios -- -j8 -l8
[1.171s] INFO:colcon.colcon_core.task.python.build:Building Python package in '/home/sergio/turtle_bot_11/src/turtle_bot_nodos'
[1.173s] INFO:colcon.colcon_core.shell:Skip shell extension 'powershell' for command environment: Not usable outside of PowerShell
[1.173s] DEBUG:colcon.colcon_core.shell:Skip shell extension 'dsv' for command environment
[1.521s] DEBUG:colcon.colcon_core.event_handler.log_command:Invoked command in '/home/sergio/turtle_bot_11/build/servicios' returned '0': CMAKE_PREFIX_PATH=${CMAKE_PREFIX_PATH}:/home/sergio/turtle_bot_11/install/turtle_bot_nodos:/opt/ros/humble COMP_WORDBREAKS=
"'><=;|&( /usr/bin/cmake --build /home/sergio/turtle_bot_11/build/servicios -- -j8 -l8
[1.631s] DEBUG:colcon.colcon_core.event_handler.log_command:Invoking command in '/home/sergio/turtle_bot_11/build/servicios': CMAKE_PREFIX_PATH=${CMAKE_PREFIX_PATH}:/home/sergio/turtle_bot_11/install/turtle_bot_nodos:/opt/ros/humble COMP_WORDBREAKS=
"'><=;|&( /usr/bin/cmake --install /home/sergio/turtle_bot_11/build/servicios
[1.737s] Level 1:colcon.colcon_core.environment:create_environment_scripts_only(servicios)
[1.740s] DEBUG:colcon.colcon_core.event_handler.log_command:Invoked command in '/home/sergio/turtle_bot_11/build/servicios' returned '0': CMAKE_PREFIX_PATH=${CMAKE_PREFIX_PATH}:/home/sergio/turtle_bot_11/install/turtle_bot_nodos:/opt/ros/humble COMP_WORDBREAKS=
"'><=;|&( /usr/bin/cmake --install /home/sergio/turtle_bot_11/build/servicios
[1.751s] Level 1:colcon.colcon_core.environment:checking '/home/sergio/turtle_bot_11/install/servicios' for CMake module files
[1.752s] Level 1:colcon.colcon_core.environment:checking '/home/sergio/turtle_bot_11/install/servicios' for CMake config files
[1.753s] Level 1:colcon.colcon_core.shell:create_environment_hook('servicios', 'cmake_prefix_path')
[1.757s] INFO:colcon.colcon_core.shell:Creating environment hook '/home/sergio/turtle_bot_11/install/servicios/share/servicios/hook/cmake_prefix_path.ps1'
[1.758s] INFO:colcon.colcon_core.shell:Creating environment descriptor '/home/sergio/turtle_bot_11/install/servicios/share/servicios/hook/cmake_prefix_path.dsv'
[1.759s] INFO:colcon.colcon_core.shell:Creating environment hook '/home/sergio/turtle_bot_11/install/servicios/share/servicios/hook/cmake_prefix_path.sh'
[1.760s] Level 1:colcon.colcon_core.environment:checking '/home/sergio/turtle_bot_11/install/servicios/lib'
[1.761s] Level 1:colcon.colcon_core.shell:create_environment_hook('servicios', 'ld_library_path_lib')
[1.765s] INFO:colcon.colcon_core.shell:Creating environment hook '/home/sergio/turtle_bot_11/install/servicios/share/servicios/hook/ld_library_path_lib.ps1'
[1.766s] INFO:colcon.colcon_core.shell:Creating environment descriptor '/home/sergio/turtle_bot_11/install/servicios/share/servicios/hook/ld_library_path_lib.dsv'
[1.766s] INFO:colcon.colcon_core.shell:Creating environment hook '/home/sergio/turtle_bot_11/install/servicios/share/servicios/hook/ld_library_path_lib.sh'
[1.767s] Level 1:colcon.colcon_core.environment:checking '/home/sergio/turtle_bot_11/install/servicios/bin'
[1.767s] Level 1:colcon.colcon_core.environment:checking '/home/sergio/turtle_bot_11/install/servicios/lib/pkgconfig/servicios.pc'
[1.768s] Level 1:colcon.colcon_core.environment:checking '/home/sergio/turtle_bot_11/install/servicios/lib/python3.10/site-packages'
[1.769s] Level 1:colcon.colcon_core.environment:checking '/home/sergio/turtle_bot_11/install/servicios/bin'
[1.773s] INFO:colcon.colcon_core.shell:Creating package script '/home/sergio/turtle_bot_11/install/servicios/share/servicios/package.ps1'
[1.775s] INFO:colcon.colcon_core.shell:Creating package descriptor '/home/sergio/turtle_bot_11/install/servicios/share/servicios/package.dsv'
[1.776s] INFO:colcon.colcon_core.shell:Creating package script '/home/sergio/turtle_bot_11/install/servicios/share/servicios/package.sh'
[1.779s] INFO:colcon.colcon_core.shell:Creating package script '/home/sergio/turtle_bot_11/install/servicios/share/servicios/package.bash'
[1.781s] INFO:colcon.colcon_core.shell:Creating package script '/home/sergio/turtle_bot_11/install/servicios/share/servicios/package.zsh'
[1.782s] Level 1:colcon.colcon_core.environment:create_file_with_runtime_dependencies(/home/sergio/turtle_bot_11/install/servicios/share/colcon-core/packages/servicios)
[1.878s] Level 1:colcon.colcon_core.environment:create_environment_scripts_only(servicios)
[1.882s] Level 1:colcon.colcon_core.environment:checking '/home/sergio/turtle_bot_11/install/servicios' for CMake module files
[1.883s] Level 1:colcon.colcon_core.environment:checking '/home/sergio/turtle_bot_11/install/servicios' for CMake config files
[1.884s] Level 1:colcon.colcon_core.shell:create_environment_hook('servicios', 'cmake_prefix_path')
[1.886s] INFO:colcon.colcon_core.shell:Creating environment hook '/home/sergio/turtle_bot_11/install/servicios/share/servicios/hook/cmake_prefix_path.ps1'
[1.887s] INFO:colcon.colcon_core.shell:Creating environment descriptor '/home/sergio/turtle_bot_11/install/servicios/share/servicios/hook/cmake_prefix_path.dsv'
[1.888s] INFO:colcon.colcon_core.shell:Creating environment hook '/home/sergio/turtle_bot_11/install/servicios/share/servicios/hook/cmake_prefix_path.sh'
[1.890s] Level 1:colcon.colcon_core.environment:checking '/home/sergio/turtle_bot_11/install/servicios/lib'
[1.890s] Level 1:colcon.colcon_core.shell:create_environment_hook('servicios', 'ld_library_path_lib')
[1.893s] INFO:colcon.colcon_core.shell:Creating environment hook '/home/sergio/turtle_bot_11/install/servicios/share/servicios/hook/ld_library_path_lib.ps1'
[1.894s] INFO:colcon.colcon_core.shell:Creating environment descriptor '/home/sergio/turtle_bot_11/install/servicios/share/servicios/hook/ld_library_path_lib.dsv'
[1.894s] INFO:colcon.colcon_core.shell:Creating environment hook '/home/sergio/turtle_bot_11/install/servicios/share/servicios/hook/ld_library_path_lib.sh'
[1.895s] Level 1:colcon.colcon_core.environment:checking '/home/sergio/turtle_bot_11/install/servicios/bin'
[1.895s] Level 1:colcon.colcon_core.environment:checking '/home/sergio/turtle_bot_11/install/servicios/lib/pkgconfig/servicios.pc'
[1.896s] Level 1:colcon.colcon_core.environment:checking '/home/sergio/turtle_bot_11/install/servicios/lib/python3.10/site-packages'
[1.896s] Level 1:colcon.colcon_core.environment:checking '/home/sergio/turtle_bot_11/install/servicios/bin'
[1.900s] INFO:colcon.colcon_core.shell:Creating package script '/home/sergio/turtle_bot_11/install/servicios/share/servicios/package.ps1'
[1.901s] INFO:colcon.colcon_core.shell:Creating package descriptor '/home/sergio/turtle_bot_11/install/servicios/share/servicios/package.dsv'
[1.902s] INFO:colcon.colcon_core.shell:Creating package script '/home/sergio/turtle_bot_11/install/servicios/share/servicios/package.sh'
[1.903s] INFO:colcon.colcon_core.shell:Creating package script '/home/sergio/turtle_bot_11/install/servicios/share/servicios/package.bash'
[1.904s] INFO:colcon.colcon_core.shell:Creating package script '/home/sergio/turtle_bot_11/install/servicios/share/servicios/package.zsh'
[1.905s] Level 1:colcon.colcon_core.environment:create_file_with_runtime_dependencies(/home/sergio/turtle_bot_11/install/servicios/share/colcon-core/packages/servicios)
[2.321s] DEBUG:colcon.colcon_core.event_handler.log_command:Invoking command in '/home/sergio/turtle_bot_11/src/turtle_bot_nodos': COMP_WORDBREAKS=
"'><=;|&( PYTHONPATH=/home/sergio/turtle_bot_11/build/turtle_bot_nodos/prefix_override:/home/sergio/turtle_bot_11/install/turtle_bot_nodos/lib/python3.10/site-packages:${PYTHONPATH} /usr/bin/python3 setup.py egg_info --egg-base ../../build/turtle_bot_nodos build --build-base /home/sergio/turtle_bot_11/build/turtle_bot_nodos/build install --record /home/sergio/turtle_bot_11/build/turtle_bot_nodos/install.log --single-version-externally-managed
[3.242s] Level 1:colcon.colcon_core.environment:checking '/home/sergio/turtle_bot_11/install/turtle_bot_nodos' for CMake module files
[3.243s] DEBUG:colcon.colcon_core.event_handler.log_command:Invoked command in '/home/sergio/turtle_bot_11/src/turtle_bot_nodos' returned '0': COMP_WORDBREAKS=
"'><=;|&( PYTHONPATH=/home/sergio/turtle_bot_11/build/turtle_bot_nodos/prefix_override:/home/sergio/turtle_bot_11/install/turtle_bot_nodos/lib/python3.10/site-packages:${PYTHONPATH} /usr/bin/python3 setup.py egg_info --egg-base ../../build/turtle_bot_nodos build --build-base /home/sergio/turtle_bot_11/build/turtle_bot_nodos/build install --record /home/sergio/turtle_bot_11/build/turtle_bot_nodos/install.log --single-version-externally-managed
[3.244s] Level 1:colcon.colcon_core.environment:checking '/home/sergio/turtle_bot_11/install/turtle_bot_nodos' for CMake config files
[3.245s] Level 1:colcon.colcon_core.environment:checking '/home/sergio/turtle_bot_11/install/turtle_bot_nodos/lib'
[3.245s] Level 1:colcon.colcon_core.environment:checking '/home/sergio/turtle_bot_11/install/turtle_bot_nodos/bin'
[3.246s] Level 1:colcon.colcon_core.environment:checking '/home/sergio/turtle_bot_11/install/turtle_bot_nodos/lib/pkgconfig/turtle_bot_nodos.pc'
[3.246s] Level 1:colcon.colcon_core.environment:checking '/home/sergio/turtle_bot_11/install/turtle_bot_nodos/lib/python3.10/site-packages'
[3.246s] Level 1:colcon.colcon_core.shell:create_environment_hook('turtle_bot_nodos', 'pythonpath')
[3.250s] INFO:colcon.colcon_core.shell:Creating environment hook '/home/sergio/turtle_bot_11/install/turtle_bot_nodos/share/turtle_bot_nodos/hook/pythonpath.ps1'
[3.252s] INFO:colcon.colcon_core.shell:Creating environment descriptor '/home/sergio/turtle_bot_11/install/turtle_bot_nodos/share/turtle_bot_nodos/hook/pythonpath.dsv'
[3.253s] INFO:colcon.colcon_core.shell:Creating environment hook '/home/sergio/turtle_bot_11/install/turtle_bot_nodos/share/turtle_bot_nodos/hook/pythonpath.sh'
[3.254s] Level 1:colcon.colcon_core.environment:checking '/home/sergio/turtle_bot_11/install/turtle_bot_nodos/bin'
[3.254s] Level 1:colcon.colcon_core.environment:create_environment_scripts_only(turtle_bot_nodos)
[3.257s] INFO:colcon.colcon_core.shell:Creating package script '/home/sergio/turtle_bot_11/install/turtle_bot_nodos/share/turtle_bot_nodos/package.ps1'
[3.258s] INFO:colcon.colcon_core.shell:Creating package descriptor '/home/sergio/turtle_bot_11/install/turtle_bot_nodos/share/turtle_bot_nodos/package.dsv'
[3.259s] INFO:colcon.colcon_core.shell:Creating package script '/home/sergio/turtle_bot_11/install/turtle_bot_nodos/share/turtle_bot_nodos/package.sh'
[3.260s] INFO:colcon.colcon_core.shell:Creating package script '/home/sergio/turtle_bot_11/install/turtle_bot_nodos/share/turtle_bot_nodos/package.bash'
[3.260s] INFO:colcon.colcon_core.shell:Creating package script '/home/sergio/turtle_bot_11/install/turtle_bot_nodos/share/turtle_bot_nodos/package.zsh'
[3.261s] Level 1:colcon.colcon_core.environment:create_file_with_runtime_dependencies(/home/sergio/turtle_bot_11/install/turtle_bot_nodos/share/colcon-core/packages/turtle_bot_nodos)
[3.261s] DEBUG:colcon.colcon_parallel_executor.executor.parallel:closing loop
[3.261s] DEBUG:colcon.colcon_parallel_executor.executor.parallel:loop closed
[3.262s] DEBUG:colcon.colcon_parallel_executor.executor.parallel:run_until_complete finished with '0'
[3.262s] DEBUG:colcon.colcon_core.event_reactor:joining thread
[3.276s] INFO:colcon.colcon_core.plugin_system:Skipping extension 'colcon_notification.desktop_notification.terminal_notifier': Not used on non-Darwin systems
[3.276s] INFO:colcon.colcon_core.plugin_system:Skipping extension 'colcon_notification.desktop_notification.win32': Not used on non-Windows systems
[3.276s] INFO:colcon.colcon_notification.desktop_notification:Sending desktop notification using 'notify2'
[3.303s] DEBUG:colcon.colcon_core.event_reactor:joined thread
[3.306s] INFO:colcon.colcon_core.shell:Creating prefix script '/home/sergio/turtle_bot_11/install/local_setup.ps1'
[3.309s] INFO:colcon.colcon_core.shell:Creating prefix util module '/home/sergio/turtle_bot_11/install/_local_setup_util_ps1.py'
[3.312s] INFO:colcon.colcon_core.shell:Creating prefix chain script '/home/sergio/turtle_bot_11/install/setup.ps1'
[3.316s] INFO:colcon.colcon_core.shell:Creating prefix script '/home/sergio/turtle_bot_11/install/local_setup.sh'
[3.318s] INFO:colcon.colcon_core.shell:Creating prefix util module '/home/sergio/turtle_bot_11/install/_local_setup_util_sh.py'
[3.320s] INFO:colcon.colcon_core.shell:Creating prefix chain script '/home/sergio/turtle_bot_11/install/setup.sh'
[3.327s] INFO:colcon.colcon_core.shell:Creating prefix script '/home/sergio/turtle_bot_11/install/local_setup.bash'
[3.328s] INFO:colcon.colcon_core.shell:Creating prefix chain script '/home/sergio/turtle_bot_11/install/setup.bash'
[3.332s] INFO:colcon.colcon_core.shell:Creating prefix script '/home/sergio/turtle_bot_11/install/local_setup.zsh'
[3.334s] INFO:colcon.colcon_core.shell:Creating prefix chain script '/home/sergio/turtle_bot_11/install/setup.zsh'
