running egg_info
writing ../../build/turtle_bot_nodos/turtle_bot_nodos.egg-info/PKG-INFO
writing dependency_links to ../../build/turtle_bot_nodos/turtle_bot_nodos.egg-info/dependency_links.txt
writing entry points to ../../build/turtle_bot_nodos/turtle_bot_nodos.egg-info/entry_points.txt
writing requirements to ../../build/turtle_bot_nodos/turtle_bot_nodos.egg-info/requires.txt
writing top-level names to ../../build/turtle_bot_nodos/turtle_bot_nodos.egg-info/top_level.txt
reading manifest file '../../build/turtle_bot_nodos/turtle_bot_nodos.egg-info/SOURCES.txt'
writing manifest file '../../build/turtle_bot_nodos/turtle_bot_nodos.egg-info/SOURCES.txt'
running build
running build_py
copying turtle_bot_nodos/turtle_bot_interface.py -> /home/sergio/turtle_bot_11/build/turtle_bot_nodos/build/lib/turtle_bot_nodos
copying turtle_bot_nodos/turtle_bot_teleop.py -> /home/sergio/turtle_bot_11/build/turtle_bot_nodos/build/lib/turtle_bot_nodos
running install
/home/sergio/.local/lib/python3.10/site-packages/setuptools/command/install.py:34: SetuptoolsDeprecationWarning: setup.py install is deprecated. Use build and pip and other standards-based tools.
  warnings.warn(
running install_lib
copying /home/sergio/turtle_bot_11/build/turtle_bot_nodos/build/lib/turtle_bot_nodos/turtle_bot_interface.py -> /home/sergio/turtle_bot_11/install/turtle_bot_nodos/lib/python3.10/site-packages/turtle_bot_nodos
copying /home/sergio/turtle_bot_11/build/turtle_bot_nodos/build/lib/turtle_bot_nodos/turtle_bot_teleop.py -> /home/sergio/turtle_bot_11/install/turtle_bot_nodos/lib/python3.10/site-packages/turtle_bot_nodos
byte-compiling /home/sergio/turtle_bot_11/install/turtle_bot_nodos/lib/python3.10/site-packages/turtle_bot_nodos/turtle_bot_interface.py to turtle_bot_interface.cpython-310.pyc
byte-compiling /home/sergio/turtle_bot_11/install/turtle_bot_nodos/lib/python3.10/site-packages/turtle_bot_nodos/turtle_bot_teleop.py to turtle_bot_teleop.cpython-310.pyc
running install_data
running install_egg_info
removing '/home/sergio/turtle_bot_11/install/turtle_bot_nodos/lib/python3.10/site-packages/turtle_bot_nodos-0.0.0-py3.10.egg-info' (and everything under it)
Copying ../../build/turtle_bot_nodos/turtle_bot_nodos.egg-info to /home/sergio/turtle_bot_11/install/turtle_bot_nodos/lib/python3.10/site-packages/turtle_bot_nodos-0.0.0-py3.10.egg-info
running install_scripts
Installing turtle_bot_interface script to /home/sergio/turtle_bot_11/install/turtle_bot_nodos/lib/turtle_bot_nodos
Installing turtle_bot_player script to /home/sergio/turtle_bot_11/install/turtle_bot_nodos/lib/turtle_bot_nodos
Installing turtle_bot_save_route script to /home/sergio/turtle_bot_11/install/turtle_bot_nodos/lib/turtle_bot_nodos
Installing turtle_bot_teleop_ script to /home/sergio/turtle_bot_11/install/turtle_bot_nodos/lib/turtle_bot_nodos
writing list of installed files to '/home/sergio/turtle_bot_11/build/turtle_bot_nodos/install.log'
