[0.035s] Invoking command in '/home/sergio/turtle_bot_11/build/servicios': CMAKE_PREFIX_PATH=${CMAKE_PREFIX_PATH}:/home/sergio/turtle_bot_11/install/turtle_bot_nodos:/opt/ros/humble COMP_WORDBREAKS=
"'><=;|&( /usr/bin/cmake --build /home/sergio/turtle_bot_11/build/servicios -- -j8 -l8
[0.224s] -- Found ament_cmake: 1.3.3 (/opt/ros/humble/share/ament_cmake/cmake)
[0.768s] -- Found geometry_msgs: 4.2.3 (/opt/ros/humble/share/geometry_msgs/cmake)
[0.962s] -- Found rosidl_generator_c: 3.1.4 (/opt/ros/humble/share/rosidl_generator_c/cmake)
[0.994s] -- Found rosidl_adapter: 3.1.4 (/opt/ros/humble/share/rosidl_adapter/cmake)
[1.132s] -- Found rosidl_generator_cpp: 3.1.4 (/opt/ros/humble/share/rosidl_generator_cpp/cmake)
[1.157s] -- Using all available rosidl_typesupport_c: rosidl_typesupport_fastrtps_c;rosidl_typesupport_introspection_c
[1.197s] -- Using all available rosidl_typesupport_cpp: rosidl_typesupport_fastrtps_cpp;rosidl_typesupport_introspection_cpp
[1.425s] -- Found rosidl_default_generators: 1.2.0 (/opt/ros/humble/share/rosidl_default_generators/cmake)
[1.833s] -- Found ament_cmake_ros: 0.10.0 (/opt/ros/humble/share/ament_cmake_ros/cmake)
[2.314s] -- Using all available rosidl_typesupport_c: rosidl_typesupport_fastrtps_c;rosidl_typesupport_introspection_c
[2.470s] -- Using all available rosidl_typesupport_cpp: rosidl_typesupport_fastrtps_cpp;rosidl_typesupport_introspection_cpp
[2.516s] -- Found python_cmake_module: 0.10.0 (/opt/ros/humble/share/python_cmake_module/cmake)
[2.571s] -- Using PYTHON_EXECUTABLE: /usr/bin/python3
[2.571s] -- Using PYTHON_INCLUDE_DIRS: /usr/include/python3.10
[2.571s] -- Using PYTHON_LIBRARIES: /usr/lib/x86_64-linux-gnu/libpython3.10.so
[2.704s] -- Found ament_lint_auto: 0.12.5 (/opt/ros/humble/share/ament_lint_auto/cmake)
[2.795s] -- Added test 'lint_cmake' to check CMake code style
[2.800s] -- Added test 'xmllint' to check XML markup files
[2.808s] -- Configuring done
[2.968s] -- Generating done
[2.982s] -- Build files have been written to: /home/sergio/turtle_bot_11/build/servicios
[3.023s] [  3%] [34m[1mGenerating C code for ROS interfaces[0m
[3.031s] [  6%] [34m[1mGenerating C++ code for ROS interfaces[0m
[3.041s] [  6%] Built target ament_cmake_python_copy_servicios
[3.240s] running egg_info
[3.256s] writing servicios.egg-info/PKG-INFO
[3.257s] writing dependency_links to servicios.egg-info/dependency_links.txt
[3.257s] writing top-level names to servicios.egg-info/top_level.txt
[3.302s] reading manifest file 'servicios.egg-info/SOURCES.txt'
[3.302s] writing manifest file 'servicios.egg-info/SOURCES.txt'
[3.334s] [  6%] Built target ament_cmake_python_build_servicios_egg
[3.355s] [  6%] Built target servicios__cpp
[3.366s] [  9%] [34m[1mGenerating C++ introspection for ROS interfaces[0m
[3.369s] [ 12%] [34m[1mGenerating C++ type support for eProsima Fast-RTPS[0m
[3.369s] [ 16%] [34m[1mGenerating C++ type support dispatch for ROS interfaces[0m
[3.394s] [35m[1mConsolidate compiler generated dependencies of target servicios__rosidl_generator_c[0m
[3.406s] [ 19%] [32mBuilding C object CMakeFiles/servicios__rosidl_generator_c.dir/rosidl_generator_c/servicios/srv/detail/save_route__functions.c.o[0m
[3.699s] [35m[1mConsolidate compiler generated dependencies of target servicios__rosidl_typesupport_cpp[0m
[3.706s] [35m[1mConsolidate compiler generated dependencies of target servicios__rosidl_typesupport_fastrtps_cpp[0m
[3.712s] [ 22%] [32mBuilding CXX object CMakeFiles/servicios__rosidl_typesupport_cpp.dir/rosidl_typesupport_cpp/servicios/srv/save_route__type_support.cpp.o[0m
[3.719s] [ 25%] [32mBuilding CXX object CMakeFiles/servicios__rosidl_typesupport_fastrtps_cpp.dir/rosidl_typesupport_fastrtps_cpp/servicios/srv/detail/dds_fastrtps/save_route__type_support.cpp.o[0m
[3.849s] [ 29%] [32m[1mLinking C shared library libservicios__rosidl_generator_c.so[0m
[3.916s] [35m[1mConsolidate compiler generated dependencies of target servicios__rosidl_typesupport_introspection_cpp[0m
[3.929s] [ 32%] [32mBuilding CXX object CMakeFiles/servicios__rosidl_typesupport_introspection_cpp.dir/rosidl_typesupport_introspection_cpp/servicios/srv/detail/save_route__type_support.cpp.o[0m
[4.585s] [ 32%] Built target servicios__rosidl_generator_c
[4.594s] [ 38%] [34m[1mGenerating C introspection for ROS interfaces[0m
[4.594s] [ 38%] [34m[1mGenerating C type support for eProsima Fast-RTPS[0m
[4.594s] [ 41%] [34m[1mGenerating C type support dispatch for ROS interfaces[0m
[4.942s] [ 45%] [32m[1mLinking CXX shared library libservicios__rosidl_typesupport_cpp.so[0m
[5.008s] [ 48%] [32m[1mLinking CXX shared library libservicios__rosidl_typesupport_introspection_cpp.so[0m
[5.013s] [ 51%] [32m[1mLinking CXX shared library libservicios__rosidl_typesupport_fastrtps_cpp.so[0m
[5.095s] [35m[1mConsolidate compiler generated dependencies of target servicios__rosidl_typesupport_c[0m
[5.099s] [35m[1mConsolidate compiler generated dependencies of target servicios__rosidl_typesupport_introspection_c[0m
[5.105s] [ 54%] [32mBuilding CXX object CMakeFiles/servicios__rosidl_typesupport_c.dir/rosidl_typesupport_c/servicios/srv/save_route__type_support.cpp.o[0m
[5.110s] [ 58%] [32mBuilding C object CMakeFiles/servicios__rosidl_typesupport_introspection_c.dir/rosidl_typesupport_introspection_c/servicios/srv/detail/save_route__type_support.c.o[0m
[5.150s] [35m[1mConsolidate compiler generated dependencies of target servicios__rosidl_typesupport_fastrtps_c[0m
[5.162s] [ 61%] [32mBuilding CXX object CMakeFiles/servicios__rosidl_typesupport_fastrtps_c.dir/rosidl_typesupport_fastrtps_c/servicios/srv/detail/save_route__type_support_c.cpp.o[0m
[5.222s] [ 64%] [32m[1mLinking C shared library libservicios__rosidl_typesupport_introspection_c.so[0m
[5.272s] [ 67%] [32m[1mLinking CXX shared library libservicios__rosidl_typesupport_c.so[0m
[5.282s] [ 67%] Built target servicios__rosidl_typesupport_introspection_c
[5.325s] [ 67%] Built target servicios__rosidl_typesupport_cpp
[5.329s] [ 67%] Built target servicios__rosidl_typesupport_c
[5.370s] [ 67%] Built target servicios__rosidl_typesupport_introspection_cpp
[5.384s] [ 67%] Built target servicios__rosidl_typesupport_fastrtps_cpp
[5.593s] [ 70%] [32m[1mLinking CXX shared library libservicios__rosidl_typesupport_fastrtps_c.so[0m
[5.698s] [ 70%] Built target servicios__rosidl_typesupport_fastrtps_c
[5.715s] [ 70%] Built target servicios
[5.733s] [ 74%] [34m[1mGenerating Python code for ROS interfaces[0m
[6.089s] [ 74%] Built target servicios__py
[6.119s] [35m[1mConsolidate compiler generated dependencies of target servicios__rosidl_generator_py[0m
[6.131s] [ 77%] [32mBuilding C object CMakeFiles/servicios__rosidl_generator_py.dir/rosidl_generator_py/servicios/srv/_save_route_s.c.o[0m
[6.246s] [ 80%] [32m[1mLinking C shared library rosidl_generator_py/servicios/libservicios__rosidl_generator_py.so[0m
[6.314s] [ 80%] Built target servicios__rosidl_generator_py
[6.347s] [35m[1mConsolidate compiler generated dependencies of target servicios__rosidl_typesupport_c__pyext[0m
[6.355s] [35m[1mConsolidate compiler generated dependencies of target servicios__rosidl_typesupport_introspection_c__pyext[0m
[6.358s] [35m[1mConsolidate compiler generated dependencies of target servicios__rosidl_typesupport_fastrtps_c__pyext[0m
[6.359s] [ 83%] [32mBuilding C object CMakeFiles/servicios__rosidl_typesupport_c__pyext.dir/rosidl_generator_py/servicios/_servicios_s.ep.rosidl_typesupport_c.c.o[0m
[6.368s] [ 87%] [32mBuilding C object CMakeFiles/servicios__rosidl_typesupport_introspection_c__pyext.dir/rosidl_generator_py/servicios/_servicios_s.ep.rosidl_typesupport_introspection_c.c.o[0m
[6.374s] [ 90%] [32mBuilding C object CMakeFiles/servicios__rosidl_typesupport_fastrtps_c__pyext.dir/rosidl_generator_py/servicios/_servicios_s.ep.rosidl_typesupport_fastrtps_c.c.o[0m
[6.470s] [ 93%] [32m[1mLinking C shared library rosidl_generator_py/servicios/servicios_s__rosidl_typesupport_c.cpython-310-x86_64-linux-gnu.so[0m
[6.479s] [ 96%] [32m[1mLinking C shared library rosidl_generator_py/servicios/servicios_s__rosidl_typesupport_introspection_c.cpython-310-x86_64-linux-gnu.so[0m
[6.489s] [100%] [32m[1mLinking C shared library rosidl_generator_py/servicios/servicios_s__rosidl_typesupport_fastrtps_c.cpython-310-x86_64-linux-gnu.so[0m
[6.514s] [100%] Built target servicios__rosidl_typesupport_c__pyext
[6.523s] [100%] Built target servicios__rosidl_typesupport_introspection_c__pyext
[6.534s] [100%] Built target servicios__rosidl_typesupport_fastrtps_c__pyext
[6.544s] Invoked command in '/home/sergio/turtle_bot_11/build/servicios' returned '0': CMAKE_PREFIX_PATH=${CMAKE_PREFIX_PATH}:/home/sergio/turtle_bot_11/install/turtle_bot_nodos:/opt/ros/humble COMP_WORDBREAKS=
"'><=;|&( /usr/bin/cmake --build /home/sergio/turtle_bot_11/build/servicios -- -j8 -l8
[6.608s] Invoking command in '/home/sergio/turtle_bot_11/build/servicios': CMAKE_PREFIX_PATH=${CMAKE_PREFIX_PATH}:/home/sergio/turtle_bot_11/install/turtle_bot_nodos:/opt/ros/humble COMP_WORDBREAKS=
"'><=;|&( /usr/bin/cmake --install /home/sergio/turtle_bot_11/build/servicios
[6.614s] -- Install configuration: ""
[6.614s] -- Up-to-date: /home/sergio/turtle_bot_11/install/servicios/share/ament_index/resource_index/rosidl_interfaces/servicios
[6.614s] -- Up-to-date: /home/sergio/turtle_bot_11/install/servicios/include/servicios/servicios
[6.614s] -- Up-to-date: /home/sergio/turtle_bot_11/install/servicios/include/servicios/servicios/msg
[6.614s] -- Up-to-date: /home/sergio/turtle_bot_11/install/servicios/include/servicios/servicios/msg/rosidl_generator_c__visibility_control.h
[6.615s] -- Up-to-date: /home/sergio/turtle_bot_11/install/servicios/include/servicios/servicios/srv
[6.615s] -- Installing: /home/sergio/turtle_bot_11/install/servicios/include/servicios/servicios/srv/save_route.h
[6.615s] -- Up-to-date: /home/sergio/turtle_bot_11/install/servicios/include/servicios/servicios/srv/detail
[6.615s] -- Installing: /home/sergio/turtle_bot_11/install/servicios/include/servicios/servicios/srv/detail/save_route__struct.h
[6.615s] -- Installing: /home/sergio/turtle_bot_11/install/servicios/include/servicios/servicios/srv/detail/save_route__type_support.h
[6.615s] -- Installing: /home/sergio/turtle_bot_11/install/servicios/include/servicios/servicios/srv/detail/save_route__functions.c
[6.615s] -- Installing: /home/sergio/turtle_bot_11/install/servicios/include/servicios/servicios/srv/detail/save_route__functions.h
[6.615s] -- Up-to-date: /home/sergio/turtle_bot_11/install/servicios/share/servicios/environment/library_path.sh
[6.615s] -- Installing: /home/sergio/turtle_bot_11/install/servicios/share/servicios/environment/library_path.dsv
[6.616s] -- Installing: /home/sergio/turtle_bot_11/install/servicios/lib/libservicios__rosidl_generator_c.so
[6.616s] -- Set runtime path of "/home/sergio/turtle_bot_11/install/servicios/lib/libservicios__rosidl_generator_c.so" to ""
[6.616s] -- Up-to-date: /home/sergio/turtle_bot_11/install/servicios/include/servicios/servicios
[6.616s] -- Up-to-date: /home/sergio/turtle_bot_11/install/servicios/include/servicios/servicios/msg
[6.616s] -- Up-to-date: /home/sergio/turtle_bot_11/install/servicios/include/servicios/servicios/msg/rosidl_typesupport_fastrtps_c__visibility_control.h
[6.616s] -- Up-to-date: /home/sergio/turtle_bot_11/install/servicios/include/servicios/servicios/srv
[6.616s] -- Up-to-date: /home/sergio/turtle_bot_11/install/servicios/include/servicios/servicios/srv/detail
[6.616s] -- Installing: /home/sergio/turtle_bot_11/install/servicios/include/servicios/servicios/srv/detail/save_route__rosidl_typesupport_fastrtps_c.h
[6.616s] -- Installing: /home/sergio/turtle_bot_11/install/servicios/lib/libservicios__rosidl_typesupport_fastrtps_c.so
[6.616s] -- Set runtime path of "/home/sergio/turtle_bot_11/install/servicios/lib/libservicios__rosidl_typesupport_fastrtps_c.so" to ""
[6.617s] -- Up-to-date: /home/sergio/turtle_bot_11/install/servicios/include/servicios/servicios
[6.617s] -- Up-to-date: /home/sergio/turtle_bot_11/install/servicios/include/servicios/servicios/srv
[6.617s] -- Up-to-date: /home/sergio/turtle_bot_11/install/servicios/include/servicios/servicios/srv/detail
[6.617s] -- Installing: /home/sergio/turtle_bot_11/install/servicios/include/servicios/servicios/srv/detail/save_route__traits.hpp
[6.617s] -- Installing: /home/sergio/turtle_bot_11/install/servicios/include/servicios/servicios/srv/detail/save_route__struct.hpp
[6.617s] -- Installing: /home/sergio/turtle_bot_11/install/servicios/include/servicios/servicios/srv/detail/save_route__builder.hpp
[6.617s] -- Installing: /home/sergio/turtle_bot_11/install/servicios/include/servicios/servicios/srv/save_route.hpp
[6.617s] -- Up-to-date: /home/sergio/turtle_bot_11/install/servicios/include/servicios/servicios
[6.617s] -- Up-to-date: /home/sergio/turtle_bot_11/install/servicios/include/servicios/servicios/msg
[6.617s] -- Up-to-date: /home/sergio/turtle_bot_11/install/servicios/include/servicios/servicios/msg/rosidl_typesupport_fastrtps_cpp__visibility_control.h
[6.618s] -- Up-to-date: /home/sergio/turtle_bot_11/install/servicios/include/servicios/servicios/srv
[6.618s] -- Up-to-date: /home/sergio/turtle_bot_11/install/servicios/include/servicios/servicios/srv/detail
[6.618s] -- Up-to-date: /home/sergio/turtle_bot_11/install/servicios/include/servicios/servicios/srv/detail/dds_fastrtps
[6.618s] -- Installing: /home/sergio/turtle_bot_11/install/servicios/include/servicios/servicios/srv/detail/save_route__rosidl_typesupport_fastrtps_cpp.hpp
[6.618s] -- Installing: /home/sergio/turtle_bot_11/install/servicios/lib/libservicios__rosidl_typesupport_fastrtps_cpp.so
[6.618s] -- Set runtime path of "/home/sergio/turtle_bot_11/install/servicios/lib/libservicios__rosidl_typesupport_fastrtps_cpp.so" to ""
[6.618s] -- Up-to-date: /home/sergio/turtle_bot_11/install/servicios/include/servicios/servicios
[6.618s] -- Up-to-date: /home/sergio/turtle_bot_11/install/servicios/include/servicios/servicios/msg
[6.619s] -- Up-to-date: /home/sergio/turtle_bot_11/install/servicios/include/servicios/servicios/msg/rosidl_typesupport_introspection_c__visibility_control.h
[6.619s] -- Up-to-date: /home/sergio/turtle_bot_11/install/servicios/include/servicios/servicios/srv
[6.619s] -- Up-to-date: /home/sergio/turtle_bot_11/install/servicios/include/servicios/servicios/srv/detail
[6.619s] -- Installing: /home/sergio/turtle_bot_11/install/servicios/include/servicios/servicios/srv/detail/save_route__type_support.c
[6.619s] -- Installing: /home/sergio/turtle_bot_11/install/servicios/include/servicios/servicios/srv/detail/save_route__rosidl_typesupport_introspection_c.h
[6.619s] -- Installing: /home/sergio/turtle_bot_11/install/servicios/lib/libservicios__rosidl_typesupport_introspection_c.so
[6.619s] -- Set runtime path of "/home/sergio/turtle_bot_11/install/servicios/lib/libservicios__rosidl_typesupport_introspection_c.so" to ""
[6.619s] -- Installing: /home/sergio/turtle_bot_11/install/servicios/lib/libservicios__rosidl_typesupport_c.so
[6.620s] -- Set runtime path of "/home/sergio/turtle_bot_11/install/servicios/lib/libservicios__rosidl_typesupport_c.so" to ""
[6.620s] -- Up-to-date: /home/sergio/turtle_bot_11/install/servicios/include/servicios/servicios
[6.620s] -- Up-to-date: /home/sergio/turtle_bot_11/install/servicios/include/servicios/servicios/srv
[6.620s] -- Up-to-date: /home/sergio/turtle_bot_11/install/servicios/include/servicios/servicios/srv/detail
[6.620s] -- Installing: /home/sergio/turtle_bot_11/install/servicios/include/servicios/servicios/srv/detail/save_route__rosidl_typesupport_introspection_cpp.hpp
[6.620s] -- Installing: /home/sergio/turtle_bot_11/install/servicios/include/servicios/servicios/srv/detail/save_route__type_support.cpp
[6.620s] -- Installing: /home/sergio/turtle_bot_11/install/servicios/lib/libservicios__rosidl_typesupport_introspection_cpp.so
[6.621s] -- Set runtime path of "/home/sergio/turtle_bot_11/install/servicios/lib/libservicios__rosidl_typesupport_introspection_cpp.so" to ""
[6.621s] -- Installing: /home/sergio/turtle_bot_11/install/servicios/lib/libservicios__rosidl_typesupport_cpp.so
[6.621s] -- Set runtime path of "/home/sergio/turtle_bot_11/install/servicios/lib/libservicios__rosidl_typesupport_cpp.so" to ""
[6.621s] -- Up-to-date: /home/sergio/turtle_bot_11/install/servicios/share/servicios/environment/pythonpath.sh
[6.621s] -- Installing: /home/sergio/turtle_bot_11/install/servicios/share/servicios/environment/pythonpath.dsv
[6.621s] -- Up-to-date: /home/sergio/turtle_bot_11/install/servicios/local/lib/python3.10/dist-packages/servicios-0.0.0-py3.10.egg-info
[6.622s] -- Installing: /home/sergio/turtle_bot_11/install/servicios/local/lib/python3.10/dist-packages/servicios-0.0.0-py3.10.egg-info/SOURCES.txt
[6.622s] -- Installing: /home/sergio/turtle_bot_11/install/servicios/local/lib/python3.10/dist-packages/servicios-0.0.0-py3.10.egg-info/top_level.txt
[6.622s] -- Installing: /home/sergio/turtle_bot_11/install/servicios/local/lib/python3.10/dist-packages/servicios-0.0.0-py3.10.egg-info/PKG-INFO
[6.622s] -- Installing: /home/sergio/turtle_bot_11/install/servicios/local/lib/python3.10/dist-packages/servicios-0.0.0-py3.10.egg-info/dependency_links.txt
[6.622s] -- Up-to-date: /home/sergio/turtle_bot_11/install/servicios/local/lib/python3.10/dist-packages/servicios
[6.622s] -- Installing: /home/sergio/turtle_bot_11/install/servicios/local/lib/python3.10/dist-packages/servicios/servicios_s__rosidl_typesupport_c.cpython-310-x86_64-linux-gnu.so
[6.622s] -- Installing: /home/sergio/turtle_bot_11/install/servicios/local/lib/python3.10/dist-packages/servicios/libservicios__rosidl_generator_py.so
[6.622s] -- Installing: /home/sergio/turtle_bot_11/install/servicios/local/lib/python3.10/dist-packages/servicios/servicios_s__rosidl_typesupport_fastrtps_c.cpython-310-x86_64-linux-gnu.so
[6.623s] -- Installing: /home/sergio/turtle_bot_11/install/servicios/local/lib/python3.10/dist-packages/servicios/_servicios_s.ep.rosidl_typesupport_fastrtps_c.c
[6.623s] -- Installing: /home/sergio/turtle_bot_11/install/servicios/local/lib/python3.10/dist-packages/servicios/servicios_s__rosidl_typesupport_introspection_c.cpython-310-x86_64-linux-gnu.so
[6.623s] -- Installing: /home/sergio/turtle_bot_11/install/servicios/local/lib/python3.10/dist-packages/servicios/__init__.py
[6.623s] -- Installing: /home/sergio/turtle_bot_11/install/servicios/local/lib/python3.10/dist-packages/servicios/_servicios_s.ep.rosidl_typesupport_c.c
[6.623s] -- Up-to-date: /home/sergio/turtle_bot_11/install/servicios/local/lib/python3.10/dist-packages/servicios/srv
[6.623s] -- Installing: /home/sergio/turtle_bot_11/install/servicios/local/lib/python3.10/dist-packages/servicios/srv/__init__.py
[6.623s] -- Installing: /home/sergio/turtle_bot_11/install/servicios/local/lib/python3.10/dist-packages/servicios/srv/_save_route_s.c
[6.623s] -- Installing: /home/sergio/turtle_bot_11/install/servicios/local/lib/python3.10/dist-packages/servicios/srv/_save_route.py
[6.623s] -- Installing: /home/sergio/turtle_bot_11/install/servicios/local/lib/python3.10/dist-packages/servicios/_servicios_s.ep.rosidl_typesupport_introspection_c.c
[6.656s] Listing '/home/sergio/turtle_bot_11/install/servicios/local/lib/python3.10/dist-packages/servicios'...
[6.656s] Compiling '/home/sergio/turtle_bot_11/install/servicios/local/lib/python3.10/dist-packages/servicios/__init__.py'...
[6.656s] Listing '/home/sergio/turtle_bot_11/install/servicios/local/lib/python3.10/dist-packages/servicios/srv'...
[6.656s] Compiling '/home/sergio/turtle_bot_11/install/servicios/local/lib/python3.10/dist-packages/servicios/srv/__init__.py'...
[6.656s] Compiling '/home/sergio/turtle_bot_11/install/servicios/local/lib/python3.10/dist-packages/servicios/srv/_save_route.py'...
[6.661s] -- Installing: /home/sergio/turtle_bot_11/install/servicios/local/lib/python3.10/dist-packages/servicios/servicios_s__rosidl_typesupport_fastrtps_c.cpython-310-x86_64-linux-gnu.so
[6.662s] -- Set runtime path of "/home/sergio/turtle_bot_11/install/servicios/local/lib/python3.10/dist-packages/servicios/servicios_s__rosidl_typesupport_fastrtps_c.cpython-310-x86_64-linux-gnu.so" to ""
[6.662s] -- Installing: /home/sergio/turtle_bot_11/install/servicios/local/lib/python3.10/dist-packages/servicios/servicios_s__rosidl_typesupport_introspection_c.cpython-310-x86_64-linux-gnu.so
[6.663s] -- Set runtime path of "/home/sergio/turtle_bot_11/install/servicios/local/lib/python3.10/dist-packages/servicios/servicios_s__rosidl_typesupport_introspection_c.cpython-310-x86_64-linux-gnu.so" to ""
[6.663s] -- Installing: /home/sergio/turtle_bot_11/install/servicios/local/lib/python3.10/dist-packages/servicios/servicios_s__rosidl_typesupport_c.cpython-310-x86_64-linux-gnu.so
[6.663s] -- Set runtime path of "/home/sergio/turtle_bot_11/install/servicios/local/lib/python3.10/dist-packages/servicios/servicios_s__rosidl_typesupport_c.cpython-310-x86_64-linux-gnu.so" to ""
[6.663s] -- Installing: /home/sergio/turtle_bot_11/install/servicios/lib/libservicios__rosidl_generator_py.so
[6.664s] -- Set runtime path of "/home/sergio/turtle_bot_11/install/servicios/lib/libservicios__rosidl_generator_py.so" to ""
[6.664s] -- Installing: /home/sergio/turtle_bot_11/install/servicios/share/servicios/srv/SaveRoute.idl
[6.664s] -- Installing: /home/sergio/turtle_bot_11/install/servicios/share/servicios/srv/SaveRoute.srv
[6.664s] -- Up-to-date: /home/sergio/turtle_bot_11/install/servicios/share/servicios/srv/SaveRoute_Request.msg
[6.665s] -- Installing: /home/sergio/turtle_bot_11/install/servicios/share/servicios/srv/SaveRoute_Response.msg
[6.665s] -- Up-to-date: /home/sergio/turtle_bot_11/install/servicios/share/ament_index/resource_index/package_run_dependencies/servicios
[6.665s] -- Up-to-date: /home/sergio/turtle_bot_11/install/servicios/share/ament_index/resource_index/parent_prefix_path/servicios
[6.665s] -- Up-to-date: /home/sergio/turtle_bot_11/install/servicios/share/servicios/environment/ament_prefix_path.sh
[6.665s] -- Installing: /home/sergio/turtle_bot_11/install/servicios/share/servicios/environment/ament_prefix_path.dsv
[6.665s] -- Up-to-date: /home/sergio/turtle_bot_11/install/servicios/share/servicios/environment/path.sh
[6.665s] -- Installing: /home/sergio/turtle_bot_11/install/servicios/share/servicios/environment/path.dsv
[6.665s] -- Up-to-date: /home/sergio/turtle_bot_11/install/servicios/share/servicios/local_setup.bash
[6.666s] -- Up-to-date: /home/sergio/turtle_bot_11/install/servicios/share/servicios/local_setup.sh
[6.666s] -- Up-to-date: /home/sergio/turtle_bot_11/install/servicios/share/servicios/local_setup.zsh
[6.666s] -- Installing: /home/sergio/turtle_bot_11/install/servicios/share/servicios/local_setup.dsv
[6.666s] -- Installing: /home/sergio/turtle_bot_11/install/servicios/share/servicios/package.dsv
[6.666s] -- Up-to-date: /home/sergio/turtle_bot_11/install/servicios/share/ament_index/resource_index/packages/servicios
[6.666s] -- Up-to-date: /home/sergio/turtle_bot_11/install/servicios/share/servicios/cmake/export_servicios__rosidl_generator_cExport.cmake
[6.666s] -- Up-to-date: /home/sergio/turtle_bot_11/install/servicios/share/servicios/cmake/export_servicios__rosidl_generator_cExport-noconfig.cmake
[6.667s] -- Up-to-date: /home/sergio/turtle_bot_11/install/servicios/share/servicios/cmake/export_servicios__rosidl_typesupport_fastrtps_cExport.cmake
[6.667s] -- Up-to-date: /home/sergio/turtle_bot_11/install/servicios/share/servicios/cmake/export_servicios__rosidl_typesupport_fastrtps_cExport-noconfig.cmake
[6.667s] -- Up-to-date: /home/sergio/turtle_bot_11/install/servicios/share/servicios/cmake/export_servicios__rosidl_generator_cppExport.cmake
[6.667s] -- Up-to-date: /home/sergio/turtle_bot_11/install/servicios/share/servicios/cmake/export_servicios__rosidl_typesupport_fastrtps_cppExport.cmake
[6.667s] -- Up-to-date: /home/sergio/turtle_bot_11/install/servicios/share/servicios/cmake/export_servicios__rosidl_typesupport_fastrtps_cppExport-noconfig.cmake
[6.667s] -- Up-to-date: /home/sergio/turtle_bot_11/install/servicios/share/servicios/cmake/servicios__rosidl_typesupport_introspection_cExport.cmake
[6.668s] -- Up-to-date: /home/sergio/turtle_bot_11/install/servicios/share/servicios/cmake/servicios__rosidl_typesupport_introspection_cExport-noconfig.cmake
[6.668s] -- Up-to-date: /home/sergio/turtle_bot_11/install/servicios/share/servicios/cmake/servicios__rosidl_typesupport_cExport.cmake
[6.668s] -- Up-to-date: /home/sergio/turtle_bot_11/install/servicios/share/servicios/cmake/servicios__rosidl_typesupport_cExport-noconfig.cmake
[6.668s] -- Up-to-date: /home/sergio/turtle_bot_11/install/servicios/share/servicios/cmake/servicios__rosidl_typesupport_introspection_cppExport.cmake
[6.668s] -- Up-to-date: /home/sergio/turtle_bot_11/install/servicios/share/servicios/cmake/servicios__rosidl_typesupport_introspection_cppExport-noconfig.cmake
[6.668s] -- Up-to-date: /home/sergio/turtle_bot_11/install/servicios/share/servicios/cmake/servicios__rosidl_typesupport_cppExport.cmake
[6.668s] -- Up-to-date: /home/sergio/turtle_bot_11/install/servicios/share/servicios/cmake/servicios__rosidl_typesupport_cppExport-noconfig.cmake
[6.668s] -- Up-to-date: /home/sergio/turtle_bot_11/install/servicios/share/servicios/cmake/export_servicios__rosidl_generator_pyExport.cmake
[6.669s] -- Up-to-date: /home/sergio/turtle_bot_11/install/servicios/share/servicios/cmake/export_servicios__rosidl_generator_pyExport-noconfig.cmake
[6.669s] -- Up-to-date: /home/sergio/turtle_bot_11/install/servicios/share/servicios/cmake/rosidl_cmake-extras.cmake
[6.669s] -- Up-to-date: /home/sergio/turtle_bot_11/install/servicios/share/servicios/cmake/ament_cmake_export_dependencies-extras.cmake
[6.669s] -- Up-to-date: /home/sergio/turtle_bot_11/install/servicios/share/servicios/cmake/ament_cmake_export_include_directories-extras.cmake
[6.669s] -- Up-to-date: /home/sergio/turtle_bot_11/install/servicios/share/servicios/cmake/ament_cmake_export_libraries-extras.cmake
[6.669s] -- Up-to-date: /home/sergio/turtle_bot_11/install/servicios/share/servicios/cmake/ament_cmake_export_targets-extras.cmake
[6.669s] -- Up-to-date: /home/sergio/turtle_bot_11/install/servicios/share/servicios/cmake/rosidl_cmake_export_typesupport_targets-extras.cmake
[6.669s] -- Up-to-date: /home/sergio/turtle_bot_11/install/servicios/share/servicios/cmake/rosidl_cmake_export_typesupport_libraries-extras.cmake
[6.669s] -- Up-to-date: /home/sergio/turtle_bot_11/install/servicios/share/servicios/cmake/serviciosConfig.cmake
[6.669s] -- Up-to-date: /home/sergio/turtle_bot_11/install/servicios/share/servicios/cmake/serviciosConfig-version.cmake
[6.670s] -- Up-to-date: /home/sergio/turtle_bot_11/install/servicios/share/servicios/package.xml
[6.675s] Invoked command in '/home/sergio/turtle_bot_11/build/servicios' returned '0': CMAKE_PREFIX_PATH=${CMAKE_PREFIX_PATH}:/home/sergio/turtle_bot_11/install/turtle_bot_nodos:/opt/ros/humble COMP_WORDBREAKS=
"'><=;|&( /usr/bin/cmake --install /home/sergio/turtle_bot_11/build/servicios
