[0.305s] DEBUG:colcon:Command line arguments: ['/usr/bin/colcon', 'build']
[0.305s] DEBUG:colcon:Parsed command line arguments: Namespace(log_base=None, log_level=None, verb_name='build', build_base='build', install_base='install', merge_install=False, symlink_install=False, test_result_base=None, continue_on_error=False, executor='parallel', parallel_workers=8, event_handlers=None, ignore_user_meta=False, metas=['./colcon.meta'], base_paths=['.'], packages_ignore=None, packages_ignore_regex=None, paths=None, packages_up_to=None, packages_up_to_regex=None, packages_above=None, packages_above_and_dependencies=None, packages_above_depth=None, packages_select_by_dep=None, packages_skip_by_dep=None, packages_skip_up_to=None, packages_select_build_failed=False, packages_skip_build_finished=False, packages_select_test_failures=False, packages_skip_test_passed=False, packages_select=None, packages_skip=None, packages_select_regex=None, packages_skip_regex=None, packages_start=None, packages_end=None, allow_overriding=[], cmake_args=None, cmake_target=None, cmake_target_skip_unavailable=False, cmake_clean_cache=False, cmake_clean_first=False, cmake_force_configure=False, ament_cmake_args=None, catkin_cmake_args=None, catkin_skip_building_tests=False, verb_parser=<colcon_defaults.argument_parser.defaults.DefaultArgumentsDecorator object at 0x7f10a0009120>, verb_extension=<colcon_core.verb.build.BuildVerb object at 0x7f10a094f370>, main=<bound method BuildVerb.main of <colcon_core.verb.build.BuildVerb object at 0x7f10a094f370>>)
[0.350s] Level 1:colcon.colcon_core.package_discovery:discover_packages(colcon_meta) check parameters
[0.350s] Level 1:colcon.colcon_core.package_discovery:discover_packages(recursive) check parameters
[0.350s] Level 1:colcon.colcon_core.package_discovery:discover_packages(ignore) check parameters
[0.350s] Level 1:colcon.colcon_core.package_discovery:discover_packages(path) check parameters
[0.350s] Level 1:colcon.colcon_core.package_discovery:discover_packages(colcon_meta) discover
[0.350s] Level 1:colcon.colcon_core.package_discovery:discover_packages(recursive) discover
[0.350s] INFO:colcon.colcon_core.package_discovery:Crawling recursively for packages in '/home/sergio/turtle_bot_11'
[0.350s] Level 1:colcon.colcon_core.package_identification:_identify(.) by extensions ['ignore', 'ignore_ament_install']
[0.351s] Level 1:colcon.colcon_core.package_identification:_identify(.) by extension 'ignore'
[0.351s] Level 1:colcon.colcon_core.package_identification:_identify(.) by extension 'ignore_ament_install'
[0.351s] Level 1:colcon.colcon_core.package_identification:_identify(.) by extensions ['colcon_pkg']
[0.351s] Level 1:colcon.colcon_core.package_identification:_identify(.) by extension 'colcon_pkg'
[0.351s] Level 1:colcon.colcon_core.package_identification:_identify(.) by extensions ['colcon_meta']
[0.351s] Level 1:colcon.colcon_core.package_identification:_identify(.) by extension 'colcon_meta'
[0.351s] Level 1:colcon.colcon_core.package_identification:_identify(.) by extensions ['ros']
[0.351s] Level 1:colcon.colcon_core.package_identification:_identify(.) by extension 'ros'
[0.371s] Level 1:colcon.colcon_core.package_identification:_identify(.) by extensions ['cmake', 'python']
[0.372s] Level 1:colcon.colcon_core.package_identification:_identify(.) by extension 'cmake'
[0.372s] Level 1:colcon.colcon_core.package_identification:_identify(.) by extension 'python'
[0.372s] Level 1:colcon.colcon_core.package_identification:_identify(.) by extensions ['python_setup_py']
[0.372s] Level 1:colcon.colcon_core.package_identification:_identify(.) by extension 'python_setup_py'
[0.372s] Level 1:colcon.colcon_core.package_identification:_identify(build) by extensions ['ignore', 'ignore_ament_install']
[0.372s] Level 1:colcon.colcon_core.package_identification:_identify(build) by extension 'ignore'
[0.372s] Level 1:colcon.colcon_core.package_identification:_identify(build) ignored
[0.373s] Level 1:colcon.colcon_core.package_identification:_identify(install) by extensions ['ignore', 'ignore_ament_install']
[0.373s] Level 1:colcon.colcon_core.package_identification:_identify(install) by extension 'ignore'
[0.373s] Level 1:colcon.colcon_core.package_identification:_identify(install) ignored
[0.373s] Level 1:colcon.colcon_core.package_identification:_identify(log) by extensions ['ignore', 'ignore_ament_install']
[0.373s] Level 1:colcon.colcon_core.package_identification:_identify(log) by extension 'ignore'
[0.373s] Level 1:colcon.colcon_core.package_identification:_identify(log) ignored
[0.374s] Level 1:colcon.colcon_core.package_identification:_identify(src) by extensions ['ignore', 'ignore_ament_install']
[0.374s] Level 1:colcon.colcon_core.package_identification:_identify(src) by extension 'ignore'
[0.374s] Level 1:colcon.colcon_core.package_identification:_identify(src) by extension 'ignore_ament_install'
[0.374s] Level 1:colcon.colcon_core.package_identification:_identify(src) by extensions ['colcon_pkg']
[0.374s] Level 1:colcon.colcon_core.package_identification:_identify(src) by extension 'colcon_pkg'
[0.374s] Level 1:colcon.colcon_core.package_identification:_identify(src) by extensions ['colcon_meta']
[0.374s] Level 1:colcon.colcon_core.package_identification:_identify(src) by extension 'colcon_meta'
[0.374s] Level 1:colcon.colcon_core.package_identification:_identify(src) by extensions ['ros']
[0.374s] Level 1:colcon.colcon_core.package_identification:_identify(src) by extension 'ros'
[0.374s] Level 1:colcon.colcon_core.package_identification:_identify(src) by extensions ['cmake', 'python']
[0.374s] Level 1:colcon.colcon_core.package_identification:_identify(src) by extension 'cmake'
[0.374s] Level 1:colcon.colcon_core.package_identification:_identify(src) by extension 'python'
[0.375s] Level 1:colcon.colcon_core.package_identification:_identify(src) by extensions ['python_setup_py']
[0.375s] Level 1:colcon.colcon_core.package_identification:_identify(src) by extension 'python_setup_py'
[0.375s] Level 1:colcon.colcon_core.package_identification:_identify(src/servicios) by extensions ['ignore', 'ignore_ament_install']
[0.375s] Level 1:colcon.colcon_core.package_identification:_identify(src/servicios) by extension 'ignore'
[0.375s] Level 1:colcon.colcon_core.package_identification:_identify(src/servicios) by extension 'ignore_ament_install'
[0.375s] Level 1:colcon.colcon_core.package_identification:_identify(src/servicios) by extensions ['colcon_pkg']
[0.375s] Level 1:colcon.colcon_core.package_identification:_identify(src/servicios) by extension 'colcon_pkg'
[0.375s] Level 1:colcon.colcon_core.package_identification:_identify(src/servicios) by extensions ['colcon_meta']
[0.375s] Level 1:colcon.colcon_core.package_identification:_identify(src/servicios) by extension 'colcon_meta'
[0.375s] Level 1:colcon.colcon_core.package_identification:_identify(src/servicios) by extensions ['ros']
[0.375s] Level 1:colcon.colcon_core.package_identification:_identify(src/servicios) by extension 'ros'
[0.378s] DEBUG:colcon.colcon_core.package_identification:Package 'src/servicios' with type 'ros.ament_cmake' and name 'servicios'
[0.378s] Level 1:colcon.colcon_core.package_identification:_identify(src/turtle_bot_nodos) by extensions ['ignore', 'ignore_ament_install']
[0.378s] Level 1:colcon.colcon_core.package_identification:_identify(src/turtle_bot_nodos) by extension 'ignore'
[0.378s] Level 1:colcon.colcon_core.package_identification:_identify(src/turtle_bot_nodos) by extension 'ignore_ament_install'
[0.379s] Level 1:colcon.colcon_core.package_identification:_identify(src/turtle_bot_nodos) by extensions ['colcon_pkg']
[0.379s] Level 1:colcon.colcon_core.package_identification:_identify(src/turtle_bot_nodos) by extension 'colcon_pkg'
[0.379s] Level 1:colcon.colcon_core.package_identification:_identify(src/turtle_bot_nodos) by extensions ['colcon_meta']
[0.379s] Level 1:colcon.colcon_core.package_identification:_identify(src/turtle_bot_nodos) by extension 'colcon_meta'
[0.379s] Level 1:colcon.colcon_core.package_identification:_identify(src/turtle_bot_nodos) by extensions ['ros']
[0.379s] Level 1:colcon.colcon_core.package_identification:_identify(src/turtle_bot_nodos) by extension 'ros'
[0.380s] DEBUG:colcon.colcon_core.package_identification:Package 'src/turtle_bot_nodos' with type 'ros.ament_python' and name 'turtle_bot_nodos'
[0.380s] Level 1:colcon.colcon_core.package_discovery:discover_packages(recursive) using defaults
[0.380s] Level 1:colcon.colcon_core.package_discovery:discover_packages(ignore) discover
[0.380s] Level 1:colcon.colcon_core.package_discovery:discover_packages(ignore) using defaults
[0.380s] Level 1:colcon.colcon_core.package_discovery:discover_packages(path) discover
[0.380s] Level 1:colcon.colcon_core.package_discovery:discover_packages(path) using defaults
[0.408s] Level 1:colcon.colcon_core.package_discovery:discover_packages(prefix_path) check parameters
[0.408s] Level 1:colcon.colcon_core.package_discovery:discover_packages(prefix_path) discover
[0.411s] DEBUG:colcon.colcon_installed_package_information.package_discovery:Found 3 installed packages in /home/sergio/turtle_bot_11/install
[0.412s] DEBUG:colcon.colcon_installed_package_information.package_discovery:Found 2 installed packages in /home/sergio/install
[0.414s] DEBUG:colcon.colcon_installed_package_information.package_discovery:Found 284 installed packages in /opt/ros/humble
[0.416s] Level 1:colcon.colcon_core.package_discovery:discover_packages(prefix_path) using defaults
[0.472s] Level 5:colcon.colcon_core.verb:set package 'servicios' build argument 'cmake_args' from command line to 'None'
[0.472s] Level 5:colcon.colcon_core.verb:set package 'servicios' build argument 'cmake_target' from command line to 'None'
[0.472s] Level 5:colcon.colcon_core.verb:set package 'servicios' build argument 'cmake_target_skip_unavailable' from command line to 'False'
[0.472s] Level 5:colcon.colcon_core.verb:set package 'servicios' build argument 'cmake_clean_cache' from command line to 'False'
[0.472s] Level 5:colcon.colcon_core.verb:set package 'servicios' build argument 'cmake_clean_first' from command line to 'False'
[0.472s] Level 5:colcon.colcon_core.verb:set package 'servicios' build argument 'cmake_force_configure' from command line to 'False'
[0.472s] Level 5:colcon.colcon_core.verb:set package 'servicios' build argument 'ament_cmake_args' from command line to 'None'
[0.472s] Level 5:colcon.colcon_core.verb:set package 'servicios' build argument 'catkin_cmake_args' from command line to 'None'
[0.472s] Level 5:colcon.colcon_core.verb:set package 'servicios' build argument 'catkin_skip_building_tests' from command line to 'False'
[0.472s] DEBUG:colcon.colcon_core.verb:Building package 'servicios' with the following arguments: {'ament_cmake_args': None, 'build_base': '/home/sergio/turtle_bot_11/build/servicios', 'catkin_cmake_args': None, 'catkin_skip_building_tests': False, 'cmake_args': None, 'cmake_clean_cache': False, 'cmake_clean_first': False, 'cmake_force_configure': False, 'cmake_target': None, 'cmake_target_skip_unavailable': False, 'install_base': '/home/sergio/turtle_bot_11/install/servicios', 'merge_install': False, 'path': '/home/sergio/turtle_bot_11/src/servicios', 'symlink_install': False, 'test_result_base': None}
[0.473s] Level 5:colcon.colcon_core.verb:set package 'turtle_bot_nodos' build argument 'cmake_args' from command line to 'None'
[0.473s] Level 5:colcon.colcon_core.verb:set package 'turtle_bot_nodos' build argument 'cmake_target' from command line to 'None'
[0.473s] Level 5:colcon.colcon_core.verb:set package 'turtle_bot_nodos' build argument 'cmake_target_skip_unavailable' from command line to 'False'
[0.473s] Level 5:colcon.colcon_core.verb:set package 'turtle_bot_nodos' build argument 'cmake_clean_cache' from command line to 'False'
[0.473s] Level 5:colcon.colcon_core.verb:set package 'turtle_bot_nodos' build argument 'cmake_clean_first' from command line to 'False'
[0.473s] Level 5:colcon.colcon_core.verb:set package 'turtle_bot_nodos' build argument 'cmake_force_configure' from command line to 'False'
[0.473s] Level 5:colcon.colcon_core.verb:set package 'turtle_bot_nodos' build argument 'ament_cmake_args' from command line to 'None'
[0.473s] Level 5:colcon.colcon_core.verb:set package 'turtle_bot_nodos' build argument 'catkin_cmake_args' from command line to 'None'
[0.474s] Level 5:colcon.colcon_core.verb:set package 'turtle_bot_nodos' build argument 'catkin_skip_building_tests' from command line to 'False'
[0.474s] DEBUG:colcon.colcon_core.verb:Building package 'turtle_bot_nodos' with the following arguments: {'ament_cmake_args': None, 'build_base': '/home/sergio/turtle_bot_11/build/turtle_bot_nodos', 'catkin_cmake_args': None, 'catkin_skip_building_tests': False, 'cmake_args': None, 'cmake_clean_cache': False, 'cmake_clean_first': False, 'cmake_force_configure': False, 'cmake_target': None, 'cmake_target_skip_unavailable': False, 'install_base': '/home/sergio/turtle_bot_11/install/turtle_bot_nodos', 'merge_install': False, 'path': '/home/sergio/turtle_bot_11/src/turtle_bot_nodos', 'symlink_install': False, 'test_result_base': None}
[0.474s] INFO:colcon.colcon_core.executor:Executing jobs using 'parallel' executor
[0.478s] DEBUG:colcon.colcon_parallel_executor.executor.parallel:run_until_complete
[0.478s] INFO:colcon.colcon_ros.task.ament_cmake.build:Building ROS package in '/home/sergio/turtle_bot_11/src/servicios' with build type 'ament_cmake'
[0.478s] INFO:colcon.colcon_cmake.task.cmake.build:Building CMake package in '/home/sergio/turtle_bot_11/src/servicios'
[0.494s] INFO:colcon.colcon_core.plugin_system:Skipping extension 'colcon_core.shell.bat': Not used on non-Windows systems
[0.494s] INFO:colcon.colcon_core.shell:Skip shell extension 'powershell' for command environment: Not usable outside of PowerShell
[0.494s] DEBUG:colcon.colcon_core.shell:Skip shell extension 'dsv' for command environment
[0.500s] INFO:colcon.colcon_ros.task.ament_python.build:Building ROS package in '/home/sergio/turtle_bot_11/src/turtle_bot_nodos' with build type 'ament_python'
[0.500s] Level 1:colcon.colcon_core.shell:create_environment_hook('turtle_bot_nodos', 'ament_prefix_path')
[0.501s] INFO:colcon.colcon_core.shell:Creating environment hook '/home/sergio/turtle_bot_11/install/turtle_bot_nodos/share/turtle_bot_nodos/hook/ament_prefix_path.ps1'
[0.502s] INFO:colcon.colcon_core.shell:Creating environment descriptor '/home/sergio/turtle_bot_11/install/turtle_bot_nodos/share/turtle_bot_nodos/hook/ament_prefix_path.dsv'
[0.503s] INFO:colcon.colcon_core.shell:Creating environment hook '/home/sergio/turtle_bot_11/install/turtle_bot_nodos/share/turtle_bot_nodos/hook/ament_prefix_path.sh'
[0.505s] INFO:colcon.colcon_core.shell:Skip shell extension 'powershell' for command environment: Not usable outside of PowerShell
[0.505s] DEBUG:colcon.colcon_core.shell:Skip shell extension 'dsv' for command environment
[0.516s] DEBUG:colcon.colcon_core.event_handler.log_command:Invoking command in '/home/sergio/turtle_bot_11/build/servicios': CMAKE_PREFIX_PATH=${CMAKE_PREFIX_PATH}:/home/sergio/turtle_bot_11/install/turtle_bot_nodos:/home/sergio/install/my_first_ros2_package:/opt/ros/humble COMP_WORDBREAKS=
"'><=;|&( /usr/bin/cmake --build /home/sergio/turtle_bot_11/build/servicios -- -j8 -l8
[0.866s] INFO:colcon.colcon_core.task.python.build:Building Python package in '/home/sergio/turtle_bot_11/src/turtle_bot_nodos'
[0.869s] INFO:colcon.colcon_core.shell:Skip shell extension 'powershell' for command environment: Not usable outside of PowerShell
[0.869s] DEBUG:colcon.colcon_core.shell:Skip shell extension 'dsv' for command environment
[1.075s] DEBUG:colcon.colcon_core.event_handler.log_command:Invoked command in '/home/sergio/turtle_bot_11/build/servicios' returned '0': CMAKE_PREFIX_PATH=${CMAKE_PREFIX_PATH}:/home/sergio/turtle_bot_11/install/turtle_bot_nodos:/home/sergio/install/my_first_ros2_package:/opt/ros/humble COMP_WORDBREAKS=
"'><=;|&( /usr/bin/cmake --build /home/sergio/turtle_bot_11/build/servicios -- -j8 -l8
[1.150s] DEBUG:colcon.colcon_core.event_handler.log_command:Invoking command in '/home/sergio/turtle_bot_11/build/servicios': CMAKE_PREFIX_PATH=${CMAKE_PREFIX_PATH}:/home/sergio/turtle_bot_11/install/turtle_bot_nodos:/home/sergio/install/my_first_ros2_package:/opt/ros/humble COMP_WORDBREAKS=
"'><=;|&( /usr/bin/cmake --install /home/sergio/turtle_bot_11/build/servicios
[1.222s] Level 1:colcon.colcon_core.environment:create_environment_scripts_only(servicios)
[1.223s] DEBUG:colcon.colcon_core.event_handler.log_command:Invoked command in '/home/sergio/turtle_bot_11/build/servicios' returned '0': CMAKE_PREFIX_PATH=${CMAKE_PREFIX_PATH}:/home/sergio/turtle_bot_11/install/turtle_bot_nodos:/home/sergio/install/my_first_ros2_package:/opt/ros/humble COMP_WORDBREAKS=
"'><=;|&( /usr/bin/cmake --install /home/sergio/turtle_bot_11/build/servicios
[1.233s] Level 1:colcon.colcon_core.environment:checking '/home/sergio/turtle_bot_11/install/servicios' for CMake module files
[1.234s] Level 1:colcon.colcon_core.environment:checking '/home/sergio/turtle_bot_11/install/servicios' for CMake config files
[1.234s] Level 1:colcon.colcon_core.shell:create_environment_hook('servicios', 'cmake_prefix_path')
[1.237s] INFO:colcon.colcon_core.shell:Creating environment hook '/home/sergio/turtle_bot_11/install/servicios/share/servicios/hook/cmake_prefix_path.ps1'
[1.238s] INFO:colcon.colcon_core.shell:Creating environment descriptor '/home/sergio/turtle_bot_11/install/servicios/share/servicios/hook/cmake_prefix_path.dsv'
[1.238s] INFO:colcon.colcon_core.shell:Creating environment hook '/home/sergio/turtle_bot_11/install/servicios/share/servicios/hook/cmake_prefix_path.sh'
[1.239s] Level 1:colcon.colcon_core.environment:checking '/home/sergio/turtle_bot_11/install/servicios/lib'
[1.240s] Level 1:colcon.colcon_core.shell:create_environment_hook('servicios', 'ld_library_path_lib')
[1.243s] INFO:colcon.colcon_core.shell:Creating environment hook '/home/sergio/turtle_bot_11/install/servicios/share/servicios/hook/ld_library_path_lib.ps1'
[1.243s] INFO:colcon.colcon_core.shell:Creating environment descriptor '/home/sergio/turtle_bot_11/install/servicios/share/servicios/hook/ld_library_path_lib.dsv'
[1.244s] INFO:colcon.colcon_core.shell:Creating environment hook '/home/sergio/turtle_bot_11/install/servicios/share/servicios/hook/ld_library_path_lib.sh'
[1.245s] Level 1:colcon.colcon_core.environment:checking '/home/sergio/turtle_bot_11/install/servicios/bin'
[1.245s] Level 1:colcon.colcon_core.environment:checking '/home/sergio/turtle_bot_11/install/servicios/lib/pkgconfig/servicios.pc'
[1.245s] Level 1:colcon.colcon_core.environment:checking '/home/sergio/turtle_bot_11/install/servicios/lib/python3.10/site-packages'
[1.246s] Level 1:colcon.colcon_core.environment:checking '/home/sergio/turtle_bot_11/install/servicios/bin'
[1.249s] INFO:colcon.colcon_core.shell:Creating package script '/home/sergio/turtle_bot_11/install/servicios/share/servicios/package.ps1'
[1.251s] INFO:colcon.colcon_core.shell:Creating package descriptor '/home/sergio/turtle_bot_11/install/servicios/share/servicios/package.dsv'
[1.252s] INFO:colcon.colcon_core.shell:Creating package script '/home/sergio/turtle_bot_11/install/servicios/share/servicios/package.sh'
[1.253s] INFO:colcon.colcon_core.shell:Creating package script '/home/sergio/turtle_bot_11/install/servicios/share/servicios/package.bash'
[1.254s] INFO:colcon.colcon_core.shell:Creating package script '/home/sergio/turtle_bot_11/install/servicios/share/servicios/package.zsh'
[1.256s] Level 1:colcon.colcon_core.environment:create_file_with_runtime_dependencies(/home/sergio/turtle_bot_11/install/servicios/share/colcon-core/packages/servicios)
[1.326s] Level 1:colcon.colcon_core.environment:create_environment_scripts_only(servicios)
[1.331s] Level 1:colcon.colcon_core.environment:checking '/home/sergio/turtle_bot_11/install/servicios' for CMake module files
[1.332s] Level 1:colcon.colcon_core.environment:checking '/home/sergio/turtle_bot_11/install/servicios' for CMake config files
[1.332s] Level 1:colcon.colcon_core.shell:create_environment_hook('servicios', 'cmake_prefix_path')
[1.334s] INFO:colcon.colcon_core.shell:Creating environment hook '/home/sergio/turtle_bot_11/install/servicios/share/servicios/hook/cmake_prefix_path.ps1'
[1.335s] INFO:colcon.colcon_core.shell:Creating environment descriptor '/home/sergio/turtle_bot_11/install/servicios/share/servicios/hook/cmake_prefix_path.dsv'
[1.335s] INFO:colcon.colcon_core.shell:Creating environment hook '/home/sergio/turtle_bot_11/install/servicios/share/servicios/hook/cmake_prefix_path.sh'
[1.336s] Level 1:colcon.colcon_core.environment:checking '/home/sergio/turtle_bot_11/install/servicios/lib'
[1.336s] Level 1:colcon.colcon_core.shell:create_environment_hook('servicios', 'ld_library_path_lib')
[1.337s] INFO:colcon.colcon_core.shell:Creating environment hook '/home/sergio/turtle_bot_11/install/servicios/share/servicios/hook/ld_library_path_lib.ps1'
[1.338s] INFO:colcon.colcon_core.shell:Creating environment descriptor '/home/sergio/turtle_bot_11/install/servicios/share/servicios/hook/ld_library_path_lib.dsv'
[1.338s] INFO:colcon.colcon_core.shell:Creating environment hook '/home/sergio/turtle_bot_11/install/servicios/share/servicios/hook/ld_library_path_lib.sh'
[1.339s] Level 1:colcon.colcon_core.environment:checking '/home/sergio/turtle_bot_11/install/servicios/bin'
[1.339s] Level 1:colcon.colcon_core.environment:checking '/home/sergio/turtle_bot_11/install/servicios/lib/pkgconfig/servicios.pc'
[1.339s] Level 1:colcon.colcon_core.environment:checking '/home/sergio/turtle_bot_11/install/servicios/lib/python3.10/site-packages'
[1.340s] Level 1:colcon.colcon_core.environment:checking '/home/sergio/turtle_bot_11/install/servicios/bin'
[1.341s] INFO:colcon.colcon_core.shell:Creating package script '/home/sergio/turtle_bot_11/install/servicios/share/servicios/package.ps1'
[1.342s] INFO:colcon.colcon_core.shell:Creating package descriptor '/home/sergio/turtle_bot_11/install/servicios/share/servicios/package.dsv'
[1.343s] INFO:colcon.colcon_core.shell:Creating package script '/home/sergio/turtle_bot_11/install/servicios/share/servicios/package.sh'
[1.343s] INFO:colcon.colcon_core.shell:Creating package script '/home/sergio/turtle_bot_11/install/servicios/share/servicios/package.bash'
[1.344s] INFO:colcon.colcon_core.shell:Creating package script '/home/sergio/turtle_bot_11/install/servicios/share/servicios/package.zsh'
[1.344s] Level 1:colcon.colcon_core.environment:create_file_with_runtime_dependencies(/home/sergio/turtle_bot_11/install/servicios/share/colcon-core/packages/servicios)
[1.577s] DEBUG:colcon.colcon_core.event_handler.log_command:Invoking command in '/home/sergio/turtle_bot_11/src/turtle_bot_nodos': COMP_WORDBREAKS=
"'><=;|&( PYTHONPATH=/home/sergio/turtle_bot_11/build/turtle_bot_nodos/prefix_override:/home/sergio/turtle_bot_11/install/turtle_bot_nodos/lib/python3.10/site-packages:${PYTHONPATH} /usr/bin/python3 setup.py egg_info --egg-base ../../build/turtle_bot_nodos build --build-base /home/sergio/turtle_bot_11/build/turtle_bot_nodos/build install --record /home/sergio/turtle_bot_11/build/turtle_bot_nodos/install.log --single-version-externally-managed
[2.344s] Level 1:colcon.colcon_core.environment:checking '/home/sergio/turtle_bot_11/install/turtle_bot_nodos' for CMake module files
[2.345s] DEBUG:colcon.colcon_core.event_handler.log_command:Invoked command in '/home/sergio/turtle_bot_11/src/turtle_bot_nodos' returned '0': COMP_WORDBREAKS=
"'><=;|&( PYTHONPATH=/home/sergio/turtle_bot_11/build/turtle_bot_nodos/prefix_override:/home/sergio/turtle_bot_11/install/turtle_bot_nodos/lib/python3.10/site-packages:${PYTHONPATH} /usr/bin/python3 setup.py egg_info --egg-base ../../build/turtle_bot_nodos build --build-base /home/sergio/turtle_bot_11/build/turtle_bot_nodos/build install --record /home/sergio/turtle_bot_11/build/turtle_bot_nodos/install.log --single-version-externally-managed
[2.345s] Level 1:colcon.colcon_core.environment:checking '/home/sergio/turtle_bot_11/install/turtle_bot_nodos' for CMake config files
[2.347s] Level 1:colcon.colcon_core.environment:checking '/home/sergio/turtle_bot_11/install/turtle_bot_nodos/lib'
[2.347s] Level 1:colcon.colcon_core.environment:checking '/home/sergio/turtle_bot_11/install/turtle_bot_nodos/bin'
[2.347s] Level 1:colcon.colcon_core.environment:checking '/home/sergio/turtle_bot_11/install/turtle_bot_nodos/lib/pkgconfig/turtle_bot_nodos.pc'
[2.347s] Level 1:colcon.colcon_core.environment:checking '/home/sergio/turtle_bot_11/install/turtle_bot_nodos/lib/python3.10/site-packages'
[2.347s] Level 1:colcon.colcon_core.shell:create_environment_hook('turtle_bot_nodos', 'pythonpath')
[2.350s] INFO:colcon.colcon_core.shell:Creating environment hook '/home/sergio/turtle_bot_11/install/turtle_bot_nodos/share/turtle_bot_nodos/hook/pythonpath.ps1'
[2.351s] INFO:colcon.colcon_core.shell:Creating environment descriptor '/home/sergio/turtle_bot_11/install/turtle_bot_nodos/share/turtle_bot_nodos/hook/pythonpath.dsv'
[2.351s] INFO:colcon.colcon_core.shell:Creating environment hook '/home/sergio/turtle_bot_11/install/turtle_bot_nodos/share/turtle_bot_nodos/hook/pythonpath.sh'
[2.352s] Level 1:colcon.colcon_core.environment:checking '/home/sergio/turtle_bot_11/install/turtle_bot_nodos/bin'
[2.352s] Level 1:colcon.colcon_core.environment:create_environment_scripts_only(turtle_bot_nodos)
[2.356s] INFO:colcon.colcon_core.shell:Creating package script '/home/sergio/turtle_bot_11/install/turtle_bot_nodos/share/turtle_bot_nodos/package.ps1'
[2.356s] INFO:colcon.colcon_core.shell:Creating package descriptor '/home/sergio/turtle_bot_11/install/turtle_bot_nodos/share/turtle_bot_nodos/package.dsv'
[2.357s] INFO:colcon.colcon_core.shell:Creating package script '/home/sergio/turtle_bot_11/install/turtle_bot_nodos/share/turtle_bot_nodos/package.sh'
[2.358s] INFO:colcon.colcon_core.shell:Creating package script '/home/sergio/turtle_bot_11/install/turtle_bot_nodos/share/turtle_bot_nodos/package.bash'
[2.359s] INFO:colcon.colcon_core.shell:Creating package script '/home/sergio/turtle_bot_11/install/turtle_bot_nodos/share/turtle_bot_nodos/package.zsh'
[2.359s] Level 1:colcon.colcon_core.environment:create_file_with_runtime_dependencies(/home/sergio/turtle_bot_11/install/turtle_bot_nodos/share/colcon-core/packages/turtle_bot_nodos)
[2.360s] DEBUG:colcon.colcon_parallel_executor.executor.parallel:closing loop
[2.360s] DEBUG:colcon.colcon_parallel_executor.executor.parallel:loop closed
[2.360s] DEBUG:colcon.colcon_parallel_executor.executor.parallel:run_until_complete finished with '0'
[2.360s] DEBUG:colcon.colcon_core.event_reactor:joining thread
[2.368s] INFO:colcon.colcon_core.plugin_system:Skipping extension 'colcon_notification.desktop_notification.terminal_notifier': Not used on non-Darwin systems
[2.368s] INFO:colcon.colcon_core.plugin_system:Skipping extension 'colcon_notification.desktop_notification.win32': Not used on non-Windows systems
[2.368s] INFO:colcon.colcon_notification.desktop_notification:Sending desktop notification using 'notify2'
[2.387s] DEBUG:colcon.colcon_core.event_reactor:joined thread
[2.389s] INFO:colcon.colcon_core.shell:Creating prefix script '/home/sergio/turtle_bot_11/install/local_setup.ps1'
[2.390s] INFO:colcon.colcon_core.shell:Creating prefix util module '/home/sergio/turtle_bot_11/install/_local_setup_util_ps1.py'
[2.392s] INFO:colcon.colcon_core.shell:Creating prefix chain script '/home/sergio/turtle_bot_11/install/setup.ps1'
[2.394s] INFO:colcon.colcon_core.shell:Creating prefix script '/home/sergio/turtle_bot_11/install/local_setup.sh'
[2.394s] INFO:colcon.colcon_core.shell:Creating prefix util module '/home/sergio/turtle_bot_11/install/_local_setup_util_sh.py'
[2.395s] INFO:colcon.colcon_core.shell:Creating prefix chain script '/home/sergio/turtle_bot_11/install/setup.sh'
[2.397s] INFO:colcon.colcon_core.shell:Creating prefix script '/home/sergio/turtle_bot_11/install/local_setup.bash'
[2.398s] INFO:colcon.colcon_core.shell:Creating prefix chain script '/home/sergio/turtle_bot_11/install/setup.bash'
[2.401s] INFO:colcon.colcon_core.shell:Creating prefix script '/home/sergio/turtle_bot_11/install/local_setup.zsh'
[2.402s] INFO:colcon.colcon_core.shell:Creating prefix chain script '/home/sergio/turtle_bot_11/install/setup.zsh'
