[0.027s] Invoking command in '/home/sergio/turtle_bot_11/build/servicios': CMAKE_PREFIX_PATH=${CMAKE_PREFIX_PATH}:/home/sergio/turtle_bot_11/install/turtle_bot_nodos:/home/sergio/install/my_first_ros2_package:/opt/ros/humble COMP_WORDBREAKS=
"'><=;|&( /usr/bin/cmake --build /home/sergio/turtle_bot_11/build/servicios -- -j8 -l8
[0.084s] [  9%] Built target servicios__rosidl_generator_c
[0.088s] [ 12%] Built target servicios__cpp
[0.098s] [ 12%] Built target ament_cmake_python_copy_servicios
[0.130s] [ 22%] Built target servicios__rosidl_typesupport_fastrtps_c
[0.131s] [ 32%] Built target servicios__rosidl_typesupport_cpp
[0.131s] [ 41%] Built target servicios__rosidl_typesupport_c
[0.131s] [ 51%] Built target servicios__rosidl_typesupport_introspection_c
[0.146s] [ 61%] Built target servicios__rosidl_typesupport_fastrtps_cpp
[0.147s] [ 70%] Built target servicios__rosidl_typesupport_introspection_cpp
[0.181s] [ 70%] Built target servicios
[0.204s] [ 74%] Built target servicios__py
[0.231s] [ 80%] Built target servicios__rosidl_generator_py
[0.262s] [ 87%] Built target servicios__rosidl_typesupport_fastrtps_c__pyext
[0.264s] [ 93%] Built target servicios__rosidl_typesupport_introspection_c__pyext
[0.265s] [100%] Built target servicios__rosidl_typesupport_c__pyext
[0.390s] running egg_info
[0.404s] writing servicios.egg-info/PKG-INFO
[0.404s] writing dependency_links to servicios.egg-info/dependency_links.txt
[0.405s] writing top-level names to servicios.egg-info/top_level.txt
[0.464s] reading manifest file 'servicios.egg-info/SOURCES.txt'
[0.465s] writing manifest file 'servicios.egg-info/SOURCES.txt'
[0.497s] [100%] Built target ament_cmake_python_build_servicios_egg
[0.510s] Invoked command in '/home/sergio/turtle_bot_11/build/servicios' returned '0': CMAKE_PREFIX_PATH=${CMAKE_PREFIX_PATH}:/home/sergio/turtle_bot_11/install/turtle_bot_nodos:/home/sergio/install/my_first_ros2_package:/opt/ros/humble COMP_WORDBREAKS=
"'><=;|&( /usr/bin/cmake --build /home/sergio/turtle_bot_11/build/servicios -- -j8 -l8
[0.582s] Invoking command in '/home/sergio/turtle_bot_11/build/servicios': CMAKE_PREFIX_PATH=${CMAKE_PREFIX_PATH}:/home/sergio/turtle_bot_11/install/turtle_bot_nodos:/home/sergio/install/my_first_ros2_package:/opt/ros/humble COMP_WORDBREAKS=
"'><=;|&( /usr/bin/cmake --install /home/sergio/turtle_bot_11/build/servicios
[0.590s] -- Install configuration: ""
[0.590s] -- Up-to-date: /home/sergio/turtle_bot_11/install/servicios/share/ament_index/resource_index/rosidl_interfaces/servicios
[0.590s] -- Up-to-date: /home/sergio/turtle_bot_11/install/servicios/include/servicios/servicios
[0.590s] -- Up-to-date: /home/sergio/turtle_bot_11/install/servicios/include/servicios/servicios/msg
[0.590s] -- Up-to-date: /home/sergio/turtle_bot_11/install/servicios/include/servicios/servicios/msg/rosidl_generator_c__visibility_control.h
[0.590s] -- Up-to-date: /home/sergio/turtle_bot_11/install/servicios/include/servicios/servicios/srv
[0.590s] -- Up-to-date: /home/sergio/turtle_bot_11/install/servicios/include/servicios/servicios/srv/save_route.h
[0.591s] -- Up-to-date: /home/sergio/turtle_bot_11/install/servicios/include/servicios/servicios/srv/detail
[0.591s] -- Up-to-date: /home/sergio/turtle_bot_11/install/servicios/include/servicios/servicios/srv/detail/save_route__struct.h
[0.591s] -- Up-to-date: /home/sergio/turtle_bot_11/install/servicios/include/servicios/servicios/srv/detail/save_route__type_support.h
[0.591s] -- Up-to-date: /home/sergio/turtle_bot_11/install/servicios/include/servicios/servicios/srv/detail/save_route__functions.c
[0.591s] -- Up-to-date: /home/sergio/turtle_bot_11/install/servicios/include/servicios/servicios/srv/detail/save_route__functions.h
[0.591s] -- Up-to-date: /home/sergio/turtle_bot_11/install/servicios/share/servicios/environment/library_path.sh
[0.591s] -- Up-to-date: /home/sergio/turtle_bot_11/install/servicios/share/servicios/environment/library_path.dsv
[0.591s] -- Up-to-date: /home/sergio/turtle_bot_11/install/servicios/lib/libservicios__rosidl_generator_c.so
[0.591s] -- Up-to-date: /home/sergio/turtle_bot_11/install/servicios/include/servicios/servicios
[0.591s] -- Up-to-date: /home/sergio/turtle_bot_11/install/servicios/include/servicios/servicios/msg
[0.592s] -- Up-to-date: /home/sergio/turtle_bot_11/install/servicios/include/servicios/servicios/msg/rosidl_typesupport_fastrtps_c__visibility_control.h
[0.592s] -- Up-to-date: /home/sergio/turtle_bot_11/install/servicios/include/servicios/servicios/srv
[0.592s] -- Up-to-date: /home/sergio/turtle_bot_11/install/servicios/include/servicios/servicios/srv/detail
[0.592s] -- Up-to-date: /home/sergio/turtle_bot_11/install/servicios/include/servicios/servicios/srv/detail/save_route__rosidl_typesupport_fastrtps_c.h
[0.592s] -- Up-to-date: /home/sergio/turtle_bot_11/install/servicios/lib/libservicios__rosidl_typesupport_fastrtps_c.so
[0.592s] -- Up-to-date: /home/sergio/turtle_bot_11/install/servicios/include/servicios/servicios
[0.592s] -- Up-to-date: /home/sergio/turtle_bot_11/install/servicios/include/servicios/servicios/srv
[0.592s] -- Up-to-date: /home/sergio/turtle_bot_11/install/servicios/include/servicios/servicios/srv/detail
[0.593s] -- Up-to-date: /home/sergio/turtle_bot_11/install/servicios/include/servicios/servicios/srv/detail/save_route__traits.hpp
[0.593s] -- Up-to-date: /home/sergio/turtle_bot_11/install/servicios/include/servicios/servicios/srv/detail/save_route__struct.hpp
[0.593s] -- Up-to-date: /home/sergio/turtle_bot_11/install/servicios/include/servicios/servicios/srv/detail/save_route__builder.hpp
[0.593s] -- Up-to-date: /home/sergio/turtle_bot_11/install/servicios/include/servicios/servicios/srv/save_route.hpp
[0.593s] -- Up-to-date: /home/sergio/turtle_bot_11/install/servicios/include/servicios/servicios
[0.593s] -- Up-to-date: /home/sergio/turtle_bot_11/install/servicios/include/servicios/servicios/msg
[0.593s] -- Up-to-date: /home/sergio/turtle_bot_11/install/servicios/include/servicios/servicios/msg/rosidl_typesupport_fastrtps_cpp__visibility_control.h
[0.594s] -- Up-to-date: /home/sergio/turtle_bot_11/install/servicios/include/servicios/servicios/srv
[0.594s] -- Up-to-date: /home/sergio/turtle_bot_11/install/servicios/include/servicios/servicios/srv/detail
[0.594s] -- Up-to-date: /home/sergio/turtle_bot_11/install/servicios/include/servicios/servicios/srv/detail/dds_fastrtps
[0.594s] -- Up-to-date: /home/sergio/turtle_bot_11/install/servicios/include/servicios/servicios/srv/detail/save_route__rosidl_typesupport_fastrtps_cpp.hpp
[0.594s] -- Up-to-date: /home/sergio/turtle_bot_11/install/servicios/lib/libservicios__rosidl_typesupport_fastrtps_cpp.so
[0.594s] -- Up-to-date: /home/sergio/turtle_bot_11/install/servicios/include/servicios/servicios
[0.594s] -- Up-to-date: /home/sergio/turtle_bot_11/install/servicios/include/servicios/servicios/msg
[0.594s] -- Up-to-date: /home/sergio/turtle_bot_11/install/servicios/include/servicios/servicios/msg/rosidl_typesupport_introspection_c__visibility_control.h
[0.594s] -- Up-to-date: /home/sergio/turtle_bot_11/install/servicios/include/servicios/servicios/srv
[0.594s] -- Up-to-date: /home/sergio/turtle_bot_11/install/servicios/include/servicios/servicios/srv/detail
[0.595s] -- Up-to-date: /home/sergio/turtle_bot_11/install/servicios/include/servicios/servicios/srv/detail/save_route__type_support.c
[0.595s] -- Up-to-date: /home/sergio/turtle_bot_11/install/servicios/include/servicios/servicios/srv/detail/save_route__rosidl_typesupport_introspection_c.h
[0.595s] -- Up-to-date: /home/sergio/turtle_bot_11/install/servicios/lib/libservicios__rosidl_typesupport_introspection_c.so
[0.595s] -- Up-to-date: /home/sergio/turtle_bot_11/install/servicios/lib/libservicios__rosidl_typesupport_c.so
[0.595s] -- Up-to-date: /home/sergio/turtle_bot_11/install/servicios/include/servicios/servicios
[0.595s] -- Up-to-date: /home/sergio/turtle_bot_11/install/servicios/include/servicios/servicios/srv
[0.595s] -- Up-to-date: /home/sergio/turtle_bot_11/install/servicios/include/servicios/servicios/srv/detail
[0.595s] -- Up-to-date: /home/sergio/turtle_bot_11/install/servicios/include/servicios/servicios/srv/detail/save_route__rosidl_typesupport_introspection_cpp.hpp
[0.595s] -- Up-to-date: /home/sergio/turtle_bot_11/install/servicios/include/servicios/servicios/srv/detail/save_route__type_support.cpp
[0.595s] -- Up-to-date: /home/sergio/turtle_bot_11/install/servicios/lib/libservicios__rosidl_typesupport_introspection_cpp.so
[0.596s] -- Up-to-date: /home/sergio/turtle_bot_11/install/servicios/lib/libservicios__rosidl_typesupport_cpp.so
[0.596s] -- Up-to-date: /home/sergio/turtle_bot_11/install/servicios/share/servicios/environment/pythonpath.sh
[0.596s] -- Up-to-date: /home/sergio/turtle_bot_11/install/servicios/share/servicios/environment/pythonpath.dsv
[0.596s] -- Up-to-date: /home/sergio/turtle_bot_11/install/servicios/local/lib/python3.10/dist-packages/servicios-0.0.0-py3.10.egg-info
[0.596s] -- Installing: /home/sergio/turtle_bot_11/install/servicios/local/lib/python3.10/dist-packages/servicios-0.0.0-py3.10.egg-info/SOURCES.txt
[0.596s] -- Installing: /home/sergio/turtle_bot_11/install/servicios/local/lib/python3.10/dist-packages/servicios-0.0.0-py3.10.egg-info/top_level.txt
[0.596s] -- Installing: /home/sergio/turtle_bot_11/install/servicios/local/lib/python3.10/dist-packages/servicios-0.0.0-py3.10.egg-info/PKG-INFO
[0.596s] -- Installing: /home/sergio/turtle_bot_11/install/servicios/local/lib/python3.10/dist-packages/servicios-0.0.0-py3.10.egg-info/dependency_links.txt
[0.596s] -- Up-to-date: /home/sergio/turtle_bot_11/install/servicios/local/lib/python3.10/dist-packages/servicios
[0.596s] -- Up-to-date: /home/sergio/turtle_bot_11/install/servicios/local/lib/python3.10/dist-packages/servicios/servicios_s__rosidl_typesupport_c.cpython-310-x86_64-linux-gnu.so
[0.596s] -- Up-to-date: /home/sergio/turtle_bot_11/install/servicios/local/lib/python3.10/dist-packages/servicios/libservicios__rosidl_generator_py.so
[0.597s] -- Up-to-date: /home/sergio/turtle_bot_11/install/servicios/local/lib/python3.10/dist-packages/servicios/servicios_s__rosidl_typesupport_fastrtps_c.cpython-310-x86_64-linux-gnu.so
[0.597s] -- Up-to-date: /home/sergio/turtle_bot_11/install/servicios/local/lib/python3.10/dist-packages/servicios/_servicios_s.ep.rosidl_typesupport_fastrtps_c.c
[0.597s] -- Up-to-date: /home/sergio/turtle_bot_11/install/servicios/local/lib/python3.10/dist-packages/servicios/servicios_s__rosidl_typesupport_introspection_c.cpython-310-x86_64-linux-gnu.so
[0.597s] -- Up-to-date: /home/sergio/turtle_bot_11/install/servicios/local/lib/python3.10/dist-packages/servicios/__init__.py
[0.597s] -- Up-to-date: /home/sergio/turtle_bot_11/install/servicios/local/lib/python3.10/dist-packages/servicios/_servicios_s.ep.rosidl_typesupport_c.c
[0.597s] -- Up-to-date: /home/sergio/turtle_bot_11/install/servicios/local/lib/python3.10/dist-packages/servicios/srv
[0.597s] -- Up-to-date: /home/sergio/turtle_bot_11/install/servicios/local/lib/python3.10/dist-packages/servicios/srv/__init__.py
[0.597s] -- Up-to-date: /home/sergio/turtle_bot_11/install/servicios/local/lib/python3.10/dist-packages/servicios/srv/_save_route_s.c
[0.597s] -- Up-to-date: /home/sergio/turtle_bot_11/install/servicios/local/lib/python3.10/dist-packages/servicios/srv/_save_route.py
[0.597s] -- Up-to-date: /home/sergio/turtle_bot_11/install/servicios/local/lib/python3.10/dist-packages/servicios/_servicios_s.ep.rosidl_typesupport_introspection_c.c
[0.636s] Listing '/home/sergio/turtle_bot_11/install/servicios/local/lib/python3.10/dist-packages/servicios'...
[0.636s] Listing '/home/sergio/turtle_bot_11/install/servicios/local/lib/python3.10/dist-packages/servicios/srv'...
[0.645s] -- Up-to-date: /home/sergio/turtle_bot_11/install/servicios/local/lib/python3.10/dist-packages/servicios/servicios_s__rosidl_typesupport_fastrtps_c.cpython-310-x86_64-linux-gnu.so
[0.645s] -- Up-to-date: /home/sergio/turtle_bot_11/install/servicios/local/lib/python3.10/dist-packages/servicios/servicios_s__rosidl_typesupport_introspection_c.cpython-310-x86_64-linux-gnu.so
[0.646s] -- Up-to-date: /home/sergio/turtle_bot_11/install/servicios/local/lib/python3.10/dist-packages/servicios/servicios_s__rosidl_typesupport_c.cpython-310-x86_64-linux-gnu.so
[0.646s] -- Up-to-date: /home/sergio/turtle_bot_11/install/servicios/lib/libservicios__rosidl_generator_py.so
[0.646s] -- Up-to-date: /home/sergio/turtle_bot_11/install/servicios/share/servicios/srv/SaveRoute.idl
[0.647s] -- Up-to-date: /home/sergio/turtle_bot_11/install/servicios/share/servicios/srv/SaveRoute.srv
[0.647s] -- Up-to-date: /home/sergio/turtle_bot_11/install/servicios/share/servicios/srv/SaveRoute_Request.msg
[0.647s] -- Up-to-date: /home/sergio/turtle_bot_11/install/servicios/share/servicios/srv/SaveRoute_Response.msg
[0.647s] -- Up-to-date: /home/sergio/turtle_bot_11/install/servicios/share/ament_index/resource_index/package_run_dependencies/servicios
[0.647s] -- Up-to-date: /home/sergio/turtle_bot_11/install/servicios/share/ament_index/resource_index/parent_prefix_path/servicios
[0.648s] -- Up-to-date: /home/sergio/turtle_bot_11/install/servicios/share/servicios/environment/ament_prefix_path.sh
[0.648s] -- Up-to-date: /home/sergio/turtle_bot_11/install/servicios/share/servicios/environment/ament_prefix_path.dsv
[0.648s] -- Up-to-date: /home/sergio/turtle_bot_11/install/servicios/share/servicios/environment/path.sh
[0.648s] -- Up-to-date: /home/sergio/turtle_bot_11/install/servicios/share/servicios/environment/path.dsv
[0.648s] -- Up-to-date: /home/sergio/turtle_bot_11/install/servicios/share/servicios/local_setup.bash
[0.649s] -- Up-to-date: /home/sergio/turtle_bot_11/install/servicios/share/servicios/local_setup.sh
[0.649s] -- Up-to-date: /home/sergio/turtle_bot_11/install/servicios/share/servicios/local_setup.zsh
[0.649s] -- Up-to-date: /home/sergio/turtle_bot_11/install/servicios/share/servicios/local_setup.dsv
[0.649s] -- Installing: /home/sergio/turtle_bot_11/install/servicios/share/servicios/package.dsv
[0.649s] -- Up-to-date: /home/sergio/turtle_bot_11/install/servicios/share/ament_index/resource_index/packages/servicios
[0.649s] -- Up-to-date: /home/sergio/turtle_bot_11/install/servicios/share/servicios/cmake/export_servicios__rosidl_generator_cExport.cmake
[0.650s] -- Up-to-date: /home/sergio/turtle_bot_11/install/servicios/share/servicios/cmake/export_servicios__rosidl_generator_cExport-noconfig.cmake
[0.650s] -- Up-to-date: /home/sergio/turtle_bot_11/install/servicios/share/servicios/cmake/export_servicios__rosidl_typesupport_fastrtps_cExport.cmake
[0.650s] -- Up-to-date: /home/sergio/turtle_bot_11/install/servicios/share/servicios/cmake/export_servicios__rosidl_typesupport_fastrtps_cExport-noconfig.cmake
[0.650s] -- Up-to-date: /home/sergio/turtle_bot_11/install/servicios/share/servicios/cmake/export_servicios__rosidl_generator_cppExport.cmake
[0.650s] -- Up-to-date: /home/sergio/turtle_bot_11/install/servicios/share/servicios/cmake/export_servicios__rosidl_typesupport_fastrtps_cppExport.cmake
[0.650s] -- Up-to-date: /home/sergio/turtle_bot_11/install/servicios/share/servicios/cmake/export_servicios__rosidl_typesupport_fastrtps_cppExport-noconfig.cmake
[0.650s] -- Up-to-date: /home/sergio/turtle_bot_11/install/servicios/share/servicios/cmake/servicios__rosidl_typesupport_introspection_cExport.cmake
[0.650s] -- Up-to-date: /home/sergio/turtle_bot_11/install/servicios/share/servicios/cmake/servicios__rosidl_typesupport_introspection_cExport-noconfig.cmake
[0.650s] -- Up-to-date: /home/sergio/turtle_bot_11/install/servicios/share/servicios/cmake/servicios__rosidl_typesupport_cExport.cmake
[0.650s] -- Up-to-date: /home/sergio/turtle_bot_11/install/servicios/share/servicios/cmake/servicios__rosidl_typesupport_cExport-noconfig.cmake
[0.651s] -- Up-to-date: /home/sergio/turtle_bot_11/install/servicios/share/servicios/cmake/servicios__rosidl_typesupport_introspection_cppExport.cmake
[0.651s] -- Up-to-date: /home/sergio/turtle_bot_11/install/servicios/share/servicios/cmake/servicios__rosidl_typesupport_introspection_cppExport-noconfig.cmake
[0.651s] -- Up-to-date: /home/sergio/turtle_bot_11/install/servicios/share/servicios/cmake/servicios__rosidl_typesupport_cppExport.cmake
[0.651s] -- Up-to-date: /home/sergio/turtle_bot_11/install/servicios/share/servicios/cmake/servicios__rosidl_typesupport_cppExport-noconfig.cmake
[0.651s] -- Up-to-date: /home/sergio/turtle_bot_11/install/servicios/share/servicios/cmake/export_servicios__rosidl_generator_pyExport.cmake
[0.651s] -- Up-to-date: /home/sergio/turtle_bot_11/install/servicios/share/servicios/cmake/export_servicios__rosidl_generator_pyExport-noconfig.cmake
[0.651s] -- Up-to-date: /home/sergio/turtle_bot_11/install/servicios/share/servicios/cmake/rosidl_cmake-extras.cmake
[0.651s] -- Up-to-date: /home/sergio/turtle_bot_11/install/servicios/share/servicios/cmake/ament_cmake_export_dependencies-extras.cmake
[0.651s] -- Up-to-date: /home/sergio/turtle_bot_11/install/servicios/share/servicios/cmake/ament_cmake_export_include_directories-extras.cmake
[0.652s] -- Up-to-date: /home/sergio/turtle_bot_11/install/servicios/share/servicios/cmake/ament_cmake_export_libraries-extras.cmake
[0.652s] -- Up-to-date: /home/sergio/turtle_bot_11/install/servicios/share/servicios/cmake/ament_cmake_export_targets-extras.cmake
[0.653s] -- Up-to-date: /home/sergio/turtle_bot_11/install/servicios/share/servicios/cmake/rosidl_cmake_export_typesupport_targets-extras.cmake
[0.654s] -- Up-to-date: /home/sergio/turtle_bot_11/install/servicios/share/servicios/cmake/rosidl_cmake_export_typesupport_libraries-extras.cmake
[0.655s] -- Up-to-date: /home/sergio/turtle_bot_11/install/servicios/share/servicios/cmake/serviciosConfig.cmake
[0.655s] -- Up-to-date: /home/sergio/turtle_bot_11/install/servicios/share/servicios/cmake/serviciosConfig-version.cmake
[0.656s] -- Up-to-date: /home/sergio/turtle_bot_11/install/servicios/share/servicios/package.xml
[0.657s] Invoked command in '/home/sergio/turtle_bot_11/build/servicios' returned '0': CMAKE_PREFIX_PATH=${CMAKE_PREFIX_PATH}:/home/sergio/turtle_bot_11/install/turtle_bot_nodos:/home/sergio/install/my_first_ros2_package:/opt/ros/humble COMP_WORDBREAKS=
"'><=;|&( /usr/bin/cmake --install /home/sergio/turtle_bot_11/build/servicios
