[0.899s] Invoking command in '/home/sergio/turtle_bot_11/src/turtle_bot_nodos': COMP_WORDBREAKS=
"'><=;|&( PYTHONPATH=/home/sergio/turtle_bot_11/build/turtle_bot_nodos/prefix_override:/home/sergio/turtle_bot_11/install/turtle_bot_nodos/lib/python3.10/site-packages:${PYTHONPATH} /usr/bin/python3 setup.py egg_info --egg-base ../../build/turtle_bot_nodos build --build-base /home/sergio/turtle_bot_11/build/turtle_bot_nodos/build install --record /home/sergio/turtle_bot_11/build/turtle_bot_nodos/install.log --single-version-externally-managed
[1.112s] running egg_info
[1.128s] writing ../../build/turtle_bot_nodos/turtle_bot_nodos.egg-info/PKG-INFO
[1.128s] writing dependency_links to ../../build/turtle_bot_nodos/turtle_bot_nodos.egg-info/dependency_links.txt
[1.128s] writing entry points to ../../build/turtle_bot_nodos/turtle_bot_nodos.egg-info/entry_points.txt
[1.128s] writing requirements to ../../build/turtle_bot_nodos/turtle_bot_nodos.egg-info/requires.txt
[1.128s] writing top-level names to ../../build/turtle_bot_nodos/turtle_bot_nodos.egg-info/top_level.txt
[1.158s] reading manifest file '../../build/turtle_bot_nodos/turtle_bot_nodos.egg-info/SOURCES.txt'
[1.159s] writing manifest file '../../build/turtle_bot_nodos/turtle_bot_nodos.egg-info/SOURCES.txt'
[1.159s] running build
[1.159s] running build_py
[1.160s] copying turtle_bot_nodos/turtle_bot_player.py -> /home/sergio/turtle_bot_11/build/turtle_bot_nodos/build/lib/turtle_bot_nodos
[1.160s] running install
[1.160s] /home/sergio/.local/lib/python3.10/site-packages/setuptools/command/install.py:34: SetuptoolsDeprecationWarning: setup.py install is deprecated. Use build and pip and other standards-based tools.
[1.160s]   warnings.warn(
[1.165s] running install_lib
[1.180s] copying /home/sergio/turtle_bot_11/build/turtle_bot_nodos/build/lib/turtle_bot_nodos/turtle_bot_player.py -> /home/sergio/turtle_bot_11/install/turtle_bot_nodos/lib/python3.10/site-packages/turtle_bot_nodos
[1.181s] byte-compiling /home/sergio/turtle_bot_11/install/turtle_bot_nodos/lib/python3.10/site-packages/turtle_bot_nodos/turtle_bot_player.py to turtle_bot_player.cpython-310.pyc
[1.182s] running install_data
[1.197s] running install_egg_info
[1.211s] removing '/home/sergio/turtle_bot_11/install/turtle_bot_nodos/lib/python3.10/site-packages/turtle_bot_nodos-0.0.0-py3.10.egg-info' (and everything under it)
[1.212s] Copying ../../build/turtle_bot_nodos/turtle_bot_nodos.egg-info to /home/sergio/turtle_bot_11/install/turtle_bot_nodos/lib/python3.10/site-packages/turtle_bot_nodos-0.0.0-py3.10.egg-info
[1.212s] running install_scripts
[1.446s] Installing turtle_bot_interface script to /home/sergio/turtle_bot_11/install/turtle_bot_nodos/lib/turtle_bot_nodos
[1.447s] Installing turtle_bot_player script to /home/sergio/turtle_bot_11/install/turtle_bot_nodos/lib/turtle_bot_nodos
[1.447s] Installing turtle_bot_save_route script to /home/sergio/turtle_bot_11/install/turtle_bot_nodos/lib/turtle_bot_nodos
[1.447s] Installing turtle_bot_teleop_ script to /home/sergio/turtle_bot_11/install/turtle_bot_nodos/lib/turtle_bot_nodos
[1.447s] writing list of installed files to '/home/sergio/turtle_bot_11/build/turtle_bot_nodos/install.log'
[1.486s] Invoked command in '/home/sergio/turtle_bot_11/src/turtle_bot_nodos' returned '0': COMP_WORDBREAKS=
"'><=;|&( PYTHONPATH=/home/sergio/turtle_bot_11/build/turtle_bot_nodos/prefix_override:/home/sergio/turtle_bot_11/install/turtle_bot_nodos/lib/python3.10/site-packages:${PYTHONPATH} /usr/bin/python3 setup.py egg_info --egg-base ../../build/turtle_bot_nodos build --build-base /home/sergio/turtle_bot_11/build/turtle_bot_nodos/build install --record /home/sergio/turtle_bot_11/build/turtle_bot_nodos/install.log --single-version-externally-managed
