[0.808s] DEBUG:colcon:Command line arguments: ['/usr/bin/colcon', 'build']
[0.808s] DEBUG:colcon:Parsed command line arguments: Namespace(log_base=None, log_level=None, verb_name='build', build_base='build', install_base='install', merge_install=False, symlink_install=False, test_result_base=None, continue_on_error=False, executor='parallel', parallel_workers=8, event_handlers=None, ignore_user_meta=False, metas=['./colcon.meta'], base_paths=['.'], packages_ignore=None, packages_ignore_regex=None, paths=None, packages_up_to=None, packages_up_to_regex=None, packages_above=None, packages_above_and_dependencies=None, packages_above_depth=None, packages_select_by_dep=None, packages_skip_by_dep=None, packages_skip_up_to=None, packages_select_build_failed=False, packages_skip_build_finished=False, packages_select_test_failures=False, packages_skip_test_passed=False, packages_select=None, packages_skip=None, packages_select_regex=None, packages_skip_regex=None, packages_start=None, packages_end=None, allow_overriding=[], cmake_args=None, cmake_target=None, cmake_target_skip_unavailable=False, cmake_clean_cache=False, cmake_clean_first=False, cmake_force_configure=False, ament_cmake_args=None, catkin_cmake_args=None, catkin_skip_building_tests=False, verb_parser=<colcon_defaults.argument_parser.defaults.DefaultArgumentsDecorator object at 0x7fa21304cfa0>, verb_extension=<colcon_core.verb.build.BuildVerb object at 0x7fa213196980>, main=<bound method BuildVerb.main of <colcon_core.verb.build.BuildVerb object at 0x7fa213196980>>)
[1.139s] Level 1:colcon.colcon_core.package_discovery:discover_packages(colcon_meta) check parameters
[1.140s] Level 1:colcon.colcon_core.package_discovery:discover_packages(recursive) check parameters
[1.140s] Level 1:colcon.colcon_core.package_discovery:discover_packages(ignore) check parameters
[1.140s] Level 1:colcon.colcon_core.package_discovery:discover_packages(path) check parameters
[1.140s] Level 1:colcon.colcon_core.package_discovery:discover_packages(colcon_meta) discover
[1.140s] Level 1:colcon.colcon_core.package_discovery:discover_packages(recursive) discover
[1.141s] INFO:colcon.colcon_core.package_discovery:Crawling recursively for packages in '/home/sergio/taller_2_grupo_11'
[1.141s] Level 1:colcon.colcon_core.package_identification:_identify(.) by extensions ['ignore', 'ignore_ament_install']
[1.141s] Level 1:colcon.colcon_core.package_identification:_identify(.) by extension 'ignore'
[1.142s] Level 1:colcon.colcon_core.package_identification:_identify(.) by extension 'ignore_ament_install'
[1.142s] Level 1:colcon.colcon_core.package_identification:_identify(.) by extensions ['colcon_pkg']
[1.142s] Level 1:colcon.colcon_core.package_identification:_identify(.) by extension 'colcon_pkg'
[1.142s] Level 1:colcon.colcon_core.package_identification:_identify(.) by extensions ['colcon_meta']
[1.143s] Level 1:colcon.colcon_core.package_identification:_identify(.) by extension 'colcon_meta'
[1.143s] Level 1:colcon.colcon_core.package_identification:_identify(.) by extensions ['ros']
[1.143s] Level 1:colcon.colcon_core.package_identification:_identify(.) by extension 'ros'
[1.220s] Level 1:colcon.colcon_core.package_identification:_identify(.) by extensions ['cmake', 'python']
[1.220s] Level 1:colcon.colcon_core.package_identification:_identify(.) by extension 'cmake'
[1.220s] Level 1:colcon.colcon_core.package_identification:_identify(.) by extension 'python'
[1.220s] Level 1:colcon.colcon_core.package_identification:_identify(.) by extensions ['python_setup_py']
[1.221s] Level 1:colcon.colcon_core.package_identification:_identify(.) by extension 'python_setup_py'
[1.221s] Level 1:colcon.colcon_core.package_identification:_identify(build) by extensions ['ignore', 'ignore_ament_install']
[1.221s] Level 1:colcon.colcon_core.package_identification:_identify(build) by extension 'ignore'
[1.221s] Level 1:colcon.colcon_core.package_identification:_identify(build) ignored
[1.221s] Level 1:colcon.colcon_core.package_identification:_identify(install) by extensions ['ignore', 'ignore_ament_install']
[1.221s] Level 1:colcon.colcon_core.package_identification:_identify(install) by extension 'ignore'
[1.221s] Level 1:colcon.colcon_core.package_identification:_identify(install) ignored
[1.222s] Level 1:colcon.colcon_core.package_identification:_identify(log) by extensions ['ignore', 'ignore_ament_install']
[1.222s] Level 1:colcon.colcon_core.package_identification:_identify(log) by extension 'ignore'
[1.222s] Level 1:colcon.colcon_core.package_identification:_identify(log) ignored
[1.222s] Level 1:colcon.colcon_core.package_identification:_identify(src) by extensions ['ignore', 'ignore_ament_install']
[1.222s] Level 1:colcon.colcon_core.package_identification:_identify(src) by extension 'ignore'
[1.222s] Level 1:colcon.colcon_core.package_identification:_identify(src) by extension 'ignore_ament_install'
[1.223s] Level 1:colcon.colcon_core.package_identification:_identify(src) by extensions ['colcon_pkg']
[1.223s] Level 1:colcon.colcon_core.package_identification:_identify(src) by extension 'colcon_pkg'
[1.223s] Level 1:colcon.colcon_core.package_identification:_identify(src) by extensions ['colcon_meta']
[1.223s] Level 1:colcon.colcon_core.package_identification:_identify(src) by extension 'colcon_meta'
[1.223s] Level 1:colcon.colcon_core.package_identification:_identify(src) by extensions ['ros']
[1.223s] Level 1:colcon.colcon_core.package_identification:_identify(src) by extension 'ros'
[1.223s] Level 1:colcon.colcon_core.package_identification:_identify(src) by extensions ['cmake', 'python']
[1.223s] Level 1:colcon.colcon_core.package_identification:_identify(src) by extension 'cmake'
[1.223s] Level 1:colcon.colcon_core.package_identification:_identify(src) by extension 'python'
[1.223s] Level 1:colcon.colcon_core.package_identification:_identify(src) by extensions ['python_setup_py']
[1.223s] Level 1:colcon.colcon_core.package_identification:_identify(src) by extension 'python_setup_py'
[1.223s] Level 1:colcon.colcon_core.package_identification:_identify(src/results) by extensions ['ignore', 'ignore_ament_install']
[1.223s] Level 1:colcon.colcon_core.package_identification:_identify(src/results) by extension 'ignore'
[1.223s] Level 1:colcon.colcon_core.package_identification:_identify(src/results) by extension 'ignore_ament_install'
[1.224s] Level 1:colcon.colcon_core.package_identification:_identify(src/results) by extensions ['colcon_pkg']
[1.224s] Level 1:colcon.colcon_core.package_identification:_identify(src/results) by extension 'colcon_pkg'
[1.224s] Level 1:colcon.colcon_core.package_identification:_identify(src/results) by extensions ['colcon_meta']
[1.224s] Level 1:colcon.colcon_core.package_identification:_identify(src/results) by extension 'colcon_meta'
[1.224s] Level 1:colcon.colcon_core.package_identification:_identify(src/results) by extensions ['ros']
[1.224s] Level 1:colcon.colcon_core.package_identification:_identify(src/results) by extension 'ros'
[1.224s] Level 1:colcon.colcon_core.package_identification:_identify(src/results) by extensions ['cmake', 'python']
[1.224s] Level 1:colcon.colcon_core.package_identification:_identify(src/results) by extension 'cmake'
[1.224s] Level 1:colcon.colcon_core.package_identification:_identify(src/results) by extension 'python'
[1.224s] Level 1:colcon.colcon_core.package_identification:_identify(src/results) by extensions ['python_setup_py']
[1.224s] Level 1:colcon.colcon_core.package_identification:_identify(src/results) by extension 'python_setup_py'
[1.224s] Level 1:colcon.colcon_core.package_identification:_identify(src/servicios) by extensions ['ignore', 'ignore_ament_install']
[1.224s] Level 1:colcon.colcon_core.package_identification:_identify(src/servicios) by extension 'ignore'
[1.225s] Level 1:colcon.colcon_core.package_identification:_identify(src/servicios) by extension 'ignore_ament_install'
[1.225s] Level 1:colcon.colcon_core.package_identification:_identify(src/servicios) by extensions ['colcon_pkg']
[1.225s] Level 1:colcon.colcon_core.package_identification:_identify(src/servicios) by extension 'colcon_pkg'
[1.225s] Level 1:colcon.colcon_core.package_identification:_identify(src/servicios) by extensions ['colcon_meta']
[1.225s] Level 1:colcon.colcon_core.package_identification:_identify(src/servicios) by extension 'colcon_meta'
[1.225s] Level 1:colcon.colcon_core.package_identification:_identify(src/servicios) by extensions ['ros']
[1.225s] Level 1:colcon.colcon_core.package_identification:_identify(src/servicios) by extension 'ros'
[1.270s] DEBUG:colcon.colcon_core.package_identification:Package 'src/servicios' with type 'ros.ament_cmake' and name 'servicios'
[1.270s] Level 1:colcon.colcon_core.package_identification:_identify(src/turtle_bot_nodos) by extensions ['ignore', 'ignore_ament_install']
[1.270s] Level 1:colcon.colcon_core.package_identification:_identify(src/turtle_bot_nodos) by extension 'ignore'
[1.270s] Level 1:colcon.colcon_core.package_identification:_identify(src/turtle_bot_nodos) by extension 'ignore_ament_install'
[1.270s] Level 1:colcon.colcon_core.package_identification:_identify(src/turtle_bot_nodos) by extensions ['colcon_pkg']
[1.270s] Level 1:colcon.colcon_core.package_identification:_identify(src/turtle_bot_nodos) by extension 'colcon_pkg'
[1.271s] Level 1:colcon.colcon_core.package_identification:_identify(src/turtle_bot_nodos) by extensions ['colcon_meta']
[1.271s] Level 1:colcon.colcon_core.package_identification:_identify(src/turtle_bot_nodos) by extension 'colcon_meta'
[1.271s] Level 1:colcon.colcon_core.package_identification:_identify(src/turtle_bot_nodos) by extensions ['ros']
[1.271s] Level 1:colcon.colcon_core.package_identification:_identify(src/turtle_bot_nodos) by extension 'ros'
[1.284s] DEBUG:colcon.colcon_core.package_identification:Package 'src/turtle_bot_nodos' with type 'ros.ament_python' and name 'turtle_bot_nodos'
[1.284s] Level 1:colcon.colcon_core.package_discovery:discover_packages(recursive) using defaults
[1.285s] Level 1:colcon.colcon_core.package_discovery:discover_packages(ignore) discover
[1.285s] Level 1:colcon.colcon_core.package_discovery:discover_packages(ignore) using defaults
[1.285s] Level 1:colcon.colcon_core.package_discovery:discover_packages(path) discover
[1.285s] Level 1:colcon.colcon_core.package_discovery:discover_packages(path) using defaults
[1.360s] Level 1:colcon.colcon_core.package_discovery:discover_packages(prefix_path) check parameters
[1.360s] Level 1:colcon.colcon_core.package_discovery:discover_packages(prefix_path) discover
[1.364s] DEBUG:colcon.colcon_installed_package_information.package_discovery:Found 285 installed packages in /opt/ros/humble
[1.365s] Level 1:colcon.colcon_core.package_discovery:discover_packages(prefix_path) using defaults
[1.430s] Level 5:colcon.colcon_core.verb:set package 'servicios' build argument 'cmake_args' from command line to 'None'
[1.430s] Level 5:colcon.colcon_core.verb:set package 'servicios' build argument 'cmake_target' from command line to 'None'
[1.430s] Level 5:colcon.colcon_core.verb:set package 'servicios' build argument 'cmake_target_skip_unavailable' from command line to 'False'
[1.430s] Level 5:colcon.colcon_core.verb:set package 'servicios' build argument 'cmake_clean_cache' from command line to 'False'
[1.430s] Level 5:colcon.colcon_core.verb:set package 'servicios' build argument 'cmake_clean_first' from command line to 'False'
[1.430s] Level 5:colcon.colcon_core.verb:set package 'servicios' build argument 'cmake_force_configure' from command line to 'False'
[1.430s] Level 5:colcon.colcon_core.verb:set package 'servicios' build argument 'ament_cmake_args' from command line to 'None'
[1.430s] Level 5:colcon.colcon_core.verb:set package 'servicios' build argument 'catkin_cmake_args' from command line to 'None'
[1.430s] Level 5:colcon.colcon_core.verb:set package 'servicios' build argument 'catkin_skip_building_tests' from command line to 'False'
[1.430s] DEBUG:colcon.colcon_core.verb:Building package 'servicios' with the following arguments: {'ament_cmake_args': None, 'build_base': '/home/sergio/taller_2_grupo_11/build/servicios', 'catkin_cmake_args': None, 'catkin_skip_building_tests': False, 'cmake_args': None, 'cmake_clean_cache': False, 'cmake_clean_first': False, 'cmake_force_configure': False, 'cmake_target': None, 'cmake_target_skip_unavailable': False, 'install_base': '/home/sergio/taller_2_grupo_11/install/servicios', 'merge_install': False, 'path': '/home/sergio/taller_2_grupo_11/src/servicios', 'symlink_install': False, 'test_result_base': None}
[1.431s] Level 5:colcon.colcon_core.verb:set package 'turtle_bot_nodos' build argument 'cmake_args' from command line to 'None'
[1.431s] Level 5:colcon.colcon_core.verb:set package 'turtle_bot_nodos' build argument 'cmake_target' from command line to 'None'
[1.431s] Level 5:colcon.colcon_core.verb:set package 'turtle_bot_nodos' build argument 'cmake_target_skip_unavailable' from command line to 'False'
[1.431s] Level 5:colcon.colcon_core.verb:set package 'turtle_bot_nodos' build argument 'cmake_clean_cache' from command line to 'False'
[1.431s] Level 5:colcon.colcon_core.verb:set package 'turtle_bot_nodos' build argument 'cmake_clean_first' from command line to 'False'
[1.431s] Level 5:colcon.colcon_core.verb:set package 'turtle_bot_nodos' build argument 'cmake_force_configure' from command line to 'False'
[1.431s] Level 5:colcon.colcon_core.verb:set package 'turtle_bot_nodos' build argument 'ament_cmake_args' from command line to 'None'
[1.431s] Level 5:colcon.colcon_core.verb:set package 'turtle_bot_nodos' build argument 'catkin_cmake_args' from command line to 'None'
[1.431s] Level 5:colcon.colcon_core.verb:set package 'turtle_bot_nodos' build argument 'catkin_skip_building_tests' from command line to 'False'
[1.431s] DEBUG:colcon.colcon_core.verb:Building package 'turtle_bot_nodos' with the following arguments: {'ament_cmake_args': None, 'build_base': '/home/sergio/taller_2_grupo_11/build/turtle_bot_nodos', 'catkin_cmake_args': None, 'catkin_skip_building_tests': False, 'cmake_args': None, 'cmake_clean_cache': False, 'cmake_clean_first': False, 'cmake_force_configure': False, 'cmake_target': None, 'cmake_target_skip_unavailable': False, 'install_base': '/home/sergio/taller_2_grupo_11/install/turtle_bot_nodos', 'merge_install': False, 'path': '/home/sergio/taller_2_grupo_11/src/turtle_bot_nodos', 'symlink_install': False, 'test_result_base': None}
[1.432s] INFO:colcon.colcon_core.executor:Executing jobs using 'parallel' executor
[1.435s] DEBUG:colcon.colcon_parallel_executor.executor.parallel:run_until_complete
[1.435s] INFO:colcon.colcon_ros.task.ament_cmake.build:Building ROS package in '/home/sergio/taller_2_grupo_11/src/servicios' with build type 'ament_cmake'
[1.435s] INFO:colcon.colcon_cmake.task.cmake.build:Building CMake package in '/home/sergio/taller_2_grupo_11/src/servicios'
[1.440s] INFO:colcon.colcon_core.plugin_system:Skipping extension 'colcon_core.shell.bat': Not used on non-Windows systems
[1.441s] INFO:colcon.colcon_core.shell:Skip shell extension 'powershell' for command environment: Not usable outside of PowerShell
[1.441s] DEBUG:colcon.colcon_core.shell:Skip shell extension 'dsv' for command environment
[1.444s] INFO:colcon.colcon_ros.task.ament_python.build:Building ROS package in '/home/sergio/taller_2_grupo_11/src/turtle_bot_nodos' with build type 'ament_python'
[1.444s] Level 1:colcon.colcon_core.shell:create_environment_hook('turtle_bot_nodos', 'ament_prefix_path')
[1.446s] INFO:colcon.colcon_core.shell:Creating environment hook '/home/sergio/taller_2_grupo_11/install/turtle_bot_nodos/share/turtle_bot_nodos/hook/ament_prefix_path.ps1'
[1.447s] INFO:colcon.colcon_core.shell:Creating environment descriptor '/home/sergio/taller_2_grupo_11/install/turtle_bot_nodos/share/turtle_bot_nodos/hook/ament_prefix_path.dsv'
[1.448s] INFO:colcon.colcon_core.shell:Creating environment hook '/home/sergio/taller_2_grupo_11/install/turtle_bot_nodos/share/turtle_bot_nodos/hook/ament_prefix_path.sh'
[1.450s] INFO:colcon.colcon_core.shell:Skip shell extension 'powershell' for command environment: Not usable outside of PowerShell
[1.450s] DEBUG:colcon.colcon_core.shell:Skip shell extension 'dsv' for command environment
[1.552s] DEBUG:colcon.colcon_core.event_handler.log_command:Invoking command in '/home/sergio/taller_2_grupo_11/build/servicios': CMAKE_PREFIX_PATH=/opt/ros/humble COMP_WORDBREAKS=
"'><=;|&( /usr/bin/cmake --build /home/sergio/taller_2_grupo_11/build/servicios -- -j8 -l8
[1.893s] INFO:colcon.colcon_core.task.python.build:Building Python package in '/home/sergio/taller_2_grupo_11/src/turtle_bot_nodos'
[1.894s] INFO:colcon.colcon_core.shell:Skip shell extension 'powershell' for command environment: Not usable outside of PowerShell
[1.895s] DEBUG:colcon.colcon_core.shell:Skip shell extension 'dsv' for command environment
[3.005s] DEBUG:colcon.colcon_core.event_handler.log_command:Invoked command in '/home/sergio/taller_2_grupo_11/build/servicios' returned '0': CMAKE_PREFIX_PATH=/opt/ros/humble COMP_WORDBREAKS=
"'><=;|&( /usr/bin/cmake --build /home/sergio/taller_2_grupo_11/build/servicios -- -j8 -l8
[3.061s] DEBUG:colcon.colcon_core.event_handler.log_command:Invoking command in '/home/sergio/taller_2_grupo_11/build/servicios': CMAKE_PREFIX_PATH=/opt/ros/humble COMP_WORDBREAKS=
"'><=;|&( /usr/bin/cmake --install /home/sergio/taller_2_grupo_11/build/servicios
[3.089s] DEBUG:colcon.colcon_core.event_handler.log_command:Invoking command in '/home/sergio/taller_2_grupo_11/src/turtle_bot_nodos': COMP_WORDBREAKS=
"'><=;|&( PYTHONPATH=/home/sergio/taller_2_grupo_11/build/turtle_bot_nodos/prefix_override:/home/sergio/taller_2_grupo_11/install/turtle_bot_nodos/lib/python3.10/site-packages:${PYTHONPATH} /usr/bin/python3 setup.py egg_info --egg-base ../../build/turtle_bot_nodos build --build-base /home/sergio/taller_2_grupo_11/build/turtle_bot_nodos/build install --record /home/sergio/taller_2_grupo_11/build/turtle_bot_nodos/install.log --single-version-externally-managed
[3.201s] Level 1:colcon.colcon_core.environment:create_environment_scripts_only(servicios)
[3.203s] DEBUG:colcon.colcon_core.event_handler.log_command:Invoked command in '/home/sergio/taller_2_grupo_11/build/servicios' returned '0': CMAKE_PREFIX_PATH=/opt/ros/humble COMP_WORDBREAKS=
"'><=;|&( /usr/bin/cmake --install /home/sergio/taller_2_grupo_11/build/servicios
[3.228s] Level 1:colcon.colcon_core.environment:checking '/home/sergio/taller_2_grupo_11/install/servicios' for CMake module files
[3.230s] Level 1:colcon.colcon_core.environment:checking '/home/sergio/taller_2_grupo_11/install/servicios' for CMake config files
[3.233s] Level 1:colcon.colcon_core.shell:create_environment_hook('servicios', 'cmake_prefix_path')
[3.234s] INFO:colcon.colcon_core.shell:Creating environment hook '/home/sergio/taller_2_grupo_11/install/servicios/share/servicios/hook/cmake_prefix_path.ps1'
[3.234s] INFO:colcon.colcon_core.shell:Creating environment descriptor '/home/sergio/taller_2_grupo_11/install/servicios/share/servicios/hook/cmake_prefix_path.dsv'
[3.234s] INFO:colcon.colcon_core.shell:Creating environment hook '/home/sergio/taller_2_grupo_11/install/servicios/share/servicios/hook/cmake_prefix_path.sh'
[3.235s] Level 1:colcon.colcon_core.environment:checking '/home/sergio/taller_2_grupo_11/install/servicios/lib'
[3.235s] Level 1:colcon.colcon_core.shell:create_environment_hook('servicios', 'ld_library_path_lib')
[3.237s] INFO:colcon.colcon_core.shell:Creating environment hook '/home/sergio/taller_2_grupo_11/install/servicios/share/servicios/hook/ld_library_path_lib.ps1'
[3.237s] INFO:colcon.colcon_core.shell:Creating environment descriptor '/home/sergio/taller_2_grupo_11/install/servicios/share/servicios/hook/ld_library_path_lib.dsv'
[3.237s] INFO:colcon.colcon_core.shell:Creating environment hook '/home/sergio/taller_2_grupo_11/install/servicios/share/servicios/hook/ld_library_path_lib.sh'
[3.238s] Level 1:colcon.colcon_core.environment:checking '/home/sergio/taller_2_grupo_11/install/servicios/bin'
[3.238s] Level 1:colcon.colcon_core.environment:checking '/home/sergio/taller_2_grupo_11/install/servicios/lib/pkgconfig/servicios.pc'
[3.238s] Level 1:colcon.colcon_core.environment:checking '/home/sergio/taller_2_grupo_11/install/servicios/lib/python3.10/site-packages'
[3.238s] Level 1:colcon.colcon_core.environment:checking '/home/sergio/taller_2_grupo_11/install/servicios/bin'
[3.239s] INFO:colcon.colcon_core.shell:Creating package script '/home/sergio/taller_2_grupo_11/install/servicios/share/servicios/package.ps1'
[3.240s] INFO:colcon.colcon_core.shell:Creating package descriptor '/home/sergio/taller_2_grupo_11/install/servicios/share/servicios/package.dsv'
[3.241s] INFO:colcon.colcon_core.shell:Creating package script '/home/sergio/taller_2_grupo_11/install/servicios/share/servicios/package.sh'
[3.242s] INFO:colcon.colcon_core.shell:Creating package script '/home/sergio/taller_2_grupo_11/install/servicios/share/servicios/package.bash'
[3.243s] INFO:colcon.colcon_core.shell:Creating package script '/home/sergio/taller_2_grupo_11/install/servicios/share/servicios/package.zsh'
[3.243s] Level 1:colcon.colcon_core.environment:create_file_with_runtime_dependencies(/home/sergio/taller_2_grupo_11/install/servicios/share/colcon-core/packages/servicios)
[3.294s] Level 1:colcon.colcon_core.environment:create_environment_scripts_only(servicios)
[3.296s] Level 1:colcon.colcon_core.environment:checking '/home/sergio/taller_2_grupo_11/install/servicios' for CMake module files
[3.296s] Level 1:colcon.colcon_core.environment:checking '/home/sergio/taller_2_grupo_11/install/servicios' for CMake config files
[3.297s] Level 1:colcon.colcon_core.shell:create_environment_hook('servicios', 'cmake_prefix_path')
[3.298s] INFO:colcon.colcon_core.shell:Creating environment hook '/home/sergio/taller_2_grupo_11/install/servicios/share/servicios/hook/cmake_prefix_path.ps1'
[3.298s] INFO:colcon.colcon_core.shell:Creating environment descriptor '/home/sergio/taller_2_grupo_11/install/servicios/share/servicios/hook/cmake_prefix_path.dsv'
[3.298s] INFO:colcon.colcon_core.shell:Creating environment hook '/home/sergio/taller_2_grupo_11/install/servicios/share/servicios/hook/cmake_prefix_path.sh'
[3.299s] Level 1:colcon.colcon_core.environment:checking '/home/sergio/taller_2_grupo_11/install/servicios/lib'
[3.299s] Level 1:colcon.colcon_core.shell:create_environment_hook('servicios', 'ld_library_path_lib')
[3.301s] INFO:colcon.colcon_core.shell:Creating environment hook '/home/sergio/taller_2_grupo_11/install/servicios/share/servicios/hook/ld_library_path_lib.ps1'
[3.302s] INFO:colcon.colcon_core.shell:Creating environment descriptor '/home/sergio/taller_2_grupo_11/install/servicios/share/servicios/hook/ld_library_path_lib.dsv'
[3.303s] INFO:colcon.colcon_core.shell:Creating environment hook '/home/sergio/taller_2_grupo_11/install/servicios/share/servicios/hook/ld_library_path_lib.sh'
[3.303s] Level 1:colcon.colcon_core.environment:checking '/home/sergio/taller_2_grupo_11/install/servicios/bin'
[3.303s] Level 1:colcon.colcon_core.environment:checking '/home/sergio/taller_2_grupo_11/install/servicios/lib/pkgconfig/servicios.pc'
[3.303s] Level 1:colcon.colcon_core.environment:checking '/home/sergio/taller_2_grupo_11/install/servicios/lib/python3.10/site-packages'
[3.304s] Level 1:colcon.colcon_core.environment:checking '/home/sergio/taller_2_grupo_11/install/servicios/bin'
[3.305s] INFO:colcon.colcon_core.shell:Creating package script '/home/sergio/taller_2_grupo_11/install/servicios/share/servicios/package.ps1'
[3.305s] INFO:colcon.colcon_core.shell:Creating package descriptor '/home/sergio/taller_2_grupo_11/install/servicios/share/servicios/package.dsv'
[3.306s] INFO:colcon.colcon_core.shell:Creating package script '/home/sergio/taller_2_grupo_11/install/servicios/share/servicios/package.sh'
[3.306s] INFO:colcon.colcon_core.shell:Creating package script '/home/sergio/taller_2_grupo_11/install/servicios/share/servicios/package.bash'
[3.306s] INFO:colcon.colcon_core.shell:Creating package script '/home/sergio/taller_2_grupo_11/install/servicios/share/servicios/package.zsh'
[3.307s] Level 1:colcon.colcon_core.environment:create_file_with_runtime_dependencies(/home/sergio/taller_2_grupo_11/install/servicios/share/colcon-core/packages/servicios)
[3.669s] Level 1:colcon.colcon_core.environment:checking '/home/sergio/taller_2_grupo_11/install/turtle_bot_nodos' for CMake module files
[3.670s] DEBUG:colcon.colcon_core.event_handler.log_command:Invoked command in '/home/sergio/taller_2_grupo_11/src/turtle_bot_nodos' returned '0': COMP_WORDBREAKS=
"'><=;|&( PYTHONPATH=/home/sergio/taller_2_grupo_11/build/turtle_bot_nodos/prefix_override:/home/sergio/taller_2_grupo_11/install/turtle_bot_nodos/lib/python3.10/site-packages:${PYTHONPATH} /usr/bin/python3 setup.py egg_info --egg-base ../../build/turtle_bot_nodos build --build-base /home/sergio/taller_2_grupo_11/build/turtle_bot_nodos/build install --record /home/sergio/taller_2_grupo_11/build/turtle_bot_nodos/install.log --single-version-externally-managed
[3.670s] Level 1:colcon.colcon_core.environment:checking '/home/sergio/taller_2_grupo_11/install/turtle_bot_nodos' for CMake config files
[3.671s] Level 1:colcon.colcon_core.environment:checking '/home/sergio/taller_2_grupo_11/install/turtle_bot_nodos/lib'
[3.671s] Level 1:colcon.colcon_core.environment:checking '/home/sergio/taller_2_grupo_11/install/turtle_bot_nodos/bin'
[3.671s] Level 1:colcon.colcon_core.environment:checking '/home/sergio/taller_2_grupo_11/install/turtle_bot_nodos/lib/pkgconfig/turtle_bot_nodos.pc'
[3.671s] Level 1:colcon.colcon_core.environment:checking '/home/sergio/taller_2_grupo_11/install/turtle_bot_nodos/lib/python3.10/site-packages'
[3.672s] Level 1:colcon.colcon_core.shell:create_environment_hook('turtle_bot_nodos', 'pythonpath')
[3.673s] INFO:colcon.colcon_core.shell:Creating environment hook '/home/sergio/taller_2_grupo_11/install/turtle_bot_nodos/share/turtle_bot_nodos/hook/pythonpath.ps1'
[3.673s] INFO:colcon.colcon_core.shell:Creating environment descriptor '/home/sergio/taller_2_grupo_11/install/turtle_bot_nodos/share/turtle_bot_nodos/hook/pythonpath.dsv'
[3.673s] INFO:colcon.colcon_core.shell:Creating environment hook '/home/sergio/taller_2_grupo_11/install/turtle_bot_nodos/share/turtle_bot_nodos/hook/pythonpath.sh'
[3.674s] Level 1:colcon.colcon_core.environment:checking '/home/sergio/taller_2_grupo_11/install/turtle_bot_nodos/bin'
[3.674s] Level 1:colcon.colcon_core.environment:create_environment_scripts_only(turtle_bot_nodos)
[3.675s] INFO:colcon.colcon_core.shell:Creating package script '/home/sergio/taller_2_grupo_11/install/turtle_bot_nodos/share/turtle_bot_nodos/package.ps1'
[3.676s] INFO:colcon.colcon_core.shell:Creating package descriptor '/home/sergio/taller_2_grupo_11/install/turtle_bot_nodos/share/turtle_bot_nodos/package.dsv'
[3.676s] INFO:colcon.colcon_core.shell:Creating package script '/home/sergio/taller_2_grupo_11/install/turtle_bot_nodos/share/turtle_bot_nodos/package.sh'
[3.677s] INFO:colcon.colcon_core.shell:Creating package script '/home/sergio/taller_2_grupo_11/install/turtle_bot_nodos/share/turtle_bot_nodos/package.bash'
[3.677s] INFO:colcon.colcon_core.shell:Creating package script '/home/sergio/taller_2_grupo_11/install/turtle_bot_nodos/share/turtle_bot_nodos/package.zsh'
[3.677s] Level 1:colcon.colcon_core.environment:create_file_with_runtime_dependencies(/home/sergio/taller_2_grupo_11/install/turtle_bot_nodos/share/colcon-core/packages/turtle_bot_nodos)
[3.677s] DEBUG:colcon.colcon_parallel_executor.executor.parallel:closing loop
[3.678s] DEBUG:colcon.colcon_parallel_executor.executor.parallel:loop closed
[3.678s] DEBUG:colcon.colcon_parallel_executor.executor.parallel:run_until_complete finished with '0'
[3.678s] DEBUG:colcon.colcon_core.event_reactor:joining thread
[3.728s] INFO:colcon.colcon_core.plugin_system:Skipping extension 'colcon_notification.desktop_notification.terminal_notifier': Not used on non-Darwin systems
[3.728s] INFO:colcon.colcon_core.plugin_system:Skipping extension 'colcon_notification.desktop_notification.win32': Not used on non-Windows systems
[3.729s] INFO:colcon.colcon_notification.desktop_notification:Sending desktop notification using 'notify2'
[3.784s] DEBUG:colcon.colcon_core.event_reactor:joined thread
[3.786s] INFO:colcon.colcon_core.shell:Creating prefix script '/home/sergio/taller_2_grupo_11/install/local_setup.ps1'
[3.787s] INFO:colcon.colcon_core.shell:Creating prefix util module '/home/sergio/taller_2_grupo_11/install/_local_setup_util_ps1.py'
[3.789s] INFO:colcon.colcon_core.shell:Creating prefix chain script '/home/sergio/taller_2_grupo_11/install/setup.ps1'
[3.791s] INFO:colcon.colcon_core.shell:Creating prefix script '/home/sergio/taller_2_grupo_11/install/local_setup.sh'
[3.792s] INFO:colcon.colcon_core.shell:Creating prefix util module '/home/sergio/taller_2_grupo_11/install/_local_setup_util_sh.py'
[3.793s] INFO:colcon.colcon_core.shell:Creating prefix chain script '/home/sergio/taller_2_grupo_11/install/setup.sh'
[3.794s] INFO:colcon.colcon_core.shell:Creating prefix script '/home/sergio/taller_2_grupo_11/install/local_setup.bash'
[3.795s] INFO:colcon.colcon_core.shell:Creating prefix chain script '/home/sergio/taller_2_grupo_11/install/setup.bash'
[3.796s] INFO:colcon.colcon_core.shell:Creating prefix script '/home/sergio/taller_2_grupo_11/install/local_setup.zsh'
[3.797s] INFO:colcon.colcon_core.shell:Creating prefix chain script '/home/sergio/taller_2_grupo_11/install/setup.zsh'
