[0.021s] Invoking command in '/home/sergio/turtle_bot_11/build/servicios': CMAKE_PREFIX_PATH=/home/sergio/turtle_bot_11/install/turtle_bot_nodos:/opt/ros/humble COMP_WORDBREAKS=
"'><=;|&( /usr/bin/cmake /home/sergio/turtle_bot_11/src/servicios -DCMAKE_INSTALL_PREFIX=/home/sergio/turtle_bot_11/install/servicios
[0.034s] -- Found ament_cmake: 1.3.3 (/opt/ros/humble/share/ament_cmake/cmake)
[0.173s] -- Found geometry_msgs: 4.2.3 (/opt/ros/humble/share/geometry_msgs/cmake)
[0.197s] -- Found rosidl_generator_c: 3.1.4 (/opt/ros/humble/share/rosidl_generator_c/cmake)
[0.200s] -- Found rosidl_adapter: 3.1.4 (/opt/ros/humble/share/rosidl_adapter/cmake)
[0.206s] -- Found rosidl_generator_cpp: 3.1.4 (/opt/ros/humble/share/rosidl_generator_cpp/cmake)
[0.217s] -- Using all available rosidl_typesupport_c: rosidl_typesupport_fastrtps_c;rosidl_typesupport_introspection_c
[0.234s] -- Using all available rosidl_typesupport_cpp: rosidl_typesupport_fastrtps_cpp;rosidl_typesupport_introspection_cpp
[0.351s] -- Found rosidl_default_generators: 1.2.0 (/opt/ros/humble/share/rosidl_default_generators/cmake)
[0.780s] -- Found ament_cmake_ros: 0.10.0 (/opt/ros/humble/share/ament_cmake_ros/cmake)
[1.282s] -- Using all available rosidl_typesupport_c: rosidl_typesupport_fastrtps_c;rosidl_typesupport_introspection_c
[1.500s] -- Using all available rosidl_typesupport_cpp: rosidl_typesupport_fastrtps_cpp;rosidl_typesupport_introspection_cpp
[1.567s] -- Found PythonInterp: /usr/bin/python3 (found suitable version "3.10.6", minimum required is "3.6") 
[1.614s] -- Found python_cmake_module: 0.10.0 (/opt/ros/humble/share/python_cmake_module/cmake)
[1.780s] -- Found PythonLibs: /usr/lib/x86_64-linux-gnu/libpython3.10.so (found suitable version "3.10.6", minimum required is "3.5") 
[1.781s] -- Using PYTHON_EXECUTABLE: /usr/bin/python3
[1.781s] -- Using PYTHON_INCLUDE_DIRS: /usr/include/python3.10
[1.781s] -- Using PYTHON_LIBRARIES: /usr/lib/x86_64-linux-gnu/libpython3.10.so
[1.838s] -- Found PythonExtra: .so  
[1.895s] -- Found ament_lint_auto: 0.12.5 (/opt/ros/humble/share/ament_lint_auto/cmake)
[1.993s] -- Added test 'lint_cmake' to check CMake code style
[1.998s] -- Added test 'xmllint' to check XML markup files
[2.007s] -- Configuring done
[2.049s] -- Generating done
[2.051s] -- Build files have been written to: /home/sergio/turtle_bot_11/build/servicios
[2.058s] Invoked command in '/home/sergio/turtle_bot_11/build/servicios' returned '0': CMAKE_PREFIX_PATH=/home/sergio/turtle_bot_11/install/turtle_bot_nodos:/opt/ros/humble COMP_WORDBREAKS=
"'><=;|&( /usr/bin/cmake /home/sergio/turtle_bot_11/src/servicios -DCMAKE_INSTALL_PREFIX=/home/sergio/turtle_bot_11/install/servicios
[2.060s] Invoking command in '/home/sergio/turtle_bot_11/build/servicios': CMAKE_PREFIX_PATH=/home/sergio/turtle_bot_11/install/turtle_bot_nodos:/opt/ros/humble COMP_WORDBREAKS=
"'><=;|&( /usr/bin/cmake --build /home/sergio/turtle_bot_11/build/servicios -- -j8 -l8
[2.093s] [  3%] [34m[1mGenerating C code for ROS interfaces[0m
[2.102s] [  6%] [34m[1mGenerating C++ code for ROS interfaces[0m
[2.109s] [  6%] Built target ament_cmake_python_copy_servicios
[2.293s] running egg_info
[2.295s] creating servicios.egg-info
[2.316s] writing servicios.egg-info/PKG-INFO
[2.316s] writing dependency_links to servicios.egg-info/dependency_links.txt
[2.316s] writing top-level names to servicios.egg-info/top_level.txt
[2.317s] writing manifest file 'servicios.egg-info/SOURCES.txt'
[2.383s] reading manifest file 'servicios.egg-info/SOURCES.txt'
[2.384s] writing manifest file 'servicios.egg-info/SOURCES.txt'
[2.399s] [  9%] [32mBuilding C object CMakeFiles/servicios__rosidl_generator_c.dir/rosidl_generator_c/servicios/srv/detail/save_route__functions.c.o[0m
[2.418s] [  9%] Built target ament_cmake_python_build_servicios_egg
[2.433s] [  9%] Built target servicios__cpp
[2.442s] [ 16%] [34m[1mGenerating C++ introspection for ROS interfaces[0m
[2.442s] [ 16%] [34m[1mGenerating C++ type support dispatch for ROS interfaces[0m
[2.443s] [ 19%] [34m[1mGenerating C++ type support for eProsima Fast-RTPS[0m
[2.668s] [ 22%] [32mBuilding CXX object CMakeFiles/servicios__rosidl_typesupport_cpp.dir/rosidl_typesupport_cpp/servicios/srv/save_route__type_support.cpp.o[0m
[2.700s] [ 25%] [32mBuilding CXX object CMakeFiles/servicios__rosidl_typesupport_introspection_cpp.dir/rosidl_typesupport_introspection_cpp/servicios/srv/detail/save_route__type_support.cpp.o[0m
[2.720s] [ 29%] [32mBuilding CXX object CMakeFiles/servicios__rosidl_typesupport_fastrtps_cpp.dir/rosidl_typesupport_fastrtps_cpp/servicios/srv/detail/dds_fastrtps/save_route__type_support.cpp.o[0m
[3.314s] [ 32%] [32m[1mLinking C shared library libservicios__rosidl_generator_c.so[0m
[3.419s] [ 32%] Built target servicios__rosidl_generator_c
[3.429s] [ 41%] [34m[1mGenerating C introspection for ROS interfaces[0m
[3.430s] [ 41%] [34m[1mGenerating C type support for eProsima Fast-RTPS[0m
[3.430s] [ 41%] [34m[1mGenerating C type support dispatch for ROS interfaces[0m
[3.695s] [ 45%] [32mBuilding C object CMakeFiles/servicios__rosidl_typesupport_introspection_c.dir/rosidl_typesupport_introspection_c/servicios/srv/detail/save_route__type_support.c.o[0m
[3.710s] [ 48%] [32mBuilding CXX object CMakeFiles/servicios__rosidl_typesupport_fastrtps_c.dir/rosidl_typesupport_fastrtps_c/servicios/srv/detail/save_route__type_support_c.cpp.o[0m
[3.711s] [ 51%] [32mBuilding CXX object CMakeFiles/servicios__rosidl_typesupport_c.dir/rosidl_typesupport_c/servicios/srv/save_route__type_support.cpp.o[0m
[3.891s] [ 54%] [32m[1mLinking C shared library libservicios__rosidl_typesupport_introspection_c.so[0m
[3.918s] [ 54%] Built target servicios__rosidl_typesupport_introspection_c
[3.992s] [ 58%] [32m[1mLinking CXX shared library libservicios__rosidl_typesupport_c.so[0m
[4.092s] [ 58%] Built target servicios__rosidl_typesupport_c
[4.489s] [ 61%] [32m[1mLinking CXX shared library libservicios__rosidl_typesupport_cpp.so[0m
[4.531s] [ 61%] Built target servicios__rosidl_typesupport_cpp
[4.612s] [ 64%] [32m[1mLinking CXX shared library libservicios__rosidl_typesupport_introspection_cpp.so[0m
[4.613s] [ 67%] [32m[1mLinking CXX shared library libservicios__rosidl_typesupport_fastrtps_c.so[0m
[4.615s] [ 70%] [32m[1mLinking CXX shared library libservicios__rosidl_typesupport_fastrtps_cpp.so[0m
[4.655s] [ 70%] Built target servicios__rosidl_typesupport_introspection_cpp
[4.727s] [ 70%] Built target servicios__rosidl_typesupport_fastrtps_c
[4.731s] [ 70%] Built target servicios__rosidl_typesupport_fastrtps_cpp
[4.759s] [ 70%] Built target servicios
[4.785s] [ 74%] [34m[1mGenerating Python code for ROS interfaces[0m
[5.175s] [ 74%] Built target servicios__py
[5.191s] [ 77%] [32mBuilding C object CMakeFiles/servicios__rosidl_generator_py.dir/rosidl_generator_py/servicios/srv/_save_route_s.c.o[0m
[5.633s] [ 80%] [32m[1mLinking C shared library rosidl_generator_py/servicios/libservicios__rosidl_generator_py.so[0m
[5.674s] [ 80%] Built target servicios__rosidl_generator_py
[5.693s] [ 90%] [32mBuilding C object CMakeFiles/servicios__rosidl_typesupport_introspection_c__pyext.dir/rosidl_generator_py/servicios/_servicios_s.ep.rosidl_typesupport_introspection_c.c.o[0m
[5.693s] [ 90%] [32mBuilding C object CMakeFiles/servicios__rosidl_typesupport_fastrtps_c__pyext.dir/rosidl_generator_py/servicios/_servicios_s.ep.rosidl_typesupport_fastrtps_c.c.o[0m
[5.693s] [ 90%] [32mBuilding C object CMakeFiles/servicios__rosidl_typesupport_c__pyext.dir/rosidl_generator_py/servicios/_servicios_s.ep.rosidl_typesupport_c.c.o[0m
[5.859s] [100%] [32m[1mLinking C shared library rosidl_generator_py/servicios/servicios_s__rosidl_typesupport_c.cpython-310-x86_64-linux-gnu.so[0m
[5.859s] [100%] [32m[1mLinking C shared library rosidl_generator_py/servicios/servicios_s__rosidl_typesupport_introspection_c.cpython-310-x86_64-linux-gnu.so[0m
[5.860s] [100%] [32m[1mLinking C shared library rosidl_generator_py/servicios/servicios_s__rosidl_typesupport_fastrtps_c.cpython-310-x86_64-linux-gnu.so[0m
[5.901s] [100%] Built target servicios__rosidl_typesupport_c__pyext
[5.902s] [100%] Built target servicios__rosidl_typesupport_introspection_c__pyext
[5.902s] [100%] Built target servicios__rosidl_typesupport_fastrtps_c__pyext
[5.964s] Invoked command in '/home/sergio/turtle_bot_11/build/servicios' returned '0': CMAKE_PREFIX_PATH=/home/sergio/turtle_bot_11/install/turtle_bot_nodos:/opt/ros/humble COMP_WORDBREAKS=
"'><=;|&( /usr/bin/cmake --build /home/sergio/turtle_bot_11/build/servicios -- -j8 -l8
[6.065s] Invoking command in '/home/sergio/turtle_bot_11/build/servicios': CMAKE_PREFIX_PATH=/home/sergio/turtle_bot_11/install/turtle_bot_nodos:/opt/ros/humble COMP_WORDBREAKS=
"'><=;|&( /usr/bin/cmake --install /home/sergio/turtle_bot_11/build/servicios
[6.072s] -- Install configuration: ""
[6.072s] -- Installing: /home/sergio/turtle_bot_11/install/servicios/share/ament_index/resource_index/rosidl_interfaces/servicios
[6.072s] -- Installing: /home/sergio/turtle_bot_11/install/servicios/include/servicios/servicios
[6.072s] -- Installing: /home/sergio/turtle_bot_11/install/servicios/include/servicios/servicios/msg
[6.073s] -- Installing: /home/sergio/turtle_bot_11/install/servicios/include/servicios/servicios/msg/rosidl_generator_c__visibility_control.h
[6.073s] -- Installing: /home/sergio/turtle_bot_11/install/servicios/include/servicios/servicios/srv
[6.073s] -- Installing: /home/sergio/turtle_bot_11/install/servicios/include/servicios/servicios/srv/save_route.h
[6.073s] -- Installing: /home/sergio/turtle_bot_11/install/servicios/include/servicios/servicios/srv/detail
[6.073s] -- Installing: /home/sergio/turtle_bot_11/install/servicios/include/servicios/servicios/srv/detail/save_route__struct.h
[6.073s] -- Installing: /home/sergio/turtle_bot_11/install/servicios/include/servicios/servicios/srv/detail/save_route__type_support.h
[6.073s] -- Installing: /home/sergio/turtle_bot_11/install/servicios/include/servicios/servicios/srv/detail/save_route__functions.c
[6.073s] -- Installing: /home/sergio/turtle_bot_11/install/servicios/include/servicios/servicios/srv/detail/save_route__functions.h
[6.073s] -- Installing: /home/sergio/turtle_bot_11/install/servicios/share/servicios/environment/library_path.sh
[6.074s] -- Installing: /home/sergio/turtle_bot_11/install/servicios/share/servicios/environment/library_path.dsv
[6.074s] -- Installing: /home/sergio/turtle_bot_11/install/servicios/lib/libservicios__rosidl_generator_c.so
[6.074s] -- Set runtime path of "/home/sergio/turtle_bot_11/install/servicios/lib/libservicios__rosidl_generator_c.so" to ""
[6.074s] -- Up-to-date: /home/sergio/turtle_bot_11/install/servicios/include/servicios/servicios
[6.074s] -- Up-to-date: /home/sergio/turtle_bot_11/install/servicios/include/servicios/servicios/msg
[6.074s] -- Installing: /home/sergio/turtle_bot_11/install/servicios/include/servicios/servicios/msg/rosidl_typesupport_fastrtps_c__visibility_control.h
[6.074s] -- Up-to-date: /home/sergio/turtle_bot_11/install/servicios/include/servicios/servicios/srv
[6.075s] -- Up-to-date: /home/sergio/turtle_bot_11/install/servicios/include/servicios/servicios/srv/detail
[6.075s] -- Installing: /home/sergio/turtle_bot_11/install/servicios/include/servicios/servicios/srv/detail/save_route__rosidl_typesupport_fastrtps_c.h
[6.075s] -- Installing: /home/sergio/turtle_bot_11/install/servicios/lib/libservicios__rosidl_typesupport_fastrtps_c.so
[6.075s] -- Set runtime path of "/home/sergio/turtle_bot_11/install/servicios/lib/libservicios__rosidl_typesupport_fastrtps_c.so" to ""
[6.075s] -- Up-to-date: /home/sergio/turtle_bot_11/install/servicios/include/servicios/servicios
[6.075s] -- Up-to-date: /home/sergio/turtle_bot_11/install/servicios/include/servicios/servicios/srv
[6.075s] -- Up-to-date: /home/sergio/turtle_bot_11/install/servicios/include/servicios/servicios/srv/detail
[6.076s] -- Installing: /home/sergio/turtle_bot_11/install/servicios/include/servicios/servicios/srv/detail/save_route__traits.hpp
[6.076s] -- Installing: /home/sergio/turtle_bot_11/install/servicios/include/servicios/servicios/srv/detail/save_route__struct.hpp
[6.076s] -- Installing: /home/sergio/turtle_bot_11/install/servicios/include/servicios/servicios/srv/detail/save_route__builder.hpp
[6.076s] -- Installing: /home/sergio/turtle_bot_11/install/servicios/include/servicios/servicios/srv/save_route.hpp
[6.076s] -- Up-to-date: /home/sergio/turtle_bot_11/install/servicios/include/servicios/servicios
[6.076s] -- Up-to-date: /home/sergio/turtle_bot_11/install/servicios/include/servicios/servicios/msg
[6.076s] -- Installing: /home/sergio/turtle_bot_11/install/servicios/include/servicios/servicios/msg/rosidl_typesupport_fastrtps_cpp__visibility_control.h
[6.076s] -- Up-to-date: /home/sergio/turtle_bot_11/install/servicios/include/servicios/servicios/srv
[6.077s] -- Up-to-date: /home/sergio/turtle_bot_11/install/servicios/include/servicios/servicios/srv/detail
[6.077s] -- Installing: /home/sergio/turtle_bot_11/install/servicios/include/servicios/servicios/srv/detail/dds_fastrtps
[6.077s] -- Installing: /home/sergio/turtle_bot_11/install/servicios/include/servicios/servicios/srv/detail/save_route__rosidl_typesupport_fastrtps_cpp.hpp
[6.077s] -- Installing: /home/sergio/turtle_bot_11/install/servicios/lib/libservicios__rosidl_typesupport_fastrtps_cpp.so
[6.077s] -- Set runtime path of "/home/sergio/turtle_bot_11/install/servicios/lib/libservicios__rosidl_typesupport_fastrtps_cpp.so" to ""
[6.077s] -- Up-to-date: /home/sergio/turtle_bot_11/install/servicios/include/servicios/servicios
[6.077s] -- Up-to-date: /home/sergio/turtle_bot_11/install/servicios/include/servicios/servicios/msg
[6.077s] -- Installing: /home/sergio/turtle_bot_11/install/servicios/include/servicios/servicios/msg/rosidl_typesupport_introspection_c__visibility_control.h
[6.077s] -- Up-to-date: /home/sergio/turtle_bot_11/install/servicios/include/servicios/servicios/srv
[6.078s] -- Up-to-date: /home/sergio/turtle_bot_11/install/servicios/include/servicios/servicios/srv/detail
[6.078s] -- Installing: /home/sergio/turtle_bot_11/install/servicios/include/servicios/servicios/srv/detail/save_route__type_support.c
[6.078s] -- Installing: /home/sergio/turtle_bot_11/install/servicios/include/servicios/servicios/srv/detail/save_route__rosidl_typesupport_introspection_c.h
[6.078s] -- Installing: /home/sergio/turtle_bot_11/install/servicios/lib/libservicios__rosidl_typesupport_introspection_c.so
[6.078s] -- Set runtime path of "/home/sergio/turtle_bot_11/install/servicios/lib/libservicios__rosidl_typesupport_introspection_c.so" to ""
[6.078s] -- Installing: /home/sergio/turtle_bot_11/install/servicios/lib/libservicios__rosidl_typesupport_c.so
[6.078s] -- Set runtime path of "/home/sergio/turtle_bot_11/install/servicios/lib/libservicios__rosidl_typesupport_c.so" to ""
[6.078s] -- Up-to-date: /home/sergio/turtle_bot_11/install/servicios/include/servicios/servicios
[6.078s] -- Up-to-date: /home/sergio/turtle_bot_11/install/servicios/include/servicios/servicios/srv
[6.079s] -- Up-to-date: /home/sergio/turtle_bot_11/install/servicios/include/servicios/servicios/srv/detail
[6.079s] -- Installing: /home/sergio/turtle_bot_11/install/servicios/include/servicios/servicios/srv/detail/save_route__rosidl_typesupport_introspection_cpp.hpp
[6.079s] -- Installing: /home/sergio/turtle_bot_11/install/servicios/include/servicios/servicios/srv/detail/save_route__type_support.cpp
[6.079s] -- Installing: /home/sergio/turtle_bot_11/install/servicios/lib/libservicios__rosidl_typesupport_introspection_cpp.so
[6.079s] -- Set runtime path of "/home/sergio/turtle_bot_11/install/servicios/lib/libservicios__rosidl_typesupport_introspection_cpp.so" to ""
[6.079s] -- Installing: /home/sergio/turtle_bot_11/install/servicios/lib/libservicios__rosidl_typesupport_cpp.so
[6.079s] -- Set runtime path of "/home/sergio/turtle_bot_11/install/servicios/lib/libservicios__rosidl_typesupport_cpp.so" to ""
[6.079s] -- Installing: /home/sergio/turtle_bot_11/install/servicios/share/servicios/environment/pythonpath.sh
[6.080s] -- Installing: /home/sergio/turtle_bot_11/install/servicios/share/servicios/environment/pythonpath.dsv
[6.080s] -- Installing: /home/sergio/turtle_bot_11/install/servicios/local/lib/python3.10/dist-packages/servicios-0.0.0-py3.10.egg-info
[6.080s] -- Installing: /home/sergio/turtle_bot_11/install/servicios/local/lib/python3.10/dist-packages/servicios-0.0.0-py3.10.egg-info/SOURCES.txt
[6.080s] -- Installing: /home/sergio/turtle_bot_11/install/servicios/local/lib/python3.10/dist-packages/servicios-0.0.0-py3.10.egg-info/top_level.txt
[6.080s] -- Installing: /home/sergio/turtle_bot_11/install/servicios/local/lib/python3.10/dist-packages/servicios-0.0.0-py3.10.egg-info/PKG-INFO
[6.080s] -- Installing: /home/sergio/turtle_bot_11/install/servicios/local/lib/python3.10/dist-packages/servicios-0.0.0-py3.10.egg-info/dependency_links.txt
[6.080s] -- Installing: /home/sergio/turtle_bot_11/install/servicios/local/lib/python3.10/dist-packages/servicios
[6.080s] -- Installing: /home/sergio/turtle_bot_11/install/servicios/local/lib/python3.10/dist-packages/servicios/servicios_s__rosidl_typesupport_c.cpython-310-x86_64-linux-gnu.so
[6.080s] -- Installing: /home/sergio/turtle_bot_11/install/servicios/local/lib/python3.10/dist-packages/servicios/libservicios__rosidl_generator_py.so
[6.081s] -- Installing: /home/sergio/turtle_bot_11/install/servicios/local/lib/python3.10/dist-packages/servicios/servicios_s__rosidl_typesupport_fastrtps_c.cpython-310-x86_64-linux-gnu.so
[6.081s] -- Installing: /home/sergio/turtle_bot_11/install/servicios/local/lib/python3.10/dist-packages/servicios/_servicios_s.ep.rosidl_typesupport_fastrtps_c.c
[6.081s] -- Installing: /home/sergio/turtle_bot_11/install/servicios/local/lib/python3.10/dist-packages/servicios/servicios_s__rosidl_typesupport_introspection_c.cpython-310-x86_64-linux-gnu.so
[6.081s] -- Installing: /home/sergio/turtle_bot_11/install/servicios/local/lib/python3.10/dist-packages/servicios/__init__.py
[6.081s] -- Installing: /home/sergio/turtle_bot_11/install/servicios/local/lib/python3.10/dist-packages/servicios/_servicios_s.ep.rosidl_typesupport_c.c
[6.081s] -- Installing: /home/sergio/turtle_bot_11/install/servicios/local/lib/python3.10/dist-packages/servicios/srv
[6.081s] -- Installing: /home/sergio/turtle_bot_11/install/servicios/local/lib/python3.10/dist-packages/servicios/srv/__init__.py
[6.081s] -- Installing: /home/sergio/turtle_bot_11/install/servicios/local/lib/python3.10/dist-packages/servicios/srv/_save_route_s.c
[6.081s] -- Installing: /home/sergio/turtle_bot_11/install/servicios/local/lib/python3.10/dist-packages/servicios/srv/_save_route.py
[6.081s] -- Installing: /home/sergio/turtle_bot_11/install/servicios/local/lib/python3.10/dist-packages/servicios/_servicios_s.ep.rosidl_typesupport_introspection_c.c
[6.113s] Listing '/home/sergio/turtle_bot_11/install/servicios/local/lib/python3.10/dist-packages/servicios'...
[6.113s] Compiling '/home/sergio/turtle_bot_11/install/servicios/local/lib/python3.10/dist-packages/servicios/__init__.py'...
[6.113s] Listing '/home/sergio/turtle_bot_11/install/servicios/local/lib/python3.10/dist-packages/servicios/srv'...
[6.113s] Compiling '/home/sergio/turtle_bot_11/install/servicios/local/lib/python3.10/dist-packages/servicios/srv/__init__.py'...
[6.113s] Compiling '/home/sergio/turtle_bot_11/install/servicios/local/lib/python3.10/dist-packages/servicios/srv/_save_route.py'...
[6.117s] -- Installing: /home/sergio/turtle_bot_11/install/servicios/local/lib/python3.10/dist-packages/servicios/servicios_s__rosidl_typesupport_fastrtps_c.cpython-310-x86_64-linux-gnu.so
[6.118s] -- Set runtime path of "/home/sergio/turtle_bot_11/install/servicios/local/lib/python3.10/dist-packages/servicios/servicios_s__rosidl_typesupport_fastrtps_c.cpython-310-x86_64-linux-gnu.so" to ""
[6.118s] -- Installing: /home/sergio/turtle_bot_11/install/servicios/local/lib/python3.10/dist-packages/servicios/servicios_s__rosidl_typesupport_introspection_c.cpython-310-x86_64-linux-gnu.so
[6.118s] -- Set runtime path of "/home/sergio/turtle_bot_11/install/servicios/local/lib/python3.10/dist-packages/servicios/servicios_s__rosidl_typesupport_introspection_c.cpython-310-x86_64-linux-gnu.so" to ""
[6.118s] -- Installing: /home/sergio/turtle_bot_11/install/servicios/local/lib/python3.10/dist-packages/servicios/servicios_s__rosidl_typesupport_c.cpython-310-x86_64-linux-gnu.so
[6.119s] -- Set runtime path of "/home/sergio/turtle_bot_11/install/servicios/local/lib/python3.10/dist-packages/servicios/servicios_s__rosidl_typesupport_c.cpython-310-x86_64-linux-gnu.so" to ""
[6.119s] -- Installing: /home/sergio/turtle_bot_11/install/servicios/lib/libservicios__rosidl_generator_py.so
[6.119s] -- Set runtime path of "/home/sergio/turtle_bot_11/install/servicios/lib/libservicios__rosidl_generator_py.so" to ""
[6.119s] -- Installing: /home/sergio/turtle_bot_11/install/servicios/share/servicios/srv/SaveRoute.idl
[6.119s] -- Installing: /home/sergio/turtle_bot_11/install/servicios/share/servicios/srv/SaveRoute.srv
[6.119s] -- Installing: /home/sergio/turtle_bot_11/install/servicios/share/servicios/srv/SaveRoute_Request.msg
[6.120s] -- Installing: /home/sergio/turtle_bot_11/install/servicios/share/servicios/srv/SaveRoute_Response.msg
[6.120s] -- Installing: /home/sergio/turtle_bot_11/install/servicios/share/ament_index/resource_index/package_run_dependencies/servicios
[6.120s] -- Installing: /home/sergio/turtle_bot_11/install/servicios/share/ament_index/resource_index/parent_prefix_path/servicios
[6.120s] -- Installing: /home/sergio/turtle_bot_11/install/servicios/share/servicios/environment/ament_prefix_path.sh
[6.120s] -- Installing: /home/sergio/turtle_bot_11/install/servicios/share/servicios/environment/ament_prefix_path.dsv
[6.120s] -- Installing: /home/sergio/turtle_bot_11/install/servicios/share/servicios/environment/path.sh
[6.120s] -- Installing: /home/sergio/turtle_bot_11/install/servicios/share/servicios/environment/path.dsv
[6.120s] -- Installing: /home/sergio/turtle_bot_11/install/servicios/share/servicios/local_setup.bash
[6.121s] -- Installing: /home/sergio/turtle_bot_11/install/servicios/share/servicios/local_setup.sh
[6.121s] -- Installing: /home/sergio/turtle_bot_11/install/servicios/share/servicios/local_setup.zsh
[6.121s] -- Installing: /home/sergio/turtle_bot_11/install/servicios/share/servicios/local_setup.dsv
[6.121s] -- Installing: /home/sergio/turtle_bot_11/install/servicios/share/servicios/package.dsv
[6.121s] -- Installing: /home/sergio/turtle_bot_11/install/servicios/share/ament_index/resource_index/packages/servicios
[6.121s] -- Installing: /home/sergio/turtle_bot_11/install/servicios/share/servicios/cmake/export_servicios__rosidl_generator_cExport.cmake
[6.121s] -- Installing: /home/sergio/turtle_bot_11/install/servicios/share/servicios/cmake/export_servicios__rosidl_generator_cExport-noconfig.cmake
[6.121s] -- Installing: /home/sergio/turtle_bot_11/install/servicios/share/servicios/cmake/export_servicios__rosidl_typesupport_fastrtps_cExport.cmake
[6.121s] -- Installing: /home/sergio/turtle_bot_11/install/servicios/share/servicios/cmake/export_servicios__rosidl_typesupport_fastrtps_cExport-noconfig.cmake
[6.122s] -- Installing: /home/sergio/turtle_bot_11/install/servicios/share/servicios/cmake/export_servicios__rosidl_generator_cppExport.cmake
[6.122s] -- Installing: /home/sergio/turtle_bot_11/install/servicios/share/servicios/cmake/export_servicios__rosidl_typesupport_fastrtps_cppExport.cmake
[6.122s] -- Installing: /home/sergio/turtle_bot_11/install/servicios/share/servicios/cmake/export_servicios__rosidl_typesupport_fastrtps_cppExport-noconfig.cmake
[6.122s] -- Installing: /home/sergio/turtle_bot_11/install/servicios/share/servicios/cmake/servicios__rosidl_typesupport_introspection_cExport.cmake
[6.122s] -- Installing: /home/sergio/turtle_bot_11/install/servicios/share/servicios/cmake/servicios__rosidl_typesupport_introspection_cExport-noconfig.cmake
[6.122s] -- Installing: /home/sergio/turtle_bot_11/install/servicios/share/servicios/cmake/servicios__rosidl_typesupport_cExport.cmake
[6.122s] -- Installing: /home/sergio/turtle_bot_11/install/servicios/share/servicios/cmake/servicios__rosidl_typesupport_cExport-noconfig.cmake
[6.122s] -- Installing: /home/sergio/turtle_bot_11/install/servicios/share/servicios/cmake/servicios__rosidl_typesupport_introspection_cppExport.cmake
[6.122s] -- Installing: /home/sergio/turtle_bot_11/install/servicios/share/servicios/cmake/servicios__rosidl_typesupport_introspection_cppExport-noconfig.cmake
[6.123s] -- Installing: /home/sergio/turtle_bot_11/install/servicios/share/servicios/cmake/servicios__rosidl_typesupport_cppExport.cmake
[6.123s] -- Installing: /home/sergio/turtle_bot_11/install/servicios/share/servicios/cmake/servicios__rosidl_typesupport_cppExport-noconfig.cmake
[6.123s] -- Installing: /home/sergio/turtle_bot_11/install/servicios/share/servicios/cmake/export_servicios__rosidl_generator_pyExport.cmake
[6.123s] -- Installing: /home/sergio/turtle_bot_11/install/servicios/share/servicios/cmake/export_servicios__rosidl_generator_pyExport-noconfig.cmake
[6.123s] -- Installing: /home/sergio/turtle_bot_11/install/servicios/share/servicios/cmake/rosidl_cmake-extras.cmake
[6.123s] -- Installing: /home/sergio/turtle_bot_11/install/servicios/share/servicios/cmake/ament_cmake_export_dependencies-extras.cmake
[6.123s] -- Installing: /home/sergio/turtle_bot_11/install/servicios/share/servicios/cmake/ament_cmake_export_include_directories-extras.cmake
[6.123s] -- Installing: /home/sergio/turtle_bot_11/install/servicios/share/servicios/cmake/ament_cmake_export_libraries-extras.cmake
[6.124s] -- Installing: /home/sergio/turtle_bot_11/install/servicios/share/servicios/cmake/ament_cmake_export_targets-extras.cmake
[6.124s] -- Installing: /home/sergio/turtle_bot_11/install/servicios/share/servicios/cmake/rosidl_cmake_export_typesupport_targets-extras.cmake
[6.124s] -- Installing: /home/sergio/turtle_bot_11/install/servicios/share/servicios/cmake/rosidl_cmake_export_typesupport_libraries-extras.cmake
[6.124s] -- Installing: /home/sergio/turtle_bot_11/install/servicios/share/servicios/cmake/serviciosConfig.cmake
[6.124s] -- Installing: /home/sergio/turtle_bot_11/install/servicios/share/servicios/cmake/serviciosConfig-version.cmake
[6.124s] -- Installing: /home/sergio/turtle_bot_11/install/servicios/share/servicios/package.xml
[6.126s] Invoked command in '/home/sergio/turtle_bot_11/build/servicios' returned '0': CMAKE_PREFIX_PATH=/home/sergio/turtle_bot_11/install/turtle_bot_nodos:/opt/ros/humble COMP_WORDBREAKS=
"'><=;|&( /usr/bin/cmake --install /home/sergio/turtle_bot_11/build/servicios
