[0.033s] Invoking command in '/home/sergio/turtle_bot_11/build/servicios_grupo_11': CMAKE_PREFIX_PATH=/home/sergio/turtle_bot_11/install/turtle_bot_nodos:/opt/ros/humble COMP_WORDBREAKS=
"'><=;|&( /usr/bin/cmake /home/sergio/turtle_bot_11/src/servicios -DCMAKE_INSTALL_PREFIX=/home/sergio/turtle_bot_11/install/servicios_grupo_11
[0.080s] -- The C compiler identification is GNU 11.3.0
[0.136s] -- The CXX compiler identification is GNU 11.3.0
[0.143s] -- Detecting C compiler ABI info
[0.204s] -- Detecting C compiler ABI info - done
[0.212s] -- Check for working C compiler: /usr/bin/cc - skipped
[0.212s] -- Detecting C compile features
[0.212s] -- Detecting C compile features - done
[0.215s] -- Detecting CXX compiler ABI info
[0.287s] -- Detecting CXX compiler ABI info - done
[0.301s] -- Check for working CXX compiler: /usr/bin/c++ - skipped
[0.302s] -- Detecting CXX compile features
[0.302s] -- Detecting CXX compile features - done
[0.305s] -- Found ament_cmake: 1.3.3 (/opt/ros/humble/share/ament_cmake/cmake)
[0.654s] -- Found Python3: /usr/bin/python3.10 (found version "3.10.6") found components: Interpreter 
[0.743s] -- Found ament_lint_auto: 0.12.5 (/opt/ros/humble/share/ament_lint_auto/cmake)
[0.803s] [31mCMake Error at /opt/ros/humble/share/ament_cmake_core/cmake/core/ament_package_xml.cmake:53 (message):
[0.803s]   ament_package_xml() package name 'servicios_grupo_11' in '/package.xml'
[0.803s]   does not match current PROJECT_NAME 'servicios'.  You must call project()
[0.803s]   with the same package name before.
[0.803s] Call Stack (most recent call first):
[0.804s]   /opt/ros/humble/share/ament_lint_auto/cmake/ament_lint_auto_find_test_dependencies.cmake:31 (ament_package_xml)
[0.804s]   CMakeLists.txt:23 (ament_lint_auto_find_test_dependencies)
[0.804s] 
[0.804s] [0m
[0.804s] -- Configuring incomplete, errors occurred!
[0.804s] See also "/home/sergio/turtle_bot_11/build/servicios_grupo_11/CMakeFiles/CMakeOutput.log".
[0.808s] Invoked command in '/home/sergio/turtle_bot_11/build/servicios_grupo_11' returned '1': CMAKE_PREFIX_PATH=/home/sergio/turtle_bot_11/install/turtle_bot_nodos:/opt/ros/humble COMP_WORDBREAKS=
"'><=;|&( /usr/bin/cmake /home/sergio/turtle_bot_11/src/servicios -DCMAKE_INSTALL_PREFIX=/home/sergio/turtle_bot_11/install/servicios_grupo_11
