[0.265s] DEBUG:colcon:Command line arguments: ['/usr/bin/colcon', 'build']
[0.265s] DEBUG:colcon:Parsed command line arguments: Namespace(log_base=None, log_level=None, verb_name='build', build_base='build', install_base='install', merge_install=False, symlink_install=False, test_result_base=None, continue_on_error=False, executor='parallel', parallel_workers=8, event_handlers=None, ignore_user_meta=False, metas=['./colcon.meta'], base_paths=['.'], packages_ignore=None, packages_ignore_regex=None, paths=None, packages_up_to=None, packages_up_to_regex=None, packages_above=None, packages_above_and_dependencies=None, packages_above_depth=None, packages_select_by_dep=None, packages_skip_by_dep=None, packages_skip_up_to=None, packages_select_build_failed=False, packages_skip_build_finished=False, packages_select_test_failures=False, packages_skip_test_passed=False, packages_select=None, packages_skip=None, packages_select_regex=None, packages_skip_regex=None, packages_start=None, packages_end=None, allow_overriding=[], cmake_args=None, cmake_target=None, cmake_target_skip_unavailable=False, cmake_clean_cache=False, cmake_clean_first=False, cmake_force_configure=False, ament_cmake_args=None, catkin_cmake_args=None, catkin_skip_building_tests=False, verb_parser=<colcon_defaults.argument_parser.defaults.DefaultArgumentsDecorator object at 0x7f7fd4e63a00>, verb_extension=<colcon_core.verb.build.BuildVerb object at 0x7f7fd4fd55a0>, main=<bound method BuildVerb.main of <colcon_core.verb.build.BuildVerb object at 0x7f7fd4fd55a0>>)
[0.292s] Level 1:colcon.colcon_core.package_discovery:discover_packages(colcon_meta) check parameters
[0.293s] Level 1:colcon.colcon_core.package_discovery:discover_packages(recursive) check parameters
[0.293s] Level 1:colcon.colcon_core.package_discovery:discover_packages(ignore) check parameters
[0.293s] Level 1:colcon.colcon_core.package_discovery:discover_packages(path) check parameters
[0.293s] Level 1:colcon.colcon_core.package_discovery:discover_packages(colcon_meta) discover
[0.293s] Level 1:colcon.colcon_core.package_discovery:discover_packages(recursive) discover
[0.294s] INFO:colcon.colcon_core.package_discovery:Crawling recursively for packages in '/home/sergio/taller_2_grupo_11'
[0.294s] Level 1:colcon.colcon_core.package_identification:_identify(.) by extensions ['ignore', 'ignore_ament_install']
[0.294s] Level 1:colcon.colcon_core.package_identification:_identify(.) by extension 'ignore'
[0.294s] Level 1:colcon.colcon_core.package_identification:_identify(.) by extension 'ignore_ament_install'
[0.294s] Level 1:colcon.colcon_core.package_identification:_identify(.) by extensions ['colcon_pkg']
[0.294s] Level 1:colcon.colcon_core.package_identification:_identify(.) by extension 'colcon_pkg'
[0.294s] Level 1:colcon.colcon_core.package_identification:_identify(.) by extensions ['colcon_meta']
[0.294s] Level 1:colcon.colcon_core.package_identification:_identify(.) by extension 'colcon_meta'
[0.294s] Level 1:colcon.colcon_core.package_identification:_identify(.) by extensions ['ros']
[0.294s] Level 1:colcon.colcon_core.package_identification:_identify(.) by extension 'ros'
[0.306s] Level 1:colcon.colcon_core.package_identification:_identify(.) by extensions ['cmake', 'python']
[0.307s] Level 1:colcon.colcon_core.package_identification:_identify(.) by extension 'cmake'
[0.307s] Level 1:colcon.colcon_core.package_identification:_identify(.) by extension 'python'
[0.307s] Level 1:colcon.colcon_core.package_identification:_identify(.) by extensions ['python_setup_py']
[0.307s] Level 1:colcon.colcon_core.package_identification:_identify(.) by extension 'python_setup_py'
[0.307s] Level 1:colcon.colcon_core.package_identification:_identify(build) by extensions ['ignore', 'ignore_ament_install']
[0.307s] Level 1:colcon.colcon_core.package_identification:_identify(build) by extension 'ignore'
[0.307s] Level 1:colcon.colcon_core.package_identification:_identify(build) ignored
[0.307s] Level 1:colcon.colcon_core.package_identification:_identify(install) by extensions ['ignore', 'ignore_ament_install']
[0.307s] Level 1:colcon.colcon_core.package_identification:_identify(install) by extension 'ignore'
[0.307s] Level 1:colcon.colcon_core.package_identification:_identify(install) ignored
[0.308s] Level 1:colcon.colcon_core.package_identification:_identify(log) by extensions ['ignore', 'ignore_ament_install']
[0.308s] Level 1:colcon.colcon_core.package_identification:_identify(log) by extension 'ignore'
[0.308s] Level 1:colcon.colcon_core.package_identification:_identify(log) ignored
[0.308s] Level 1:colcon.colcon_core.package_identification:_identify(src) by extensions ['ignore', 'ignore_ament_install']
[0.308s] Level 1:colcon.colcon_core.package_identification:_identify(src) by extension 'ignore'
[0.308s] Level 1:colcon.colcon_core.package_identification:_identify(src) by extension 'ignore_ament_install'
[0.308s] Level 1:colcon.colcon_core.package_identification:_identify(src) by extensions ['colcon_pkg']
[0.308s] Level 1:colcon.colcon_core.package_identification:_identify(src) by extension 'colcon_pkg'
[0.308s] Level 1:colcon.colcon_core.package_identification:_identify(src) by extensions ['colcon_meta']
[0.308s] Level 1:colcon.colcon_core.package_identification:_identify(src) by extension 'colcon_meta'
[0.308s] Level 1:colcon.colcon_core.package_identification:_identify(src) by extensions ['ros']
[0.308s] Level 1:colcon.colcon_core.package_identification:_identify(src) by extension 'ros'
[0.308s] Level 1:colcon.colcon_core.package_identification:_identify(src) by extensions ['cmake', 'python']
[0.308s] Level 1:colcon.colcon_core.package_identification:_identify(src) by extension 'cmake'
[0.309s] Level 1:colcon.colcon_core.package_identification:_identify(src) by extension 'python'
[0.309s] Level 1:colcon.colcon_core.package_identification:_identify(src) by extensions ['python_setup_py']
[0.309s] Level 1:colcon.colcon_core.package_identification:_identify(src) by extension 'python_setup_py'
[0.309s] Level 1:colcon.colcon_core.package_identification:_identify(src/results) by extensions ['ignore', 'ignore_ament_install']
[0.309s] Level 1:colcon.colcon_core.package_identification:_identify(src/results) by extension 'ignore'
[0.309s] Level 1:colcon.colcon_core.package_identification:_identify(src/results) by extension 'ignore_ament_install'
[0.309s] Level 1:colcon.colcon_core.package_identification:_identify(src/results) by extensions ['colcon_pkg']
[0.309s] Level 1:colcon.colcon_core.package_identification:_identify(src/results) by extension 'colcon_pkg'
[0.309s] Level 1:colcon.colcon_core.package_identification:_identify(src/results) by extensions ['colcon_meta']
[0.309s] Level 1:colcon.colcon_core.package_identification:_identify(src/results) by extension 'colcon_meta'
[0.309s] Level 1:colcon.colcon_core.package_identification:_identify(src/results) by extensions ['ros']
[0.309s] Level 1:colcon.colcon_core.package_identification:_identify(src/results) by extension 'ros'
[0.309s] Level 1:colcon.colcon_core.package_identification:_identify(src/results) by extensions ['cmake', 'python']
[0.309s] Level 1:colcon.colcon_core.package_identification:_identify(src/results) by extension 'cmake'
[0.309s] Level 1:colcon.colcon_core.package_identification:_identify(src/results) by extension 'python'
[0.309s] Level 1:colcon.colcon_core.package_identification:_identify(src/results) by extensions ['python_setup_py']
[0.309s] Level 1:colcon.colcon_core.package_identification:_identify(src/results) by extension 'python_setup_py'
[0.309s] Level 1:colcon.colcon_core.package_identification:_identify(src/servicios) by extensions ['ignore', 'ignore_ament_install']
[0.310s] Level 1:colcon.colcon_core.package_identification:_identify(src/servicios) by extension 'ignore'
[0.310s] Level 1:colcon.colcon_core.package_identification:_identify(src/servicios) by extension 'ignore_ament_install'
[0.310s] Level 1:colcon.colcon_core.package_identification:_identify(src/servicios) by extensions ['colcon_pkg']
[0.310s] Level 1:colcon.colcon_core.package_identification:_identify(src/servicios) by extension 'colcon_pkg'
[0.310s] Level 1:colcon.colcon_core.package_identification:_identify(src/servicios) by extensions ['colcon_meta']
[0.310s] Level 1:colcon.colcon_core.package_identification:_identify(src/servicios) by extension 'colcon_meta'
[0.310s] Level 1:colcon.colcon_core.package_identification:_identify(src/servicios) by extensions ['ros']
[0.310s] Level 1:colcon.colcon_core.package_identification:_identify(src/servicios) by extension 'ros'
[0.312s] DEBUG:colcon.colcon_core.package_identification:Package 'src/servicios' with type 'ros.ament_cmake' and name 'servicios'
[0.312s] Level 1:colcon.colcon_core.package_identification:_identify(src/turtle_bot_nodos) by extensions ['ignore', 'ignore_ament_install']
[0.312s] Level 1:colcon.colcon_core.package_identification:_identify(src/turtle_bot_nodos) by extension 'ignore'
[0.312s] Level 1:colcon.colcon_core.package_identification:_identify(src/turtle_bot_nodos) by extension 'ignore_ament_install'
[0.313s] Level 1:colcon.colcon_core.package_identification:_identify(src/turtle_bot_nodos) by extensions ['colcon_pkg']
[0.313s] Level 1:colcon.colcon_core.package_identification:_identify(src/turtle_bot_nodos) by extension 'colcon_pkg'
[0.313s] Level 1:colcon.colcon_core.package_identification:_identify(src/turtle_bot_nodos) by extensions ['colcon_meta']
[0.313s] Level 1:colcon.colcon_core.package_identification:_identify(src/turtle_bot_nodos) by extension 'colcon_meta'
[0.313s] Level 1:colcon.colcon_core.package_identification:_identify(src/turtle_bot_nodos) by extensions ['ros']
[0.313s] Level 1:colcon.colcon_core.package_identification:_identify(src/turtle_bot_nodos) by extension 'ros'
[0.313s] DEBUG:colcon.colcon_core.package_identification:Package 'src/turtle_bot_nodos' with type 'ros.ament_python' and name 'turtle_bot_nodos'
[0.313s] Level 1:colcon.colcon_core.package_discovery:discover_packages(recursive) using defaults
[0.313s] Level 1:colcon.colcon_core.package_discovery:discover_packages(ignore) discover
[0.313s] Level 1:colcon.colcon_core.package_discovery:discover_packages(ignore) using defaults
[0.313s] Level 1:colcon.colcon_core.package_discovery:discover_packages(path) discover
[0.314s] Level 1:colcon.colcon_core.package_discovery:discover_packages(path) using defaults
[0.334s] Level 1:colcon.colcon_core.package_discovery:discover_packages(prefix_path) check parameters
[0.334s] Level 1:colcon.colcon_core.package_discovery:discover_packages(prefix_path) discover
[0.337s] DEBUG:colcon.colcon_installed_package_information.package_discovery:Found 285 installed packages in /opt/ros/humble
[0.339s] Level 1:colcon.colcon_core.package_discovery:discover_packages(prefix_path) using defaults
[0.402s] Level 5:colcon.colcon_core.verb:set package 'servicios' build argument 'cmake_args' from command line to 'None'
[0.402s] Level 5:colcon.colcon_core.verb:set package 'servicios' build argument 'cmake_target' from command line to 'None'
[0.402s] Level 5:colcon.colcon_core.verb:set package 'servicios' build argument 'cmake_target_skip_unavailable' from command line to 'False'
[0.402s] Level 5:colcon.colcon_core.verb:set package 'servicios' build argument 'cmake_clean_cache' from command line to 'False'
[0.402s] Level 5:colcon.colcon_core.verb:set package 'servicios' build argument 'cmake_clean_first' from command line to 'False'
[0.402s] Level 5:colcon.colcon_core.verb:set package 'servicios' build argument 'cmake_force_configure' from command line to 'False'
[0.402s] Level 5:colcon.colcon_core.verb:set package 'servicios' build argument 'ament_cmake_args' from command line to 'None'
[0.402s] Level 5:colcon.colcon_core.verb:set package 'servicios' build argument 'catkin_cmake_args' from command line to 'None'
[0.402s] Level 5:colcon.colcon_core.verb:set package 'servicios' build argument 'catkin_skip_building_tests' from command line to 'False'
[0.402s] DEBUG:colcon.colcon_core.verb:Building package 'servicios' with the following arguments: {'ament_cmake_args': None, 'build_base': '/home/sergio/taller_2_grupo_11/build/servicios', 'catkin_cmake_args': None, 'catkin_skip_building_tests': False, 'cmake_args': None, 'cmake_clean_cache': False, 'cmake_clean_first': False, 'cmake_force_configure': False, 'cmake_target': None, 'cmake_target_skip_unavailable': False, 'install_base': '/home/sergio/taller_2_grupo_11/install/servicios', 'merge_install': False, 'path': '/home/sergio/taller_2_grupo_11/src/servicios', 'symlink_install': False, 'test_result_base': None}
[0.403s] Level 5:colcon.colcon_core.verb:set package 'turtle_bot_nodos' build argument 'cmake_args' from command line to 'None'
[0.403s] Level 5:colcon.colcon_core.verb:set package 'turtle_bot_nodos' build argument 'cmake_target' from command line to 'None'
[0.403s] Level 5:colcon.colcon_core.verb:set package 'turtle_bot_nodos' build argument 'cmake_target_skip_unavailable' from command line to 'False'
[0.403s] Level 5:colcon.colcon_core.verb:set package 'turtle_bot_nodos' build argument 'cmake_clean_cache' from command line to 'False'
[0.403s] Level 5:colcon.colcon_core.verb:set package 'turtle_bot_nodos' build argument 'cmake_clean_first' from command line to 'False'
[0.403s] Level 5:colcon.colcon_core.verb:set package 'turtle_bot_nodos' build argument 'cmake_force_configure' from command line to 'False'
[0.403s] Level 5:colcon.colcon_core.verb:set package 'turtle_bot_nodos' build argument 'ament_cmake_args' from command line to 'None'
[0.403s] Level 5:colcon.colcon_core.verb:set package 'turtle_bot_nodos' build argument 'catkin_cmake_args' from command line to 'None'
[0.404s] Level 5:colcon.colcon_core.verb:set package 'turtle_bot_nodos' build argument 'catkin_skip_building_tests' from command line to 'False'
[0.404s] DEBUG:colcon.colcon_core.verb:Building package 'turtle_bot_nodos' with the following arguments: {'ament_cmake_args': None, 'build_base': '/home/sergio/taller_2_grupo_11/build/turtle_bot_nodos', 'catkin_cmake_args': None, 'catkin_skip_building_tests': False, 'cmake_args': None, 'cmake_clean_cache': False, 'cmake_clean_first': False, 'cmake_force_configure': False, 'cmake_target': None, 'cmake_target_skip_unavailable': False, 'install_base': '/home/sergio/taller_2_grupo_11/install/turtle_bot_nodos', 'merge_install': False, 'path': '/home/sergio/taller_2_grupo_11/src/turtle_bot_nodos', 'symlink_install': False, 'test_result_base': None}
[0.404s] INFO:colcon.colcon_core.executor:Executing jobs using 'parallel' executor
[0.408s] DEBUG:colcon.colcon_parallel_executor.executor.parallel:run_until_complete
[0.408s] INFO:colcon.colcon_ros.task.ament_cmake.build:Building ROS package in '/home/sergio/taller_2_grupo_11/src/servicios' with build type 'ament_cmake'
[0.408s] INFO:colcon.colcon_cmake.task.cmake.build:Building CMake package in '/home/sergio/taller_2_grupo_11/src/servicios'
[0.411s] INFO:colcon.colcon_core.plugin_system:Skipping extension 'colcon_core.shell.bat': Not used on non-Windows systems
[0.412s] INFO:colcon.colcon_core.shell:Skip shell extension 'powershell' for command environment: Not usable outside of PowerShell
[0.412s] DEBUG:colcon.colcon_core.shell:Skip shell extension 'dsv' for command environment
[0.415s] INFO:colcon.colcon_ros.task.ament_python.build:Building ROS package in '/home/sergio/taller_2_grupo_11/src/turtle_bot_nodos' with build type 'ament_python'
[0.415s] Level 1:colcon.colcon_core.shell:create_environment_hook('turtle_bot_nodos', 'ament_prefix_path')
[0.416s] INFO:colcon.colcon_core.shell:Creating environment hook '/home/sergio/taller_2_grupo_11/install/turtle_bot_nodos/share/turtle_bot_nodos/hook/ament_prefix_path.ps1'
[0.417s] INFO:colcon.colcon_core.shell:Creating environment descriptor '/home/sergio/taller_2_grupo_11/install/turtle_bot_nodos/share/turtle_bot_nodos/hook/ament_prefix_path.dsv'
[0.418s] INFO:colcon.colcon_core.shell:Creating environment hook '/home/sergio/taller_2_grupo_11/install/turtle_bot_nodos/share/turtle_bot_nodos/hook/ament_prefix_path.sh'
[0.419s] INFO:colcon.colcon_core.shell:Skip shell extension 'powershell' for command environment: Not usable outside of PowerShell
[0.420s] DEBUG:colcon.colcon_core.shell:Skip shell extension 'dsv' for command environment
[0.428s] DEBUG:colcon.colcon_core.event_handler.log_command:Invoking command in '/home/sergio/taller_2_grupo_11/build/servicios': CMAKE_PREFIX_PATH=/opt/ros/humble COMP_WORDBREAKS=
"'><=;|&( /usr/bin/cmake --build /home/sergio/taller_2_grupo_11/build/servicios -- -j8 -l8
[0.652s] INFO:colcon.colcon_core.task.python.build:Building Python package in '/home/sergio/taller_2_grupo_11/src/turtle_bot_nodos'
[0.654s] INFO:colcon.colcon_core.shell:Skip shell extension 'powershell' for command environment: Not usable outside of PowerShell
[0.654s] DEBUG:colcon.colcon_core.shell:Skip shell extension 'dsv' for command environment
[0.801s] DEBUG:colcon.colcon_core.event_handler.log_command:Invoked command in '/home/sergio/taller_2_grupo_11/build/servicios' returned '0': CMAKE_PREFIX_PATH=/opt/ros/humble COMP_WORDBREAKS=
"'><=;|&( /usr/bin/cmake --build /home/sergio/taller_2_grupo_11/build/servicios -- -j8 -l8
[0.862s] DEBUG:colcon.colcon_core.event_handler.log_command:Invoking command in '/home/sergio/taller_2_grupo_11/build/servicios': CMAKE_PREFIX_PATH=/opt/ros/humble COMP_WORDBREAKS=
"'><=;|&( /usr/bin/cmake --install /home/sergio/taller_2_grupo_11/build/servicios
[0.924s] Level 1:colcon.colcon_core.environment:create_environment_scripts_only(servicios)
[0.926s] DEBUG:colcon.colcon_core.event_handler.log_command:Invoked command in '/home/sergio/taller_2_grupo_11/build/servicios' returned '0': CMAKE_PREFIX_PATH=/opt/ros/humble COMP_WORDBREAKS=
"'><=;|&( /usr/bin/cmake --install /home/sergio/taller_2_grupo_11/build/servicios
[0.929s] Level 1:colcon.colcon_core.environment:checking '/home/sergio/taller_2_grupo_11/install/servicios' for CMake module files
[0.929s] Level 1:colcon.colcon_core.environment:checking '/home/sergio/taller_2_grupo_11/install/servicios' for CMake config files
[0.930s] Level 1:colcon.colcon_core.shell:create_environment_hook('servicios', 'cmake_prefix_path')
[0.931s] INFO:colcon.colcon_core.shell:Creating environment hook '/home/sergio/taller_2_grupo_11/install/servicios/share/servicios/hook/cmake_prefix_path.ps1'
[0.931s] INFO:colcon.colcon_core.shell:Creating environment descriptor '/home/sergio/taller_2_grupo_11/install/servicios/share/servicios/hook/cmake_prefix_path.dsv'
[0.931s] INFO:colcon.colcon_core.shell:Creating environment hook '/home/sergio/taller_2_grupo_11/install/servicios/share/servicios/hook/cmake_prefix_path.sh'
[0.932s] Level 1:colcon.colcon_core.environment:checking '/home/sergio/taller_2_grupo_11/install/servicios/lib'
[0.932s] Level 1:colcon.colcon_core.shell:create_environment_hook('servicios', 'ld_library_path_lib')
[0.933s] INFO:colcon.colcon_core.shell:Creating environment hook '/home/sergio/taller_2_grupo_11/install/servicios/share/servicios/hook/ld_library_path_lib.ps1'
[0.934s] INFO:colcon.colcon_core.shell:Creating environment descriptor '/home/sergio/taller_2_grupo_11/install/servicios/share/servicios/hook/ld_library_path_lib.dsv'
[0.934s] INFO:colcon.colcon_core.shell:Creating environment hook '/home/sergio/taller_2_grupo_11/install/servicios/share/servicios/hook/ld_library_path_lib.sh'
[0.934s] Level 1:colcon.colcon_core.environment:checking '/home/sergio/taller_2_grupo_11/install/servicios/bin'
[0.935s] Level 1:colcon.colcon_core.environment:checking '/home/sergio/taller_2_grupo_11/install/servicios/lib/pkgconfig/servicios.pc'
[0.935s] Level 1:colcon.colcon_core.environment:checking '/home/sergio/taller_2_grupo_11/install/servicios/lib/python3.10/site-packages'
[0.935s] Level 1:colcon.colcon_core.environment:checking '/home/sergio/taller_2_grupo_11/install/servicios/bin'
[0.936s] INFO:colcon.colcon_core.shell:Creating package script '/home/sergio/taller_2_grupo_11/install/servicios/share/servicios/package.ps1'
[0.937s] INFO:colcon.colcon_core.shell:Creating package descriptor '/home/sergio/taller_2_grupo_11/install/servicios/share/servicios/package.dsv'
[0.938s] INFO:colcon.colcon_core.shell:Creating package script '/home/sergio/taller_2_grupo_11/install/servicios/share/servicios/package.sh'
[0.938s] INFO:colcon.colcon_core.shell:Creating package script '/home/sergio/taller_2_grupo_11/install/servicios/share/servicios/package.bash'
[0.939s] INFO:colcon.colcon_core.shell:Creating package script '/home/sergio/taller_2_grupo_11/install/servicios/share/servicios/package.zsh'
[0.940s] Level 1:colcon.colcon_core.environment:create_file_with_runtime_dependencies(/home/sergio/taller_2_grupo_11/install/servicios/share/colcon-core/packages/servicios)
[0.993s] Level 1:colcon.colcon_core.environment:create_environment_scripts_only(servicios)
[0.994s] Level 1:colcon.colcon_core.environment:checking '/home/sergio/taller_2_grupo_11/install/servicios' for CMake module files
[0.995s] Level 1:colcon.colcon_core.environment:checking '/home/sergio/taller_2_grupo_11/install/servicios' for CMake config files
[0.995s] Level 1:colcon.colcon_core.shell:create_environment_hook('servicios', 'cmake_prefix_path')
[0.996s] INFO:colcon.colcon_core.shell:Creating environment hook '/home/sergio/taller_2_grupo_11/install/servicios/share/servicios/hook/cmake_prefix_path.ps1'
[0.996s] INFO:colcon.colcon_core.shell:Creating environment descriptor '/home/sergio/taller_2_grupo_11/install/servicios/share/servicios/hook/cmake_prefix_path.dsv'
[0.997s] INFO:colcon.colcon_core.shell:Creating environment hook '/home/sergio/taller_2_grupo_11/install/servicios/share/servicios/hook/cmake_prefix_path.sh'
[0.997s] Level 1:colcon.colcon_core.environment:checking '/home/sergio/taller_2_grupo_11/install/servicios/lib'
[0.997s] Level 1:colcon.colcon_core.shell:create_environment_hook('servicios', 'ld_library_path_lib')
[0.998s] INFO:colcon.colcon_core.shell:Creating environment hook '/home/sergio/taller_2_grupo_11/install/servicios/share/servicios/hook/ld_library_path_lib.ps1'
[0.999s] INFO:colcon.colcon_core.shell:Creating environment descriptor '/home/sergio/taller_2_grupo_11/install/servicios/share/servicios/hook/ld_library_path_lib.dsv'
[0.999s] INFO:colcon.colcon_core.shell:Creating environment hook '/home/sergio/taller_2_grupo_11/install/servicios/share/servicios/hook/ld_library_path_lib.sh'
[0.999s] Level 1:colcon.colcon_core.environment:checking '/home/sergio/taller_2_grupo_11/install/servicios/bin'
[0.999s] Level 1:colcon.colcon_core.environment:checking '/home/sergio/taller_2_grupo_11/install/servicios/lib/pkgconfig/servicios.pc'
[1.000s] Level 1:colcon.colcon_core.environment:checking '/home/sergio/taller_2_grupo_11/install/servicios/lib/python3.10/site-packages'
[1.000s] Level 1:colcon.colcon_core.environment:checking '/home/sergio/taller_2_grupo_11/install/servicios/bin'
[1.001s] INFO:colcon.colcon_core.shell:Creating package script '/home/sergio/taller_2_grupo_11/install/servicios/share/servicios/package.ps1'
[1.001s] INFO:colcon.colcon_core.shell:Creating package descriptor '/home/sergio/taller_2_grupo_11/install/servicios/share/servicios/package.dsv'
[1.002s] INFO:colcon.colcon_core.shell:Creating package script '/home/sergio/taller_2_grupo_11/install/servicios/share/servicios/package.sh'
[1.002s] INFO:colcon.colcon_core.shell:Creating package script '/home/sergio/taller_2_grupo_11/install/servicios/share/servicios/package.bash'
[1.003s] INFO:colcon.colcon_core.shell:Creating package script '/home/sergio/taller_2_grupo_11/install/servicios/share/servicios/package.zsh'
[1.003s] Level 1:colcon.colcon_core.environment:create_file_with_runtime_dependencies(/home/sergio/taller_2_grupo_11/install/servicios/share/colcon-core/packages/servicios)
[1.221s] DEBUG:colcon.colcon_core.event_handler.log_command:Invoking command in '/home/sergio/taller_2_grupo_11/src/turtle_bot_nodos': COMP_WORDBREAKS=
"'><=;|&( PYTHONPATH=/home/sergio/taller_2_grupo_11/build/turtle_bot_nodos/prefix_override:/home/sergio/taller_2_grupo_11/install/turtle_bot_nodos/lib/python3.10/site-packages:${PYTHONPATH} /usr/bin/python3 setup.py egg_info --egg-base ../../build/turtle_bot_nodos build --build-base /home/sergio/taller_2_grupo_11/build/turtle_bot_nodos/build install --record /home/sergio/taller_2_grupo_11/build/turtle_bot_nodos/install.log --single-version-externally-managed
[1.734s] Level 1:colcon.colcon_core.environment:checking '/home/sergio/taller_2_grupo_11/install/turtle_bot_nodos' for CMake module files
[1.734s] DEBUG:colcon.colcon_core.event_handler.log_command:Invoked command in '/home/sergio/taller_2_grupo_11/src/turtle_bot_nodos' returned '0': COMP_WORDBREAKS=
"'><=;|&( PYTHONPATH=/home/sergio/taller_2_grupo_11/build/turtle_bot_nodos/prefix_override:/home/sergio/taller_2_grupo_11/install/turtle_bot_nodos/lib/python3.10/site-packages:${PYTHONPATH} /usr/bin/python3 setup.py egg_info --egg-base ../../build/turtle_bot_nodos build --build-base /home/sergio/taller_2_grupo_11/build/turtle_bot_nodos/build install --record /home/sergio/taller_2_grupo_11/build/turtle_bot_nodos/install.log --single-version-externally-managed
[1.734s] Level 1:colcon.colcon_core.environment:checking '/home/sergio/taller_2_grupo_11/install/turtle_bot_nodos' for CMake config files
[1.735s] Level 1:colcon.colcon_core.environment:checking '/home/sergio/taller_2_grupo_11/install/turtle_bot_nodos/lib'
[1.735s] Level 1:colcon.colcon_core.environment:checking '/home/sergio/taller_2_grupo_11/install/turtle_bot_nodos/bin'
[1.735s] Level 1:colcon.colcon_core.environment:checking '/home/sergio/taller_2_grupo_11/install/turtle_bot_nodos/lib/pkgconfig/turtle_bot_nodos.pc'
[1.736s] Level 1:colcon.colcon_core.environment:checking '/home/sergio/taller_2_grupo_11/install/turtle_bot_nodos/lib/python3.10/site-packages'
[1.736s] Level 1:colcon.colcon_core.shell:create_environment_hook('turtle_bot_nodos', 'pythonpath')
[1.738s] INFO:colcon.colcon_core.shell:Creating environment hook '/home/sergio/taller_2_grupo_11/install/turtle_bot_nodos/share/turtle_bot_nodos/hook/pythonpath.ps1'
[1.738s] INFO:colcon.colcon_core.shell:Creating environment descriptor '/home/sergio/taller_2_grupo_11/install/turtle_bot_nodos/share/turtle_bot_nodos/hook/pythonpath.dsv'
[1.738s] INFO:colcon.colcon_core.shell:Creating environment hook '/home/sergio/taller_2_grupo_11/install/turtle_bot_nodos/share/turtle_bot_nodos/hook/pythonpath.sh'
[1.739s] Level 1:colcon.colcon_core.environment:checking '/home/sergio/taller_2_grupo_11/install/turtle_bot_nodos/bin'
[1.739s] Level 1:colcon.colcon_core.environment:create_environment_scripts_only(turtle_bot_nodos)
[1.740s] INFO:colcon.colcon_core.shell:Creating package script '/home/sergio/taller_2_grupo_11/install/turtle_bot_nodos/share/turtle_bot_nodos/package.ps1'
[1.741s] INFO:colcon.colcon_core.shell:Creating package descriptor '/home/sergio/taller_2_grupo_11/install/turtle_bot_nodos/share/turtle_bot_nodos/package.dsv'
[1.741s] INFO:colcon.colcon_core.shell:Creating package script '/home/sergio/taller_2_grupo_11/install/turtle_bot_nodos/share/turtle_bot_nodos/package.sh'
[1.742s] INFO:colcon.colcon_core.shell:Creating package script '/home/sergio/taller_2_grupo_11/install/turtle_bot_nodos/share/turtle_bot_nodos/package.bash'
[1.742s] INFO:colcon.colcon_core.shell:Creating package script '/home/sergio/taller_2_grupo_11/install/turtle_bot_nodos/share/turtle_bot_nodos/package.zsh'
[1.742s] Level 1:colcon.colcon_core.environment:create_file_with_runtime_dependencies(/home/sergio/taller_2_grupo_11/install/turtle_bot_nodos/share/colcon-core/packages/turtle_bot_nodos)
[1.742s] DEBUG:colcon.colcon_parallel_executor.executor.parallel:closing loop
[1.743s] DEBUG:colcon.colcon_parallel_executor.executor.parallel:loop closed
[1.743s] DEBUG:colcon.colcon_parallel_executor.executor.parallel:run_until_complete finished with '0'
[1.743s] DEBUG:colcon.colcon_core.event_reactor:joining thread
[1.747s] INFO:colcon.colcon_core.plugin_system:Skipping extension 'colcon_notification.desktop_notification.terminal_notifier': Not used on non-Darwin systems
[1.748s] INFO:colcon.colcon_core.plugin_system:Skipping extension 'colcon_notification.desktop_notification.win32': Not used on non-Windows systems
[1.748s] INFO:colcon.colcon_notification.desktop_notification:Sending desktop notification using 'notify2'
[1.757s] DEBUG:colcon.colcon_core.event_reactor:joined thread
[1.758s] INFO:colcon.colcon_core.shell:Creating prefix script '/home/sergio/taller_2_grupo_11/install/local_setup.ps1'
[1.759s] INFO:colcon.colcon_core.shell:Creating prefix util module '/home/sergio/taller_2_grupo_11/install/_local_setup_util_ps1.py'
[1.760s] INFO:colcon.colcon_core.shell:Creating prefix chain script '/home/sergio/taller_2_grupo_11/install/setup.ps1'
[1.762s] INFO:colcon.colcon_core.shell:Creating prefix script '/home/sergio/taller_2_grupo_11/install/local_setup.sh'
[1.762s] INFO:colcon.colcon_core.shell:Creating prefix util module '/home/sergio/taller_2_grupo_11/install/_local_setup_util_sh.py'
[1.763s] INFO:colcon.colcon_core.shell:Creating prefix chain script '/home/sergio/taller_2_grupo_11/install/setup.sh'
[1.764s] INFO:colcon.colcon_core.shell:Creating prefix script '/home/sergio/taller_2_grupo_11/install/local_setup.bash'
[1.764s] INFO:colcon.colcon_core.shell:Creating prefix chain script '/home/sergio/taller_2_grupo_11/install/setup.bash'
[1.765s] INFO:colcon.colcon_core.shell:Creating prefix script '/home/sergio/taller_2_grupo_11/install/local_setup.zsh'
[1.766s] INFO:colcon.colcon_core.shell:Creating prefix chain script '/home/sergio/taller_2_grupo_11/install/setup.zsh'
