[0.767s] Invoking command in '/home/sergio/taller_2_grupo_11/src/turtle_bot_nodos': COMP_WORDBREAKS=
"'><=;|&( PYTHONPATH=/home/sergio/taller_2_grupo_11/build/turtle_bot_nodos/prefix_override:/home/sergio/taller_2_grupo_11/install/turtle_bot_nodos/lib/python3.10/site-packages:${PYTHONPATH} /usr/bin/python3 setup.py egg_info --egg-base ../../build/turtle_bot_nodos build --build-base /home/sergio/taller_2_grupo_11/build/turtle_bot_nodos/build install --record /home/sergio/taller_2_grupo_11/build/turtle_bot_nodos/install.log --single-version-externally-managed
[0.970s] running egg_info
[0.983s] writing ../../build/turtle_bot_nodos/turtle_bot_nodos.egg-info/PKG-INFO
[0.984s] writing dependency_links to ../../build/turtle_bot_nodos/turtle_bot_nodos.egg-info/dependency_links.txt
[0.984s] writing entry points to ../../build/turtle_bot_nodos/turtle_bot_nodos.egg-info/entry_points.txt
[0.984s] writing requirements to ../../build/turtle_bot_nodos/turtle_bot_nodos.egg-info/requires.txt
[0.984s] writing top-level names to ../../build/turtle_bot_nodos/turtle_bot_nodos.egg-info/top_level.txt
[1.013s] reading manifest file '../../build/turtle_bot_nodos/turtle_bot_nodos.egg-info/SOURCES.txt'
[1.014s] writing manifest file '../../build/turtle_bot_nodos/turtle_bot_nodos.egg-info/SOURCES.txt'
[1.014s] running build
[1.014s] running build_py
[1.014s] running install
[1.014s] /home/sergio/.local/lib/python3.10/site-packages/setuptools/command/install.py:34: SetuptoolsDeprecationWarning: setup.py install is deprecated. Use build and pip and other standards-based tools.
[1.015s]   warnings.warn(
[1.019s] running install_lib
[1.034s] running install_data
[1.048s] running install_egg_info
[1.063s] removing '/home/sergio/taller_2_grupo_11/install/turtle_bot_nodos/lib/python3.10/site-packages/turtle_bot_nodos-0.0.0-py3.10.egg-info' (and everything under it)
[1.064s] Copying ../../build/turtle_bot_nodos/turtle_bot_nodos.egg-info to /home/sergio/taller_2_grupo_11/install/turtle_bot_nodos/lib/python3.10/site-packages/turtle_bot_nodos-0.0.0-py3.10.egg-info
[1.065s] running install_scripts
[1.221s] Installing turtle_bot_interface script to /home/sergio/taller_2_grupo_11/install/turtle_bot_nodos/lib/turtle_bot_nodos
[1.221s] Installing turtle_bot_player script to /home/sergio/taller_2_grupo_11/install/turtle_bot_nodos/lib/turtle_bot_nodos
[1.221s] Installing turtle_bot_save_route script to /home/sergio/taller_2_grupo_11/install/turtle_bot_nodos/lib/turtle_bot_nodos
[1.221s] Installing turtle_bot_teleop_ script to /home/sergio/taller_2_grupo_11/install/turtle_bot_nodos/lib/turtle_bot_nodos
[1.222s] writing list of installed files to '/home/sergio/taller_2_grupo_11/build/turtle_bot_nodos/install.log'
[1.250s] Invoked command in '/home/sergio/taller_2_grupo_11/src/turtle_bot_nodos' returned '0': COMP_WORDBREAKS=
"'><=;|&( PYTHONPATH=/home/sergio/taller_2_grupo_11/build/turtle_bot_nodos/prefix_override:/home/sergio/taller_2_grupo_11/install/turtle_bot_nodos/lib/python3.10/site-packages:${PYTHONPATH} /usr/bin/python3 setup.py egg_info --egg-base ../../build/turtle_bot_nodos build --build-base /home/sergio/taller_2_grupo_11/build/turtle_bot_nodos/build install --record /home/sergio/taller_2_grupo_11/build/turtle_bot_nodos/install.log --single-version-externally-managed
